[0.043s] Invoking command in '/home/rosdev/ros2_ws_lab/lab3/build/dynamixel_sdk': CMAKE_PREFIX_PATH=${CMAKE_PREFIX_PATH}:/home/rosdev/turtlebot3_ws/install/turtlebot3_teleop:/home/rosdev/turtlebot3_ws/install/turtlebot3_example:/opt/ros/humble /usr/bin/cmake /home/rosdev/ros2_ws_lab/lab3/src/DynamixelSDK/ros/dynamixel_sdk -DAMENT_CMAKE_SYMLINK_INSTALL=1 -DCMAKE_INSTALL_PREFIX=/home/rosdev/ros2_ws_lab/lab3/install/dynamixel_sdk
[0.168s] -- The C compiler identification is GNU 11.4.0
[0.287s] -- The CXX compiler identification is GNU 11.4.0
[0.298s] -- Detecting C compiler ABI info
[0.388s] -- Detecting C compiler ABI info - done
[0.397s] -- Check for working C compiler: /usr/bin/cc - skipped
[0.397s] -- Detecting C compile features
[0.398s] -- Detecting C compile features - done
[0.402s] -- Detecting CXX compiler ABI info
[0.507s] -- Detecting CXX compiler ABI info - done
[0.526s] -- Check for working CXX compiler: /usr/bin/c++ - skipped
[0.526s] -- Detecting CXX compile features
[0.527s] -- Detecting CXX compile features - done
[0.533s] -- Found ament_cmake: 1.3.11 (/opt/ros/humble/share/ament_cmake/cmake)
[0.743s] -- Found Python3: /usr/bin/python3 (found version "3.10.12") found components: Interpreter 
[0.853s] -- Override CMake install command with custom implementation using symlinks instead of copying resources
[1.093s] -- Configuring done
[1.104s] -- Generating done
[1.107s] -- Build files have been written to: /home/rosdev/ros2_ws_lab/lab3/build/dynamixel_sdk
[1.113s] Invoked command in '/home/rosdev/ros2_ws_lab/lab3/build/dynamixel_sdk' returned '0': CMAKE_PREFIX_PATH=${CMAKE_PREFIX_PATH}:/home/rosdev/turtlebot3_ws/install/turtlebot3_teleop:/home/rosdev/turtlebot3_ws/install/turtlebot3_example:/opt/ros/humble /usr/bin/cmake /home/rosdev/ros2_ws_lab/lab3/src/DynamixelSDK/ros/dynamixel_sdk -DAMENT_CMAKE_SYMLINK_INSTALL=1 -DCMAKE_INSTALL_PREFIX=/home/rosdev/ros2_ws_lab/lab3/install/dynamixel_sdk
[1.116s] Invoking command in '/home/rosdev/ros2_ws_lab/lab3/build/dynamixel_sdk': CMAKE_PREFIX_PATH=${CMAKE_PREFIX_PATH}:/home/rosdev/turtlebot3_ws/install/turtlebot3_teleop:/home/rosdev/turtlebot3_ws/install/turtlebot3_example:/opt/ros/humble /usr/bin/cmake --build /home/rosdev/ros2_ws_lab/lab3/build/dynamixel_sdk -- -j12 -l12
[1.183s] [  7%] [32mBuilding CXX object CMakeFiles/dynamixel_sdk.dir/src/dynamixel_sdk/protocol1_packet_handler.cpp.o[0m
[1.185s] [ 15%] [32mBuilding CXX object CMakeFiles/dynamixel_sdk.dir/src/dynamixel_sdk/packet_handler.cpp.o[0m
[1.185s] [ 38%] [32mBuilding CXX object CMakeFiles/dynamixel_sdk.dir/src/dynamixel_sdk/group_bulk_read.cpp.o[0m
[1.185s] [ 46%] [32mBuilding CXX object CMakeFiles/dynamixel_sdk.dir/src/dynamixel_sdk/group_fast_bulk_read.cpp.o[0m
[1.186s] [ 23%] [32mBuilding CXX object CMakeFiles/dynamixel_sdk.dir/src/dynamixel_sdk/group_sync_write.cpp.o[0m
[1.186s] [ 30%] [32mBuilding CXX object CMakeFiles/dynamixel_sdk.dir/src/dynamixel_sdk/group_sync_read.cpp.o[0m
[1.186s] [ 53%] [32mBuilding CXX object CMakeFiles/dynamixel_sdk.dir/src/dynamixel_sdk/protocol2_packet_handler.cpp.o[0m
[1.187s] [ 61%] [32mBuilding CXX object CMakeFiles/dynamixel_sdk.dir/src/dynamixel_sdk/group_bulk_write.cpp.o[0m
[1.191s] [ 69%] [32mBuilding CXX object CMakeFiles/dynamixel_sdk.dir/src/dynamixel_sdk/group_fast_sync_read.cpp.o[0m
[1.195s] [ 76%] [32mBuilding CXX object CMakeFiles/dynamixel_sdk.dir/src/dynamixel_sdk/group_handler.cpp.o[0m
[1.200s] [ 84%] [32mBuilding CXX object CMakeFiles/dynamixel_sdk.dir/src/dynamixel_sdk/port_handler.cpp.o[0m
[1.214s] [ 84%] Built target ament_cmake_python_symlink_dynamixel_sdk
[1.240s] [ 92%] [32mBuilding CXX object CMakeFiles/dynamixel_sdk.dir/src/dynamixel_sdk/port_handler_linux.cpp.o[0m
[1.924s] running egg_info
[1.925s] creating dynamixel_sdk.egg-info
[1.925s] writing dynamixel_sdk.egg-info/PKG-INFO
[1.926s] writing dependency_links to dynamixel_sdk.egg-info/dependency_links.txt
[1.926s] writing top-level names to dynamixel_sdk.egg-info/top_level.txt
[1.926s] writing manifest file 'dynamixel_sdk.egg-info/SOURCES.txt'
[1.933s] reading manifest file 'dynamixel_sdk.egg-info/SOURCES.txt'
[1.933s] writing manifest file 'dynamixel_sdk.egg-info/SOURCES.txt'
[1.968s] [ 92%] Built target ament_cmake_python_build_dynamixel_sdk_egg
[2.172s] [100%] [32m[1mLinking CXX shared library libdynamixel_sdk.so[0m
[2.264s] [100%] Built target dynamixel_sdk
[2.276s] Invoked command in '/home/rosdev/ros2_ws_lab/lab3/build/dynamixel_sdk' returned '0': CMAKE_PREFIX_PATH=${CMAKE_PREFIX_PATH}:/home/rosdev/turtlebot3_ws/install/turtlebot3_teleop:/home/rosdev/turtlebot3_ws/install/turtlebot3_example:/opt/ros/humble /usr/bin/cmake --build /home/rosdev/ros2_ws_lab/lab3/build/dynamixel_sdk -- -j12 -l12
[2.278s] Invoking command in '/home/rosdev/ros2_ws_lab/lab3/build/dynamixel_sdk': CMAKE_PREFIX_PATH=${CMAKE_PREFIX_PATH}:/home/rosdev/turtlebot3_ws/install/turtlebot3_teleop:/home/rosdev/turtlebot3_ws/install/turtlebot3_example:/opt/ros/humble /usr/bin/cmake --install /home/rosdev/ros2_ws_lab/lab3/build/dynamixel_sdk
[2.287s] -- Install configuration: ""
[2.287s] -- Execute custom install script
[2.288s] -- Symlinking: /home/rosdev/ros2_ws_lab/lab3/install/dynamixel_sdk/include//dynamixel_sdk/dynamixel_sdk.h
[2.297s] -- Symlinking: /home/rosdev/ros2_ws_lab/lab3/install/dynamixel_sdk/include//dynamixel_sdk/group_bulk_read.h
[2.306s] -- Symlinking: /home/rosdev/ros2_ws_lab/lab3/install/dynamixel_sdk/include//dynamixel_sdk/group_bulk_write.h
[2.315s] -- Symlinking: /home/rosdev/ros2_ws_lab/lab3/install/dynamixel_sdk/include//dynamixel_sdk/group_fast_bulk_read.h
[2.325s] -- Symlinking: /home/rosdev/ros2_ws_lab/lab3/install/dynamixel_sdk/include//dynamixel_sdk/group_fast_sync_read.h
[2.334s] -- Symlinking: /home/rosdev/ros2_ws_lab/lab3/install/dynamixel_sdk/include//dynamixel_sdk/group_handler.h
[2.343s] -- Symlinking: /home/rosdev/ros2_ws_lab/lab3/install/dynamixel_sdk/include//dynamixel_sdk/group_sync_read.h
[2.352s] -- Symlinking: /home/rosdev/ros2_ws_lab/lab3/install/dynamixel_sdk/include//dynamixel_sdk/group_sync_write.h
[2.361s] -- Symlinking: /home/rosdev/ros2_ws_lab/lab3/install/dynamixel_sdk/include//dynamixel_sdk/packet_handler.h
[2.370s] -- Symlinking: /home/rosdev/ros2_ws_lab/lab3/install/dynamixel_sdk/include//dynamixel_sdk/port_handler.h
[2.379s] -- Symlinking: /home/rosdev/ros2_ws_lab/lab3/install/dynamixel_sdk/include//dynamixel_sdk/port_handler_arduino.h
[2.389s] -- Symlinking: /home/rosdev/ros2_ws_lab/lab3/install/dynamixel_sdk/include//dynamixel_sdk/port_handler_linux.h
[2.397s] -- Symlinking: /home/rosdev/ros2_ws_lab/lab3/install/dynamixel_sdk/include//dynamixel_sdk/port_handler_mac.h
[2.406s] -- Symlinking: /home/rosdev/ros2_ws_lab/lab3/install/dynamixel_sdk/include//dynamixel_sdk/port_handler_windows.h
[2.415s] -- Symlinking: /home/rosdev/ros2_ws_lab/lab3/install/dynamixel_sdk/include//dynamixel_sdk/protocol1_packet_handler.h
[2.424s] -- Symlinking: /home/rosdev/ros2_ws_lab/lab3/install/dynamixel_sdk/include//dynamixel_sdk/protocol2_packet_handler.h
[2.433s] -- Symlinking: /home/rosdev/ros2_ws_lab/lab3/install/dynamixel_sdk/lib/libdynamixel_sdk.so
[2.443s] -- Symlinking: /home/rosdev/ros2_ws_lab/lab3/install/dynamixel_sdk/share/dynamixel_sdk/environment/pythonpath.sh
[2.453s] -- Symlinking: /home/rosdev/ros2_ws_lab/lab3/install/dynamixel_sdk/share/dynamixel_sdk/environment/pythonpath.dsv
[2.463s] -- Symlinking: /home/rosdev/ros2_ws_lab/lab3/install/dynamixel_sdk/local/lib/python3.10/dist-packages/dynamixel_sdk-3.8.3-py3.10.egg-info/PKG-INFO
[2.472s] -- Symlinking: /home/rosdev/ros2_ws_lab/lab3/install/dynamixel_sdk/local/lib/python3.10/dist-packages/dynamixel_sdk-3.8.3-py3.10.egg-info/SOURCES.txt
[2.482s] -- Symlinking: /home/rosdev/ros2_ws_lab/lab3/install/dynamixel_sdk/local/lib/python3.10/dist-packages/dynamixel_sdk-3.8.3-py3.10.egg-info/dependency_links.txt
[2.491s] -- Symlinking: /home/rosdev/ros2_ws_lab/lab3/install/dynamixel_sdk/local/lib/python3.10/dist-packages/dynamixel_sdk-3.8.3-py3.10.egg-info/top_level.txt
[2.502s] -- Symlinking: /home/rosdev/ros2_ws_lab/lab3/install/dynamixel_sdk/local/lib/python3.10/dist-packages/dynamixel_sdk/__init__.py
[2.512s] -- Symlinking: /home/rosdev/ros2_ws_lab/lab3/install/dynamixel_sdk/local/lib/python3.10/dist-packages/dynamixel_sdk/group_bulk_read.cpp
[2.521s] -- Symlinking: /home/rosdev/ros2_ws_lab/lab3/install/dynamixel_sdk/local/lib/python3.10/dist-packages/dynamixel_sdk/group_bulk_read.py
[2.530s] -- Symlinking: /home/rosdev/ros2_ws_lab/lab3/install/dynamixel_sdk/local/lib/python3.10/dist-packages/dynamixel_sdk/group_bulk_write.cpp
[2.539s] -- Symlinking: /home/rosdev/ros2_ws_lab/lab3/install/dynamixel_sdk/local/lib/python3.10/dist-packages/dynamixel_sdk/group_bulk_write.py
[2.547s] -- Symlinking: /home/rosdev/ros2_ws_lab/lab3/install/dynamixel_sdk/local/lib/python3.10/dist-packages/dynamixel_sdk/group_fast_bulk_read.cpp
[2.556s] -- Symlinking: /home/rosdev/ros2_ws_lab/lab3/install/dynamixel_sdk/local/lib/python3.10/dist-packages/dynamixel_sdk/group_fast_sync_read.cpp
[2.565s] -- Symlinking: /home/rosdev/ros2_ws_lab/lab3/install/dynamixel_sdk/local/lib/python3.10/dist-packages/dynamixel_sdk/group_handler.cpp
[2.574s] -- Symlinking: /home/rosdev/ros2_ws_lab/lab3/install/dynamixel_sdk/local/lib/python3.10/dist-packages/dynamixel_sdk/group_sync_read.cpp
[2.583s] -- Symlinking: /home/rosdev/ros2_ws_lab/lab3/install/dynamixel_sdk/local/lib/python3.10/dist-packages/dynamixel_sdk/group_sync_read.py
[2.591s] -- Symlinking: /home/rosdev/ros2_ws_lab/lab3/install/dynamixel_sdk/local/lib/python3.10/dist-packages/dynamixel_sdk/group_sync_write.cpp
[2.600s] -- Symlinking: /home/rosdev/ros2_ws_lab/lab3/install/dynamixel_sdk/local/lib/python3.10/dist-packages/dynamixel_sdk/group_sync_write.py
[2.609s] -- Symlinking: /home/rosdev/ros2_ws_lab/lab3/install/dynamixel_sdk/local/lib/python3.10/dist-packages/dynamixel_sdk/packet_handler.cpp
[2.618s] -- Symlinking: /home/rosdev/ros2_ws_lab/lab3/install/dynamixel_sdk/local/lib/python3.10/dist-packages/dynamixel_sdk/packet_handler.py
[2.627s] -- Symlinking: /home/rosdev/ros2_ws_lab/lab3/install/dynamixel_sdk/local/lib/python3.10/dist-packages/dynamixel_sdk/port_handler.cpp
[2.636s] -- Symlinking: /home/rosdev/ros2_ws_lab/lab3/install/dynamixel_sdk/local/lib/python3.10/dist-packages/dynamixel_sdk/port_handler.py
[2.645s] -- Symlinking: /home/rosdev/ros2_ws_lab/lab3/install/dynamixel_sdk/local/lib/python3.10/dist-packages/dynamixel_sdk/port_handler_arduino.cpp
[2.654s] -- Symlinking: /home/rosdev/ros2_ws_lab/lab3/install/dynamixel_sdk/local/lib/python3.10/dist-packages/dynamixel_sdk/port_handler_linux.cpp
[2.663s] -- Symlinking: /home/rosdev/ros2_ws_lab/lab3/install/dynamixel_sdk/local/lib/python3.10/dist-packages/dynamixel_sdk/port_handler_mac.cpp
[2.672s] -- Symlinking: /home/rosdev/ros2_ws_lab/lab3/install/dynamixel_sdk/local/lib/python3.10/dist-packages/dynamixel_sdk/port_handler_windows.cpp
[2.681s] -- Symlinking: /home/rosdev/ros2_ws_lab/lab3/install/dynamixel_sdk/local/lib/python3.10/dist-packages/dynamixel_sdk/protocol1_packet_handler.cpp
[2.689s] -- Symlinking: /home/rosdev/ros2_ws_lab/lab3/install/dynamixel_sdk/local/lib/python3.10/dist-packages/dynamixel_sdk/protocol1_packet_handler.py
[2.698s] -- Symlinking: /home/rosdev/ros2_ws_lab/lab3/install/dynamixel_sdk/local/lib/python3.10/dist-packages/dynamixel_sdk/protocol2_packet_handler.cpp
[2.707s] -- Symlinking: /home/rosdev/ros2_ws_lab/lab3/install/dynamixel_sdk/local/lib/python3.10/dist-packages/dynamixel_sdk/protocol2_packet_handler.py
[2.716s] -- Symlinking: /home/rosdev/ros2_ws_lab/lab3/install/dynamixel_sdk/local/lib/python3.10/dist-packages/dynamixel_sdk/robotis_def.py
[2.725s] -- Symlinking: /home/rosdev/ros2_ws_lab/lab3/install/dynamixel_sdk/share/dynamixel_sdk/environment/library_path.sh
[2.734s] -- Symlinking: /home/rosdev/ros2_ws_lab/lab3/install/dynamixel_sdk/share/dynamixel_sdk/environment/library_path.dsv
[2.743s] -- Symlinking: /home/rosdev/ros2_ws_lab/lab3/install/dynamixel_sdk/share/ament_index/resource_index/package_run_dependencies/dynamixel_sdk
[2.753s] -- Symlinking: /home/rosdev/ros2_ws_lab/lab3/install/dynamixel_sdk/share/ament_index/resource_index/parent_prefix_path/dynamixel_sdk
[2.762s] -- Symlinking: /home/rosdev/ros2_ws_lab/lab3/install/dynamixel_sdk/share/dynamixel_sdk/environment/ament_prefix_path.sh
[2.771s] -- Symlinking: /home/rosdev/ros2_ws_lab/lab3/install/dynamixel_sdk/share/dynamixel_sdk/environment/ament_prefix_path.dsv
[2.781s] -- Symlinking: /home/rosdev/ros2_ws_lab/lab3/install/dynamixel_sdk/share/dynamixel_sdk/environment/path.sh
[2.791s] -- Symlinking: /home/rosdev/ros2_ws_lab/lab3/install/dynamixel_sdk/share/dynamixel_sdk/environment/path.dsv
[2.800s] -- Symlinking: /home/rosdev/ros2_ws_lab/lab3/install/dynamixel_sdk/share/dynamixel_sdk/local_setup.bash
[2.815s] -- Symlinking: /home/rosdev/ros2_ws_lab/lab3/install/dynamixel_sdk/share/dynamixel_sdk/local_setup.sh
[2.827s] -- Symlinking: /home/rosdev/ros2_ws_lab/lab3/install/dynamixel_sdk/share/dynamixel_sdk/local_setup.zsh
[2.840s] -- Symlinking: /home/rosdev/ros2_ws_lab/lab3/install/dynamixel_sdk/share/dynamixel_sdk/local_setup.dsv
[2.850s] -- Symlinking: /home/rosdev/ros2_ws_lab/lab3/install/dynamixel_sdk/share/dynamixel_sdk/package.dsv
[2.863s] -- Symlinking: /home/rosdev/ros2_ws_lab/lab3/install/dynamixel_sdk/share/ament_index/resource_index/packages/dynamixel_sdk
[2.874s] -- Symlinking: /home/rosdev/ros2_ws_lab/lab3/install/dynamixel_sdk/share/dynamixel_sdk/cmake/ament_cmake_export_include_directories-extras.cmake
[2.883s] -- Symlinking: /home/rosdev/ros2_ws_lab/lab3/install/dynamixel_sdk/share/dynamixel_sdk/cmake/ament_cmake_export_libraries-extras.cmake
[2.893s] -- Symlinking: /home/rosdev/ros2_ws_lab/lab3/install/dynamixel_sdk/share/dynamixel_sdk/cmake/dynamixel_sdkConfig.cmake
[2.903s] -- Symlinking: /home/rosdev/ros2_ws_lab/lab3/install/dynamixel_sdk/share/dynamixel_sdk/cmake/dynamixel_sdkConfig-version.cmake
[2.913s] -- Symlinking: /home/rosdev/ros2_ws_lab/lab3/install/dynamixel_sdk/share/dynamixel_sdk/package.xml
[2.979s] Listing '/home/rosdev/ros2_ws_lab/lab3/install/dynamixel_sdk/local/lib/python3.10/dist-packages/dynamixel_sdk'...
[2.980s] Compiling '/home/rosdev/ros2_ws_lab/lab3/install/dynamixel_sdk/local/lib/python3.10/dist-packages/dynamixel_sdk/__init__.py'...
[2.980s] Compiling '/home/rosdev/ros2_ws_lab/lab3/install/dynamixel_sdk/local/lib/python3.10/dist-packages/dynamixel_sdk/group_bulk_read.py'...
[2.980s] Compiling '/home/rosdev/ros2_ws_lab/lab3/install/dynamixel_sdk/local/lib/python3.10/dist-packages/dynamixel_sdk/group_bulk_write.py'...
[2.980s] Compiling '/home/rosdev/ros2_ws_lab/lab3/install/dynamixel_sdk/local/lib/python3.10/dist-packages/dynamixel_sdk/group_sync_read.py'...
[2.980s] Compiling '/home/rosdev/ros2_ws_lab/lab3/install/dynamixel_sdk/local/lib/python3.10/dist-packages/dynamixel_sdk/group_sync_write.py'...
[2.980s] Compiling '/home/rosdev/ros2_ws_lab/lab3/install/dynamixel_sdk/local/lib/python3.10/dist-packages/dynamixel_sdk/packet_handler.py'...
[2.980s] Compiling '/home/rosdev/ros2_ws_lab/lab3/install/dynamixel_sdk/local/lib/python3.10/dist-packages/dynamixel_sdk/port_handler.py'...
[2.981s] Compiling '/home/rosdev/ros2_ws_lab/lab3/install/dynamixel_sdk/local/lib/python3.10/dist-packages/dynamixel_sdk/protocol1_packet_handler.py'...
[2.981s] Compiling '/home/rosdev/ros2_ws_lab/lab3/install/dynamixel_sdk/local/lib/python3.10/dist-packages/dynamixel_sdk/protocol2_packet_handler.py'...
[2.981s] Compiling '/home/rosdev/ros2_ws_lab/lab3/install/dynamixel_sdk/local/lib/python3.10/dist-packages/dynamixel_sdk/robotis_def.py'...
[2.990s] Invoked command in '/home/rosdev/ros2_ws_lab/lab3/build/dynamixel_sdk' returned '0': CMAKE_PREFIX_PATH=${CMAKE_PREFIX_PATH}:/home/rosdev/turtlebot3_ws/install/turtlebot3_teleop:/home/rosdev/turtlebot3_ws/install/turtlebot3_example:/opt/ros/humble /usr/bin/cmake --install /home/rosdev/ros2_ws_lab/lab3/build/dynamixel_sdk
