[0.792s] Invoking command in '/home/rosdev/ros2_ws_lab/lab3/build/turtlebot3_example': AMENT_PREFIX_PATH=/home/rosdev/ros2_ws_lab/lab3/install/turtlebot3_msgs:${AMENT_PREFIX_PATH} CMAKE_PREFIX_PATH=/home/rosdev/ros2_ws_lab/lab3/install/turtlebot3_msgs:${CMAKE_PREFIX_PATH} LD_LIBRARY_PATH=/home/rosdev/ros2_ws_lab/lab3/install/turtlebot3_msgs/lib:/home/rosdev/turtlebot3_ws/install/turtlebot3_msgs/lib:/home/rosdev/turtlebot3_ws/install/dynamixel_sdk_custom_interfaces/lib:/home/rosdev/turtlebot3_ws/install/dynamixel_sdk/lib:/usr/lib/x86_64-linux-gnu/gazebo-11/plugins:/opt/ros/humble/opt/rviz_ogre_vendor/lib:/opt/ros/humble/lib/x86_64-linux-gnu:/opt/ros/humble/lib:/usr/share/gazebo/../../lib/x86_64-linux-gnu/gazebo-11/plugins:/usr/share/gazebo/../../lib/x86_64-linux-gnu/gazebo-11/plugins:/usr/share/gazebo/../../lib/x86_64-linux-gnu/gazebo-11/plugins PYTHONPATH=/home/rosdev/ros2_ws_lab/lab3/build/turtlebot3_example/prefix_override:/usr/lib/python3/dist-packages/colcon_core/task/python/colcon_distutils_commands:/home/rosdev/ros2_ws_lab/lab3/install/turtlebot3_example/lib/python3.10/site-packages:/home/rosdev/ros2_ws_lab/lab3/install/turtlebot3_msgs/local/lib/python3.10/dist-packages:${PYTHONPATH} /usr/bin/python3 -W ignore:setup.py install is deprecated -W ignore:easy_install command is deprecated setup.py develop --editable --build-directory /home/rosdev/ros2_ws_lab/lab3/build/turtlebot3_example/build --no-deps symlink_data
[1.128s] running develop
[1.377s] running egg_info
[1.377s] creating turtlebot3_example.egg-info
[1.377s] writing turtlebot3_example.egg-info/PKG-INFO
[1.377s] writing dependency_links to turtlebot3_example.egg-info/dependency_links.txt
[1.377s] writing entry points to turtlebot3_example.egg-info/entry_points.txt
[1.377s] writing requirements to turtlebot3_example.egg-info/requires.txt
[1.377s] writing top-level names to turtlebot3_example.egg-info/top_level.txt
[1.378s] writing manifest file 'turtlebot3_example.egg-info/SOURCES.txt'
[1.380s] reading manifest file 'turtlebot3_example.egg-info/SOURCES.txt'
[1.381s] writing manifest file 'turtlebot3_example.egg-info/SOURCES.txt'
[1.382s] running build_ext
[1.382s] Creating /home/rosdev/ros2_ws_lab/lab3/install/turtlebot3_example/lib/python3.10/site-packages/turtlebot3-example.egg-link (link to .)
[1.383s] Installing turtlebot3_absolute_move script to /home/rosdev/ros2_ws_lab/lab3/install/turtlebot3_example/lib/turtlebot3_example
[1.384s] Installing turtlebot3_interactive_marker script to /home/rosdev/ros2_ws_lab/lab3/install/turtlebot3_example/lib/turtlebot3_example
[1.384s] Installing turtlebot3_obstacle_detection script to /home/rosdev/ros2_ws_lab/lab3/install/turtlebot3_example/lib/turtlebot3_example
[1.384s] Installing turtlebot3_patrol_client script to /home/rosdev/ros2_ws_lab/lab3/install/turtlebot3_example/lib/turtlebot3_example
[1.384s] Installing turtlebot3_patrol_server script to /home/rosdev/ros2_ws_lab/lab3/install/turtlebot3_example/lib/turtlebot3_example
[1.384s] Installing turtlebot3_relative_move script to /home/rosdev/ros2_ws_lab/lab3/install/turtlebot3_example/lib/turtlebot3_example
[1.384s] 
[1.384s] Installed /home/rosdev/ros2_ws_lab/lab3/build/turtlebot3_example
[1.384s] running symlink_data
[1.385s] creating /home/rosdev/ros2_ws_lab/lab3/install/turtlebot3_example/share/ament_index
[1.385s] creating /home/rosdev/ros2_ws_lab/lab3/install/turtlebot3_example/share/ament_index/resource_index
[1.385s] creating /home/rosdev/ros2_ws_lab/lab3/install/turtlebot3_example/share/ament_index/resource_index/packages
[1.385s] symbolically linking /home/rosdev/ros2_ws_lab/lab3/build/turtlebot3_example/resource/turtlebot3_example -> /home/rosdev/ros2_ws_lab/lab3/install/turtlebot3_example/share/ament_index/resource_index/packages
[1.385s] symbolically linking /home/rosdev/ros2_ws_lab/lab3/build/turtlebot3_example/package.xml -> /home/rosdev/ros2_ws_lab/lab3/install/turtlebot3_example/share/turtlebot3_example
[1.411s] Invoked command in '/home/rosdev/ros2_ws_lab/lab3/build/turtlebot3_example' returned '0': AMENT_PREFIX_PATH=/home/rosdev/ros2_ws_lab/lab3/install/turtlebot3_msgs:${AMENT_PREFIX_PATH} CMAKE_PREFIX_PATH=/home/rosdev/ros2_ws_lab/lab3/install/turtlebot3_msgs:${CMAKE_PREFIX_PATH} LD_LIBRARY_PATH=/home/rosdev/ros2_ws_lab/lab3/install/turtlebot3_msgs/lib:/home/rosdev/turtlebot3_ws/install/turtlebot3_msgs/lib:/home/rosdev/turtlebot3_ws/install/dynamixel_sdk_custom_interfaces/lib:/home/rosdev/turtlebot3_ws/install/dynamixel_sdk/lib:/usr/lib/x86_64-linux-gnu/gazebo-11/plugins:/opt/ros/humble/opt/rviz_ogre_vendor/lib:/opt/ros/humble/lib/x86_64-linux-gnu:/opt/ros/humble/lib:/usr/share/gazebo/../../lib/x86_64-linux-gnu/gazebo-11/plugins:/usr/share/gazebo/../../lib/x86_64-linux-gnu/gazebo-11/plugins:/usr/share/gazebo/../../lib/x86_64-linux-gnu/gazebo-11/plugins PYTHONPATH=/home/rosdev/ros2_ws_lab/lab3/build/turtlebot3_example/prefix_override:/usr/lib/python3/dist-packages/colcon_core/task/python/colcon_distutils_commands:/home/rosdev/ros2_ws_lab/lab3/install/turtlebot3_example/lib/python3.10/site-packages:/home/rosdev/ros2_ws_lab/lab3/install/turtlebot3_msgs/local/lib/python3.10/dist-packages:${PYTHONPATH} /usr/bin/python3 -W ignore:setup.py install is deprecated -W ignore:easy_install command is deprecated setup.py develop --editable --build-directory /home/rosdev/ros2_ws_lab/lab3/build/turtlebot3_example/build --no-deps symlink_data
