[1.045s] Invoking command in '/home/rosdev/ros2_ws_lab/lab3/src/turtlebot3/turtlebot3_teleop': PYTHONPATH=/home/rosdev/ros2_ws_lab/lab3/build/turtlebot3_teleop/prefix_override:/usr/lib/python3/dist-packages/colcon_core/task/python/colcon_distutils_commands:/home/rosdev/ros2_ws_lab/lab3/install/turtlebot3_teleop/lib/python3.10/site-packages:${PYTHONPATH} /usr/bin/python3 -W ignore:setup.py install is deprecated -W ignore:easy_install command is deprecated setup.py egg_info --egg-base ../../../build/turtlebot3_teleop build --build-base /home/rosdev/ros2_ws_lab/lab3/build/turtlebot3_teleop/build install --record /home/rosdev/ros2_ws_lab/lab3/build/turtlebot3_teleop/install.log --single-version-externally-managed install_data
[1.366s] running egg_info
[1.366s] writing ../../../build/turtlebot3_teleop/turtlebot3_teleop.egg-info/PKG-INFO
[1.367s] writing dependency_links to ../../../build/turtlebot3_teleop/turtlebot3_teleop.egg-info/dependency_links.txt
[1.367s] writing entry points to ../../../build/turtlebot3_teleop/turtlebot3_teleop.egg-info/entry_points.txt
[1.367s] writing requirements to ../../../build/turtlebot3_teleop/turtlebot3_teleop.egg-info/requires.txt
[1.367s] writing top-level names to ../../../build/turtlebot3_teleop/turtlebot3_teleop.egg-info/top_level.txt
[1.369s] reading manifest file '../../../build/turtlebot3_teleop/turtlebot3_teleop.egg-info/SOURCES.txt'
[1.370s] writing manifest file '../../../build/turtlebot3_teleop/turtlebot3_teleop.egg-info/SOURCES.txt'
[1.370s] running build
[1.371s] running build_py
[1.371s] running install
[1.371s] running install_lib
[1.373s] running install_data
[1.373s] running install_egg_info
[1.376s] removing '/home/rosdev/ros2_ws_lab/lab3/install/turtlebot3_teleop/lib/python3.10/site-packages/turtlebot3_teleop-2.2.9-py3.10.egg-info' (and everything under it)
[1.376s] Copying ../../../build/turtlebot3_teleop/turtlebot3_teleop.egg-info to /home/rosdev/ros2_ws_lab/lab3/install/turtlebot3_teleop/lib/python3.10/site-packages/turtlebot3_teleop-2.2.9-py3.10.egg-info
[1.377s] running install_scripts
[1.399s] Installing teleop_keyboard script to /home/rosdev/ros2_ws_lab/lab3/install/turtlebot3_teleop/lib/turtlebot3_teleop
[1.400s] writing list of installed files to '/home/rosdev/ros2_ws_lab/lab3/build/turtlebot3_teleop/install.log'
[1.420s] Invoked command in '/home/rosdev/ros2_ws_lab/lab3/src/turtlebot3/turtlebot3_teleop' returned '0': PYTHONPATH=/home/rosdev/ros2_ws_lab/lab3/build/turtlebot3_teleop/prefix_override:/usr/lib/python3/dist-packages/colcon_core/task/python/colcon_distutils_commands:/home/rosdev/ros2_ws_lab/lab3/install/turtlebot3_teleop/lib/python3.10/site-packages:${PYTHONPATH} /usr/bin/python3 -W ignore:setup.py install is deprecated -W ignore:easy_install command is deprecated setup.py egg_info --egg-base ../../../build/turtlebot3_teleop build --build-base /home/rosdev/ros2_ws_lab/lab3/build/turtlebot3_teleop/build install --record /home/rosdev/ros2_ws_lab/lab3/build/turtlebot3_teleop/install.log --single-version-externally-managed install_data
