[0.018s] Invoking command in '/home/rosdev/ros2_ws_lab/lab3/build/turtlebot3_node': AMENT_PREFIX_PATH=/home/rosdev/ros2_ws_lab/lab3/install/turtlebot3_msgs:/home/rosdev/ros2_ws_lab/lab3/install/dynamixel_sdk:${AMENT_PREFIX_PATH} CMAKE_PREFIX_PATH=/home/rosdev/ros2_ws_lab/lab3/install/turtlebot3_msgs:/home/rosdev/ros2_ws_lab/lab3/install/dynamixel_sdk:/home/rosdev/turtlebot3_ws/install/turtlebot3:/home/rosdev/turtlebot3_ws/install/turtlebot3_bringup:/home/rosdev/turtlebot3_ws/install/turtlebot3_node:/home/rosdev/turtlebot3_ws/install/turtlebot3_navigation2:/home/rosdev/turtlebot3_ws/install/turtlebot3_msgs:/home/rosdev/turtlebot3_ws/install/turtlebot3_description:/home/rosdev/turtlebot3_ws/install/turtlebot3_cartographer:/home/rosdev/turtlebot3_ws/install/dynamixel_sdk_examples:/home/rosdev/turtlebot3_ws/install/dynamixel_sdk_custom_interfaces:/home/rosdev/turtlebot3_ws/install/dynamixel_sdk:/home/rosdev/turtlebot3_ws/install/turtlebot3_teleop:/home/rosdev/turtlebot3_ws/install/turtlebot3_example:/opt/ros/humble LD_LIBRARY_PATH=/home/rosdev/ros2_ws_lab/lab3/install/turtlebot3_msgs/lib:/home/rosdev/ros2_ws_lab/lab3/install/dynamixel_sdk/lib:/home/rosdev/turtlebot3_ws/install/turtlebot3_msgs/lib:/home/rosdev/turtlebot3_ws/install/dynamixel_sdk_custom_interfaces/lib:/home/rosdev/turtlebot3_ws/install/dynamixel_sdk/lib:/usr/lib/x86_64-linux-gnu/gazebo-11/plugins:/opt/ros/humble/opt/rviz_ogre_vendor/lib:/opt/ros/humble/lib/x86_64-linux-gnu:/opt/ros/humble/lib:/usr/share/gazebo/../../lib/x86_64-linux-gnu/gazebo-11/plugins:/usr/share/gazebo/../../lib/x86_64-linux-gnu/gazebo-11/plugins:/usr/share/gazebo/../../lib/x86_64-linux-gnu/gazebo-11/plugins PYTHONPATH=/home/rosdev/ros2_ws_lab/lab3/install/turtlebot3_msgs/local/lib/python3.10/dist-packages:/home/rosdev/ros2_ws_lab/lab3/install/dynamixel_sdk/local/lib/python3.10/dist-packages:${PYTHONPATH} /usr/bin/cmake /home/rosdev/ros2_ws_lab/lab3/src/turtlebot3/turtlebot3_node -DCMAKE_INSTALL_PREFIX=/home/rosdev/ros2_ws_lab/lab3/install/turtlebot3_node
[0.072s] -- The C compiler identification is GNU 11.4.0
[0.128s] -- The CXX compiler identification is GNU 11.4.0
[0.135s] -- Detecting C compiler ABI info
[0.204s] -- Detecting C compiler ABI info - done
[0.213s] -- Check for working C compiler: /usr/bin/cc - skipped
[0.213s] -- Detecting C compile features
[0.214s] -- Detecting C compile features - done
[0.217s] -- Detecting CXX compiler ABI info
[0.296s] -- Detecting CXX compiler ABI info - done
[0.306s] -- Check for working CXX compiler: /usr/bin/c++ - skipped
[0.307s] -- Detecting CXX compile features
[0.307s] -- Detecting CXX compile features - done
[0.311s] -- Found ament_cmake: 1.3.11 (/opt/ros/humble/share/ament_cmake/cmake)
[0.493s] -- Found Python3: /usr/bin/python3 (found version "3.10.12") found components: Interpreter 
[0.612s] -- Found dynamixel_sdk: 3.8.3 (/home/rosdev/ros2_ws_lab/lab3/install/dynamixel_sdk/share/dynamixel_sdk/cmake)
[0.616s] -- Found geometry_msgs: 4.8.0 (/opt/ros/humble/share/geometry_msgs/cmake)
[0.668s] -- Found rosidl_generator_c: 3.1.6 (/opt/ros/humble/share/rosidl_generator_c/cmake)
[0.676s] -- Found rosidl_adapter: 3.1.6 (/opt/ros/humble/share/rosidl_adapter/cmake)
[0.689s] -- Found rosidl_generator_cpp: 3.1.6 (/opt/ros/humble/share/rosidl_generator_cpp/cmake)
[0.706s] -- Using all available rosidl_typesupport_c: rosidl_typesupport_fastrtps_c;rosidl_typesupport_introspection_c
[0.730s] -- Using all available rosidl_typesupport_cpp: rosidl_typesupport_fastrtps_cpp;rosidl_typesupport_introspection_cpp
[0.782s] -- Found message_filters: 4.3.7 (/opt/ros/humble/share/message_filters/cmake)
[0.844s] -- Found rmw_implementation_cmake: 6.1.2 (/opt/ros/humble/share/rmw_implementation_cmake/cmake)
[0.848s] -- Found rmw_fastrtps_cpp: 6.2.7 (/opt/ros/humble/share/rmw_fastrtps_cpp/cmake)
[0.945s] -- Found OpenSSL: /usr/lib/x86_64-linux-gnu/libcrypto.so (found version "3.0.2")  
[0.974s] -- Found FastRTPS: /opt/ros/humble/include  
[1.020s] -- Using RMW implementation 'rmw_fastrtps_cpp' as default
[1.033s] -- Looking for pthread.h
[1.110s] -- Looking for pthread.h - found
[1.111s] -- Performing Test CMAKE_HAVE_LIBC_PTHREAD
[1.185s] -- Performing Test CMAKE_HAVE_LIBC_PTHREAD - Success
[1.186s] -- Found Threads: TRUE  
[1.237s] -- Found nav_msgs: 4.8.0 (/opt/ros/humble/share/nav_msgs/cmake)
[1.259s] -- Found sensor_msgs: 4.8.0 (/opt/ros/humble/share/sensor_msgs/cmake)
[1.285s] -- Found std_srvs: 4.8.0 (/opt/ros/humble/share/std_srvs/cmake)
[1.300s] -- Found tf2: 0.25.12 (/opt/ros/humble/share/tf2/cmake)
[1.313s] -- Found tf2_ros: 0.25.12 (/opt/ros/humble/share/tf2_ros/cmake)
[1.421s] -- Found turtlebot3_msgs: 2.4.0 (/home/rosdev/ros2_ws_lab/lab3/install/turtlebot3_msgs/share/turtlebot3_msgs/cmake)
[1.534s] -- Configuring done
[1.554s] -- Generating done
[1.561s] -- Build files have been written to: /home/rosdev/ros2_ws_lab/lab3/build/turtlebot3_node
[1.571s] Invoked command in '/home/rosdev/ros2_ws_lab/lab3/build/turtlebot3_node' returned '0': AMENT_PREFIX_PATH=/home/rosdev/ros2_ws_lab/lab3/install/turtlebot3_msgs:/home/rosdev/ros2_ws_lab/lab3/install/dynamixel_sdk:${AMENT_PREFIX_PATH} CMAKE_PREFIX_PATH=/home/rosdev/ros2_ws_lab/lab3/install/turtlebot3_msgs:/home/rosdev/ros2_ws_lab/lab3/install/dynamixel_sdk:/home/rosdev/turtlebot3_ws/install/turtlebot3:/home/rosdev/turtlebot3_ws/install/turtlebot3_bringup:/home/rosdev/turtlebot3_ws/install/turtlebot3_node:/home/rosdev/turtlebot3_ws/install/turtlebot3_navigation2:/home/rosdev/turtlebot3_ws/install/turtlebot3_msgs:/home/rosdev/turtlebot3_ws/install/turtlebot3_description:/home/rosdev/turtlebot3_ws/install/turtlebot3_cartographer:/home/rosdev/turtlebot3_ws/install/dynamixel_sdk_examples:/home/rosdev/turtlebot3_ws/install/dynamixel_sdk_custom_interfaces:/home/rosdev/turtlebot3_ws/install/dynamixel_sdk:/home/rosdev/turtlebot3_ws/install/turtlebot3_teleop:/home/rosdev/turtlebot3_ws/install/turtlebot3_example:/opt/ros/humble LD_LIBRARY_PATH=/home/rosdev/ros2_ws_lab/lab3/install/turtlebot3_msgs/lib:/home/rosdev/ros2_ws_lab/lab3/install/dynamixel_sdk/lib:/home/rosdev/turtlebot3_ws/install/turtlebot3_msgs/lib:/home/rosdev/turtlebot3_ws/install/dynamixel_sdk_custom_interfaces/lib:/home/rosdev/turtlebot3_ws/install/dynamixel_sdk/lib:/usr/lib/x86_64-linux-gnu/gazebo-11/plugins:/opt/ros/humble/opt/rviz_ogre_vendor/lib:/opt/ros/humble/lib/x86_64-linux-gnu:/opt/ros/humble/lib:/usr/share/gazebo/../../lib/x86_64-linux-gnu/gazebo-11/plugins:/usr/share/gazebo/../../lib/x86_64-linux-gnu/gazebo-11/plugins:/usr/share/gazebo/../../lib/x86_64-linux-gnu/gazebo-11/plugins PYTHONPATH=/home/rosdev/ros2_ws_lab/lab3/install/turtlebot3_msgs/local/lib/python3.10/dist-packages:/home/rosdev/ros2_ws_lab/lab3/install/dynamixel_sdk/local/lib/python3.10/dist-packages:${PYTHONPATH} /usr/bin/cmake /home/rosdev/ros2_ws_lab/lab3/src/turtlebot3/turtlebot3_node -DCMAKE_INSTALL_PREFIX=/home/rosdev/ros2_ws_lab/lab3/install/turtlebot3_node
[1.573s] Invoking command in '/home/rosdev/ros2_ws_lab/lab3/build/turtlebot3_node': AMENT_PREFIX_PATH=/home/rosdev/ros2_ws_lab/lab3/install/turtlebot3_msgs:/home/rosdev/ros2_ws_lab/lab3/install/dynamixel_sdk:${AMENT_PREFIX_PATH} CMAKE_PREFIX_PATH=/home/rosdev/ros2_ws_lab/lab3/install/turtlebot3_msgs:/home/rosdev/ros2_ws_lab/lab3/install/dynamixel_sdk:/home/rosdev/turtlebot3_ws/install/turtlebot3:/home/rosdev/turtlebot3_ws/install/turtlebot3_bringup:/home/rosdev/turtlebot3_ws/install/turtlebot3_node:/home/rosdev/turtlebot3_ws/install/turtlebot3_navigation2:/home/rosdev/turtlebot3_ws/install/turtlebot3_msgs:/home/rosdev/turtlebot3_ws/install/turtlebot3_description:/home/rosdev/turtlebot3_ws/install/turtlebot3_cartographer:/home/rosdev/turtlebot3_ws/install/dynamixel_sdk_examples:/home/rosdev/turtlebot3_ws/install/dynamixel_sdk_custom_interfaces:/home/rosdev/turtlebot3_ws/install/dynamixel_sdk:/home/rosdev/turtlebot3_ws/install/turtlebot3_teleop:/home/rosdev/turtlebot3_ws/install/turtlebot3_example:/opt/ros/humble LD_LIBRARY_PATH=/home/rosdev/ros2_ws_lab/lab3/install/turtlebot3_msgs/lib:/home/rosdev/ros2_ws_lab/lab3/install/dynamixel_sdk/lib:/home/rosdev/turtlebot3_ws/install/turtlebot3_msgs/lib:/home/rosdev/turtlebot3_ws/install/dynamixel_sdk_custom_interfaces/lib:/home/rosdev/turtlebot3_ws/install/dynamixel_sdk/lib:/usr/lib/x86_64-linux-gnu/gazebo-11/plugins:/opt/ros/humble/opt/rviz_ogre_vendor/lib:/opt/ros/humble/lib/x86_64-linux-gnu:/opt/ros/humble/lib:/usr/share/gazebo/../../lib/x86_64-linux-gnu/gazebo-11/plugins:/usr/share/gazebo/../../lib/x86_64-linux-gnu/gazebo-11/plugins:/usr/share/gazebo/../../lib/x86_64-linux-gnu/gazebo-11/plugins PYTHONPATH=/home/rosdev/ros2_ws_lab/lab3/install/turtlebot3_msgs/local/lib/python3.10/dist-packages:/home/rosdev/ros2_ws_lab/lab3/install/dynamixel_sdk/local/lib/python3.10/dist-packages:${PYTHONPATH} /usr/bin/cmake --build /home/rosdev/ros2_ws_lab/lab3/build/turtlebot3_node -- -j12 -l12
[1.631s] [ 28%] [32mBuilding CXX object CMakeFiles/turtlebot3_node_lib.dir/src/devices/reset.cpp.o[0m
[1.631s] [ 28%] [32mBuilding CXX object CMakeFiles/turtlebot3_node_lib.dir/src/devices/motor_power.cpp.o[0m
[1.631s] [ 28%] [32mBuilding CXX object CMakeFiles/turtlebot3_node_lib.dir/src/devices/sound.cpp.o[0m
[1.632s] [ 35%] [32mBuilding CXX object CMakeFiles/turtlebot3_node_lib.dir/src/dynamixel_sdk_wrapper.cpp.o[0m
[1.632s] [ 50%] [32mBuilding CXX object CMakeFiles/turtlebot3_node_lib.dir/src/odometry.cpp.o[0m
[1.632s] [ 50%] [32mBuilding CXX object CMakeFiles/turtlebot3_node_lib.dir/src/sensors/battery_state.cpp.o[0m
[1.632s] [ 57%] [32mBuilding CXX object CMakeFiles/turtlebot3_node_lib.dir/src/turtlebot3.cpp.o[0m
[1.632s] [ 28%] [32mBuilding CXX object CMakeFiles/turtlebot3_node_lib.dir/src/diff_drive_controller.cpp.o[0m
[1.633s] [ 64%] [32mBuilding CXX object CMakeFiles/turtlebot3_node_lib.dir/src/sensors/imu.cpp.o[0m
[1.633s] [ 71%] [32mBuilding CXX object CMakeFiles/turtlebot3_node_lib.dir/src/sensors/joint_state.cpp.o[0m
[1.633s] [ 78%] [32mBuilding CXX object CMakeFiles/turtlebot3_node_lib.dir/src/sensors/sensor_state.cpp.o[0m
[21.000s] [ 85%] [32m[1mLinking CXX static library libturtlebot3_node_lib.a[0m
[21.754s] [ 85%] Built target turtlebot3_node_lib
[21.778s] [ 92%] [32mBuilding CXX object CMakeFiles/turtlebot3_ros.dir/src/node_main.cpp.o[0m
[25.874s] [100%] [32m[1mLinking CXX executable turtlebot3_ros[0m
[27.851s] [100%] Built target turtlebot3_ros
[27.864s] Invoked command in '/home/rosdev/ros2_ws_lab/lab3/build/turtlebot3_node' returned '0': AMENT_PREFIX_PATH=/home/rosdev/ros2_ws_lab/lab3/install/turtlebot3_msgs:/home/rosdev/ros2_ws_lab/lab3/install/dynamixel_sdk:${AMENT_PREFIX_PATH} CMAKE_PREFIX_PATH=/home/rosdev/ros2_ws_lab/lab3/install/turtlebot3_msgs:/home/rosdev/ros2_ws_lab/lab3/install/dynamixel_sdk:/home/rosdev/turtlebot3_ws/install/turtlebot3:/home/rosdev/turtlebot3_ws/install/turtlebot3_bringup:/home/rosdev/turtlebot3_ws/install/turtlebot3_node:/home/rosdev/turtlebot3_ws/install/turtlebot3_navigation2:/home/rosdev/turtlebot3_ws/install/turtlebot3_msgs:/home/rosdev/turtlebot3_ws/install/turtlebot3_description:/home/rosdev/turtlebot3_ws/install/turtlebot3_cartographer:/home/rosdev/turtlebot3_ws/install/dynamixel_sdk_examples:/home/rosdev/turtlebot3_ws/install/dynamixel_sdk_custom_interfaces:/home/rosdev/turtlebot3_ws/install/dynamixel_sdk:/home/rosdev/turtlebot3_ws/install/turtlebot3_teleop:/home/rosdev/turtlebot3_ws/install/turtlebot3_example:/opt/ros/humble LD_LIBRARY_PATH=/home/rosdev/ros2_ws_lab/lab3/install/turtlebot3_msgs/lib:/home/rosdev/ros2_ws_lab/lab3/install/dynamixel_sdk/lib:/home/rosdev/turtlebot3_ws/install/turtlebot3_msgs/lib:/home/rosdev/turtlebot3_ws/install/dynamixel_sdk_custom_interfaces/lib:/home/rosdev/turtlebot3_ws/install/dynamixel_sdk/lib:/usr/lib/x86_64-linux-gnu/gazebo-11/plugins:/opt/ros/humble/opt/rviz_ogre_vendor/lib:/opt/ros/humble/lib/x86_64-linux-gnu:/opt/ros/humble/lib:/usr/share/gazebo/../../lib/x86_64-linux-gnu/gazebo-11/plugins:/usr/share/gazebo/../../lib/x86_64-linux-gnu/gazebo-11/plugins:/usr/share/gazebo/../../lib/x86_64-linux-gnu/gazebo-11/plugins PYTHONPATH=/home/rosdev/ros2_ws_lab/lab3/install/turtlebot3_msgs/local/lib/python3.10/dist-packages:/home/rosdev/ros2_ws_lab/lab3/install/dynamixel_sdk/local/lib/python3.10/dist-packages:${PYTHONPATH} /usr/bin/cmake --build /home/rosdev/ros2_ws_lab/lab3/build/turtlebot3_node -- -j12 -l12
[27.866s] Invoking command in '/home/rosdev/ros2_ws_lab/lab3/build/turtlebot3_node': AMENT_PREFIX_PATH=/home/rosdev/ros2_ws_lab/lab3/install/turtlebot3_msgs:/home/rosdev/ros2_ws_lab/lab3/install/dynamixel_sdk:${AMENT_PREFIX_PATH} CMAKE_PREFIX_PATH=/home/rosdev/ros2_ws_lab/lab3/install/turtlebot3_msgs:/home/rosdev/ros2_ws_lab/lab3/install/dynamixel_sdk:/home/rosdev/turtlebot3_ws/install/turtlebot3:/home/rosdev/turtlebot3_ws/install/turtlebot3_bringup:/home/rosdev/turtlebot3_ws/install/turtlebot3_node:/home/rosdev/turtlebot3_ws/install/turtlebot3_navigation2:/home/rosdev/turtlebot3_ws/install/turtlebot3_msgs:/home/rosdev/turtlebot3_ws/install/turtlebot3_description:/home/rosdev/turtlebot3_ws/install/turtlebot3_cartographer:/home/rosdev/turtlebot3_ws/install/dynamixel_sdk_examples:/home/rosdev/turtlebot3_ws/install/dynamixel_sdk_custom_interfaces:/home/rosdev/turtlebot3_ws/install/dynamixel_sdk:/home/rosdev/turtlebot3_ws/install/turtlebot3_teleop:/home/rosdev/turtlebot3_ws/install/turtlebot3_example:/opt/ros/humble LD_LIBRARY_PATH=/home/rosdev/ros2_ws_lab/lab3/install/turtlebot3_msgs/lib:/home/rosdev/ros2_ws_lab/lab3/install/dynamixel_sdk/lib:/home/rosdev/turtlebot3_ws/install/turtlebot3_msgs/lib:/home/rosdev/turtlebot3_ws/install/dynamixel_sdk_custom_interfaces/lib:/home/rosdev/turtlebot3_ws/install/dynamixel_sdk/lib:/usr/lib/x86_64-linux-gnu/gazebo-11/plugins:/opt/ros/humble/opt/rviz_ogre_vendor/lib:/opt/ros/humble/lib/x86_64-linux-gnu:/opt/ros/humble/lib:/usr/share/gazebo/../../lib/x86_64-linux-gnu/gazebo-11/plugins:/usr/share/gazebo/../../lib/x86_64-linux-gnu/gazebo-11/plugins:/usr/share/gazebo/../../lib/x86_64-linux-gnu/gazebo-11/plugins PYTHONPATH=/home/rosdev/ros2_ws_lab/lab3/install/turtlebot3_msgs/local/lib/python3.10/dist-packages:/home/rosdev/ros2_ws_lab/lab3/install/dynamixel_sdk/local/lib/python3.10/dist-packages:${PYTHONPATH} /usr/bin/cmake --install /home/rosdev/ros2_ws_lab/lab3/build/turtlebot3_node
[27.874s] -- Install configuration: ""
[27.874s] -- Installing: /home/rosdev/ros2_ws_lab/lab3/install/turtlebot3_node/share/turtlebot3_node/param
[27.874s] -- Installing: /home/rosdev/ros2_ws_lab/lab3/install/turtlebot3_node/share/turtlebot3_node/param/burger.yaml
[27.874s] -- Installing: /home/rosdev/ros2_ws_lab/lab3/install/turtlebot3_node/share/turtlebot3_node/param/waffle.yaml
[27.874s] -- Installing: /home/rosdev/ros2_ws_lab/lab3/install/turtlebot3_node/share/turtlebot3_node/param/waffle_pi.yaml
[27.874s] -- Installing: /home/rosdev/ros2_ws_lab/lab3/install/turtlebot3_node/lib/turtlebot3_node/turtlebot3_ros
[27.889s] -- Set runtime path of "/home/rosdev/ros2_ws_lab/lab3/install/turtlebot3_node/lib/turtlebot3_node/turtlebot3_ros" to ""
[27.889s] -- Installing: /home/rosdev/ros2_ws_lab/lab3/install/turtlebot3_node/share/ament_index/resource_index/package_run_dependencies/turtlebot3_node
[27.889s] -- Installing: /home/rosdev/ros2_ws_lab/lab3/install/turtlebot3_node/share/ament_index/resource_index/parent_prefix_path/turtlebot3_node
[27.889s] -- Installing: /home/rosdev/ros2_ws_lab/lab3/install/turtlebot3_node/share/turtlebot3_node/environment/ament_prefix_path.sh
[27.890s] -- Installing: /home/rosdev/ros2_ws_lab/lab3/install/turtlebot3_node/share/turtlebot3_node/environment/ament_prefix_path.dsv
[27.890s] -- Installing: /home/rosdev/ros2_ws_lab/lab3/install/turtlebot3_node/share/turtlebot3_node/environment/path.sh
[27.890s] -- Installing: /home/rosdev/ros2_ws_lab/lab3/install/turtlebot3_node/share/turtlebot3_node/environment/path.dsv
[27.890s] -- Installing: /home/rosdev/ros2_ws_lab/lab3/install/turtlebot3_node/share/turtlebot3_node/local_setup.bash
[27.890s] -- Installing: /home/rosdev/ros2_ws_lab/lab3/install/turtlebot3_node/share/turtlebot3_node/local_setup.sh
[27.890s] -- Installing: /home/rosdev/ros2_ws_lab/lab3/install/turtlebot3_node/share/turtlebot3_node/local_setup.zsh
[27.890s] -- Installing: /home/rosdev/ros2_ws_lab/lab3/install/turtlebot3_node/share/turtlebot3_node/local_setup.dsv
[27.891s] -- Installing: /home/rosdev/ros2_ws_lab/lab3/install/turtlebot3_node/share/turtlebot3_node/package.dsv
[27.891s] -- Installing: /home/rosdev/ros2_ws_lab/lab3/install/turtlebot3_node/share/ament_index/resource_index/packages/turtlebot3_node
[27.891s] -- Installing: /home/rosdev/ros2_ws_lab/lab3/install/turtlebot3_node/share/turtlebot3_node/cmake/ament_cmake_export_include_directories-extras.cmake
[27.891s] -- Installing: /home/rosdev/ros2_ws_lab/lab3/install/turtlebot3_node/share/turtlebot3_node/cmake/turtlebot3_nodeConfig.cmake
[27.891s] -- Installing: /home/rosdev/ros2_ws_lab/lab3/install/turtlebot3_node/share/turtlebot3_node/cmake/turtlebot3_nodeConfig-version.cmake
[27.891s] -- Installing: /home/rosdev/ros2_ws_lab/lab3/install/turtlebot3_node/share/turtlebot3_node/package.xml
[27.895s] Invoked command in '/home/rosdev/ros2_ws_lab/lab3/build/turtlebot3_node' returned '0': AMENT_PREFIX_PATH=/home/rosdev/ros2_ws_lab/lab3/install/turtlebot3_msgs:/home/rosdev/ros2_ws_lab/lab3/install/dynamixel_sdk:${AMENT_PREFIX_PATH} CMAKE_PREFIX_PATH=/home/rosdev/ros2_ws_lab/lab3/install/turtlebot3_msgs:/home/rosdev/ros2_ws_lab/lab3/install/dynamixel_sdk:/home/rosdev/turtlebot3_ws/install/turtlebot3:/home/rosdev/turtlebot3_ws/install/turtlebot3_bringup:/home/rosdev/turtlebot3_ws/install/turtlebot3_node:/home/rosdev/turtlebot3_ws/install/turtlebot3_navigation2:/home/rosdev/turtlebot3_ws/install/turtlebot3_msgs:/home/rosdev/turtlebot3_ws/install/turtlebot3_description:/home/rosdev/turtlebot3_ws/install/turtlebot3_cartographer:/home/rosdev/turtlebot3_ws/install/dynamixel_sdk_examples:/home/rosdev/turtlebot3_ws/install/dynamixel_sdk_custom_interfaces:/home/rosdev/turtlebot3_ws/install/dynamixel_sdk:/home/rosdev/turtlebot3_ws/install/turtlebot3_teleop:/home/rosdev/turtlebot3_ws/install/turtlebot3_example:/opt/ros/humble LD_LIBRARY_PATH=/home/rosdev/ros2_ws_lab/lab3/install/turtlebot3_msgs/lib:/home/rosdev/ros2_ws_lab/lab3/install/dynamixel_sdk/lib:/home/rosdev/turtlebot3_ws/install/turtlebot3_msgs/lib:/home/rosdev/turtlebot3_ws/install/dynamixel_sdk_custom_interfaces/lib:/home/rosdev/turtlebot3_ws/install/dynamixel_sdk/lib:/usr/lib/x86_64-linux-gnu/gazebo-11/plugins:/opt/ros/humble/opt/rviz_ogre_vendor/lib:/opt/ros/humble/lib/x86_64-linux-gnu:/opt/ros/humble/lib:/usr/share/gazebo/../../lib/x86_64-linux-gnu/gazebo-11/plugins:/usr/share/gazebo/../../lib/x86_64-linux-gnu/gazebo-11/plugins:/usr/share/gazebo/../../lib/x86_64-linux-gnu/gazebo-11/plugins PYTHONPATH=/home/rosdev/ros2_ws_lab/lab3/install/turtlebot3_msgs/local/lib/python3.10/dist-packages:/home/rosdev/ros2_ws_lab/lab3/install/dynamixel_sdk/local/lib/python3.10/dist-packages:${PYTHONPATH} /usr/bin/cmake --install /home/rosdev/ros2_ws_lab/lab3/build/turtlebot3_node
