[0.775s] Invoking command in '/home/rosdev/ros2_ws_lab/lab3/src/turtlebot3/turtlebot3_example': AMENT_PREFIX_PATH=/home/rosdev/ros2_ws_lab/lab3/install/turtlebot3_msgs:${AMENT_PREFIX_PATH} CMAKE_PREFIX_PATH=/home/rosdev/ros2_ws_lab/lab3/install/turtlebot3_msgs:${CMAKE_PREFIX_PATH} LD_LIBRARY_PATH=/home/rosdev/ros2_ws_lab/lab3/install/turtlebot3_msgs/lib:/home/rosdev/turtlebot3_ws/install/turtlebot3_msgs/lib:/home/rosdev/turtlebot3_ws/install/dynamixel_sdk_custom_interfaces/lib:/home/rosdev/turtlebot3_ws/install/dynamixel_sdk/lib:/usr/lib/x86_64-linux-gnu/gazebo-11/plugins:/opt/ros/humble/opt/rviz_ogre_vendor/lib:/opt/ros/humble/lib/x86_64-linux-gnu:/opt/ros/humble/lib:/usr/share/gazebo/../../lib/x86_64-linux-gnu/gazebo-11/plugins:/usr/share/gazebo/../../lib/x86_64-linux-gnu/gazebo-11/plugins:/usr/share/gazebo/../../lib/x86_64-linux-gnu/gazebo-11/plugins PYTHONPATH=/home/rosdev/ros2_ws_lab/lab3/build/turtlebot3_example/prefix_override:/usr/lib/python3/dist-packages/colcon_core/task/python/colcon_distutils_commands:/home/rosdev/ros2_ws_lab/lab3/install/turtlebot3_example/lib/python3.10/site-packages:/home/rosdev/ros2_ws_lab/lab3/install/turtlebot3_msgs/local/lib/python3.10/dist-packages:${PYTHONPATH} /usr/bin/python3 -W ignore:setup.py install is deprecated -W ignore:easy_install command is deprecated setup.py egg_info --egg-base ../../../build/turtlebot3_example build --build-base /home/rosdev/ros2_ws_lab/lab3/build/turtlebot3_example/build install --record /home/rosdev/ros2_ws_lab/lab3/build/turtlebot3_example/install.log --single-version-externally-managed install_data
[1.083s] running egg_info
[1.084s] creating ../../../build/turtlebot3_example/turtlebot3_example.egg-info
[1.084s] writing ../../../build/turtlebot3_example/turtlebot3_example.egg-info/PKG-INFO
[1.084s] writing dependency_links to ../../../build/turtlebot3_example/turtlebot3_example.egg-info/dependency_links.txt
[1.085s] writing entry points to ../../../build/turtlebot3_example/turtlebot3_example.egg-info/entry_points.txt
[1.085s] writing requirements to ../../../build/turtlebot3_example/turtlebot3_example.egg-info/requires.txt
[1.085s] writing top-level names to ../../../build/turtlebot3_example/turtlebot3_example.egg-info/top_level.txt
[1.085s] writing manifest file '../../../build/turtlebot3_example/turtlebot3_example.egg-info/SOURCES.txt'
[1.087s] reading manifest file '../../../build/turtlebot3_example/turtlebot3_example.egg-info/SOURCES.txt'
[1.088s] writing manifest file '../../../build/turtlebot3_example/turtlebot3_example.egg-info/SOURCES.txt'
[1.088s] running build
[1.088s] running build_py
[1.088s] creating /home/rosdev/ros2_ws_lab/lab3/build/turtlebot3_example/build
[1.089s] creating /home/rosdev/ros2_ws_lab/lab3/build/turtlebot3_example/build/lib
[1.089s] creating /home/rosdev/ros2_ws_lab/lab3/build/turtlebot3_example/build/lib/turtlebot3_example
[1.089s] copying turtlebot3_example/__init__.py -> /home/rosdev/ros2_ws_lab/lab3/build/turtlebot3_example/build/lib/turtlebot3_example
[1.089s] creating /home/rosdev/ros2_ws_lab/lab3/build/turtlebot3_example/build/lib/turtlebot3_example/turtlebot3_patrol
[1.089s] copying turtlebot3_example/turtlebot3_patrol/__init__.py -> /home/rosdev/ros2_ws_lab/lab3/build/turtlebot3_example/build/lib/turtlebot3_example/turtlebot3_patrol
[1.090s] copying turtlebot3_example/turtlebot3_patrol/turtlebot3_patrol_server.py -> /home/rosdev/ros2_ws_lab/lab3/build/turtlebot3_example/build/lib/turtlebot3_example/turtlebot3_patrol
[1.090s] copying turtlebot3_example/turtlebot3_patrol/turtlebot3_patrol_client.py -> /home/rosdev/ros2_ws_lab/lab3/build/turtlebot3_example/build/lib/turtlebot3_example/turtlebot3_patrol
[1.090s] creating /home/rosdev/ros2_ws_lab/lab3/build/turtlebot3_example/build/lib/turtlebot3_example/turtlebot3_absolute_move
[1.090s] copying turtlebot3_example/turtlebot3_absolute_move/__init__.py -> /home/rosdev/ros2_ws_lab/lab3/build/turtlebot3_example/build/lib/turtlebot3_example/turtlebot3_absolute_move
[1.090s] copying turtlebot3_example/turtlebot3_absolute_move/turtlebot3_absolute_move.py -> /home/rosdev/ros2_ws_lab/lab3/build/turtlebot3_example/build/lib/turtlebot3_example/turtlebot3_absolute_move
[1.090s] creating /home/rosdev/ros2_ws_lab/lab3/build/turtlebot3_example/build/lib/turtlebot3_example/turtlebot3_obstacle_detection
[1.091s] copying turtlebot3_example/turtlebot3_obstacle_detection/__init__.py -> /home/rosdev/ros2_ws_lab/lab3/build/turtlebot3_example/build/lib/turtlebot3_example/turtlebot3_obstacle_detection
[1.091s] copying turtlebot3_example/turtlebot3_obstacle_detection/turtlebot3_obstacle_detection.py -> /home/rosdev/ros2_ws_lab/lab3/build/turtlebot3_example/build/lib/turtlebot3_example/turtlebot3_obstacle_detection
[1.091s] creating /home/rosdev/ros2_ws_lab/lab3/build/turtlebot3_example/build/lib/turtlebot3_example/turtlebot3_interactive_marker
[1.091s] copying turtlebot3_example/turtlebot3_interactive_marker/__init__.py -> /home/rosdev/ros2_ws_lab/lab3/build/turtlebot3_example/build/lib/turtlebot3_example/turtlebot3_interactive_marker
[1.091s] copying turtlebot3_example/turtlebot3_interactive_marker/turtlebot3_interactive_marker.py -> /home/rosdev/ros2_ws_lab/lab3/build/turtlebot3_example/build/lib/turtlebot3_example/turtlebot3_interactive_marker
[1.091s] creating /home/rosdev/ros2_ws_lab/lab3/build/turtlebot3_example/build/lib/turtlebot3_example/turtlebot3_relative_move
[1.092s] copying turtlebot3_example/turtlebot3_relative_move/turtlebot3_relative_move.py -> /home/rosdev/ros2_ws_lab/lab3/build/turtlebot3_example/build/lib/turtlebot3_example/turtlebot3_relative_move
[1.092s] copying turtlebot3_example/turtlebot3_relative_move/__init__.py -> /home/rosdev/ros2_ws_lab/lab3/build/turtlebot3_example/build/lib/turtlebot3_example/turtlebot3_relative_move
[1.092s] running install
[1.092s] running install_lib
[1.093s] creating /home/rosdev/ros2_ws_lab/lab3/install/turtlebot3_example/lib/python3.10/site-packages/turtlebot3_example
[1.093s] creating /home/rosdev/ros2_ws_lab/lab3/install/turtlebot3_example/lib/python3.10/site-packages/turtlebot3_example/turtlebot3_patrol
[1.094s] copying /home/rosdev/ros2_ws_lab/lab3/build/turtlebot3_example/build/lib/turtlebot3_example/turtlebot3_patrol/__init__.py -> /home/rosdev/ros2_ws_lab/lab3/install/turtlebot3_example/lib/python3.10/site-packages/turtlebot3_example/turtlebot3_patrol
[1.094s] copying /home/rosdev/ros2_ws_lab/lab3/build/turtlebot3_example/build/lib/turtlebot3_example/turtlebot3_patrol/turtlebot3_patrol_server.py -> /home/rosdev/ros2_ws_lab/lab3/install/turtlebot3_example/lib/python3.10/site-packages/turtlebot3_example/turtlebot3_patrol
[1.094s] copying /home/rosdev/ros2_ws_lab/lab3/build/turtlebot3_example/build/lib/turtlebot3_example/turtlebot3_patrol/turtlebot3_patrol_client.py -> /home/rosdev/ros2_ws_lab/lab3/install/turtlebot3_example/lib/python3.10/site-packages/turtlebot3_example/turtlebot3_patrol
[1.094s] creating /home/rosdev/ros2_ws_lab/lab3/install/turtlebot3_example/lib/python3.10/site-packages/turtlebot3_example/turtlebot3_absolute_move
[1.094s] copying /home/rosdev/ros2_ws_lab/lab3/build/turtlebot3_example/build/lib/turtlebot3_example/turtlebot3_absolute_move/__init__.py -> /home/rosdev/ros2_ws_lab/lab3/install/turtlebot3_example/lib/python3.10/site-packages/turtlebot3_example/turtlebot3_absolute_move
[1.094s] copying /home/rosdev/ros2_ws_lab/lab3/build/turtlebot3_example/build/lib/turtlebot3_example/turtlebot3_absolute_move/turtlebot3_absolute_move.py -> /home/rosdev/ros2_ws_lab/lab3/install/turtlebot3_example/lib/python3.10/site-packages/turtlebot3_example/turtlebot3_absolute_move
[1.095s] creating /home/rosdev/ros2_ws_lab/lab3/install/turtlebot3_example/lib/python3.10/site-packages/turtlebot3_example/turtlebot3_obstacle_detection
[1.095s] copying /home/rosdev/ros2_ws_lab/lab3/build/turtlebot3_example/build/lib/turtlebot3_example/turtlebot3_obstacle_detection/__init__.py -> /home/rosdev/ros2_ws_lab/lab3/install/turtlebot3_example/lib/python3.10/site-packages/turtlebot3_example/turtlebot3_obstacle_detection
[1.095s] copying /home/rosdev/ros2_ws_lab/lab3/build/turtlebot3_example/build/lib/turtlebot3_example/turtlebot3_obstacle_detection/turtlebot3_obstacle_detection.py -> /home/rosdev/ros2_ws_lab/lab3/install/turtlebot3_example/lib/python3.10/site-packages/turtlebot3_example/turtlebot3_obstacle_detection
[1.095s] copying /home/rosdev/ros2_ws_lab/lab3/build/turtlebot3_example/build/lib/turtlebot3_example/__init__.py -> /home/rosdev/ros2_ws_lab/lab3/install/turtlebot3_example/lib/python3.10/site-packages/turtlebot3_example
[1.095s] creating /home/rosdev/ros2_ws_lab/lab3/install/turtlebot3_example/lib/python3.10/site-packages/turtlebot3_example/turtlebot3_interactive_marker
[1.095s] copying /home/rosdev/ros2_ws_lab/lab3/build/turtlebot3_example/build/lib/turtlebot3_example/turtlebot3_interactive_marker/__init__.py -> /home/rosdev/ros2_ws_lab/lab3/install/turtlebot3_example/lib/python3.10/site-packages/turtlebot3_example/turtlebot3_interactive_marker
[1.096s] copying /home/rosdev/ros2_ws_lab/lab3/build/turtlebot3_example/build/lib/turtlebot3_example/turtlebot3_interactive_marker/turtlebot3_interactive_marker.py -> /home/rosdev/ros2_ws_lab/lab3/install/turtlebot3_example/lib/python3.10/site-packages/turtlebot3_example/turtlebot3_interactive_marker
[1.096s] creating /home/rosdev/ros2_ws_lab/lab3/install/turtlebot3_example/lib/python3.10/site-packages/turtlebot3_example/turtlebot3_relative_move
[1.096s] copying /home/rosdev/ros2_ws_lab/lab3/build/turtlebot3_example/build/lib/turtlebot3_example/turtlebot3_relative_move/turtlebot3_relative_move.py -> /home/rosdev/ros2_ws_lab/lab3/install/turtlebot3_example/lib/python3.10/site-packages/turtlebot3_example/turtlebot3_relative_move
[1.096s] copying /home/rosdev/ros2_ws_lab/lab3/build/turtlebot3_example/build/lib/turtlebot3_example/turtlebot3_relative_move/__init__.py -> /home/rosdev/ros2_ws_lab/lab3/install/turtlebot3_example/lib/python3.10/site-packages/turtlebot3_example/turtlebot3_relative_move
[1.096s] byte-compiling /home/rosdev/ros2_ws_lab/lab3/install/turtlebot3_example/lib/python3.10/site-packages/turtlebot3_example/turtlebot3_patrol/__init__.py to __init__.cpython-310.pyc
[1.096s] byte-compiling /home/rosdev/ros2_ws_lab/lab3/install/turtlebot3_example/lib/python3.10/site-packages/turtlebot3_example/turtlebot3_patrol/turtlebot3_patrol_server.py to turtlebot3_patrol_server.cpython-310.pyc
[1.097s] byte-compiling /home/rosdev/ros2_ws_lab/lab3/install/turtlebot3_example/lib/python3.10/site-packages/turtlebot3_example/turtlebot3_patrol/turtlebot3_patrol_client.py to turtlebot3_patrol_client.cpython-310.pyc
[1.098s] byte-compiling /home/rosdev/ros2_ws_lab/lab3/install/turtlebot3_example/lib/python3.10/site-packages/turtlebot3_example/turtlebot3_absolute_move/__init__.py to __init__.cpython-310.pyc
[1.098s] byte-compiling /home/rosdev/ros2_ws_lab/lab3/install/turtlebot3_example/lib/python3.10/site-packages/turtlebot3_example/turtlebot3_absolute_move/turtlebot3_absolute_move.py to turtlebot3_absolute_move.cpython-310.pyc
[1.099s] byte-compiling /home/rosdev/ros2_ws_lab/lab3/install/turtlebot3_example/lib/python3.10/site-packages/turtlebot3_example/turtlebot3_obstacle_detection/__init__.py to __init__.cpython-310.pyc
[1.099s] byte-compiling /home/rosdev/ros2_ws_lab/lab3/install/turtlebot3_example/lib/python3.10/site-packages/turtlebot3_example/turtlebot3_obstacle_detection/turtlebot3_obstacle_detection.py to turtlebot3_obstacle_detection.cpython-310.pyc
[1.100s] byte-compiling /home/rosdev/ros2_ws_lab/lab3/install/turtlebot3_example/lib/python3.10/site-packages/turtlebot3_example/__init__.py to __init__.cpython-310.pyc
[1.100s] byte-compiling /home/rosdev/ros2_ws_lab/lab3/install/turtlebot3_example/lib/python3.10/site-packages/turtlebot3_example/turtlebot3_interactive_marker/__init__.py to __init__.cpython-310.pyc
[1.101s] byte-compiling /home/rosdev/ros2_ws_lab/lab3/install/turtlebot3_example/lib/python3.10/site-packages/turtlebot3_example/turtlebot3_interactive_marker/turtlebot3_interactive_marker.py to turtlebot3_interactive_marker.cpython-310.pyc
[1.102s] byte-compiling /home/rosdev/ros2_ws_lab/lab3/install/turtlebot3_example/lib/python3.10/site-packages/turtlebot3_example/turtlebot3_relative_move/turtlebot3_relative_move.py to turtlebot3_relative_move.cpython-310.pyc
[1.103s] byte-compiling /home/rosdev/ros2_ws_lab/lab3/install/turtlebot3_example/lib/python3.10/site-packages/turtlebot3_example/turtlebot3_relative_move/__init__.py to __init__.cpython-310.pyc
[1.103s] running install_data
[1.103s] creating /home/rosdev/ros2_ws_lab/lab3/install/turtlebot3_example/share/ament_index
[1.103s] creating /home/rosdev/ros2_ws_lab/lab3/install/turtlebot3_example/share/ament_index/resource_index
[1.103s] creating /home/rosdev/ros2_ws_lab/lab3/install/turtlebot3_example/share/ament_index/resource_index/packages
[1.103s] copying resource/turtlebot3_example -> /home/rosdev/ros2_ws_lab/lab3/install/turtlebot3_example/share/ament_index/resource_index/packages
[1.104s] copying package.xml -> /home/rosdev/ros2_ws_lab/lab3/install/turtlebot3_example/share/turtlebot3_example
[1.104s] running install_egg_info
[1.105s] Copying ../../../build/turtlebot3_example/turtlebot3_example.egg-info to /home/rosdev/ros2_ws_lab/lab3/install/turtlebot3_example/lib/python3.10/site-packages/turtlebot3_example-2.2.9-py3.10.egg-info
[1.106s] running install_scripts
[1.129s] Installing turtlebot3_absolute_move script to /home/rosdev/ros2_ws_lab/lab3/install/turtlebot3_example/lib/turtlebot3_example
[1.129s] Installing turtlebot3_interactive_marker script to /home/rosdev/ros2_ws_lab/lab3/install/turtlebot3_example/lib/turtlebot3_example
[1.129s] Installing turtlebot3_obstacle_detection script to /home/rosdev/ros2_ws_lab/lab3/install/turtlebot3_example/lib/turtlebot3_example
[1.129s] Installing turtlebot3_patrol_client script to /home/rosdev/ros2_ws_lab/lab3/install/turtlebot3_example/lib/turtlebot3_example
[1.129s] Installing turtlebot3_patrol_server script to /home/rosdev/ros2_ws_lab/lab3/install/turtlebot3_example/lib/turtlebot3_example
[1.129s] Installing turtlebot3_relative_move script to /home/rosdev/ros2_ws_lab/lab3/install/turtlebot3_example/lib/turtlebot3_example
[1.130s] writing list of installed files to '/home/rosdev/ros2_ws_lab/lab3/build/turtlebot3_example/install.log'
[1.152s] Invoked command in '/home/rosdev/ros2_ws_lab/lab3/src/turtlebot3/turtlebot3_example' returned '0': AMENT_PREFIX_PATH=/home/rosdev/ros2_ws_lab/lab3/install/turtlebot3_msgs:${AMENT_PREFIX_PATH} CMAKE_PREFIX_PATH=/home/rosdev/ros2_ws_lab/lab3/install/turtlebot3_msgs:${CMAKE_PREFIX_PATH} LD_LIBRARY_PATH=/home/rosdev/ros2_ws_lab/lab3/install/turtlebot3_msgs/lib:/home/rosdev/turtlebot3_ws/install/turtlebot3_msgs/lib:/home/rosdev/turtlebot3_ws/install/dynamixel_sdk_custom_interfaces/lib:/home/rosdev/turtlebot3_ws/install/dynamixel_sdk/lib:/usr/lib/x86_64-linux-gnu/gazebo-11/plugins:/opt/ros/humble/opt/rviz_ogre_vendor/lib:/opt/ros/humble/lib/x86_64-linux-gnu:/opt/ros/humble/lib:/usr/share/gazebo/../../lib/x86_64-linux-gnu/gazebo-11/plugins:/usr/share/gazebo/../../lib/x86_64-linux-gnu/gazebo-11/plugins:/usr/share/gazebo/../../lib/x86_64-linux-gnu/gazebo-11/plugins PYTHONPATH=/home/rosdev/ros2_ws_lab/lab3/build/turtlebot3_example/prefix_override:/usr/lib/python3/dist-packages/colcon_core/task/python/colcon_distutils_commands:/home/rosdev/ros2_ws_lab/lab3/install/turtlebot3_example/lib/python3.10/site-packages:/home/rosdev/ros2_ws_lab/lab3/install/turtlebot3_msgs/local/lib/python3.10/dist-packages:${PYTHONPATH} /usr/bin/python3 -W ignore:setup.py install is deprecated -W ignore:easy_install command is deprecated setup.py egg_info --egg-base ../../../build/turtlebot3_example build --build-base /home/rosdev/ros2_ws_lab/lab3/build/turtlebot3_example/build install --record /home/rosdev/ros2_ws_lab/lab3/build/turtlebot3_example/install.log --single-version-externally-managed install_data
