[0.058s] Invoking command in '/home/rosdev/ros2_ws_lab/lab3/build/dynamixel_sdk': CMAKE_PREFIX_PATH=${CMAKE_PREFIX_PATH}:/home/rosdev/ros2_ws_lab/lab3/install/turtlebot3_teleop:/home/rosdev/ros2_ws_lab/lab3/install/turtlebot3_example:/home/rosdev/turtlebot3_ws/install/turtlebot3_teleop:/home/rosdev/turtlebot3_ws/install/turtlebot3_example:/opt/ros/humble /usr/bin/cmake --build /home/rosdev/ros2_ws_lab/lab3/build/dynamixel_sdk -- -j12 -l12
[0.106s] [35m[1mConsolidate compiler generated dependencies of target dynamixel_sdk[0m
[0.126s] [100%] Built target dynamixel_sdk
[0.135s] [100%] Built target ament_cmake_python_copy_dynamixel_sdk
[0.491s] running egg_info
[0.492s] writing dynamixel_sdk.egg-info/PKG-INFO
[0.492s] writing dependency_links to dynamixel_sdk.egg-info/dependency_links.txt
[0.492s] writing top-level names to dynamixel_sdk.egg-info/top_level.txt
[0.495s] reading manifest file 'dynamixel_sdk.egg-info/SOURCES.txt'
[0.496s] writing manifest file 'dynamixel_sdk.egg-info/SOURCES.txt'
[0.524s] [100%] Built target ament_cmake_python_build_dynamixel_sdk_egg
[0.580s] Invoked command in '/home/rosdev/ros2_ws_lab/lab3/build/dynamixel_sdk' returned '0': CMAKE_PREFIX_PATH=${CMAKE_PREFIX_PATH}:/home/rosdev/ros2_ws_lab/lab3/install/turtlebot3_teleop:/home/rosdev/ros2_ws_lab/lab3/install/turtlebot3_example:/home/rosdev/turtlebot3_ws/install/turtlebot3_teleop:/home/rosdev/turtlebot3_ws/install/turtlebot3_example:/opt/ros/humble /usr/bin/cmake --build /home/rosdev/ros2_ws_lab/lab3/build/dynamixel_sdk -- -j12 -l12
[0.582s] Invoking command in '/home/rosdev/ros2_ws_lab/lab3/build/dynamixel_sdk': CMAKE_PREFIX_PATH=${CMAKE_PREFIX_PATH}:/home/rosdev/ros2_ws_lab/lab3/install/turtlebot3_teleop:/home/rosdev/ros2_ws_lab/lab3/install/turtlebot3_example:/home/rosdev/turtlebot3_ws/install/turtlebot3_teleop:/home/rosdev/turtlebot3_ws/install/turtlebot3_example:/opt/ros/humble /usr/bin/cmake --install /home/rosdev/ros2_ws_lab/lab3/build/dynamixel_sdk
[0.590s] -- Install configuration: ""
[0.591s] -- Up-to-date: /home/rosdev/ros2_ws_lab/lab3/install/dynamixel_sdk/include/
[0.591s] -- Up-to-date: /home/rosdev/ros2_ws_lab/lab3/install/dynamixel_sdk/include//dynamixel_sdk
[0.591s] -- Up-to-date: /home/rosdev/ros2_ws_lab/lab3/install/dynamixel_sdk/include//dynamixel_sdk/port_handler_linux.h
[0.591s] -- Up-to-date: /home/rosdev/ros2_ws_lab/lab3/install/dynamixel_sdk/include//dynamixel_sdk/protocol1_packet_handler.h
[0.591s] -- Up-to-date: /home/rosdev/ros2_ws_lab/lab3/install/dynamixel_sdk/include//dynamixel_sdk/group_fast_sync_read.h
[0.592s] -- Up-to-date: /home/rosdev/ros2_ws_lab/lab3/install/dynamixel_sdk/include//dynamixel_sdk/group_sync_write.h
[0.592s] -- Up-to-date: /home/rosdev/ros2_ws_lab/lab3/install/dynamixel_sdk/include//dynamixel_sdk/protocol2_packet_handler.h
[0.592s] -- Up-to-date: /home/rosdev/ros2_ws_lab/lab3/install/dynamixel_sdk/include//dynamixel_sdk/port_handler_windows.h
[0.592s] -- Up-to-date: /home/rosdev/ros2_ws_lab/lab3/install/dynamixel_sdk/include//dynamixel_sdk/group_bulk_read.h
[0.593s] -- Up-to-date: /home/rosdev/ros2_ws_lab/lab3/install/dynamixel_sdk/include//dynamixel_sdk/packet_handler.h
[0.593s] -- Up-to-date: /home/rosdev/ros2_ws_lab/lab3/install/dynamixel_sdk/include//dynamixel_sdk/group_handler.h
[0.593s] -- Up-to-date: /home/rosdev/ros2_ws_lab/lab3/install/dynamixel_sdk/include//dynamixel_sdk/group_fast_bulk_read.h
[0.593s] -- Up-to-date: /home/rosdev/ros2_ws_lab/lab3/install/dynamixel_sdk/include//dynamixel_sdk/port_handler_arduino.h
[0.594s] -- Up-to-date: /home/rosdev/ros2_ws_lab/lab3/install/dynamixel_sdk/include//dynamixel_sdk/group_bulk_write.h
[0.594s] -- Up-to-date: /home/rosdev/ros2_ws_lab/lab3/install/dynamixel_sdk/include//dynamixel_sdk/group_sync_read.h
[0.594s] -- Up-to-date: /home/rosdev/ros2_ws_lab/lab3/install/dynamixel_sdk/include//dynamixel_sdk/port_handler.h
[0.594s] -- Up-to-date: /home/rosdev/ros2_ws_lab/lab3/install/dynamixel_sdk/include//dynamixel_sdk/dynamixel_sdk.h
[0.594s] -- Up-to-date: /home/rosdev/ros2_ws_lab/lab3/install/dynamixel_sdk/include//dynamixel_sdk/port_handler_mac.h
[0.595s] -- Up-to-date: /home/rosdev/ros2_ws_lab/lab3/install/dynamixel_sdk/lib/libdynamixel_sdk.so
[0.595s] -- Up-to-date: /home/rosdev/ros2_ws_lab/lab3/install/dynamixel_sdk/share/dynamixel_sdk/environment/pythonpath.sh
[0.595s] -- Up-to-date: /home/rosdev/ros2_ws_lab/lab3/install/dynamixel_sdk/share/dynamixel_sdk/environment/pythonpath.dsv
[0.595s] -- Up-to-date: /home/rosdev/ros2_ws_lab/lab3/install/dynamixel_sdk/local/lib/python3.10/dist-packages/dynamixel_sdk-3.8.3-py3.10.egg-info
[0.596s] -- Installing: /home/rosdev/ros2_ws_lab/lab3/install/dynamixel_sdk/local/lib/python3.10/dist-packages/dynamixel_sdk-3.8.3-py3.10.egg-info/PKG-INFO
[0.596s] -- Installing: /home/rosdev/ros2_ws_lab/lab3/install/dynamixel_sdk/local/lib/python3.10/dist-packages/dynamixel_sdk-3.8.3-py3.10.egg-info/SOURCES.txt
[0.596s] -- Installing: /home/rosdev/ros2_ws_lab/lab3/install/dynamixel_sdk/local/lib/python3.10/dist-packages/dynamixel_sdk-3.8.3-py3.10.egg-info/dependency_links.txt
[0.596s] -- Installing: /home/rosdev/ros2_ws_lab/lab3/install/dynamixel_sdk/local/lib/python3.10/dist-packages/dynamixel_sdk-3.8.3-py3.10.egg-info/top_level.txt
[0.597s] -- Up-to-date: /home/rosdev/ros2_ws_lab/lab3/install/dynamixel_sdk/local/lib/python3.10/dist-packages/dynamixel_sdk
[0.597s] -- Up-to-date: /home/rosdev/ros2_ws_lab/lab3/install/dynamixel_sdk/local/lib/python3.10/dist-packages/dynamixel_sdk/protocol2_packet_handler.py
[0.597s] -- Up-to-date: /home/rosdev/ros2_ws_lab/lab3/install/dynamixel_sdk/local/lib/python3.10/dist-packages/dynamixel_sdk/group_fast_sync_read.cpp
[0.597s] -- Up-to-date: /home/rosdev/ros2_ws_lab/lab3/install/dynamixel_sdk/local/lib/python3.10/dist-packages/dynamixel_sdk/group_sync_read.py
[0.597s] -- Up-to-date: /home/rosdev/ros2_ws_lab/lab3/install/dynamixel_sdk/local/lib/python3.10/dist-packages/dynamixel_sdk/port_handler.py
[0.597s] -- Up-to-date: /home/rosdev/ros2_ws_lab/lab3/install/dynamixel_sdk/local/lib/python3.10/dist-packages/dynamixel_sdk/robotis_def.py
[0.597s] -- Up-to-date: /home/rosdev/ros2_ws_lab/lab3/install/dynamixel_sdk/local/lib/python3.10/dist-packages/dynamixel_sdk/packet_handler.py
[0.598s] -- Up-to-date: /home/rosdev/ros2_ws_lab/lab3/install/dynamixel_sdk/local/lib/python3.10/dist-packages/dynamixel_sdk/port_handler_windows.cpp
[0.598s] -- Up-to-date: /home/rosdev/ros2_ws_lab/lab3/install/dynamixel_sdk/local/lib/python3.10/dist-packages/dynamixel_sdk/group_sync_write.cpp
[0.598s] -- Up-to-date: /home/rosdev/ros2_ws_lab/lab3/install/dynamixel_sdk/local/lib/python3.10/dist-packages/dynamixel_sdk/packet_handler.cpp
[0.598s] -- Up-to-date: /home/rosdev/ros2_ws_lab/lab3/install/dynamixel_sdk/local/lib/python3.10/dist-packages/dynamixel_sdk/port_handler_mac.cpp
[0.598s] -- Up-to-date: /home/rosdev/ros2_ws_lab/lab3/install/dynamixel_sdk/local/lib/python3.10/dist-packages/dynamixel_sdk/__init__.py
[0.598s] -- Up-to-date: /home/rosdev/ros2_ws_lab/lab3/install/dynamixel_sdk/local/lib/python3.10/dist-packages/dynamixel_sdk/protocol2_packet_handler.cpp
[0.599s] -- Up-to-date: /home/rosdev/ros2_ws_lab/lab3/install/dynamixel_sdk/local/lib/python3.10/dist-packages/dynamixel_sdk/group_bulk_write.cpp
[0.599s] -- Up-to-date: /home/rosdev/ros2_ws_lab/lab3/install/dynamixel_sdk/local/lib/python3.10/dist-packages/dynamixel_sdk/group_fast_bulk_read.cpp
[0.599s] -- Up-to-date: /home/rosdev/ros2_ws_lab/lab3/install/dynamixel_sdk/local/lib/python3.10/dist-packages/dynamixel_sdk/protocol1_packet_handler.py
[0.599s] -- Up-to-date: /home/rosdev/ros2_ws_lab/lab3/install/dynamixel_sdk/local/lib/python3.10/dist-packages/dynamixel_sdk/group_bulk_read.py
[0.599s] -- Up-to-date: /home/rosdev/ros2_ws_lab/lab3/install/dynamixel_sdk/local/lib/python3.10/dist-packages/dynamixel_sdk/group_sync_read.cpp
[0.599s] -- Up-to-date: /home/rosdev/ros2_ws_lab/lab3/install/dynamixel_sdk/local/lib/python3.10/dist-packages/dynamixel_sdk/group_bulk_read.cpp
[0.599s] -- Up-to-date: /home/rosdev/ros2_ws_lab/lab3/install/dynamixel_sdk/local/lib/python3.10/dist-packages/dynamixel_sdk/port_handler_arduino.cpp
[0.600s] -- Up-to-date: /home/rosdev/ros2_ws_lab/lab3/install/dynamixel_sdk/local/lib/python3.10/dist-packages/dynamixel_sdk/group_sync_write.py
[0.600s] -- Up-to-date: /home/rosdev/ros2_ws_lab/lab3/install/dynamixel_sdk/local/lib/python3.10/dist-packages/dynamixel_sdk/group_handler.cpp
[0.600s] -- Up-to-date: /home/rosdev/ros2_ws_lab/lab3/install/dynamixel_sdk/local/lib/python3.10/dist-packages/dynamixel_sdk/port_handler_linux.cpp
[0.600s] -- Up-to-date: /home/rosdev/ros2_ws_lab/lab3/install/dynamixel_sdk/local/lib/python3.10/dist-packages/dynamixel_sdk/port_handler.cpp
[0.601s] -- Up-to-date: /home/rosdev/ros2_ws_lab/lab3/install/dynamixel_sdk/local/lib/python3.10/dist-packages/dynamixel_sdk/group_bulk_write.py
[0.601s] -- Up-to-date: /home/rosdev/ros2_ws_lab/lab3/install/dynamixel_sdk/local/lib/python3.10/dist-packages/dynamixel_sdk/protocol1_packet_handler.cpp
[0.636s] Listing '/home/rosdev/ros2_ws_lab/lab3/install/dynamixel_sdk/local/lib/python3.10/dist-packages/dynamixel_sdk'...
[0.640s] -- Up-to-date: /home/rosdev/ros2_ws_lab/lab3/install/dynamixel_sdk/share/dynamixel_sdk/environment/library_path.sh
[0.640s] -- Up-to-date: /home/rosdev/ros2_ws_lab/lab3/install/dynamixel_sdk/share/dynamixel_sdk/environment/library_path.dsv
[0.641s] -- Up-to-date: /home/rosdev/ros2_ws_lab/lab3/install/dynamixel_sdk/share/ament_index/resource_index/package_run_dependencies/dynamixel_sdk
[0.641s] -- Up-to-date: /home/rosdev/ros2_ws_lab/lab3/install/dynamixel_sdk/share/ament_index/resource_index/parent_prefix_path/dynamixel_sdk
[0.641s] -- Up-to-date: /home/rosdev/ros2_ws_lab/lab3/install/dynamixel_sdk/share/dynamixel_sdk/environment/ament_prefix_path.sh
[0.641s] -- Up-to-date: /home/rosdev/ros2_ws_lab/lab3/install/dynamixel_sdk/share/dynamixel_sdk/environment/ament_prefix_path.dsv
[0.641s] -- Up-to-date: /home/rosdev/ros2_ws_lab/lab3/install/dynamixel_sdk/share/dynamixel_sdk/environment/path.sh
[0.641s] -- Up-to-date: /home/rosdev/ros2_ws_lab/lab3/install/dynamixel_sdk/share/dynamixel_sdk/environment/path.dsv
[0.641s] -- Up-to-date: /home/rosdev/ros2_ws_lab/lab3/install/dynamixel_sdk/share/dynamixel_sdk/local_setup.bash
[0.641s] -- Up-to-date: /home/rosdev/ros2_ws_lab/lab3/install/dynamixel_sdk/share/dynamixel_sdk/local_setup.sh
[0.642s] -- Up-to-date: /home/rosdev/ros2_ws_lab/lab3/install/dynamixel_sdk/share/dynamixel_sdk/local_setup.zsh
[0.642s] -- Up-to-date: /home/rosdev/ros2_ws_lab/lab3/install/dynamixel_sdk/share/dynamixel_sdk/local_setup.dsv
[0.642s] -- Installing: /home/rosdev/ros2_ws_lab/lab3/install/dynamixel_sdk/share/dynamixel_sdk/package.dsv
[0.642s] -- Up-to-date: /home/rosdev/ros2_ws_lab/lab3/install/dynamixel_sdk/share/ament_index/resource_index/packages/dynamixel_sdk
[0.642s] -- Up-to-date: /home/rosdev/ros2_ws_lab/lab3/install/dynamixel_sdk/share/dynamixel_sdk/cmake/ament_cmake_export_include_directories-extras.cmake
[0.642s] -- Up-to-date: /home/rosdev/ros2_ws_lab/lab3/install/dynamixel_sdk/share/dynamixel_sdk/cmake/ament_cmake_export_libraries-extras.cmake
[0.642s] -- Up-to-date: /home/rosdev/ros2_ws_lab/lab3/install/dynamixel_sdk/share/dynamixel_sdk/cmake/dynamixel_sdkConfig.cmake
[0.642s] -- Up-to-date: /home/rosdev/ros2_ws_lab/lab3/install/dynamixel_sdk/share/dynamixel_sdk/cmake/dynamixel_sdkConfig-version.cmake
[0.642s] -- Up-to-date: /home/rosdev/ros2_ws_lab/lab3/install/dynamixel_sdk/share/dynamixel_sdk/package.xml
[0.643s] Invoked command in '/home/rosdev/ros2_ws_lab/lab3/build/dynamixel_sdk' returned '0': CMAKE_PREFIX_PATH=${CMAKE_PREFIX_PATH}:/home/rosdev/ros2_ws_lab/lab3/install/turtlebot3_teleop:/home/rosdev/ros2_ws_lab/lab3/install/turtlebot3_example:/home/rosdev/turtlebot3_ws/install/turtlebot3_teleop:/home/rosdev/turtlebot3_ws/install/turtlebot3_example:/opt/ros/humble /usr/bin/cmake --install /home/rosdev/ros2_ws_lab/lab3/build/dynamixel_sdk
