[0.020s] Invoking command in '/home/rosdev/ros2_ws_lab/lab3/build/dynamixel_sdk_examples': AMENT_PREFIX_PATH=/home/rosdev/ros2_ws_lab/lab3/install/dynamixel_sdk_custom_interfaces:/home/rosdev/ros2_ws_lab/lab3/install/dynamixel_sdk:${AMENT_PREFIX_PATH} CMAKE_PREFIX_PATH=/home/rosdev/ros2_ws_lab/lab3/install/dynamixel_sdk_custom_interfaces:/home/rosdev/ros2_ws_lab/lab3/install/dynamixel_sdk:/home/rosdev/turtlebot3_ws/install/turtlebot3:/home/rosdev/turtlebot3_ws/install/turtlebot3_bringup:/home/rosdev/turtlebot3_ws/install/turtlebot3_node:/home/rosdev/turtlebot3_ws/install/turtlebot3_navigation2:/home/rosdev/turtlebot3_ws/install/turtlebot3_msgs:/home/rosdev/turtlebot3_ws/install/turtlebot3_description:/home/rosdev/turtlebot3_ws/install/turtlebot3_cartographer:/home/rosdev/turtlebot3_ws/install/dynamixel_sdk_examples:/home/rosdev/turtlebot3_ws/install/dynamixel_sdk_custom_interfaces:/home/rosdev/turtlebot3_ws/install/dynamixel_sdk:/home/rosdev/turtlebot3_ws/install/turtlebot3_teleop:/home/rosdev/turtlebot3_ws/install/turtlebot3_example:/opt/ros/humble LD_LIBRARY_PATH=/home/rosdev/ros2_ws_lab/lab3/install/dynamixel_sdk_custom_interfaces/lib:/home/rosdev/ros2_ws_lab/lab3/install/dynamixel_sdk/lib:/home/rosdev/turtlebot3_ws/install/turtlebot3_msgs/lib:/home/rosdev/turtlebot3_ws/install/dynamixel_sdk_custom_interfaces/lib:/home/rosdev/turtlebot3_ws/install/dynamixel_sdk/lib:/usr/lib/x86_64-linux-gnu/gazebo-11/plugins:/opt/ros/humble/opt/rviz_ogre_vendor/lib:/opt/ros/humble/lib/x86_64-linux-gnu:/opt/ros/humble/lib:/usr/share/gazebo/../../lib/x86_64-linux-gnu/gazebo-11/plugins:/usr/share/gazebo/../../lib/x86_64-linux-gnu/gazebo-11/plugins:/usr/share/gazebo/../../lib/x86_64-linux-gnu/gazebo-11/plugins PYTHONPATH=/home/rosdev/ros2_ws_lab/lab3/install/dynamixel_sdk_custom_interfaces/local/lib/python3.10/dist-packages:/home/rosdev/ros2_ws_lab/lab3/install/dynamixel_sdk/local/lib/python3.10/dist-packages:${PYTHONPATH} /usr/bin/cmake /home/rosdev/ros2_ws_lab/lab3/src/DynamixelSDK/ros/dynamixel_sdk_examples -DCMAKE_INSTALL_PREFIX=/home/rosdev/ros2_ws_lab/lab3/install/dynamixel_sdk_examples
[0.091s] -- The C compiler identification is GNU 11.4.0
[0.155s] -- The CXX compiler identification is GNU 11.4.0
[0.166s] -- Detecting C compiler ABI info
[0.239s] -- Detecting C compiler ABI info - done
[0.257s] -- Check for working C compiler: /usr/bin/cc - skipped
[0.257s] -- Detecting C compile features
[0.258s] -- Detecting C compile features - done
[0.264s] -- Detecting CXX compiler ABI info
[0.366s] -- Detecting CXX compiler ABI info - done
[0.384s] -- Check for working CXX compiler: /usr/bin/c++ - skipped
[0.384s] -- Detecting CXX compile features
[0.385s] -- Detecting CXX compile features - done
[0.392s] -- Found ament_cmake: 1.3.11 (/opt/ros/humble/share/ament_cmake/cmake)
[0.686s] -- Found Python3: /usr/bin/python3 (found version "3.10.12") found components: Interpreter 
[0.918s] -- Found dynamixel_sdk: 3.8.3 (/home/rosdev/ros2_ws_lab/lab3/install/dynamixel_sdk/share/dynamixel_sdk/cmake)
[0.921s] -- Found dynamixel_sdk_custom_interfaces: 3.8.3 (/home/rosdev/ros2_ws_lab/lab3/install/dynamixel_sdk_custom_interfaces/share/dynamixel_sdk_custom_interfaces/cmake)
[1.010s] -- Found rosidl_generator_c: 3.1.6 (/opt/ros/humble/share/rosidl_generator_c/cmake)
[1.025s] -- Found rosidl_adapter: 3.1.6 (/opt/ros/humble/share/rosidl_adapter/cmake)
[1.045s] -- Found rosidl_generator_cpp: 3.1.6 (/opt/ros/humble/share/rosidl_generator_cpp/cmake)
[1.077s] -- Using all available rosidl_typesupport_c: rosidl_typesupport_fastrtps_c;rosidl_typesupport_introspection_c
[1.117s] -- Using all available rosidl_typesupport_cpp: rosidl_typesupport_fastrtps_cpp;rosidl_typesupport_introspection_cpp
[1.180s] -- Found rclcpp: 16.0.12 (/opt/ros/humble/share/rclcpp/cmake)
[1.280s] -- Found rmw_implementation_cmake: 6.1.2 (/opt/ros/humble/share/rmw_implementation_cmake/cmake)
[1.288s] -- Found rmw_fastrtps_cpp: 6.2.7 (/opt/ros/humble/share/rmw_fastrtps_cpp/cmake)
[1.508s] -- Found OpenSSL: /usr/lib/x86_64-linux-gnu/libcrypto.so (found version "3.0.2")  
[1.563s] -- Found FastRTPS: /opt/ros/humble/include  
[1.651s] -- Using RMW implementation 'rmw_fastrtps_cpp' as default
[1.677s] -- Looking for pthread.h
[1.826s] -- Looking for pthread.h - found
[1.826s] -- Performing Test CMAKE_HAVE_LIBC_PTHREAD
[1.982s] -- Performing Test CMAKE_HAVE_LIBC_PTHREAD - Success
[1.983s] -- Found Threads: TRUE  
[2.181s] -- Found rclpy: 3.3.16 (/opt/ros/humble/share/rclpy/cmake)
[2.189s] -- Found ament_lint_auto: 0.12.12 (/opt/ros/humble/share/ament_lint_auto/cmake)
[2.380s] -- Added test 'copyright' to check source files copyright and LICENSE
[2.380s] -- Added test 'cppcheck' to perform static code analysis on C / C++ code
[2.380s] -- Configured cppcheck include dirs: /home/rosdev/ros2_ws_lab/lab3/src/DynamixelSDK/ros/dynamixel_sdk_examples/include
[2.381s] -- Configured cppcheck exclude dirs and/or files: 
[2.383s] -- Added test 'cpplint' to check C / C++ code against the Google style
[2.383s] -- Configured cpplint exclude dirs and/or files: 
[2.384s] -- Added test 'flake8' to check Python code syntax and style conventions
[2.389s] -- Added test 'lint_cmake' to check CMake code style
[2.389s] -- Added test 'pep257' to check Python code against some of the docstring style conventions in PEP 257
[2.390s] -- Added test 'uncrustify' to check C / C++ code style
[2.390s] -- Configured uncrustify additional arguments: 
[2.391s] -- Added test 'xmllint' to check XML markup files
[2.395s] -- Configuring done
[2.413s] -- Generating done
[2.420s] -- Build files have been written to: /home/rosdev/ros2_ws_lab/lab3/build/dynamixel_sdk_examples
[2.441s] Invoked command in '/home/rosdev/ros2_ws_lab/lab3/build/dynamixel_sdk_examples' returned '0': AMENT_PREFIX_PATH=/home/rosdev/ros2_ws_lab/lab3/install/dynamixel_sdk_custom_interfaces:/home/rosdev/ros2_ws_lab/lab3/install/dynamixel_sdk:${AMENT_PREFIX_PATH} CMAKE_PREFIX_PATH=/home/rosdev/ros2_ws_lab/lab3/install/dynamixel_sdk_custom_interfaces:/home/rosdev/ros2_ws_lab/lab3/install/dynamixel_sdk:/home/rosdev/turtlebot3_ws/install/turtlebot3:/home/rosdev/turtlebot3_ws/install/turtlebot3_bringup:/home/rosdev/turtlebot3_ws/install/turtlebot3_node:/home/rosdev/turtlebot3_ws/install/turtlebot3_navigation2:/home/rosdev/turtlebot3_ws/install/turtlebot3_msgs:/home/rosdev/turtlebot3_ws/install/turtlebot3_description:/home/rosdev/turtlebot3_ws/install/turtlebot3_cartographer:/home/rosdev/turtlebot3_ws/install/dynamixel_sdk_examples:/home/rosdev/turtlebot3_ws/install/dynamixel_sdk_custom_interfaces:/home/rosdev/turtlebot3_ws/install/dynamixel_sdk:/home/rosdev/turtlebot3_ws/install/turtlebot3_teleop:/home/rosdev/turtlebot3_ws/install/turtlebot3_example:/opt/ros/humble LD_LIBRARY_PATH=/home/rosdev/ros2_ws_lab/lab3/install/dynamixel_sdk_custom_interfaces/lib:/home/rosdev/ros2_ws_lab/lab3/install/dynamixel_sdk/lib:/home/rosdev/turtlebot3_ws/install/turtlebot3_msgs/lib:/home/rosdev/turtlebot3_ws/install/dynamixel_sdk_custom_interfaces/lib:/home/rosdev/turtlebot3_ws/install/dynamixel_sdk/lib:/usr/lib/x86_64-linux-gnu/gazebo-11/plugins:/opt/ros/humble/opt/rviz_ogre_vendor/lib:/opt/ros/humble/lib/x86_64-linux-gnu:/opt/ros/humble/lib:/usr/share/gazebo/../../lib/x86_64-linux-gnu/gazebo-11/plugins:/usr/share/gazebo/../../lib/x86_64-linux-gnu/gazebo-11/plugins:/usr/share/gazebo/../../lib/x86_64-linux-gnu/gazebo-11/plugins PYTHONPATH=/home/rosdev/ros2_ws_lab/lab3/install/dynamixel_sdk_custom_interfaces/local/lib/python3.10/dist-packages:/home/rosdev/ros2_ws_lab/lab3/install/dynamixel_sdk/local/lib/python3.10/dist-packages:${PYTHONPATH} /usr/bin/cmake /home/rosdev/ros2_ws_lab/lab3/src/DynamixelSDK/ros/dynamixel_sdk_examples -DCMAKE_INSTALL_PREFIX=/home/rosdev/ros2_ws_lab/lab3/install/dynamixel_sdk_examples
[2.444s] Invoking command in '/home/rosdev/ros2_ws_lab/lab3/build/dynamixel_sdk_examples': AMENT_PREFIX_PATH=/home/rosdev/ros2_ws_lab/lab3/install/dynamixel_sdk_custom_interfaces:/home/rosdev/ros2_ws_lab/lab3/install/dynamixel_sdk:${AMENT_PREFIX_PATH} CMAKE_PREFIX_PATH=/home/rosdev/ros2_ws_lab/lab3/install/dynamixel_sdk_custom_interfaces:/home/rosdev/ros2_ws_lab/lab3/install/dynamixel_sdk:/home/rosdev/turtlebot3_ws/install/turtlebot3:/home/rosdev/turtlebot3_ws/install/turtlebot3_bringup:/home/rosdev/turtlebot3_ws/install/turtlebot3_node:/home/rosdev/turtlebot3_ws/install/turtlebot3_navigation2:/home/rosdev/turtlebot3_ws/install/turtlebot3_msgs:/home/rosdev/turtlebot3_ws/install/turtlebot3_description:/home/rosdev/turtlebot3_ws/install/turtlebot3_cartographer:/home/rosdev/turtlebot3_ws/install/dynamixel_sdk_examples:/home/rosdev/turtlebot3_ws/install/dynamixel_sdk_custom_interfaces:/home/rosdev/turtlebot3_ws/install/dynamixel_sdk:/home/rosdev/turtlebot3_ws/install/turtlebot3_teleop:/home/rosdev/turtlebot3_ws/install/turtlebot3_example:/opt/ros/humble LD_LIBRARY_PATH=/home/rosdev/ros2_ws_lab/lab3/install/dynamixel_sdk_custom_interfaces/lib:/home/rosdev/ros2_ws_lab/lab3/install/dynamixel_sdk/lib:/home/rosdev/turtlebot3_ws/install/turtlebot3_msgs/lib:/home/rosdev/turtlebot3_ws/install/dynamixel_sdk_custom_interfaces/lib:/home/rosdev/turtlebot3_ws/install/dynamixel_sdk/lib:/usr/lib/x86_64-linux-gnu/gazebo-11/plugins:/opt/ros/humble/opt/rviz_ogre_vendor/lib:/opt/ros/humble/lib/x86_64-linux-gnu:/opt/ros/humble/lib:/usr/share/gazebo/../../lib/x86_64-linux-gnu/gazebo-11/plugins:/usr/share/gazebo/../../lib/x86_64-linux-gnu/gazebo-11/plugins:/usr/share/gazebo/../../lib/x86_64-linux-gnu/gazebo-11/plugins PYTHONPATH=/home/rosdev/ros2_ws_lab/lab3/install/dynamixel_sdk_custom_interfaces/local/lib/python3.10/dist-packages:/home/rosdev/ros2_ws_lab/lab3/install/dynamixel_sdk/local/lib/python3.10/dist-packages:${PYTHONPATH} /usr/bin/cmake --build /home/rosdev/ros2_ws_lab/lab3/build/dynamixel_sdk_examples -- -j12 -l12
[2.557s] [ 50%] [32mBuilding CXX object CMakeFiles/read_write_node.dir/src/read_write_node.cpp.o[0m
[15.264s] [100%] [32m[1mLinking CXX executable read_write_node[0m
[15.677s] [100%] Built target read_write_node
[15.689s] Invoked command in '/home/rosdev/ros2_ws_lab/lab3/build/dynamixel_sdk_examples' returned '0': AMENT_PREFIX_PATH=/home/rosdev/ros2_ws_lab/lab3/install/dynamixel_sdk_custom_interfaces:/home/rosdev/ros2_ws_lab/lab3/install/dynamixel_sdk:${AMENT_PREFIX_PATH} CMAKE_PREFIX_PATH=/home/rosdev/ros2_ws_lab/lab3/install/dynamixel_sdk_custom_interfaces:/home/rosdev/ros2_ws_lab/lab3/install/dynamixel_sdk:/home/rosdev/turtlebot3_ws/install/turtlebot3:/home/rosdev/turtlebot3_ws/install/turtlebot3_bringup:/home/rosdev/turtlebot3_ws/install/turtlebot3_node:/home/rosdev/turtlebot3_ws/install/turtlebot3_navigation2:/home/rosdev/turtlebot3_ws/install/turtlebot3_msgs:/home/rosdev/turtlebot3_ws/install/turtlebot3_description:/home/rosdev/turtlebot3_ws/install/turtlebot3_cartographer:/home/rosdev/turtlebot3_ws/install/dynamixel_sdk_examples:/home/rosdev/turtlebot3_ws/install/dynamixel_sdk_custom_interfaces:/home/rosdev/turtlebot3_ws/install/dynamixel_sdk:/home/rosdev/turtlebot3_ws/install/turtlebot3_teleop:/home/rosdev/turtlebot3_ws/install/turtlebot3_example:/opt/ros/humble LD_LIBRARY_PATH=/home/rosdev/ros2_ws_lab/lab3/install/dynamixel_sdk_custom_interfaces/lib:/home/rosdev/ros2_ws_lab/lab3/install/dynamixel_sdk/lib:/home/rosdev/turtlebot3_ws/install/turtlebot3_msgs/lib:/home/rosdev/turtlebot3_ws/install/dynamixel_sdk_custom_interfaces/lib:/home/rosdev/turtlebot3_ws/install/dynamixel_sdk/lib:/usr/lib/x86_64-linux-gnu/gazebo-11/plugins:/opt/ros/humble/opt/rviz_ogre_vendor/lib:/opt/ros/humble/lib/x86_64-linux-gnu:/opt/ros/humble/lib:/usr/share/gazebo/../../lib/x86_64-linux-gnu/gazebo-11/plugins:/usr/share/gazebo/../../lib/x86_64-linux-gnu/gazebo-11/plugins:/usr/share/gazebo/../../lib/x86_64-linux-gnu/gazebo-11/plugins PYTHONPATH=/home/rosdev/ros2_ws_lab/lab3/install/dynamixel_sdk_custom_interfaces/local/lib/python3.10/dist-packages:/home/rosdev/ros2_ws_lab/lab3/install/dynamixel_sdk/local/lib/python3.10/dist-packages:${PYTHONPATH} /usr/bin/cmake --build /home/rosdev/ros2_ws_lab/lab3/build/dynamixel_sdk_examples -- -j12 -l12
[15.691s] Invoking command in '/home/rosdev/ros2_ws_lab/lab3/build/dynamixel_sdk_examples': AMENT_PREFIX_PATH=/home/rosdev/ros2_ws_lab/lab3/install/dynamixel_sdk_custom_interfaces:/home/rosdev/ros2_ws_lab/lab3/install/dynamixel_sdk:${AMENT_PREFIX_PATH} CMAKE_PREFIX_PATH=/home/rosdev/ros2_ws_lab/lab3/install/dynamixel_sdk_custom_interfaces:/home/rosdev/ros2_ws_lab/lab3/install/dynamixel_sdk:/home/rosdev/turtlebot3_ws/install/turtlebot3:/home/rosdev/turtlebot3_ws/install/turtlebot3_bringup:/home/rosdev/turtlebot3_ws/install/turtlebot3_node:/home/rosdev/turtlebot3_ws/install/turtlebot3_navigation2:/home/rosdev/turtlebot3_ws/install/turtlebot3_msgs:/home/rosdev/turtlebot3_ws/install/turtlebot3_description:/home/rosdev/turtlebot3_ws/install/turtlebot3_cartographer:/home/rosdev/turtlebot3_ws/install/dynamixel_sdk_examples:/home/rosdev/turtlebot3_ws/install/dynamixel_sdk_custom_interfaces:/home/rosdev/turtlebot3_ws/install/dynamixel_sdk:/home/rosdev/turtlebot3_ws/install/turtlebot3_teleop:/home/rosdev/turtlebot3_ws/install/turtlebot3_example:/opt/ros/humble LD_LIBRARY_PATH=/home/rosdev/ros2_ws_lab/lab3/install/dynamixel_sdk_custom_interfaces/lib:/home/rosdev/ros2_ws_lab/lab3/install/dynamixel_sdk/lib:/home/rosdev/turtlebot3_ws/install/turtlebot3_msgs/lib:/home/rosdev/turtlebot3_ws/install/dynamixel_sdk_custom_interfaces/lib:/home/rosdev/turtlebot3_ws/install/dynamixel_sdk/lib:/usr/lib/x86_64-linux-gnu/gazebo-11/plugins:/opt/ros/humble/opt/rviz_ogre_vendor/lib:/opt/ros/humble/lib/x86_64-linux-gnu:/opt/ros/humble/lib:/usr/share/gazebo/../../lib/x86_64-linux-gnu/gazebo-11/plugins:/usr/share/gazebo/../../lib/x86_64-linux-gnu/gazebo-11/plugins:/usr/share/gazebo/../../lib/x86_64-linux-gnu/gazebo-11/plugins PYTHONPATH=/home/rosdev/ros2_ws_lab/lab3/install/dynamixel_sdk_custom_interfaces/local/lib/python3.10/dist-packages:/home/rosdev/ros2_ws_lab/lab3/install/dynamixel_sdk/local/lib/python3.10/dist-packages:${PYTHONPATH} /usr/bin/cmake --install /home/rosdev/ros2_ws_lab/lab3/build/dynamixel_sdk_examples
[15.699s] -- Install configuration: ""
[15.699s] -- Installing: /home/rosdev/ros2_ws_lab/lab3/install/dynamixel_sdk_examples/lib/dynamixel_sdk_examples/read_write_node
[15.703s] -- Set runtime path of "/home/rosdev/ros2_ws_lab/lab3/install/dynamixel_sdk_examples/lib/dynamixel_sdk_examples/read_write_node" to ""
[15.703s] -- Installing: /home/rosdev/ros2_ws_lab/lab3/install/dynamixel_sdk_examples/lib/dynamixel_sdk_examples/read_write_node.py
[15.704s] -- Installing: /home/rosdev/ros2_ws_lab/lab3/install/dynamixel_sdk_examples/share/ament_index/resource_index/package_run_dependencies/dynamixel_sdk_examples
[15.704s] -- Installing: /home/rosdev/ros2_ws_lab/lab3/install/dynamixel_sdk_examples/share/ament_index/resource_index/parent_prefix_path/dynamixel_sdk_examples
[15.704s] -- Installing: /home/rosdev/ros2_ws_lab/lab3/install/dynamixel_sdk_examples/share/dynamixel_sdk_examples/environment/ament_prefix_path.sh
[15.704s] -- Installing: /home/rosdev/ros2_ws_lab/lab3/install/dynamixel_sdk_examples/share/dynamixel_sdk_examples/environment/ament_prefix_path.dsv
[15.705s] -- Installing: /home/rosdev/ros2_ws_lab/lab3/install/dynamixel_sdk_examples/share/dynamixel_sdk_examples/environment/path.sh
[15.705s] -- Installing: /home/rosdev/ros2_ws_lab/lab3/install/dynamixel_sdk_examples/share/dynamixel_sdk_examples/environment/path.dsv
[15.705s] -- Installing: /home/rosdev/ros2_ws_lab/lab3/install/dynamixel_sdk_examples/share/dynamixel_sdk_examples/local_setup.bash
[15.705s] -- Installing: /home/rosdev/ros2_ws_lab/lab3/install/dynamixel_sdk_examples/share/dynamixel_sdk_examples/local_setup.sh
[15.705s] -- Installing: /home/rosdev/ros2_ws_lab/lab3/install/dynamixel_sdk_examples/share/dynamixel_sdk_examples/local_setup.zsh
[15.706s] -- Installing: /home/rosdev/ros2_ws_lab/lab3/install/dynamixel_sdk_examples/share/dynamixel_sdk_examples/local_setup.dsv
[15.706s] -- Installing: /home/rosdev/ros2_ws_lab/lab3/install/dynamixel_sdk_examples/share/dynamixel_sdk_examples/package.dsv
[15.706s] -- Installing: /home/rosdev/ros2_ws_lab/lab3/install/dynamixel_sdk_examples/share/ament_index/resource_index/packages/dynamixel_sdk_examples
[15.706s] -- Installing: /home/rosdev/ros2_ws_lab/lab3/install/dynamixel_sdk_examples/share/dynamixel_sdk_examples/cmake/dynamixel_sdk_examplesConfig.cmake
[15.707s] -- Installing: /home/rosdev/ros2_ws_lab/lab3/install/dynamixel_sdk_examples/share/dynamixel_sdk_examples/cmake/dynamixel_sdk_examplesConfig-version.cmake
[15.707s] -- Installing: /home/rosdev/ros2_ws_lab/lab3/install/dynamixel_sdk_examples/share/dynamixel_sdk_examples/package.xml
[15.709s] Invoked command in '/home/rosdev/ros2_ws_lab/lab3/build/dynamixel_sdk_examples' returned '0': AMENT_PREFIX_PATH=/home/rosdev/ros2_ws_lab/lab3/install/dynamixel_sdk_custom_interfaces:/home/rosdev/ros2_ws_lab/lab3/install/dynamixel_sdk:${AMENT_PREFIX_PATH} CMAKE_PREFIX_PATH=/home/rosdev/ros2_ws_lab/lab3/install/dynamixel_sdk_custom_interfaces:/home/rosdev/ros2_ws_lab/lab3/install/dynamixel_sdk:/home/rosdev/turtlebot3_ws/install/turtlebot3:/home/rosdev/turtlebot3_ws/install/turtlebot3_bringup:/home/rosdev/turtlebot3_ws/install/turtlebot3_node:/home/rosdev/turtlebot3_ws/install/turtlebot3_navigation2:/home/rosdev/turtlebot3_ws/install/turtlebot3_msgs:/home/rosdev/turtlebot3_ws/install/turtlebot3_description:/home/rosdev/turtlebot3_ws/install/turtlebot3_cartographer:/home/rosdev/turtlebot3_ws/install/dynamixel_sdk_examples:/home/rosdev/turtlebot3_ws/install/dynamixel_sdk_custom_interfaces:/home/rosdev/turtlebot3_ws/install/dynamixel_sdk:/home/rosdev/turtlebot3_ws/install/turtlebot3_teleop:/home/rosdev/turtlebot3_ws/install/turtlebot3_example:/opt/ros/humble LD_LIBRARY_PATH=/home/rosdev/ros2_ws_lab/lab3/install/dynamixel_sdk_custom_interfaces/lib:/home/rosdev/ros2_ws_lab/lab3/install/dynamixel_sdk/lib:/home/rosdev/turtlebot3_ws/install/turtlebot3_msgs/lib:/home/rosdev/turtlebot3_ws/install/dynamixel_sdk_custom_interfaces/lib:/home/rosdev/turtlebot3_ws/install/dynamixel_sdk/lib:/usr/lib/x86_64-linux-gnu/gazebo-11/plugins:/opt/ros/humble/opt/rviz_ogre_vendor/lib:/opt/ros/humble/lib/x86_64-linux-gnu:/opt/ros/humble/lib:/usr/share/gazebo/../../lib/x86_64-linux-gnu/gazebo-11/plugins:/usr/share/gazebo/../../lib/x86_64-linux-gnu/gazebo-11/plugins:/usr/share/gazebo/../../lib/x86_64-linux-gnu/gazebo-11/plugins PYTHONPATH=/home/rosdev/ros2_ws_lab/lab3/install/dynamixel_sdk_custom_interfaces/local/lib/python3.10/dist-packages:/home/rosdev/ros2_ws_lab/lab3/install/dynamixel_sdk/local/lib/python3.10/dist-packages:${PYTHONPATH} /usr/bin/cmake --install /home/rosdev/ros2_ws_lab/lab3/build/dynamixel_sdk_examples
