running egg_info
writing ../../../build/turtlebot3_example/turtlebot3_example.egg-info/PKG-INFO
writing dependency_links to ../../../build/turtlebot3_example/turtlebot3_example.egg-info/dependency_links.txt
writing entry points to ../../../build/turtlebot3_example/turtlebot3_example.egg-info/entry_points.txt
writing requirements to ../../../build/turtlebot3_example/turtlebot3_example.egg-info/requires.txt
writing top-level names to ../../../build/turtlebot3_example/turtlebot3_example.egg-info/top_level.txt
reading manifest file '../../../build/turtlebot3_example/turtlebot3_example.egg-info/SOURCES.txt'
writing manifest file '../../../build/turtlebot3_example/turtlebot3_example.egg-info/SOURCES.txt'
running build
running build_py
copying turtlebot3_example/turtlebot3_obstacle_detection/turtlebot3_obstacle_detection.py -> /home/rosdev/ros2_ws_lab/lab3/build/turtlebot3_example/build/lib/turtlebot3_example/turtlebot3_obstacle_detection
running install
running install_lib
copying /home/rosdev/ros2_ws_lab/lab3/build/turtlebot3_example/build/lib/turtlebot3_example/turtlebot3_obstacle_detection/turtlebot3_obstacle_detection.py -> /home/rosdev/ros2_ws_lab/lab3/install/turtlebot3_example/lib/python3.10/site-packages/turtlebot3_example/turtlebot3_obstacle_detection
byte-compiling /home/rosdev/ros2_ws_lab/lab3/install/turtlebot3_example/lib/python3.10/site-packages/turtlebot3_example/turtlebot3_obstacle_detection/turtlebot3_obstacle_detection.py to turtlebot3_obstacle_detection.cpython-310.pyc
running install_data
running install_egg_info
removing '/home/rosdev/ros2_ws_lab/lab3/install/turtlebot3_example/lib/python3.10/site-packages/turtlebot3_example-2.2.9-py3.10.egg-info' (and everything under it)
Copying ../../../build/turtlebot3_example/turtlebot3_example.egg-info to /home/rosdev/ros2_ws_lab/lab3/install/turtlebot3_example/lib/python3.10/site-packages/turtlebot3_example-2.2.9-py3.10.egg-info
running install_scripts
Installing turtlebot3_absolute_move script to /home/rosdev/ros2_ws_lab/lab3/install/turtlebot3_example/lib/turtlebot3_example
Installing turtlebot3_interactive_marker script to /home/rosdev/ros2_ws_lab/lab3/install/turtlebot3_example/lib/turtlebot3_example
Installing turtlebot3_obstacle_detection script to /home/rosdev/ros2_ws_lab/lab3/install/turtlebot3_example/lib/turtlebot3_example
Installing turtlebot3_patrol_client script to /home/rosdev/ros2_ws_lab/lab3/install/turtlebot3_example/lib/turtlebot3_example
Installing turtlebot3_patrol_server script to /home/rosdev/ros2_ws_lab/lab3/install/turtlebot3_example/lib/turtlebot3_example
Installing turtlebot3_relative_move script to /home/rosdev/ros2_ws_lab/lab3/install/turtlebot3_example/lib/turtlebot3_example
writing list of installed files to '/home/rosdev/ros2_ws_lab/lab3/build/turtlebot3_example/install.log'
