[0.886s] Invoking command in '/home/rosdev/ros2_ws_lab/lab3/src/turtlebot3/turtlebot3_example': CMAKE_PREFIX_PATH=/home/rosdev/ros2_ws_lab/lab3/install/turtlebot3_msgs:/home/rosdev/ros2_ws_lab/lab3/install/turtlebot3:/home/rosdev/ros2_ws_lab/lab3/install/turtlebot3_bringup:/home/rosdev/ros2_ws_lab/lab3/install/turtlebot3_node:/home/rosdev/ros2_ws_lab/lab3/install/turtlebot3_navigation2:/home/rosdev/ros2_ws_lab/lab3/install/turtlebot3_description:/home/rosdev/ros2_ws_lab/lab3/install/turtlebot3_cartographer:/home/rosdev/ros2_ws_lab/lab3/install/dynamixel_sdk_examples:/home/rosdev/ros2_ws_lab/lab3/install/dynamixel_sdk_custom_interfaces:/home/rosdev/ros2_ws_lab/lab3/install/dynamixel_sdk:/home/rosdev/turtlebot3_ws/install/turtlebot3:/home/rosdev/turtlebot3_ws/install/turtlebot3_bringup:/home/rosdev/turtlebot3_ws/install/turtlebot3_node:/home/rosdev/turtlebot3_ws/install/turtlebot3_navigation2:/home/rosdev/turtlebot3_ws/install/turtlebot3_msgs:/home/rosdev/turtlebot3_ws/install/turtlebot3_description:/home/rosdev/turtlebot3_ws/install/turtlebot3_cartographer:/home/rosdev/turtlebot3_ws/install/dynamixel_sdk_examples:/home/rosdev/turtlebot3_ws/install/dynamixel_sdk_custom_interfaces:/home/rosdev/turtlebot3_ws/install/dynamixel_sdk LD_LIBRARY_PATH=/home/rosdev/ros2_ws_lab/lab3/install/turtlebot3_msgs/lib:/home/rosdev/ros2_ws_lab/lab3/install/dynamixel_sdk_custom_interfaces/lib:/home/rosdev/ros2_ws_lab/lab3/install/dynamixel_sdk/lib:/home/rosdev/turtlebot3_ws/install/turtlebot3_msgs/lib:/home/rosdev/turtlebot3_ws/install/dynamixel_sdk_custom_interfaces/lib:/home/rosdev/turtlebot3_ws/install/dynamixel_sdk/lib:/usr/lib/x86_64-linux-gnu/gazebo-11/plugins:/opt/ros/humble/opt/rviz_ogre_vendor/lib:/opt/ros/humble/lib/x86_64-linux-gnu:/opt/ros/humble/lib:/usr/share/gazebo/../../lib/x86_64-linux-gnu/gazebo-11/plugins:/usr/share/gazebo/../../lib/x86_64-linux-gnu/gazebo-11/plugins:/usr/share/gazebo/../../lib/x86_64-linux-gnu/gazebo-11/plugins PYTHONPATH=/home/rosdev/ros2_ws_lab/lab3/build/turtlebot3_example/prefix_override:/usr/lib/python3/dist-packages/colcon_core/task/python/colcon_distutils_commands:/home/rosdev/ros2_ws_lab/lab3/install/turtlebot3_example/lib/python3.10/site-packages:${PYTHONPATH} /usr/bin/python3 -W ignore:setup.py install is deprecated -W ignore:easy_install command is deprecated setup.py egg_info --egg-base ../../../build/turtlebot3_example build --build-base /home/rosdev/ros2_ws_lab/lab3/build/turtlebot3_example/build install --record /home/rosdev/ros2_ws_lab/lab3/build/turtlebot3_example/install.log --single-version-externally-managed install_data
[1.225s] running egg_info
[1.226s] writing ../../../build/turtlebot3_example/turtlebot3_example.egg-info/PKG-INFO
[1.226s] writing dependency_links to ../../../build/turtlebot3_example/turtlebot3_example.egg-info/dependency_links.txt
[1.226s] writing entry points to ../../../build/turtlebot3_example/turtlebot3_example.egg-info/entry_points.txt
[1.227s] writing requirements to ../../../build/turtlebot3_example/turtlebot3_example.egg-info/requires.txt
[1.227s] writing top-level names to ../../../build/turtlebot3_example/turtlebot3_example.egg-info/top_level.txt
[1.229s] reading manifest file '../../../build/turtlebot3_example/turtlebot3_example.egg-info/SOURCES.txt'
[1.230s] writing manifest file '../../../build/turtlebot3_example/turtlebot3_example.egg-info/SOURCES.txt'
[1.230s] running build
[1.230s] running build_py
[1.231s] copying turtlebot3_example/turtlebot3_obstacle_detection/turtlebot3_obstacle_detection.py -> /home/rosdev/ros2_ws_lab/lab3/build/turtlebot3_example/build/lib/turtlebot3_example/turtlebot3_obstacle_detection
[1.232s] running install
[1.232s] running install_lib
[1.234s] copying /home/rosdev/ros2_ws_lab/lab3/build/turtlebot3_example/build/lib/turtlebot3_example/turtlebot3_obstacle_detection/turtlebot3_obstacle_detection.py -> /home/rosdev/ros2_ws_lab/lab3/install/turtlebot3_example/lib/python3.10/site-packages/turtlebot3_example/turtlebot3_obstacle_detection
[1.235s] byte-compiling /home/rosdev/ros2_ws_lab/lab3/install/turtlebot3_example/lib/python3.10/site-packages/turtlebot3_example/turtlebot3_obstacle_detection/turtlebot3_obstacle_detection.py to turtlebot3_obstacle_detection.cpython-310.pyc
[1.236s] running install_data
[1.236s] running install_egg_info
[1.238s] removing '/home/rosdev/ros2_ws_lab/lab3/install/turtlebot3_example/lib/python3.10/site-packages/turtlebot3_example-2.2.9-py3.10.egg-info' (and everything under it)
[1.239s] Copying ../../../build/turtlebot3_example/turtlebot3_example.egg-info to /home/rosdev/ros2_ws_lab/lab3/install/turtlebot3_example/lib/python3.10/site-packages/turtlebot3_example-2.2.9-py3.10.egg-info
[1.240s] running install_scripts
[1.263s] Installing turtlebot3_absolute_move script to /home/rosdev/ros2_ws_lab/lab3/install/turtlebot3_example/lib/turtlebot3_example
[1.263s] Installing turtlebot3_interactive_marker script to /home/rosdev/ros2_ws_lab/lab3/install/turtlebot3_example/lib/turtlebot3_example
[1.263s] Installing turtlebot3_obstacle_detection script to /home/rosdev/ros2_ws_lab/lab3/install/turtlebot3_example/lib/turtlebot3_example
[1.264s] Installing turtlebot3_patrol_client script to /home/rosdev/ros2_ws_lab/lab3/install/turtlebot3_example/lib/turtlebot3_example
[1.264s] Installing turtlebot3_patrol_server script to /home/rosdev/ros2_ws_lab/lab3/install/turtlebot3_example/lib/turtlebot3_example
[1.264s] Installing turtlebot3_relative_move script to /home/rosdev/ros2_ws_lab/lab3/install/turtlebot3_example/lib/turtlebot3_example
[1.264s] writing list of installed files to '/home/rosdev/ros2_ws_lab/lab3/build/turtlebot3_example/install.log'
[1.288s] Invoked command in '/home/rosdev/ros2_ws_lab/lab3/src/turtlebot3/turtlebot3_example' returned '0': CMAKE_PREFIX_PATH=/home/rosdev/ros2_ws_lab/lab3/install/turtlebot3_msgs:/home/rosdev/ros2_ws_lab/lab3/install/turtlebot3:/home/rosdev/ros2_ws_lab/lab3/install/turtlebot3_bringup:/home/rosdev/ros2_ws_lab/lab3/install/turtlebot3_node:/home/rosdev/ros2_ws_lab/lab3/install/turtlebot3_navigation2:/home/rosdev/ros2_ws_lab/lab3/install/turtlebot3_description:/home/rosdev/ros2_ws_lab/lab3/install/turtlebot3_cartographer:/home/rosdev/ros2_ws_lab/lab3/install/dynamixel_sdk_examples:/home/rosdev/ros2_ws_lab/lab3/install/dynamixel_sdk_custom_interfaces:/home/rosdev/ros2_ws_lab/lab3/install/dynamixel_sdk:/home/rosdev/turtlebot3_ws/install/turtlebot3:/home/rosdev/turtlebot3_ws/install/turtlebot3_bringup:/home/rosdev/turtlebot3_ws/install/turtlebot3_node:/home/rosdev/turtlebot3_ws/install/turtlebot3_navigation2:/home/rosdev/turtlebot3_ws/install/turtlebot3_msgs:/home/rosdev/turtlebot3_ws/install/turtlebot3_description:/home/rosdev/turtlebot3_ws/install/turtlebot3_cartographer:/home/rosdev/turtlebot3_ws/install/dynamixel_sdk_examples:/home/rosdev/turtlebot3_ws/install/dynamixel_sdk_custom_interfaces:/home/rosdev/turtlebot3_ws/install/dynamixel_sdk LD_LIBRARY_PATH=/home/rosdev/ros2_ws_lab/lab3/install/turtlebot3_msgs/lib:/home/rosdev/ros2_ws_lab/lab3/install/dynamixel_sdk_custom_interfaces/lib:/home/rosdev/ros2_ws_lab/lab3/install/dynamixel_sdk/lib:/home/rosdev/turtlebot3_ws/install/turtlebot3_msgs/lib:/home/rosdev/turtlebot3_ws/install/dynamixel_sdk_custom_interfaces/lib:/home/rosdev/turtlebot3_ws/install/dynamixel_sdk/lib:/usr/lib/x86_64-linux-gnu/gazebo-11/plugins:/opt/ros/humble/opt/rviz_ogre_vendor/lib:/opt/ros/humble/lib/x86_64-linux-gnu:/opt/ros/humble/lib:/usr/share/gazebo/../../lib/x86_64-linux-gnu/gazebo-11/plugins:/usr/share/gazebo/../../lib/x86_64-linux-gnu/gazebo-11/plugins:/usr/share/gazebo/../../lib/x86_64-linux-gnu/gazebo-11/plugins PYTHONPATH=/home/rosdev/ros2_ws_lab/lab3/build/turtlebot3_example/prefix_override:/usr/lib/python3/dist-packages/colcon_core/task/python/colcon_distutils_commands:/home/rosdev/ros2_ws_lab/lab3/install/turtlebot3_example/lib/python3.10/site-packages:${PYTHONPATH} /usr/bin/python3 -W ignore:setup.py install is deprecated -W ignore:easy_install command is deprecated setup.py egg_info --egg-base ../../../build/turtlebot3_example build --build-base /home/rosdev/ros2_ws_lab/lab3/build/turtlebot3_example/build install --record /home/rosdev/ros2_ws_lab/lab3/build/turtlebot3_example/install.log --single-version-externally-managed install_data
