[0.033s] Invoking command in '/home/rosdev/ros2_ws_lab/lab3/build/turtlebot3_cartographer': CMAKE_PREFIX_PATH=${CMAKE_PREFIX_PATH}:/home/rosdev/turtlebot3_ws/install/turtlebot3_teleop:/home/rosdev/turtlebot3_ws/install/turtlebot3_example:/opt/ros/humble /usr/bin/cmake /home/rosdev/ros2_ws_lab/lab3/src/turtlebot3/turtlebot3_cartographer -DCMAKE_INSTALL_PREFIX=/home/rosdev/ros2_ws_lab/lab3/install/turtlebot3_cartographer
[0.101s] -- The C compiler identification is GNU 11.4.0
[0.165s] -- The CXX compiler identification is GNU 11.4.0
[0.176s] -- Detecting C compiler ABI info
[0.252s] -- Detecting C compiler ABI info - done
[0.262s] -- Check for working C compiler: /usr/bin/cc - skipped
[0.262s] -- Detecting C compile features
[0.263s] -- Detecting C compile features - done
[0.266s] -- Detecting CXX compiler ABI info
[0.362s] -- Detecting CXX compiler ABI info - done
[0.377s] -- Check for working CXX compiler: /usr/bin/c++ - skipped
[0.377s] -- Detecting CXX compile features
[0.378s] -- Detecting CXX compile features - done
[0.381s] -- Found ament_cmake: 1.3.11 (/opt/ros/humble/share/ament_cmake/cmake)
[0.572s] -- Found Python3: /usr/bin/python3 (found version "3.10.12") found components: Interpreter 
[0.803s] -- Configuring done
[0.806s] -- Generating done
[0.808s] -- Build files have been written to: /home/rosdev/ros2_ws_lab/lab3/build/turtlebot3_cartographer
[0.813s] Invoked command in '/home/rosdev/ros2_ws_lab/lab3/build/turtlebot3_cartographer' returned '0': CMAKE_PREFIX_PATH=${CMAKE_PREFIX_PATH}:/home/rosdev/turtlebot3_ws/install/turtlebot3_teleop:/home/rosdev/turtlebot3_ws/install/turtlebot3_example:/opt/ros/humble /usr/bin/cmake /home/rosdev/ros2_ws_lab/lab3/src/turtlebot3/turtlebot3_cartographer -DCMAKE_INSTALL_PREFIX=/home/rosdev/ros2_ws_lab/lab3/install/turtlebot3_cartographer
[0.815s] Invoking command in '/home/rosdev/ros2_ws_lab/lab3/build/turtlebot3_cartographer': CMAKE_PREFIX_PATH=${CMAKE_PREFIX_PATH}:/home/rosdev/turtlebot3_ws/install/turtlebot3_teleop:/home/rosdev/turtlebot3_ws/install/turtlebot3_example:/opt/ros/humble /usr/bin/cmake --build /home/rosdev/ros2_ws_lab/lab3/build/turtlebot3_cartographer -- -j12 -l12
[0.855s] Invoked command in '/home/rosdev/ros2_ws_lab/lab3/build/turtlebot3_cartographer' returned '0': CMAKE_PREFIX_PATH=${CMAKE_PREFIX_PATH}:/home/rosdev/turtlebot3_ws/install/turtlebot3_teleop:/home/rosdev/turtlebot3_ws/install/turtlebot3_example:/opt/ros/humble /usr/bin/cmake --build /home/rosdev/ros2_ws_lab/lab3/build/turtlebot3_cartographer -- -j12 -l12
[0.866s] Invoking command in '/home/rosdev/ros2_ws_lab/lab3/build/turtlebot3_cartographer': CMAKE_PREFIX_PATH=${CMAKE_PREFIX_PATH}:/home/rosdev/turtlebot3_ws/install/turtlebot3_teleop:/home/rosdev/turtlebot3_ws/install/turtlebot3_example:/opt/ros/humble /usr/bin/cmake --install /home/rosdev/ros2_ws_lab/lab3/build/turtlebot3_cartographer
[0.873s] -- Install configuration: ""
[0.873s] -- Installing: /home/rosdev/ros2_ws_lab/lab3/install/turtlebot3_cartographer/share/turtlebot3_cartographer/config
[0.873s] -- Installing: /home/rosdev/ros2_ws_lab/lab3/install/turtlebot3_cartographer/share/turtlebot3_cartographer/config/turtlebot3_lds_2d.lua
[0.874s] -- Installing: /home/rosdev/ros2_ws_lab/lab3/install/turtlebot3_cartographer/share/turtlebot3_cartographer/launch
[0.874s] -- Installing: /home/rosdev/ros2_ws_lab/lab3/install/turtlebot3_cartographer/share/turtlebot3_cartographer/launch/occupancy_grid.launch.py
[0.874s] -- Installing: /home/rosdev/ros2_ws_lab/lab3/install/turtlebot3_cartographer/share/turtlebot3_cartographer/launch/cartographer.launch.py
[0.874s] -- Installing: /home/rosdev/ros2_ws_lab/lab3/install/turtlebot3_cartographer/share/turtlebot3_cartographer/rviz
[0.875s] -- Installing: /home/rosdev/ros2_ws_lab/lab3/install/turtlebot3_cartographer/share/turtlebot3_cartographer/rviz/tb3_cartographer.rviz
[0.875s] -- Installing: /home/rosdev/ros2_ws_lab/lab3/install/turtlebot3_cartographer/share/ament_index/resource_index/package_run_dependencies/turtlebot3_cartographer
[0.875s] -- Installing: /home/rosdev/ros2_ws_lab/lab3/install/turtlebot3_cartographer/share/ament_index/resource_index/parent_prefix_path/turtlebot3_cartographer
[0.875s] -- Installing: /home/rosdev/ros2_ws_lab/lab3/install/turtlebot3_cartographer/share/turtlebot3_cartographer/environment/ament_prefix_path.sh
[0.875s] -- Installing: /home/rosdev/ros2_ws_lab/lab3/install/turtlebot3_cartographer/share/turtlebot3_cartographer/environment/ament_prefix_path.dsv
[0.876s] -- Installing: /home/rosdev/ros2_ws_lab/lab3/install/turtlebot3_cartographer/share/turtlebot3_cartographer/environment/path.sh
[0.876s] -- Installing: /home/rosdev/ros2_ws_lab/lab3/install/turtlebot3_cartographer/share/turtlebot3_cartographer/environment/path.dsv
[0.876s] -- Installing: /home/rosdev/ros2_ws_lab/lab3/install/turtlebot3_cartographer/share/turtlebot3_cartographer/local_setup.bash
[0.876s] -- Installing: /home/rosdev/ros2_ws_lab/lab3/install/turtlebot3_cartographer/share/turtlebot3_cartographer/local_setup.sh
[0.876s] -- Installing: /home/rosdev/ros2_ws_lab/lab3/install/turtlebot3_cartographer/share/turtlebot3_cartographer/local_setup.zsh
[0.877s] -- Installing: /home/rosdev/ros2_ws_lab/lab3/install/turtlebot3_cartographer/share/turtlebot3_cartographer/local_setup.dsv
[0.877s] -- Installing: /home/rosdev/ros2_ws_lab/lab3/install/turtlebot3_cartographer/share/turtlebot3_cartographer/package.dsv
[0.877s] -- Installing: /home/rosdev/ros2_ws_lab/lab3/install/turtlebot3_cartographer/share/ament_index/resource_index/packages/turtlebot3_cartographer
[0.877s] -- Installing: /home/rosdev/ros2_ws_lab/lab3/install/turtlebot3_cartographer/share/turtlebot3_cartographer/cmake/turtlebot3_cartographerConfig.cmake
[0.877s] -- Installing: /home/rosdev/ros2_ws_lab/lab3/install/turtlebot3_cartographer/share/turtlebot3_cartographer/cmake/turtlebot3_cartographerConfig-version.cmake
[0.878s] -- Installing: /home/rosdev/ros2_ws_lab/lab3/install/turtlebot3_cartographer/share/turtlebot3_cartographer/package.xml
[0.881s] Invoked command in '/home/rosdev/ros2_ws_lab/lab3/build/turtlebot3_cartographer' returned '0': CMAKE_PREFIX_PATH=${CMAKE_PREFIX_PATH}:/home/rosdev/turtlebot3_ws/install/turtlebot3_teleop:/home/rosdev/turtlebot3_ws/install/turtlebot3_example:/opt/ros/humble /usr/bin/cmake --install /home/rosdev/ros2_ws_lab/lab3/build/turtlebot3_cartographer
