[0.012s] Invoking command in '/home/rosdev/ros2_ws_lab/lab1/build/turtlesim_goal': CMAKE_PREFIX_PATH=${CMAKE_PREFIX_PATH}:/opt/ros/humble /usr/bin/cmake --build /home/rosdev/ros2_ws_lab/lab1/build/turtlesim_goal -- -j12 -l12
[0.078s] Built target ament_cmake_python_copy_turtlesim_goal
[0.392s] running egg_info
[0.393s] writing turtlesim_goal.egg-info/PKG-INFO
[0.393s] writing dependency_links to turtlesim_goal.egg-info/dependency_links.txt
[0.394s] writing top-level names to turtlesim_goal.egg-info/top_level.txt
[0.396s] reading manifest file 'turtlesim_goal.egg-info/SOURCES.txt'
[0.396s] writing manifest file 'turtlesim_goal.egg-info/SOURCES.txt'
[0.423s] Built target ament_cmake_python_build_turtlesim_goal_egg
[0.436s] Invoked command in '/home/rosdev/ros2_ws_lab/lab1/build/turtlesim_goal' returned '0': CMAKE_PREFIX_PATH=${CMAKE_PREFIX_PATH}:/opt/ros/humble /usr/bin/cmake --build /home/rosdev/ros2_ws_lab/lab1/build/turtlesim_goal -- -j12 -l12
[0.447s] Invoking command in '/home/rosdev/ros2_ws_lab/lab1/build/turtlesim_goal': CMAKE_PREFIX_PATH=${CMAKE_PREFIX_PATH}:/opt/ros/humble /usr/bin/cmake --install /home/rosdev/ros2_ws_lab/lab1/build/turtlesim_goal
[0.456s] -- Install configuration: ""
[0.456s] -- Up-to-date: /home/rosdev/ros2_ws_lab/lab1/install/turtlesim_goal/share/turtlesim_goal/environment/pythonpath.sh
[0.456s] -- Up-to-date: /home/rosdev/ros2_ws_lab/lab1/install/turtlesim_goal/share/turtlesim_goal/environment/pythonpath.dsv
[0.456s] -- Up-to-date: /home/rosdev/ros2_ws_lab/lab1/install/turtlesim_goal/local/lib/python3.10/dist-packages/turtlesim_goal-0.0.1-py3.10.egg-info
[0.456s] -- Installing: /home/rosdev/ros2_ws_lab/lab1/install/turtlesim_goal/local/lib/python3.10/dist-packages/turtlesim_goal-0.0.1-py3.10.egg-info/SOURCES.txt
[0.456s] -- Installing: /home/rosdev/ros2_ws_lab/lab1/install/turtlesim_goal/local/lib/python3.10/dist-packages/turtlesim_goal-0.0.1-py3.10.egg-info/dependency_links.txt
[0.456s] -- Installing: /home/rosdev/ros2_ws_lab/lab1/install/turtlesim_goal/local/lib/python3.10/dist-packages/turtlesim_goal-0.0.1-py3.10.egg-info/PKG-INFO
[0.457s] -- Installing: /home/rosdev/ros2_ws_lab/lab1/install/turtlesim_goal/local/lib/python3.10/dist-packages/turtlesim_goal-0.0.1-py3.10.egg-info/top_level.txt
[0.457s] -- Up-to-date: /home/rosdev/ros2_ws_lab/lab1/install/turtlesim_goal/local/lib/python3.10/dist-packages/turtlesim_goal
[0.457s] -- Up-to-date: /home/rosdev/ros2_ws_lab/lab1/install/turtlesim_goal/local/lib/python3.10/dist-packages/turtlesim_goal/__init__.py
[0.457s] -- Installing: /home/rosdev/ros2_ws_lab/lab1/install/turtlesim_goal/local/lib/python3.10/dist-packages/turtlesim_goal/gotogoal.py
[0.497s] Listing '/home/rosdev/ros2_ws_lab/lab1/install/turtlesim_goal/local/lib/python3.10/dist-packages/turtlesim_goal'...
[0.497s] Compiling '/home/rosdev/ros2_ws_lab/lab1/install/turtlesim_goal/local/lib/python3.10/dist-packages/turtlesim_goal/gotogoal.py'...
[0.501s] -- Installing: /home/rosdev/ros2_ws_lab/lab1/install/turtlesim_goal/lib/turtlesim_goal/gotogoal.py
[0.501s] -- Up-to-date: /home/rosdev/ros2_ws_lab/lab1/install/turtlesim_goal/share/ament_index/resource_index/package_run_dependencies/turtlesim_goal
[0.502s] -- Up-to-date: /home/rosdev/ros2_ws_lab/lab1/install/turtlesim_goal/share/ament_index/resource_index/parent_prefix_path/turtlesim_goal
[0.502s] -- Up-to-date: /home/rosdev/ros2_ws_lab/lab1/install/turtlesim_goal/share/turtlesim_goal/environment/ament_prefix_path.sh
[0.502s] -- Up-to-date: /home/rosdev/ros2_ws_lab/lab1/install/turtlesim_goal/share/turtlesim_goal/environment/ament_prefix_path.dsv
[0.502s] -- Up-to-date: /home/rosdev/ros2_ws_lab/lab1/install/turtlesim_goal/share/turtlesim_goal/environment/path.sh
[0.502s] -- Up-to-date: /home/rosdev/ros2_ws_lab/lab1/install/turtlesim_goal/share/turtlesim_goal/environment/path.dsv
[0.502s] -- Up-to-date: /home/rosdev/ros2_ws_lab/lab1/install/turtlesim_goal/share/turtlesim_goal/local_setup.bash
[0.502s] -- Up-to-date: /home/rosdev/ros2_ws_lab/lab1/install/turtlesim_goal/share/turtlesim_goal/local_setup.sh
[0.502s] -- Up-to-date: /home/rosdev/ros2_ws_lab/lab1/install/turtlesim_goal/share/turtlesim_goal/local_setup.zsh
[0.503s] -- Up-to-date: /home/rosdev/ros2_ws_lab/lab1/install/turtlesim_goal/share/turtlesim_goal/local_setup.dsv
[0.503s] -- Installing: /home/rosdev/ros2_ws_lab/lab1/install/turtlesim_goal/share/turtlesim_goal/package.dsv
[0.503s] -- Up-to-date: /home/rosdev/ros2_ws_lab/lab1/install/turtlesim_goal/share/ament_index/resource_index/packages/turtlesim_goal
[0.503s] -- Up-to-date: /home/rosdev/ros2_ws_lab/lab1/install/turtlesim_goal/share/turtlesim_goal/cmake/turtlesim_goalConfig.cmake
[0.503s] -- Up-to-date: /home/rosdev/ros2_ws_lab/lab1/install/turtlesim_goal/share/turtlesim_goal/cmake/turtlesim_goalConfig-version.cmake
[0.503s] -- Up-to-date: /home/rosdev/ros2_ws_lab/lab1/install/turtlesim_goal/share/turtlesim_goal/package.xml
[0.505s] Invoked command in '/home/rosdev/ros2_ws_lab/lab1/build/turtlesim_goal' returned '0': CMAKE_PREFIX_PATH=${CMAKE_PREFIX_PATH}:/opt/ros/humble /usr/bin/cmake --install /home/rosdev/ros2_ws_lab/lab1/build/turtlesim_goal
