-- The C compiler identification is GNU 11.4.0
-- The CXX compiler identification is GNU 11.4.0
-- Detecting C compiler ABI info
-- Detecting C compiler ABI info - done
-- Check for working C compiler: /usr/bin/cc - skipped
-- Detecting C compile features
-- Detecting C compile features - done
-- Detecting CXX compiler ABI info
-- Detecting CXX compiler ABI info - done
-- Check for working CXX compiler: /usr/bin/c++ - skipped
-- Detecting CXX compile features
-- Detecting CXX compile features - done
-- Found ament_cmake: 1.3.11 (/opt/ros/humble/share/ament_cmake/cmake)
-- Found Python3: /usr/bin/python3 (found version "3.10.12") found components: Interpreter 
-- Found rclcpp: 16.0.12 (/opt/ros/humble/share/rclcpp/cmake)
-- Found rosidl_generator_c: 3.1.6 (/opt/ros/humble/share/rosidl_generator_c/cmake)
-- Found rosidl_adapter: 3.1.6 (/opt/ros/humble/share/rosidl_adapter/cmake)
-- Found rosidl_generator_cpp: 3.1.6 (/opt/ros/humble/share/rosidl_generator_cpp/cmake)
-- Using all available rosidl_typesupport_c: rosidl_typesupport_fastrtps_c;rosidl_typesupport_introspection_c
-- Using all available rosidl_typesupport_cpp: rosidl_typesupport_fastrtps_cpp;rosidl_typesupport_introspection_cpp
-- Found rmw_implementation_cmake: 6.1.2 (/opt/ros/humble/share/rmw_implementation_cmake/cmake)
-- Found rmw_fastrtps_cpp: 6.2.7 (/opt/ros/humble/share/rmw_fastrtps_cpp/cmake)
-- Found OpenSSL: /usr/lib/x86_64-linux-gnu/libcrypto.so (found version "3.0.2")  
-- Found FastRTPS: /opt/ros/humble/include  
-- Using RMW implementation 'rmw_fastrtps_cpp' as default
-- Looking for pthread.h
-- Looking for pthread.h - found
-- Performing Test CMAKE_HAVE_LIBC_PTHREAD
-- Performing Test CMAKE_HAVE_LIBC_PTHREAD - Success
-- Found Threads: TRUE  
-- Found rclpy: 3.3.16 (/opt/ros/humble/share/rclpy/cmake)
-- Found geometry_msgs: 4.8.0 (/opt/ros/humble/share/geometry_msgs/cmake)
-- Found turtlesim: 1.4.2 (/opt/ros/humble/share/turtlesim/cmake)
-- Configuring done
-- Generating done
-- Build files have been written to: /home/rosdev/ros2_ws_lab/lab1/build/turtlesim_goal
Built target ament_cmake_python_copy_turtlesim_goal
running egg_info
creating turtlesim_goal.egg-info
writing turtlesim_goal.egg-info/PKG-INFO
writing dependency_links to turtlesim_goal.egg-info/dependency_links.txt
writing top-level names to turtlesim_goal.egg-info/top_level.txt
writing manifest file 'turtlesim_goal.egg-info/SOURCES.txt'
reading manifest file 'turtlesim_goal.egg-info/SOURCES.txt'
writing manifest file 'turtlesim_goal.egg-info/SOURCES.txt'
Built target ament_cmake_python_build_turtlesim_goal_egg
-- Install configuration: ""
-- Installing: /home/rosdev/ros2_ws_lab/lab1/install/turtlesim_goal/share/turtlesim_goal/environment/pythonpath.sh
-- Installing: /home/rosdev/ros2_ws_lab/lab1/install/turtlesim_goal/share/turtlesim_goal/environment/pythonpath.dsv
-- Installing: /home/rosdev/ros2_ws_lab/lab1/install/turtlesim_goal/local/lib/python3.10/dist-packages/turtlesim_goal-0.0.1-py3.10.egg-info
-- Installing: /home/rosdev/ros2_ws_lab/lab1/install/turtlesim_goal/local/lib/python3.10/dist-packages/turtlesim_goal-0.0.1-py3.10.egg-info/SOURCES.txt
-- Installing: /home/rosdev/ros2_ws_lab/lab1/install/turtlesim_goal/local/lib/python3.10/dist-packages/turtlesim_goal-0.0.1-py3.10.egg-info/dependency_links.txt
-- Installing: /home/rosdev/ros2_ws_lab/lab1/install/turtlesim_goal/local/lib/python3.10/dist-packages/turtlesim_goal-0.0.1-py3.10.egg-info/PKG-INFO
-- Installing: /home/rosdev/ros2_ws_lab/lab1/install/turtlesim_goal/local/lib/python3.10/dist-packages/turtlesim_goal-0.0.1-py3.10.egg-info/top_level.txt
-- Installing: /home/rosdev/ros2_ws_lab/lab1/install/turtlesim_goal/local/lib/python3.10/dist-packages/turtlesim_goal
-- Installing: /home/rosdev/ros2_ws_lab/lab1/install/turtlesim_goal/local/lib/python3.10/dist-packages/turtlesim_goal/__init__.py
-- Installing: /home/rosdev/ros2_ws_lab/lab1/install/turtlesim_goal/local/lib/python3.10/dist-packages/turtlesim_goal/gotogoal.py
Listing '/home/rosdev/ros2_ws_lab/lab1/install/turtlesim_goal/local/lib/python3.10/dist-packages/turtlesim_goal'...
Compiling '/home/rosdev/ros2_ws_lab/lab1/install/turtlesim_goal/local/lib/python3.10/dist-packages/turtlesim_goal/__init__.py'...
Compiling '/home/rosdev/ros2_ws_lab/lab1/install/turtlesim_goal/local/lib/python3.10/dist-packages/turtlesim_goal/gotogoal.py'...
-- Installing: /home/rosdev/ros2_ws_lab/lab1/install/turtlesim_goal/lib/turtlesim_goal/gotogoal.py
-- Installing: /home/rosdev/ros2_ws_lab/lab1/install/turtlesim_goal/share/ament_index/resource_index/package_run_dependencies/turtlesim_goal
-- Installing: /home/rosdev/ros2_ws_lab/lab1/install/turtlesim_goal/share/ament_index/resource_index/parent_prefix_path/turtlesim_goal
-- Installing: /home/rosdev/ros2_ws_lab/lab1/install/turtlesim_goal/share/turtlesim_goal/environment/ament_prefix_path.sh
-- Installing: /home/rosdev/ros2_ws_lab/lab1/install/turtlesim_goal/share/turtlesim_goal/environment/ament_prefix_path.dsv
-- Installing: /home/rosdev/ros2_ws_lab/lab1/install/turtlesim_goal/share/turtlesim_goal/environment/path.sh
-- Installing: /home/rosdev/ros2_ws_lab/lab1/install/turtlesim_goal/share/turtlesim_goal/environment/path.dsv
-- Installing: /home/rosdev/ros2_ws_lab/lab1/install/turtlesim_goal/share/turtlesim_goal/local_setup.bash
-- Installing: /home/rosdev/ros2_ws_lab/lab1/install/turtlesim_goal/share/turtlesim_goal/local_setup.sh
-- Installing: /home/rosdev/ros2_ws_lab/lab1/install/turtlesim_goal/share/turtlesim_goal/local_setup.zsh
-- Installing: /home/rosdev/ros2_ws_lab/lab1/install/turtlesim_goal/share/turtlesim_goal/local_setup.dsv
-- Installing: /home/rosdev/ros2_ws_lab/lab1/install/turtlesim_goal/share/turtlesim_goal/package.dsv
-- Installing: /home/rosdev/ros2_ws_lab/lab1/install/turtlesim_goal/share/ament_index/resource_index/packages/turtlesim_goal
-- Installing: /home/rosdev/ros2_ws_lab/lab1/install/turtlesim_goal/share/turtlesim_goal/cmake/turtlesim_goalConfig.cmake
-- Installing: /home/rosdev/ros2_ws_lab/lab1/install/turtlesim_goal/share/turtlesim_goal/cmake/turtlesim_goalConfig-version.cmake
-- Installing: /home/rosdev/ros2_ws_lab/lab1/install/turtlesim_goal/share/turtlesim_goal/package.xml
