[0.011s] Invoking command in '/home/rosdev/ros2_ws_lab/lab1/build/turtlesim_goal': CMAKE_PREFIX_PATH=${CMAKE_PREFIX_PATH}:/opt/ros/humble /usr/bin/cmake /home/rosdev/ros2_ws_lab/lab1/src/turtlesim_goal -DCMAKE_INSTALL_PREFIX=/home/rosdev/ros2_ws_lab/lab1/install/turtlesim_goal
[0.074s] -- The C compiler identification is GNU 11.4.0
[0.140s] -- The CXX compiler identification is GNU 11.4.0
[0.150s] -- Detecting C compiler ABI info
[0.235s] -- Detecting C compiler ABI info - done
[0.245s] -- Check for working C compiler: /usr/bin/cc - skipped
[0.245s] -- Detecting C compile features
[0.246s] -- Detecting C compile features - done
[0.250s] -- Detecting CXX compiler ABI info
[0.338s] -- Detecting CXX compiler ABI info - done
[0.347s] -- Check for working CXX compiler: /usr/bin/c++ - skipped
[0.348s] -- Detecting CXX compile features
[0.348s] -- Detecting CXX compile features - done
[0.351s] -- Found ament_cmake: 1.3.11 (/opt/ros/humble/share/ament_cmake/cmake)
[0.527s] -- Found Python3: /usr/bin/python3 (found version "3.10.12") found components: Interpreter 
[0.650s] -- Found rclcpp: 16.0.12 (/opt/ros/humble/share/rclcpp/cmake)
[0.712s] -- Found rosidl_generator_c: 3.1.6 (/opt/ros/humble/share/rosidl_generator_c/cmake)
[0.718s] -- Found rosidl_adapter: 3.1.6 (/opt/ros/humble/share/rosidl_adapter/cmake)
[0.727s] -- Found rosidl_generator_cpp: 3.1.6 (/opt/ros/humble/share/rosidl_generator_cpp/cmake)
[0.742s] -- Using all available rosidl_typesupport_c: rosidl_typesupport_fastrtps_c;rosidl_typesupport_introspection_c
[0.761s] -- Using all available rosidl_typesupport_cpp: rosidl_typesupport_fastrtps_cpp;rosidl_typesupport_introspection_cpp
[0.811s] -- Found rmw_implementation_cmake: 6.1.2 (/opt/ros/humble/share/rmw_implementation_cmake/cmake)
[0.813s] -- Found rmw_fastrtps_cpp: 6.2.7 (/opt/ros/humble/share/rmw_fastrtps_cpp/cmake)
[0.901s] -- Found OpenSSL: /usr/lib/x86_64-linux-gnu/libcrypto.so (found version "3.0.2")  
[0.926s] -- Found FastRTPS: /opt/ros/humble/include  
[0.965s] -- Using RMW implementation 'rmw_fastrtps_cpp' as default
[0.974s] -- Looking for pthread.h
[1.056s] -- Looking for pthread.h - found
[1.056s] -- Performing Test CMAKE_HAVE_LIBC_PTHREAD
[1.148s] -- Performing Test CMAKE_HAVE_LIBC_PTHREAD - Success
[1.149s] -- Found Threads: TRUE  
[1.220s] -- Found rclpy: 3.3.16 (/opt/ros/humble/share/rclpy/cmake)
[1.221s] -- Found geometry_msgs: 4.8.0 (/opt/ros/humble/share/geometry_msgs/cmake)
[1.243s] -- Found turtlesim: 1.4.2 (/opt/ros/humble/share/turtlesim/cmake)
[1.460s] -- Configuring done
[1.468s] -- Generating done
[1.472s] -- Build files have been written to: /home/rosdev/ros2_ws_lab/lab1/build/turtlesim_goal
[1.483s] Invoked command in '/home/rosdev/ros2_ws_lab/lab1/build/turtlesim_goal' returned '0': CMAKE_PREFIX_PATH=${CMAKE_PREFIX_PATH}:/opt/ros/humble /usr/bin/cmake /home/rosdev/ros2_ws_lab/lab1/src/turtlesim_goal -DCMAKE_INSTALL_PREFIX=/home/rosdev/ros2_ws_lab/lab1/install/turtlesim_goal
[1.486s] Invoking command in '/home/rosdev/ros2_ws_lab/lab1/build/turtlesim_goal': CMAKE_PREFIX_PATH=${CMAKE_PREFIX_PATH}:/opt/ros/humble /usr/bin/cmake --build /home/rosdev/ros2_ws_lab/lab1/build/turtlesim_goal -- -j12 -l12
[1.557s] Built target ament_cmake_python_copy_turtlesim_goal
[1.864s] running egg_info
[1.865s] creating turtlesim_goal.egg-info
[1.865s] writing turtlesim_goal.egg-info/PKG-INFO
[1.865s] writing dependency_links to turtlesim_goal.egg-info/dependency_links.txt
[1.866s] writing top-level names to turtlesim_goal.egg-info/top_level.txt
[1.866s] writing manifest file 'turtlesim_goal.egg-info/SOURCES.txt'
[1.868s] reading manifest file 'turtlesim_goal.egg-info/SOURCES.txt'
[1.868s] writing manifest file 'turtlesim_goal.egg-info/SOURCES.txt'
[1.894s] Built target ament_cmake_python_build_turtlesim_goal_egg
[1.907s] Invoked command in '/home/rosdev/ros2_ws_lab/lab1/build/turtlesim_goal' returned '0': CMAKE_PREFIX_PATH=${CMAKE_PREFIX_PATH}:/opt/ros/humble /usr/bin/cmake --build /home/rosdev/ros2_ws_lab/lab1/build/turtlesim_goal -- -j12 -l12
[1.920s] Invoking command in '/home/rosdev/ros2_ws_lab/lab1/build/turtlesim_goal': CMAKE_PREFIX_PATH=${CMAKE_PREFIX_PATH}:/opt/ros/humble /usr/bin/cmake --install /home/rosdev/ros2_ws_lab/lab1/build/turtlesim_goal
[1.929s] -- Install configuration: ""
[1.930s] -- Installing: /home/rosdev/ros2_ws_lab/lab1/install/turtlesim_goal/share/turtlesim_goal/environment/pythonpath.sh
[1.930s] -- Installing: /home/rosdev/ros2_ws_lab/lab1/install/turtlesim_goal/share/turtlesim_goal/environment/pythonpath.dsv
[1.930s] -- Installing: /home/rosdev/ros2_ws_lab/lab1/install/turtlesim_goal/local/lib/python3.10/dist-packages/turtlesim_goal-0.0.1-py3.10.egg-info
[1.930s] -- Installing: /home/rosdev/ros2_ws_lab/lab1/install/turtlesim_goal/local/lib/python3.10/dist-packages/turtlesim_goal-0.0.1-py3.10.egg-info/SOURCES.txt
[1.931s] -- Installing: /home/rosdev/ros2_ws_lab/lab1/install/turtlesim_goal/local/lib/python3.10/dist-packages/turtlesim_goal-0.0.1-py3.10.egg-info/dependency_links.txt
[1.931s] -- Installing: /home/rosdev/ros2_ws_lab/lab1/install/turtlesim_goal/local/lib/python3.10/dist-packages/turtlesim_goal-0.0.1-py3.10.egg-info/PKG-INFO
[1.931s] -- Installing: /home/rosdev/ros2_ws_lab/lab1/install/turtlesim_goal/local/lib/python3.10/dist-packages/turtlesim_goal-0.0.1-py3.10.egg-info/top_level.txt
[1.931s] -- Installing: /home/rosdev/ros2_ws_lab/lab1/install/turtlesim_goal/local/lib/python3.10/dist-packages/turtlesim_goal
[1.932s] -- Installing: /home/rosdev/ros2_ws_lab/lab1/install/turtlesim_goal/local/lib/python3.10/dist-packages/turtlesim_goal/__init__.py
[1.932s] -- Installing: /home/rosdev/ros2_ws_lab/lab1/install/turtlesim_goal/local/lib/python3.10/dist-packages/turtlesim_goal/gotogoal.py
[1.973s] Listing '/home/rosdev/ros2_ws_lab/lab1/install/turtlesim_goal/local/lib/python3.10/dist-packages/turtlesim_goal'...
[1.973s] Compiling '/home/rosdev/ros2_ws_lab/lab1/install/turtlesim_goal/local/lib/python3.10/dist-packages/turtlesim_goal/__init__.py'...
[1.973s] Compiling '/home/rosdev/ros2_ws_lab/lab1/install/turtlesim_goal/local/lib/python3.10/dist-packages/turtlesim_goal/gotogoal.py'...
[1.977s] -- Installing: /home/rosdev/ros2_ws_lab/lab1/install/turtlesim_goal/lib/turtlesim_goal/gotogoal.py
[1.977s] -- Installing: /home/rosdev/ros2_ws_lab/lab1/install/turtlesim_goal/share/ament_index/resource_index/package_run_dependencies/turtlesim_goal
[1.978s] -- Installing: /home/rosdev/ros2_ws_lab/lab1/install/turtlesim_goal/share/ament_index/resource_index/parent_prefix_path/turtlesim_goal
[1.978s] -- Installing: /home/rosdev/ros2_ws_lab/lab1/install/turtlesim_goal/share/turtlesim_goal/environment/ament_prefix_path.sh
[1.978s] -- Installing: /home/rosdev/ros2_ws_lab/lab1/install/turtlesim_goal/share/turtlesim_goal/environment/ament_prefix_path.dsv
[1.979s] -- Installing: /home/rosdev/ros2_ws_lab/lab1/install/turtlesim_goal/share/turtlesim_goal/environment/path.sh
[1.979s] -- Installing: /home/rosdev/ros2_ws_lab/lab1/install/turtlesim_goal/share/turtlesim_goal/environment/path.dsv
[1.979s] -- Installing: /home/rosdev/ros2_ws_lab/lab1/install/turtlesim_goal/share/turtlesim_goal/local_setup.bash
[1.980s] -- Installing: /home/rosdev/ros2_ws_lab/lab1/install/turtlesim_goal/share/turtlesim_goal/local_setup.sh
[1.980s] -- Installing: /home/rosdev/ros2_ws_lab/lab1/install/turtlesim_goal/share/turtlesim_goal/local_setup.zsh
[1.980s] -- Installing: /home/rosdev/ros2_ws_lab/lab1/install/turtlesim_goal/share/turtlesim_goal/local_setup.dsv
[1.981s] -- Installing: /home/rosdev/ros2_ws_lab/lab1/install/turtlesim_goal/share/turtlesim_goal/package.dsv
[1.981s] -- Installing: /home/rosdev/ros2_ws_lab/lab1/install/turtlesim_goal/share/ament_index/resource_index/packages/turtlesim_goal
[1.981s] -- Installing: /home/rosdev/ros2_ws_lab/lab1/install/turtlesim_goal/share/turtlesim_goal/cmake/turtlesim_goalConfig.cmake
[1.982s] -- Installing: /home/rosdev/ros2_ws_lab/lab1/install/turtlesim_goal/share/turtlesim_goal/cmake/turtlesim_goalConfig-version.cmake
[1.982s] -- Installing: /home/rosdev/ros2_ws_lab/lab1/install/turtlesim_goal/share/turtlesim_goal/package.xml
[1.985s] Invoked command in '/home/rosdev/ros2_ws_lab/lab1/build/turtlesim_goal' returned '0': CMAKE_PREFIX_PATH=${CMAKE_PREFIX_PATH}:/opt/ros/humble /usr/bin/cmake --install /home/rosdev/ros2_ws_lab/lab1/build/turtlesim_goal
