[1.174s] Invoking command in '/home/rosdev/ros2_ws_lab/lab3/src/turtlebot3/turtlebot3_teleop': PYTHONPATH=/home/rosdev/ros2_ws_lab/lab3/build/turtlebot3_teleop/prefix_override:/usr/lib/python3/dist-packages/colcon_core/task/python/colcon_distutils_commands:/home/rosdev/ros2_ws_lab/lab3/install/turtlebot3_teleop/lib/python3.10/site-packages:${PYTHONPATH} /usr/bin/python3 -W ignore:setup.py install is deprecated -W ignore:easy_install command is deprecated setup.py egg_info --egg-base ../../../build/turtlebot3_teleop build --build-base /home/rosdev/ros2_ws_lab/lab3/build/turtlebot3_teleop/build install --record /home/rosdev/ros2_ws_lab/lab3/build/turtlebot3_teleop/install.log --single-version-externally-managed install_data
[1.828s] running egg_info
[1.829s] creating ../../../build/turtlebot3_teleop/turtlebot3_teleop.egg-info
[1.829s] writing ../../../build/turtlebot3_teleop/turtlebot3_teleop.egg-info/PKG-INFO
[1.829s] writing dependency_links to ../../../build/turtlebot3_teleop/turtlebot3_teleop.egg-info/dependency_links.txt
[1.830s] writing entry points to ../../../build/turtlebot3_teleop/turtlebot3_teleop.egg-info/entry_points.txt
[1.830s] writing requirements to ../../../build/turtlebot3_teleop/turtlebot3_teleop.egg-info/requires.txt
[1.830s] writing top-level names to ../../../build/turtlebot3_teleop/turtlebot3_teleop.egg-info/top_level.txt
[1.830s] writing manifest file '../../../build/turtlebot3_teleop/turtlebot3_teleop.egg-info/SOURCES.txt'
[1.834s] reading manifest file '../../../build/turtlebot3_teleop/turtlebot3_teleop.egg-info/SOURCES.txt'
[1.835s] writing manifest file '../../../build/turtlebot3_teleop/turtlebot3_teleop.egg-info/SOURCES.txt'
[1.835s] running build
[1.835s] running build_py
[1.836s] creating /home/rosdev/ros2_ws_lab/lab3/build/turtlebot3_teleop/build
[1.836s] creating /home/rosdev/ros2_ws_lab/lab3/build/turtlebot3_teleop/build/lib
[1.836s] creating /home/rosdev/ros2_ws_lab/lab3/build/turtlebot3_teleop/build/lib/turtlebot3_teleop
[1.836s] copying turtlebot3_teleop/__init__.py -> /home/rosdev/ros2_ws_lab/lab3/build/turtlebot3_teleop/build/lib/turtlebot3_teleop
[1.836s] creating /home/rosdev/ros2_ws_lab/lab3/build/turtlebot3_teleop/build/lib/turtlebot3_teleop/script
[1.836s] copying turtlebot3_teleop/script/__init__.py -> /home/rosdev/ros2_ws_lab/lab3/build/turtlebot3_teleop/build/lib/turtlebot3_teleop/script
[1.837s] copying turtlebot3_teleop/script/teleop_keyboard.py -> /home/rosdev/ros2_ws_lab/lab3/build/turtlebot3_teleop/build/lib/turtlebot3_teleop/script
[1.837s] running install
[1.838s] running install_lib
[1.839s] creating /home/rosdev/ros2_ws_lab/lab3/install/turtlebot3_teleop/lib/python3.10/site-packages/turtlebot3_teleop
[1.839s] creating /home/rosdev/ros2_ws_lab/lab3/install/turtlebot3_teleop/lib/python3.10/site-packages/turtlebot3_teleop/script
[1.839s] copying /home/rosdev/ros2_ws_lab/lab3/build/turtlebot3_teleop/build/lib/turtlebot3_teleop/script/__init__.py -> /home/rosdev/ros2_ws_lab/lab3/install/turtlebot3_teleop/lib/python3.10/site-packages/turtlebot3_teleop/script
[1.839s] copying /home/rosdev/ros2_ws_lab/lab3/build/turtlebot3_teleop/build/lib/turtlebot3_teleop/script/teleop_keyboard.py -> /home/rosdev/ros2_ws_lab/lab3/install/turtlebot3_teleop/lib/python3.10/site-packages/turtlebot3_teleop/script
[1.840s] copying /home/rosdev/ros2_ws_lab/lab3/build/turtlebot3_teleop/build/lib/turtlebot3_teleop/__init__.py -> /home/rosdev/ros2_ws_lab/lab3/install/turtlebot3_teleop/lib/python3.10/site-packages/turtlebot3_teleop
[1.841s] byte-compiling /home/rosdev/ros2_ws_lab/lab3/install/turtlebot3_teleop/lib/python3.10/site-packages/turtlebot3_teleop/script/__init__.py to __init__.cpython-310.pyc
[1.841s] byte-compiling /home/rosdev/ros2_ws_lab/lab3/install/turtlebot3_teleop/lib/python3.10/site-packages/turtlebot3_teleop/script/teleop_keyboard.py to teleop_keyboard.cpython-310.pyc
[1.843s] byte-compiling /home/rosdev/ros2_ws_lab/lab3/install/turtlebot3_teleop/lib/python3.10/site-packages/turtlebot3_teleop/__init__.py to __init__.cpython-310.pyc
[1.844s] running install_data
[1.844s] creating /home/rosdev/ros2_ws_lab/lab3/install/turtlebot3_teleop/share/ament_index
[1.844s] creating /home/rosdev/ros2_ws_lab/lab3/install/turtlebot3_teleop/share/ament_index/resource_index
[1.844s] creating /home/rosdev/ros2_ws_lab/lab3/install/turtlebot3_teleop/share/ament_index/resource_index/packages
[1.844s] copying resource/turtlebot3_teleop -> /home/rosdev/ros2_ws_lab/lab3/install/turtlebot3_teleop/share/ament_index/resource_index/packages
[1.845s] copying package.xml -> /home/rosdev/ros2_ws_lab/lab3/install/turtlebot3_teleop/share/turtlebot3_teleop
[1.845s] running install_egg_info
[1.849s] Copying ../../../build/turtlebot3_teleop/turtlebot3_teleop.egg-info to /home/rosdev/ros2_ws_lab/lab3/install/turtlebot3_teleop/lib/python3.10/site-packages/turtlebot3_teleop-2.2.9-py3.10.egg-info
[1.850s] running install_scripts
[1.888s] Installing teleop_keyboard script to /home/rosdev/ros2_ws_lab/lab3/install/turtlebot3_teleop/lib/turtlebot3_teleop
[1.889s] writing list of installed files to '/home/rosdev/ros2_ws_lab/lab3/build/turtlebot3_teleop/install.log'
[1.928s] Invoked command in '/home/rosdev/ros2_ws_lab/lab3/src/turtlebot3/turtlebot3_teleop' returned '0': PYTHONPATH=/home/rosdev/ros2_ws_lab/lab3/build/turtlebot3_teleop/prefix_override:/usr/lib/python3/dist-packages/colcon_core/task/python/colcon_distutils_commands:/home/rosdev/ros2_ws_lab/lab3/install/turtlebot3_teleop/lib/python3.10/site-packages:${PYTHONPATH} /usr/bin/python3 -W ignore:setup.py install is deprecated -W ignore:easy_install command is deprecated setup.py egg_info --egg-base ../../../build/turtlebot3_teleop build --build-base /home/rosdev/ros2_ws_lab/lab3/build/turtlebot3_teleop/build install --record /home/rosdev/ros2_ws_lab/lab3/build/turtlebot3_teleop/install.log --single-version-externally-managed install_data
