[0.880s] Invoking command in '/home/rosdev/turtlebot3_ws/build/turtlebot3_teleop': PYTHONPATH=/home/rosdev/turtlebot3_ws/build/turtlebot3_teleop/prefix_override:/usr/lib/python3/dist-packages/colcon_core/task/python/colcon_distutils_commands:/home/rosdev/turtlebot3_ws/install/turtlebot3_teleop/lib/python3.10/site-packages:${PYTHONPATH} /usr/bin/python3 -W ignore:setup.py install is deprecated -W ignore:easy_install command is deprecated setup.py develop --editable --build-directory /home/rosdev/turtlebot3_ws/build/turtlebot3_teleop/build --no-deps symlink_data
[1.475s] running develop
[1.816s] running egg_info
[1.816s] creating turtlebot3_teleop.egg-info
[1.816s] writing turtlebot3_teleop.egg-info/PKG-INFO
[1.816s] writing dependency_links to turtlebot3_teleop.egg-info/dependency_links.txt
[1.816s] writing entry points to turtlebot3_teleop.egg-info/entry_points.txt
[1.816s] writing requirements to turtlebot3_teleop.egg-info/requires.txt
[1.817s] writing top-level names to turtlebot3_teleop.egg-info/top_level.txt
[1.817s] writing manifest file 'turtlebot3_teleop.egg-info/SOURCES.txt'
[1.818s] reading manifest file 'turtlebot3_teleop.egg-info/SOURCES.txt'
[1.819s] writing manifest file 'turtlebot3_teleop.egg-info/SOURCES.txt'
[1.820s] running build_ext
[1.820s] Creating /home/rosdev/turtlebot3_ws/install/turtlebot3_teleop/lib/python3.10/site-packages/turtlebot3-teleop.egg-link (link to .)
[1.821s] Installing teleop_keyboard script to /home/rosdev/turtlebot3_ws/install/turtlebot3_teleop/lib/turtlebot3_teleop
[1.822s] 
[1.822s] Installed /home/rosdev/turtlebot3_ws/build/turtlebot3_teleop
[1.822s] running symlink_data
[1.822s] creating /home/rosdev/turtlebot3_ws/install/turtlebot3_teleop/share/ament_index
[1.822s] creating /home/rosdev/turtlebot3_ws/install/turtlebot3_teleop/share/ament_index/resource_index
[1.822s] creating /home/rosdev/turtlebot3_ws/install/turtlebot3_teleop/share/ament_index/resource_index/packages
[1.822s] symbolically linking /home/rosdev/turtlebot3_ws/build/turtlebot3_teleop/resource/turtlebot3_teleop -> /home/rosdev/turtlebot3_ws/install/turtlebot3_teleop/share/ament_index/resource_index/packages
[1.822s] symbolically linking /home/rosdev/turtlebot3_ws/build/turtlebot3_teleop/package.xml -> /home/rosdev/turtlebot3_ws/install/turtlebot3_teleop/share/turtlebot3_teleop
[1.848s] Invoked command in '/home/rosdev/turtlebot3_ws/build/turtlebot3_teleop' returned '0': PYTHONPATH=/home/rosdev/turtlebot3_ws/build/turtlebot3_teleop/prefix_override:/usr/lib/python3/dist-packages/colcon_core/task/python/colcon_distutils_commands:/home/rosdev/turtlebot3_ws/install/turtlebot3_teleop/lib/python3.10/site-packages:${PYTHONPATH} /usr/bin/python3 -W ignore:setup.py install is deprecated -W ignore:easy_install command is deprecated setup.py develop --editable --build-directory /home/rosdev/turtlebot3_ws/build/turtlebot3_teleop/build --no-deps symlink_data
