[0.148s] DEBUG:colcon:Command line arguments: ['/usr/bin/colcon', 'build']
[0.148s] DEBUG:colcon:Parsed command line arguments: Namespace(log_base=None, log_level=None, verb_name='build', build_base='build', install_base='install', merge_install=False, symlink_install=False, test_result_base=None, continue_on_error=False, executor='parallel', parallel_workers=12, event_handlers=None, ignore_user_meta=False, metas=['./colcon.meta'], base_paths=['.'], packages_ignore=None, packages_ignore_regex=None, paths=None, packages_up_to=None, packages_up_to_regex=None, packages_above=None, packages_above_and_dependencies=None, packages_above_depth=None, packages_select_by_dep=None, packages_skip_by_dep=None, packages_skip_up_to=None, packages_select_build_failed=False, packages_skip_build_finished=False, packages_select_test_failures=False, packages_skip_test_passed=False, packages_select=None, packages_skip=None, packages_select_regex=None, packages_skip_regex=None, packages_start=None, packages_end=None, allow_overriding=[], cmake_args=None, cmake_target=None, cmake_target_skip_unavailable=False, cmake_clean_cache=False, cmake_clean_first=False, cmake_force_configure=False, ament_cmake_args=None, catkin_cmake_args=None, catkin_skip_building_tests=False, verb_parser=<colcon_defaults.argument_parser.defaults.DefaultArgumentsDecorator object at 0x76f970f4bc10>, verb_extension=<colcon_core.verb.build.BuildVerb object at 0x76f9711606d0>, main=<bound method BuildVerb.main of <colcon_core.verb.build.BuildVerb object at 0x76f9711606d0>>)
[0.365s] Level 1:colcon.colcon_core.package_discovery:discover_packages(colcon_meta) check parameters
[0.365s] Level 1:colcon.colcon_core.package_discovery:discover_packages(recursive) check parameters
[0.366s] Level 1:colcon.colcon_core.package_discovery:discover_packages(ignore) check parameters
[0.366s] Level 1:colcon.colcon_core.package_discovery:discover_packages(path) check parameters
[0.366s] Level 1:colcon.colcon_core.package_discovery:discover_packages(colcon_meta) discover
[0.366s] Level 1:colcon.colcon_core.package_discovery:discover_packages(recursive) discover
[0.366s] INFO:colcon.colcon_core.package_discovery:Crawling recursively for packages in '/home/rosdev/ros2_ws_lab/lab1'
[0.366s] Level 1:colcon.colcon_core.package_identification:_identify(.) by extensions ['ignore', 'ignore_ament_install']
[0.366s] Level 1:colcon.colcon_core.package_identification:_identify(.) by extension 'ignore'
[0.366s] Level 1:colcon.colcon_core.package_identification:_identify(.) by extension 'ignore_ament_install'
[0.366s] Level 1:colcon.colcon_core.package_identification:_identify(.) by extensions ['colcon_pkg']
[0.366s] Level 1:colcon.colcon_core.package_identification:_identify(.) by extension 'colcon_pkg'
[0.366s] Level 1:colcon.colcon_core.package_identification:_identify(.) by extensions ['colcon_meta']
[0.366s] Level 1:colcon.colcon_core.package_identification:_identify(.) by extension 'colcon_meta'
[0.366s] Level 1:colcon.colcon_core.package_identification:_identify(.) by extensions ['ros']
[0.366s] Level 1:colcon.colcon_core.package_identification:_identify(.) by extension 'ros'
[0.387s] Level 1:colcon.colcon_core.package_identification:_identify(.) by extensions ['cmake', 'python']
[0.387s] Level 1:colcon.colcon_core.package_identification:_identify(.) by extension 'cmake'
[0.387s] Level 1:colcon.colcon_core.package_identification:_identify(.) by extension 'python'
[0.387s] Level 1:colcon.colcon_core.package_identification:_identify(.) by extensions ['python_setup_py']
[0.387s] Level 1:colcon.colcon_core.package_identification:_identify(.) by extension 'python_setup_py'
[0.387s] Level 1:colcon.colcon_core.package_identification:_identify(build) by extensions ['ignore', 'ignore_ament_install']
[0.387s] Level 1:colcon.colcon_core.package_identification:_identify(build) by extension 'ignore'
[0.387s] Level 1:colcon.colcon_core.package_identification:_identify(build) ignored
[0.387s] Level 1:colcon.colcon_core.package_identification:_identify(install) by extensions ['ignore', 'ignore_ament_install']
[0.387s] Level 1:colcon.colcon_core.package_identification:_identify(install) by extension 'ignore'
[0.387s] Level 1:colcon.colcon_core.package_identification:_identify(install) ignored
[0.388s] Level 1:colcon.colcon_core.package_identification:_identify(log) by extensions ['ignore', 'ignore_ament_install']
[0.388s] Level 1:colcon.colcon_core.package_identification:_identify(log) by extension 'ignore'
[0.388s] Level 1:colcon.colcon_core.package_identification:_identify(log) ignored
[0.388s] Level 1:colcon.colcon_core.package_identification:_identify(src) by extensions ['ignore', 'ignore_ament_install']
[0.388s] Level 1:colcon.colcon_core.package_identification:_identify(src) by extension 'ignore'
[0.388s] Level 1:colcon.colcon_core.package_identification:_identify(src) by extension 'ignore_ament_install'
[0.388s] Level 1:colcon.colcon_core.package_identification:_identify(src) by extensions ['colcon_pkg']
[0.388s] Level 1:colcon.colcon_core.package_identification:_identify(src) by extension 'colcon_pkg'
[0.388s] Level 1:colcon.colcon_core.package_identification:_identify(src) by extensions ['colcon_meta']
[0.388s] Level 1:colcon.colcon_core.package_identification:_identify(src) by extension 'colcon_meta'
[0.388s] Level 1:colcon.colcon_core.package_identification:_identify(src) by extensions ['ros']
[0.388s] Level 1:colcon.colcon_core.package_identification:_identify(src) by extension 'ros'
[0.388s] Level 1:colcon.colcon_core.package_identification:_identify(src) by extensions ['cmake', 'python']
[0.389s] Level 1:colcon.colcon_core.package_identification:_identify(src) by extension 'cmake'
[0.389s] Level 1:colcon.colcon_core.package_identification:_identify(src) by extension 'python'
[0.389s] Level 1:colcon.colcon_core.package_identification:_identify(src) by extensions ['python_setup_py']
[0.389s] Level 1:colcon.colcon_core.package_identification:_identify(src) by extension 'python_setup_py'
[0.389s] Level 1:colcon.colcon_core.package_identification:_identify(src/turtlesim_goal) by extensions ['ignore', 'ignore_ament_install']
[0.389s] Level 1:colcon.colcon_core.package_identification:_identify(src/turtlesim_goal) by extension 'ignore'
[0.389s] Level 1:colcon.colcon_core.package_identification:_identify(src/turtlesim_goal) by extension 'ignore_ament_install'
[0.389s] Level 1:colcon.colcon_core.package_identification:_identify(src/turtlesim_goal) by extensions ['colcon_pkg']
[0.389s] Level 1:colcon.colcon_core.package_identification:_identify(src/turtlesim_goal) by extension 'colcon_pkg'
[0.389s] Level 1:colcon.colcon_core.package_identification:_identify(src/turtlesim_goal) by extensions ['colcon_meta']
[0.389s] Level 1:colcon.colcon_core.package_identification:_identify(src/turtlesim_goal) by extension 'colcon_meta'
[0.389s] Level 1:colcon.colcon_core.package_identification:_identify(src/turtlesim_goal) by extensions ['ros']
[0.389s] Level 1:colcon.colcon_core.package_identification:_identify(src/turtlesim_goal) by extension 'ros'
[0.392s] DEBUG:colcon.colcon_core.package_identification:Package 'src/turtlesim_goal' with type 'ros.ament_cmake' and name 'turtlesim_goal'
[0.392s] Level 1:colcon.colcon_core.package_discovery:discover_packages(recursive) using defaults
[0.392s] Level 1:colcon.colcon_core.package_discovery:discover_packages(ignore) discover
[0.392s] Level 1:colcon.colcon_core.package_discovery:discover_packages(ignore) using defaults
[0.393s] Level 1:colcon.colcon_core.package_discovery:discover_packages(path) discover
[0.393s] Level 1:colcon.colcon_core.package_discovery:discover_packages(path) using defaults
[0.413s] Level 1:colcon.colcon_core.package_discovery:discover_packages(prefix_path) check parameters
[0.413s] Level 1:colcon.colcon_core.package_discovery:discover_packages(prefix_path) discover
[0.415s] DEBUG:colcon.colcon_installed_package_information.package_discovery:Found 1 installed packages in /home/rosdev/demos/install
[0.417s] DEBUG:colcon.colcon_installed_package_information.package_discovery:Found 323 installed packages in /opt/ros/humble
[0.420s] Level 1:colcon.colcon_core.package_discovery:discover_packages(prefix_path) using defaults
[0.477s] Level 5:colcon.colcon_core.verb:set package 'turtlesim_goal' build argument 'cmake_args' from command line to 'None'
[0.477s] Level 5:colcon.colcon_core.verb:set package 'turtlesim_goal' build argument 'cmake_target' from command line to 'None'
[0.478s] Level 5:colcon.colcon_core.verb:set package 'turtlesim_goal' build argument 'cmake_target_skip_unavailable' from command line to 'False'
[0.478s] Level 5:colcon.colcon_core.verb:set package 'turtlesim_goal' build argument 'cmake_clean_cache' from command line to 'False'
[0.478s] Level 5:colcon.colcon_core.verb:set package 'turtlesim_goal' build argument 'cmake_clean_first' from command line to 'False'
[0.478s] Level 5:colcon.colcon_core.verb:set package 'turtlesim_goal' build argument 'cmake_force_configure' from command line to 'False'
[0.478s] Level 5:colcon.colcon_core.verb:set package 'turtlesim_goal' build argument 'ament_cmake_args' from command line to 'None'
[0.478s] Level 5:colcon.colcon_core.verb:set package 'turtlesim_goal' build argument 'catkin_cmake_args' from command line to 'None'
[0.478s] Level 5:colcon.colcon_core.verb:set package 'turtlesim_goal' build argument 'catkin_skip_building_tests' from command line to 'False'
[0.478s] DEBUG:colcon.colcon_core.verb:Building package 'turtlesim_goal' with the following arguments: {'ament_cmake_args': None, 'build_base': '/home/rosdev/ros2_ws_lab/lab1/build/turtlesim_goal', 'catkin_cmake_args': None, 'catkin_skip_building_tests': False, 'cmake_args': None, 'cmake_clean_cache': False, 'cmake_clean_first': False, 'cmake_force_configure': False, 'cmake_target': None, 'cmake_target_skip_unavailable': False, 'install_base': '/home/rosdev/ros2_ws_lab/lab1/install/turtlesim_goal', 'merge_install': False, 'path': '/home/rosdev/ros2_ws_lab/lab1/src/turtlesim_goal', 'symlink_install': False, 'test_result_base': None}
[0.478s] INFO:colcon.colcon_core.executor:Executing jobs using 'parallel' executor
[0.479s] DEBUG:colcon.colcon_parallel_executor.executor.parallel:run_until_complete
[0.480s] INFO:colcon.colcon_ros.task.ament_cmake.build:Building ROS package in '/home/rosdev/ros2_ws_lab/lab1/src/turtlesim_goal' with build type 'ament_cmake'
[0.480s] INFO:colcon.colcon_cmake.task.cmake.build:Building CMake package in '/home/rosdev/ros2_ws_lab/lab1/src/turtlesim_goal'
[0.482s] INFO:colcon.colcon_core.plugin_system:Skipping extension 'colcon_core.shell.bat': Not used on non-Windows systems
[0.482s] INFO:colcon.colcon_core.shell:Skip shell extension 'powershell' for command environment: Not usable outside of PowerShell
[0.482s] DEBUG:colcon.colcon_core.shell:Skip shell extension 'dsv' for command environment
[0.492s] DEBUG:colcon.colcon_core.event_handler.log_command:Invoking command in '/home/rosdev/ros2_ws_lab/lab1/build/turtlesim_goal': CMAKE_PREFIX_PATH=${CMAKE_PREFIX_PATH}:/opt/ros/humble /usr/bin/cmake /home/rosdev/ros2_ws_lab/lab1/src/turtlesim_goal -DCMAKE_INSTALL_PREFIX=/home/rosdev/ros2_ws_lab/lab1/install/turtlesim_goal
[1.963s] DEBUG:colcon.colcon_core.event_handler.log_command:Invoked command in '/home/rosdev/ros2_ws_lab/lab1/build/turtlesim_goal' returned '0': CMAKE_PREFIX_PATH=${CMAKE_PREFIX_PATH}:/opt/ros/humble /usr/bin/cmake /home/rosdev/ros2_ws_lab/lab1/src/turtlesim_goal -DCMAKE_INSTALL_PREFIX=/home/rosdev/ros2_ws_lab/lab1/install/turtlesim_goal
[1.966s] DEBUG:colcon.colcon_core.event_handler.log_command:Invoking command in '/home/rosdev/ros2_ws_lab/lab1/build/turtlesim_goal': CMAKE_PREFIX_PATH=${CMAKE_PREFIX_PATH}:/opt/ros/humble /usr/bin/cmake --build /home/rosdev/ros2_ws_lab/lab1/build/turtlesim_goal -- -j12 -l12
[2.387s] DEBUG:colcon.colcon_core.event_handler.log_command:Invoked command in '/home/rosdev/ros2_ws_lab/lab1/build/turtlesim_goal' returned '0': CMAKE_PREFIX_PATH=${CMAKE_PREFIX_PATH}:/opt/ros/humble /usr/bin/cmake --build /home/rosdev/ros2_ws_lab/lab1/build/turtlesim_goal -- -j12 -l12
[2.400s] DEBUG:colcon.colcon_core.event_handler.log_command:Invoking command in '/home/rosdev/ros2_ws_lab/lab1/build/turtlesim_goal': CMAKE_PREFIX_PATH=${CMAKE_PREFIX_PATH}:/opt/ros/humble /usr/bin/cmake --install /home/rosdev/ros2_ws_lab/lab1/build/turtlesim_goal
[2.464s] Level 1:colcon.colcon_core.environment:create_environment_scripts_only(turtlesim_goal)
[2.465s] DEBUG:colcon.colcon_core.event_handler.log_command:Invoked command in '/home/rosdev/ros2_ws_lab/lab1/build/turtlesim_goal' returned '0': CMAKE_PREFIX_PATH=${CMAKE_PREFIX_PATH}:/opt/ros/humble /usr/bin/cmake --install /home/rosdev/ros2_ws_lab/lab1/build/turtlesim_goal
[2.470s] Level 1:colcon.colcon_core.environment:checking '/home/rosdev/ros2_ws_lab/lab1/install/turtlesim_goal' for CMake module files
[2.471s] Level 1:colcon.colcon_core.environment:checking '/home/rosdev/ros2_ws_lab/lab1/install/turtlesim_goal' for CMake config files
[2.472s] Level 1:colcon.colcon_core.shell:create_environment_hook('turtlesim_goal', 'cmake_prefix_path')
[2.472s] INFO:colcon.colcon_core.shell:Creating environment hook '/home/rosdev/ros2_ws_lab/lab1/install/turtlesim_goal/share/turtlesim_goal/hook/cmake_prefix_path.ps1'
[2.474s] INFO:colcon.colcon_core.shell:Creating environment descriptor '/home/rosdev/ros2_ws_lab/lab1/install/turtlesim_goal/share/turtlesim_goal/hook/cmake_prefix_path.dsv'
[2.475s] INFO:colcon.colcon_core.shell:Creating environment hook '/home/rosdev/ros2_ws_lab/lab1/install/turtlesim_goal/share/turtlesim_goal/hook/cmake_prefix_path.sh'
[2.477s] Level 1:colcon.colcon_core.environment:checking '/home/rosdev/ros2_ws_lab/lab1/install/turtlesim_goal/lib'
[2.477s] Level 1:colcon.colcon_core.environment:checking '/home/rosdev/ros2_ws_lab/lab1/install/turtlesim_goal/bin'
[2.477s] Level 1:colcon.colcon_core.environment:checking '/home/rosdev/ros2_ws_lab/lab1/install/turtlesim_goal/lib/pkgconfig/turtlesim_goal.pc'
[2.478s] Level 1:colcon.colcon_core.environment:checking '/home/rosdev/ros2_ws_lab/lab1/install/turtlesim_goal/lib/python3.10/site-packages'
[2.478s] Level 1:colcon.colcon_core.environment:checking '/home/rosdev/ros2_ws_lab/lab1/install/turtlesim_goal/bin'
[2.479s] INFO:colcon.colcon_core.shell:Creating package script '/home/rosdev/ros2_ws_lab/lab1/install/turtlesim_goal/share/turtlesim_goal/package.ps1'
[2.480s] INFO:colcon.colcon_core.shell:Creating package descriptor '/home/rosdev/ros2_ws_lab/lab1/install/turtlesim_goal/share/turtlesim_goal/package.dsv'
[2.483s] INFO:colcon.colcon_core.shell:Creating package script '/home/rosdev/ros2_ws_lab/lab1/install/turtlesim_goal/share/turtlesim_goal/package.sh'
[2.485s] INFO:colcon.colcon_core.shell:Creating package script '/home/rosdev/ros2_ws_lab/lab1/install/turtlesim_goal/share/turtlesim_goal/package.bash'
[2.487s] INFO:colcon.colcon_core.shell:Creating package script '/home/rosdev/ros2_ws_lab/lab1/install/turtlesim_goal/share/turtlesim_goal/package.zsh'
[2.489s] Level 1:colcon.colcon_core.environment:create_file_with_runtime_dependencies(/home/rosdev/ros2_ws_lab/lab1/install/turtlesim_goal/share/colcon-core/packages/turtlesim_goal)
[2.491s] Level 1:colcon.colcon_core.environment:create_environment_scripts_only(turtlesim_goal)
[2.492s] Level 1:colcon.colcon_core.environment:checking '/home/rosdev/ros2_ws_lab/lab1/install/turtlesim_goal' for CMake module files
[2.493s] Level 1:colcon.colcon_core.environment:checking '/home/rosdev/ros2_ws_lab/lab1/install/turtlesim_goal' for CMake config files
[2.494s] Level 1:colcon.colcon_core.shell:create_environment_hook('turtlesim_goal', 'cmake_prefix_path')
[2.495s] INFO:colcon.colcon_core.shell:Creating environment hook '/home/rosdev/ros2_ws_lab/lab1/install/turtlesim_goal/share/turtlesim_goal/hook/cmake_prefix_path.ps1'
[2.496s] INFO:colcon.colcon_core.shell:Creating environment descriptor '/home/rosdev/ros2_ws_lab/lab1/install/turtlesim_goal/share/turtlesim_goal/hook/cmake_prefix_path.dsv'
[2.497s] INFO:colcon.colcon_core.shell:Creating environment hook '/home/rosdev/ros2_ws_lab/lab1/install/turtlesim_goal/share/turtlesim_goal/hook/cmake_prefix_path.sh'
[2.498s] Level 1:colcon.colcon_core.environment:checking '/home/rosdev/ros2_ws_lab/lab1/install/turtlesim_goal/lib'
[2.498s] Level 1:colcon.colcon_core.environment:checking '/home/rosdev/ros2_ws_lab/lab1/install/turtlesim_goal/bin'
[2.498s] Level 1:colcon.colcon_core.environment:checking '/home/rosdev/ros2_ws_lab/lab1/install/turtlesim_goal/lib/pkgconfig/turtlesim_goal.pc'
[2.499s] Level 1:colcon.colcon_core.environment:checking '/home/rosdev/ros2_ws_lab/lab1/install/turtlesim_goal/lib/python3.10/site-packages'
[2.499s] Level 1:colcon.colcon_core.environment:checking '/home/rosdev/ros2_ws_lab/lab1/install/turtlesim_goal/bin'
[2.500s] INFO:colcon.colcon_core.shell:Creating package script '/home/rosdev/ros2_ws_lab/lab1/install/turtlesim_goal/share/turtlesim_goal/package.ps1'
[2.502s] INFO:colcon.colcon_core.shell:Creating package descriptor '/home/rosdev/ros2_ws_lab/lab1/install/turtlesim_goal/share/turtlesim_goal/package.dsv'
[2.503s] INFO:colcon.colcon_core.shell:Creating package script '/home/rosdev/ros2_ws_lab/lab1/install/turtlesim_goal/share/turtlesim_goal/package.sh'
[2.504s] INFO:colcon.colcon_core.shell:Creating package script '/home/rosdev/ros2_ws_lab/lab1/install/turtlesim_goal/share/turtlesim_goal/package.bash'
[2.506s] INFO:colcon.colcon_core.shell:Creating package script '/home/rosdev/ros2_ws_lab/lab1/install/turtlesim_goal/share/turtlesim_goal/package.zsh'
[2.507s] Level 1:colcon.colcon_core.environment:create_file_with_runtime_dependencies(/home/rosdev/ros2_ws_lab/lab1/install/turtlesim_goal/share/colcon-core/packages/turtlesim_goal)
[2.507s] DEBUG:colcon.colcon_parallel_executor.executor.parallel:closing loop
[2.508s] DEBUG:colcon.colcon_parallel_executor.executor.parallel:loop closed
[2.508s] DEBUG:colcon.colcon_parallel_executor.executor.parallel:run_until_complete finished with '0'
[2.509s] DEBUG:colcon.colcon_core.event_reactor:joining thread
[2.522s] INFO:colcon.colcon_core.plugin_system:Skipping extension 'colcon_notification.desktop_notification.terminal_notifier': Not used on non-Darwin systems
[2.523s] INFO:colcon.colcon_core.plugin_system:Skipping extension 'colcon_notification.desktop_notification.win32': Not used on non-Windows systems
[2.523s] INFO:colcon.colcon_notification.desktop_notification:Sending desktop notification using 'notify2'
[2.566s] DEBUG:colcon.colcon_core.event_reactor:joined thread
[2.567s] INFO:colcon.colcon_core.shell:Creating prefix script '/home/rosdev/ros2_ws_lab/lab1/install/local_setup.ps1'
[2.569s] INFO:colcon.colcon_core.shell:Creating prefix util module '/home/rosdev/ros2_ws_lab/lab1/install/_local_setup_util_ps1.py'
[2.574s] INFO:colcon.colcon_core.shell:Creating prefix chain script '/home/rosdev/ros2_ws_lab/lab1/install/setup.ps1'
[2.577s] INFO:colcon.colcon_core.shell:Creating prefix script '/home/rosdev/ros2_ws_lab/lab1/install/local_setup.sh'
[2.578s] INFO:colcon.colcon_core.shell:Creating prefix util module '/home/rosdev/ros2_ws_lab/lab1/install/_local_setup_util_sh.py'
[2.579s] INFO:colcon.colcon_core.shell:Creating prefix chain script '/home/rosdev/ros2_ws_lab/lab1/install/setup.sh'
[2.582s] INFO:colcon.colcon_core.shell:Creating prefix script '/home/rosdev/ros2_ws_lab/lab1/install/local_setup.bash'
[2.584s] INFO:colcon.colcon_core.shell:Creating prefix chain script '/home/rosdev/ros2_ws_lab/lab1/install/setup.bash'
[2.586s] INFO:colcon.colcon_core.shell:Creating prefix script '/home/rosdev/ros2_ws_lab/lab1/install/local_setup.zsh'
[2.588s] INFO:colcon.colcon_core.shell:Creating prefix chain script '/home/rosdev/ros2_ws_lab/lab1/install/setup.zsh'
