[0.025s] Invoking command in '/home/rosdev/ros2_ws_lab/lab3/build/turtlebot3_node': AMENT_PREFIX_PATH=/home/rosdev/ros2_ws_lab/lab3/install/turtlebot3_msgs:/home/rosdev/ros2_ws_lab/lab3/install/dynamixel_sdk:${AMENT_PREFIX_PATH} CMAKE_PREFIX_PATH=/home/rosdev/ros2_ws_lab/lab3/install/turtlebot3_msgs:/home/rosdev/ros2_ws_lab/lab3/install/dynamixel_sdk:/home/rosdev/turtlebot3_ws/install/turtlebot3:/home/rosdev/turtlebot3_ws/install/turtlebot3_bringup:/home/rosdev/turtlebot3_ws/install/turtlebot3_node:/home/rosdev/turtlebot3_ws/install/turtlebot3_navigation2:/home/rosdev/turtlebot3_ws/install/turtlebot3_msgs:/home/rosdev/turtlebot3_ws/install/turtlebot3_description:/home/rosdev/turtlebot3_ws/install/turtlebot3_cartographer:/home/rosdev/turtlebot3_ws/install/dynamixel_sdk_examples:/home/rosdev/turtlebot3_ws/install/dynamixel_sdk_custom_interfaces:/home/rosdev/turtlebot3_ws/install/dynamixel_sdk:/home/rosdev/turtlebot3_ws/install/turtlebot3_teleop:/home/rosdev/turtlebot3_ws/install/turtlebot3_example:/opt/ros/humble LD_LIBRARY_PATH=/home/rosdev/ros2_ws_lab/lab3/install/turtlebot3_msgs/lib:/home/rosdev/ros2_ws_lab/lab3/install/dynamixel_sdk/lib:/home/rosdev/turtlebot3_ws/install/turtlebot3_msgs/lib:/home/rosdev/turtlebot3_ws/install/dynamixel_sdk_custom_interfaces/lib:/home/rosdev/turtlebot3_ws/install/dynamixel_sdk/lib:/usr/lib/x86_64-linux-gnu/gazebo-11/plugins:/opt/ros/humble/opt/rviz_ogre_vendor/lib:/opt/ros/humble/lib/x86_64-linux-gnu:/opt/ros/humble/lib:/usr/share/gazebo/../../lib/x86_64-linux-gnu/gazebo-11/plugins:/usr/share/gazebo/../../lib/x86_64-linux-gnu/gazebo-11/plugins:/usr/share/gazebo/../../lib/x86_64-linux-gnu/gazebo-11/plugins PYTHONPATH=/home/rosdev/ros2_ws_lab/lab3/install/turtlebot3_msgs/local/lib/python3.10/dist-packages:/home/rosdev/ros2_ws_lab/lab3/install/dynamixel_sdk/local/lib/python3.10/dist-packages:${PYTHONPATH} /usr/bin/cmake /home/rosdev/ros2_ws_lab/lab3/src/turtlebot3/turtlebot3_node -DAMENT_CMAKE_SYMLINK_INSTALL=1 -DCMAKE_INSTALL_PREFIX=/home/rosdev/ros2_ws_lab/lab3/install/turtlebot3_node
[0.080s] -- The C compiler identification is GNU 11.4.0
[0.137s] -- The CXX compiler identification is GNU 11.4.0
[0.145s] -- Detecting C compiler ABI info
[0.216s] -- Detecting C compiler ABI info - done
[0.231s] -- Check for working C compiler: /usr/bin/cc - skipped
[0.231s] -- Detecting C compile features
[0.232s] -- Detecting C compile features - done
[0.237s] -- Detecting CXX compiler ABI info
[0.322s] -- Detecting CXX compiler ABI info - done
[0.341s] -- Check for working CXX compiler: /usr/bin/c++ - skipped
[0.341s] -- Detecting CXX compile features
[0.342s] -- Detecting CXX compile features - done
[0.349s] -- Found ament_cmake: 1.3.11 (/opt/ros/humble/share/ament_cmake/cmake)
[0.538s] -- Found Python3: /usr/bin/python3 (found version "3.10.12") found components: Interpreter 
[0.614s] -- Override CMake install command with custom implementation using symlinks instead of copying resources
[0.656s] -- Found dynamixel_sdk: 3.8.3 (/home/rosdev/ros2_ws_lab/lab3/install/dynamixel_sdk/share/dynamixel_sdk/cmake)
[0.660s] -- Found geometry_msgs: 4.8.0 (/opt/ros/humble/share/geometry_msgs/cmake)
[0.713s] -- Found rosidl_generator_c: 3.1.6 (/opt/ros/humble/share/rosidl_generator_c/cmake)
[0.721s] -- Found rosidl_adapter: 3.1.6 (/opt/ros/humble/share/rosidl_adapter/cmake)
[0.734s] -- Found rosidl_generator_cpp: 3.1.6 (/opt/ros/humble/share/rosidl_generator_cpp/cmake)
[0.752s] -- Using all available rosidl_typesupport_c: rosidl_typesupport_fastrtps_c;rosidl_typesupport_introspection_c
[0.776s] -- Using all available rosidl_typesupport_cpp: rosidl_typesupport_fastrtps_cpp;rosidl_typesupport_introspection_cpp
[0.829s] -- Found message_filters: 4.3.7 (/opt/ros/humble/share/message_filters/cmake)
[0.890s] -- Found rmw_implementation_cmake: 6.1.2 (/opt/ros/humble/share/rmw_implementation_cmake/cmake)
[0.895s] -- Found rmw_fastrtps_cpp: 6.2.7 (/opt/ros/humble/share/rmw_fastrtps_cpp/cmake)
[0.990s] -- Found OpenSSL: /usr/lib/x86_64-linux-gnu/libcrypto.so (found version "3.0.2")  
[1.019s] -- Found FastRTPS: /opt/ros/humble/include  
[1.065s] -- Using RMW implementation 'rmw_fastrtps_cpp' as default
[1.079s] -- Looking for pthread.h
[1.155s] -- Looking for pthread.h - found
[1.156s] -- Performing Test CMAKE_HAVE_LIBC_PTHREAD
[1.237s] -- Performing Test CMAKE_HAVE_LIBC_PTHREAD - Success
[1.239s] -- Found Threads: TRUE  
[1.311s] -- Found nav_msgs: 4.8.0 (/opt/ros/humble/share/nav_msgs/cmake)
[1.337s] -- Found sensor_msgs: 4.8.0 (/opt/ros/humble/share/sensor_msgs/cmake)
[1.363s] -- Found std_srvs: 4.8.0 (/opt/ros/humble/share/std_srvs/cmake)
[1.380s] -- Found tf2: 0.25.12 (/opt/ros/humble/share/tf2/cmake)
[1.395s] -- Found tf2_ros: 0.25.12 (/opt/ros/humble/share/tf2_ros/cmake)
[1.520s] -- Found turtlebot3_msgs: 2.4.0 (/home/rosdev/ros2_ws_lab/lab3/install/turtlebot3_msgs/share/turtlebot3_msgs/cmake)
[1.640s] -- Configuring done
[1.662s] -- Generating done
[1.668s] -- Build files have been written to: /home/rosdev/ros2_ws_lab/lab3/build/turtlebot3_node
[1.679s] Invoked command in '/home/rosdev/ros2_ws_lab/lab3/build/turtlebot3_node' returned '0': AMENT_PREFIX_PATH=/home/rosdev/ros2_ws_lab/lab3/install/turtlebot3_msgs:/home/rosdev/ros2_ws_lab/lab3/install/dynamixel_sdk:${AMENT_PREFIX_PATH} CMAKE_PREFIX_PATH=/home/rosdev/ros2_ws_lab/lab3/install/turtlebot3_msgs:/home/rosdev/ros2_ws_lab/lab3/install/dynamixel_sdk:/home/rosdev/turtlebot3_ws/install/turtlebot3:/home/rosdev/turtlebot3_ws/install/turtlebot3_bringup:/home/rosdev/turtlebot3_ws/install/turtlebot3_node:/home/rosdev/turtlebot3_ws/install/turtlebot3_navigation2:/home/rosdev/turtlebot3_ws/install/turtlebot3_msgs:/home/rosdev/turtlebot3_ws/install/turtlebot3_description:/home/rosdev/turtlebot3_ws/install/turtlebot3_cartographer:/home/rosdev/turtlebot3_ws/install/dynamixel_sdk_examples:/home/rosdev/turtlebot3_ws/install/dynamixel_sdk_custom_interfaces:/home/rosdev/turtlebot3_ws/install/dynamixel_sdk:/home/rosdev/turtlebot3_ws/install/turtlebot3_teleop:/home/rosdev/turtlebot3_ws/install/turtlebot3_example:/opt/ros/humble LD_LIBRARY_PATH=/home/rosdev/ros2_ws_lab/lab3/install/turtlebot3_msgs/lib:/home/rosdev/ros2_ws_lab/lab3/install/dynamixel_sdk/lib:/home/rosdev/turtlebot3_ws/install/turtlebot3_msgs/lib:/home/rosdev/turtlebot3_ws/install/dynamixel_sdk_custom_interfaces/lib:/home/rosdev/turtlebot3_ws/install/dynamixel_sdk/lib:/usr/lib/x86_64-linux-gnu/gazebo-11/plugins:/opt/ros/humble/opt/rviz_ogre_vendor/lib:/opt/ros/humble/lib/x86_64-linux-gnu:/opt/ros/humble/lib:/usr/share/gazebo/../../lib/x86_64-linux-gnu/gazebo-11/plugins:/usr/share/gazebo/../../lib/x86_64-linux-gnu/gazebo-11/plugins:/usr/share/gazebo/../../lib/x86_64-linux-gnu/gazebo-11/plugins PYTHONPATH=/home/rosdev/ros2_ws_lab/lab3/install/turtlebot3_msgs/local/lib/python3.10/dist-packages:/home/rosdev/ros2_ws_lab/lab3/install/dynamixel_sdk/local/lib/python3.10/dist-packages:${PYTHONPATH} /usr/bin/cmake /home/rosdev/ros2_ws_lab/lab3/src/turtlebot3/turtlebot3_node -DAMENT_CMAKE_SYMLINK_INSTALL=1 -DCMAKE_INSTALL_PREFIX=/home/rosdev/ros2_ws_lab/lab3/install/turtlebot3_node
[1.681s] Invoking command in '/home/rosdev/ros2_ws_lab/lab3/build/turtlebot3_node': AMENT_PREFIX_PATH=/home/rosdev/ros2_ws_lab/lab3/install/turtlebot3_msgs:/home/rosdev/ros2_ws_lab/lab3/install/dynamixel_sdk:${AMENT_PREFIX_PATH} CMAKE_PREFIX_PATH=/home/rosdev/ros2_ws_lab/lab3/install/turtlebot3_msgs:/home/rosdev/ros2_ws_lab/lab3/install/dynamixel_sdk:/home/rosdev/turtlebot3_ws/install/turtlebot3:/home/rosdev/turtlebot3_ws/install/turtlebot3_bringup:/home/rosdev/turtlebot3_ws/install/turtlebot3_node:/home/rosdev/turtlebot3_ws/install/turtlebot3_navigation2:/home/rosdev/turtlebot3_ws/install/turtlebot3_msgs:/home/rosdev/turtlebot3_ws/install/turtlebot3_description:/home/rosdev/turtlebot3_ws/install/turtlebot3_cartographer:/home/rosdev/turtlebot3_ws/install/dynamixel_sdk_examples:/home/rosdev/turtlebot3_ws/install/dynamixel_sdk_custom_interfaces:/home/rosdev/turtlebot3_ws/install/dynamixel_sdk:/home/rosdev/turtlebot3_ws/install/turtlebot3_teleop:/home/rosdev/turtlebot3_ws/install/turtlebot3_example:/opt/ros/humble LD_LIBRARY_PATH=/home/rosdev/ros2_ws_lab/lab3/install/turtlebot3_msgs/lib:/home/rosdev/ros2_ws_lab/lab3/install/dynamixel_sdk/lib:/home/rosdev/turtlebot3_ws/install/turtlebot3_msgs/lib:/home/rosdev/turtlebot3_ws/install/dynamixel_sdk_custom_interfaces/lib:/home/rosdev/turtlebot3_ws/install/dynamixel_sdk/lib:/usr/lib/x86_64-linux-gnu/gazebo-11/plugins:/opt/ros/humble/opt/rviz_ogre_vendor/lib:/opt/ros/humble/lib/x86_64-linux-gnu:/opt/ros/humble/lib:/usr/share/gazebo/../../lib/x86_64-linux-gnu/gazebo-11/plugins:/usr/share/gazebo/../../lib/x86_64-linux-gnu/gazebo-11/plugins:/usr/share/gazebo/../../lib/x86_64-linux-gnu/gazebo-11/plugins PYTHONPATH=/home/rosdev/ros2_ws_lab/lab3/install/turtlebot3_msgs/local/lib/python3.10/dist-packages:/home/rosdev/ros2_ws_lab/lab3/install/dynamixel_sdk/local/lib/python3.10/dist-packages:${PYTHONPATH} /usr/bin/cmake --build /home/rosdev/ros2_ws_lab/lab3/build/turtlebot3_node -- -j12 -l12
[1.739s] [ 21%] [32mBuilding CXX object CMakeFiles/turtlebot3_node_lib.dir/src/devices/reset.cpp.o[0m
[1.740s] [ 21%] [32mBuilding CXX object CMakeFiles/turtlebot3_node_lib.dir/src/devices/sound.cpp.o[0m
[1.740s] [ 21%] [32mBuilding CXX object CMakeFiles/turtlebot3_node_lib.dir/src/devices/motor_power.cpp.o[0m
[1.740s] [ 28%] [32mBuilding CXX object CMakeFiles/turtlebot3_node_lib.dir/src/dynamixel_sdk_wrapper.cpp.o[0m
[1.740s] [ 42%] [32mBuilding CXX object CMakeFiles/turtlebot3_node_lib.dir/src/turtlebot3.cpp.o[0m
[1.740s] [ 35%] [32mBuilding CXX object CMakeFiles/turtlebot3_node_lib.dir/src/odometry.cpp.o[0m
[1.741s] [ 50%] [32mBuilding CXX object CMakeFiles/turtlebot3_node_lib.dir/src/sensors/battery_state.cpp.o[0m
[1.741s] [ 57%] [32mBuilding CXX object CMakeFiles/turtlebot3_node_lib.dir/src/sensors/imu.cpp.o[0m
[1.741s] [ 64%] [32mBuilding CXX object CMakeFiles/turtlebot3_node_lib.dir/src/sensors/sensor_state.cpp.o[0m
[1.743s] [ 71%] [32mBuilding CXX object CMakeFiles/turtlebot3_node_lib.dir/src/diff_drive_controller.cpp.o[0m
[1.745s] [ 78%] [32mBuilding CXX object CMakeFiles/turtlebot3_node_lib.dir/src/sensors/joint_state.cpp.o[0m
[21.624s] [ 85%] [32m[1mLinking CXX static library libturtlebot3_node_lib.a[0m
[22.376s] [ 85%] Built target turtlebot3_node_lib
[22.405s] [ 92%] [32mBuilding CXX object CMakeFiles/turtlebot3_ros.dir/src/node_main.cpp.o[0m
[26.740s] [100%] [32m[1mLinking CXX executable turtlebot3_ros[0m
[28.941s] [100%] Built target turtlebot3_ros
[28.952s] Invoked command in '/home/rosdev/ros2_ws_lab/lab3/build/turtlebot3_node' returned '0': AMENT_PREFIX_PATH=/home/rosdev/ros2_ws_lab/lab3/install/turtlebot3_msgs:/home/rosdev/ros2_ws_lab/lab3/install/dynamixel_sdk:${AMENT_PREFIX_PATH} CMAKE_PREFIX_PATH=/home/rosdev/ros2_ws_lab/lab3/install/turtlebot3_msgs:/home/rosdev/ros2_ws_lab/lab3/install/dynamixel_sdk:/home/rosdev/turtlebot3_ws/install/turtlebot3:/home/rosdev/turtlebot3_ws/install/turtlebot3_bringup:/home/rosdev/turtlebot3_ws/install/turtlebot3_node:/home/rosdev/turtlebot3_ws/install/turtlebot3_navigation2:/home/rosdev/turtlebot3_ws/install/turtlebot3_msgs:/home/rosdev/turtlebot3_ws/install/turtlebot3_description:/home/rosdev/turtlebot3_ws/install/turtlebot3_cartographer:/home/rosdev/turtlebot3_ws/install/dynamixel_sdk_examples:/home/rosdev/turtlebot3_ws/install/dynamixel_sdk_custom_interfaces:/home/rosdev/turtlebot3_ws/install/dynamixel_sdk:/home/rosdev/turtlebot3_ws/install/turtlebot3_teleop:/home/rosdev/turtlebot3_ws/install/turtlebot3_example:/opt/ros/humble LD_LIBRARY_PATH=/home/rosdev/ros2_ws_lab/lab3/install/turtlebot3_msgs/lib:/home/rosdev/ros2_ws_lab/lab3/install/dynamixel_sdk/lib:/home/rosdev/turtlebot3_ws/install/turtlebot3_msgs/lib:/home/rosdev/turtlebot3_ws/install/dynamixel_sdk_custom_interfaces/lib:/home/rosdev/turtlebot3_ws/install/dynamixel_sdk/lib:/usr/lib/x86_64-linux-gnu/gazebo-11/plugins:/opt/ros/humble/opt/rviz_ogre_vendor/lib:/opt/ros/humble/lib/x86_64-linux-gnu:/opt/ros/humble/lib:/usr/share/gazebo/../../lib/x86_64-linux-gnu/gazebo-11/plugins:/usr/share/gazebo/../../lib/x86_64-linux-gnu/gazebo-11/plugins:/usr/share/gazebo/../../lib/x86_64-linux-gnu/gazebo-11/plugins PYTHONPATH=/home/rosdev/ros2_ws_lab/lab3/install/turtlebot3_msgs/local/lib/python3.10/dist-packages:/home/rosdev/ros2_ws_lab/lab3/install/dynamixel_sdk/local/lib/python3.10/dist-packages:${PYTHONPATH} /usr/bin/cmake --build /home/rosdev/ros2_ws_lab/lab3/build/turtlebot3_node -- -j12 -l12
[28.954s] Invoking command in '/home/rosdev/ros2_ws_lab/lab3/build/turtlebot3_node': AMENT_PREFIX_PATH=/home/rosdev/ros2_ws_lab/lab3/install/turtlebot3_msgs:/home/rosdev/ros2_ws_lab/lab3/install/dynamixel_sdk:${AMENT_PREFIX_PATH} CMAKE_PREFIX_PATH=/home/rosdev/ros2_ws_lab/lab3/install/turtlebot3_msgs:/home/rosdev/ros2_ws_lab/lab3/install/dynamixel_sdk:/home/rosdev/turtlebot3_ws/install/turtlebot3:/home/rosdev/turtlebot3_ws/install/turtlebot3_bringup:/home/rosdev/turtlebot3_ws/install/turtlebot3_node:/home/rosdev/turtlebot3_ws/install/turtlebot3_navigation2:/home/rosdev/turtlebot3_ws/install/turtlebot3_msgs:/home/rosdev/turtlebot3_ws/install/turtlebot3_description:/home/rosdev/turtlebot3_ws/install/turtlebot3_cartographer:/home/rosdev/turtlebot3_ws/install/dynamixel_sdk_examples:/home/rosdev/turtlebot3_ws/install/dynamixel_sdk_custom_interfaces:/home/rosdev/turtlebot3_ws/install/dynamixel_sdk:/home/rosdev/turtlebot3_ws/install/turtlebot3_teleop:/home/rosdev/turtlebot3_ws/install/turtlebot3_example:/opt/ros/humble LD_LIBRARY_PATH=/home/rosdev/ros2_ws_lab/lab3/install/turtlebot3_msgs/lib:/home/rosdev/ros2_ws_lab/lab3/install/dynamixel_sdk/lib:/home/rosdev/turtlebot3_ws/install/turtlebot3_msgs/lib:/home/rosdev/turtlebot3_ws/install/dynamixel_sdk_custom_interfaces/lib:/home/rosdev/turtlebot3_ws/install/dynamixel_sdk/lib:/usr/lib/x86_64-linux-gnu/gazebo-11/plugins:/opt/ros/humble/opt/rviz_ogre_vendor/lib:/opt/ros/humble/lib/x86_64-linux-gnu:/opt/ros/humble/lib:/usr/share/gazebo/../../lib/x86_64-linux-gnu/gazebo-11/plugins:/usr/share/gazebo/../../lib/x86_64-linux-gnu/gazebo-11/plugins:/usr/share/gazebo/../../lib/x86_64-linux-gnu/gazebo-11/plugins PYTHONPATH=/home/rosdev/ros2_ws_lab/lab3/install/turtlebot3_msgs/local/lib/python3.10/dist-packages:/home/rosdev/ros2_ws_lab/lab3/install/dynamixel_sdk/local/lib/python3.10/dist-packages:${PYTHONPATH} /usr/bin/cmake --install /home/rosdev/ros2_ws_lab/lab3/build/turtlebot3_node
[28.962s] -- Install configuration: ""
[28.962s] -- Execute custom install script
[28.963s] -- Symlinking: /home/rosdev/ros2_ws_lab/lab3/install/turtlebot3_node/share/turtlebot3_node/param/burger.yaml
[28.973s] -- Symlinking: /home/rosdev/ros2_ws_lab/lab3/install/turtlebot3_node/share/turtlebot3_node/param/waffle.yaml
[28.982s] -- Symlinking: /home/rosdev/ros2_ws_lab/lab3/install/turtlebot3_node/share/turtlebot3_node/param/waffle_pi.yaml
[28.993s] -- Symlinking: /home/rosdev/ros2_ws_lab/lab3/install/turtlebot3_node/lib/turtlebot3_node/turtlebot3_ros
[29.004s] -- Symlinking: /home/rosdev/ros2_ws_lab/lab3/install/turtlebot3_node/share/ament_index/resource_index/package_run_dependencies/turtlebot3_node
[29.014s] -- Symlinking: /home/rosdev/ros2_ws_lab/lab3/install/turtlebot3_node/share/ament_index/resource_index/parent_prefix_path/turtlebot3_node
[29.024s] -- Symlinking: /home/rosdev/ros2_ws_lab/lab3/install/turtlebot3_node/share/turtlebot3_node/environment/ament_prefix_path.sh
[29.035s] -- Symlinking: /home/rosdev/ros2_ws_lab/lab3/install/turtlebot3_node/share/turtlebot3_node/environment/ament_prefix_path.dsv
[29.044s] -- Symlinking: /home/rosdev/ros2_ws_lab/lab3/install/turtlebot3_node/share/turtlebot3_node/environment/path.sh
[29.054s] -- Symlinking: /home/rosdev/ros2_ws_lab/lab3/install/turtlebot3_node/share/turtlebot3_node/environment/path.dsv
[29.064s] -- Symlinking: /home/rosdev/ros2_ws_lab/lab3/install/turtlebot3_node/share/turtlebot3_node/local_setup.bash
[29.074s] -- Symlinking: /home/rosdev/ros2_ws_lab/lab3/install/turtlebot3_node/share/turtlebot3_node/local_setup.sh
[29.084s] -- Symlinking: /home/rosdev/ros2_ws_lab/lab3/install/turtlebot3_node/share/turtlebot3_node/local_setup.zsh
[29.094s] -- Symlinking: /home/rosdev/ros2_ws_lab/lab3/install/turtlebot3_node/share/turtlebot3_node/local_setup.dsv
[29.104s] -- Symlinking: /home/rosdev/ros2_ws_lab/lab3/install/turtlebot3_node/share/turtlebot3_node/package.dsv
[29.114s] -- Symlinking: /home/rosdev/ros2_ws_lab/lab3/install/turtlebot3_node/share/ament_index/resource_index/packages/turtlebot3_node
[29.125s] -- Symlinking: /home/rosdev/ros2_ws_lab/lab3/install/turtlebot3_node/share/turtlebot3_node/cmake/ament_cmake_export_include_directories-extras.cmake
[29.135s] -- Symlinking: /home/rosdev/ros2_ws_lab/lab3/install/turtlebot3_node/share/turtlebot3_node/cmake/turtlebot3_nodeConfig.cmake
[29.144s] -- Symlinking: /home/rosdev/ros2_ws_lab/lab3/install/turtlebot3_node/share/turtlebot3_node/cmake/turtlebot3_nodeConfig-version.cmake
[29.154s] -- Symlinking: /home/rosdev/ros2_ws_lab/lab3/install/turtlebot3_node/share/turtlebot3_node/package.xml
[29.167s] Invoked command in '/home/rosdev/ros2_ws_lab/lab3/build/turtlebot3_node' returned '0': AMENT_PREFIX_PATH=/home/rosdev/ros2_ws_lab/lab3/install/turtlebot3_msgs:/home/rosdev/ros2_ws_lab/lab3/install/dynamixel_sdk:${AMENT_PREFIX_PATH} CMAKE_PREFIX_PATH=/home/rosdev/ros2_ws_lab/lab3/install/turtlebot3_msgs:/home/rosdev/ros2_ws_lab/lab3/install/dynamixel_sdk:/home/rosdev/turtlebot3_ws/install/turtlebot3:/home/rosdev/turtlebot3_ws/install/turtlebot3_bringup:/home/rosdev/turtlebot3_ws/install/turtlebot3_node:/home/rosdev/turtlebot3_ws/install/turtlebot3_navigation2:/home/rosdev/turtlebot3_ws/install/turtlebot3_msgs:/home/rosdev/turtlebot3_ws/install/turtlebot3_description:/home/rosdev/turtlebot3_ws/install/turtlebot3_cartographer:/home/rosdev/turtlebot3_ws/install/dynamixel_sdk_examples:/home/rosdev/turtlebot3_ws/install/dynamixel_sdk_custom_interfaces:/home/rosdev/turtlebot3_ws/install/dynamixel_sdk:/home/rosdev/turtlebot3_ws/install/turtlebot3_teleop:/home/rosdev/turtlebot3_ws/install/turtlebot3_example:/opt/ros/humble LD_LIBRARY_PATH=/home/rosdev/ros2_ws_lab/lab3/install/turtlebot3_msgs/lib:/home/rosdev/ros2_ws_lab/lab3/install/dynamixel_sdk/lib:/home/rosdev/turtlebot3_ws/install/turtlebot3_msgs/lib:/home/rosdev/turtlebot3_ws/install/dynamixel_sdk_custom_interfaces/lib:/home/rosdev/turtlebot3_ws/install/dynamixel_sdk/lib:/usr/lib/x86_64-linux-gnu/gazebo-11/plugins:/opt/ros/humble/opt/rviz_ogre_vendor/lib:/opt/ros/humble/lib/x86_64-linux-gnu:/opt/ros/humble/lib:/usr/share/gazebo/../../lib/x86_64-linux-gnu/gazebo-11/plugins:/usr/share/gazebo/../../lib/x86_64-linux-gnu/gazebo-11/plugins:/usr/share/gazebo/../../lib/x86_64-linux-gnu/gazebo-11/plugins PYTHONPATH=/home/rosdev/ros2_ws_lab/lab3/install/turtlebot3_msgs/local/lib/python3.10/dist-packages:/home/rosdev/ros2_ws_lab/lab3/install/dynamixel_sdk/local/lib/python3.10/dist-packages:${PYTHONPATH} /usr/bin/cmake --install /home/rosdev/ros2_ws_lab/lab3/build/turtlebot3_node
