[0.037s] Invoking command in '/home/rosdev/ros2_ws_lab/lab3/build/turtlebot3_navigation2': CMAKE_PREFIX_PATH=${CMAKE_PREFIX_PATH}:/home/rosdev/ros2_ws_lab/lab3/install/turtlebot3_teleop:/home/rosdev/ros2_ws_lab/lab3/install/turtlebot3_example:/home/rosdev/turtlebot3_ws/install/turtlebot3_teleop:/home/rosdev/turtlebot3_ws/install/turtlebot3_example:/opt/ros/humble /usr/bin/cmake --build /home/rosdev/ros2_ws_lab/lab3/build/turtlebot3_navigation2 -- -j12 -l12
[0.496s] Invoked command in '/home/rosdev/ros2_ws_lab/lab3/build/turtlebot3_navigation2' returned '0': CMAKE_PREFIX_PATH=${CMAKE_PREFIX_PATH}:/home/rosdev/ros2_ws_lab/lab3/install/turtlebot3_teleop:/home/rosdev/ros2_ws_lab/lab3/install/turtlebot3_example:/home/rosdev/turtlebot3_ws/install/turtlebot3_teleop:/home/rosdev/turtlebot3_ws/install/turtlebot3_example:/opt/ros/humble /usr/bin/cmake --build /home/rosdev/ros2_ws_lab/lab3/build/turtlebot3_navigation2 -- -j12 -l12
[0.498s] Invoking command in '/home/rosdev/ros2_ws_lab/lab3/build/turtlebot3_navigation2': CMAKE_PREFIX_PATH=${CMAKE_PREFIX_PATH}:/home/rosdev/ros2_ws_lab/lab3/install/turtlebot3_teleop:/home/rosdev/ros2_ws_lab/lab3/install/turtlebot3_example:/home/rosdev/turtlebot3_ws/install/turtlebot3_teleop:/home/rosdev/turtlebot3_ws/install/turtlebot3_example:/opt/ros/humble /usr/bin/cmake --install /home/rosdev/ros2_ws_lab/lab3/build/turtlebot3_navigation2
[0.518s] -- Install configuration: ""
[0.518s] -- Up-to-date: /home/rosdev/ros2_ws_lab/lab3/install/turtlebot3_navigation2/share/turtlebot3_navigation2/launch
[0.518s] -- Up-to-date: /home/rosdev/ros2_ws_lab/lab3/install/turtlebot3_navigation2/share/turtlebot3_navigation2/launch/navigation2.launch.py
[0.518s] -- Up-to-date: /home/rosdev/ros2_ws_lab/lab3/install/turtlebot3_navigation2/share/turtlebot3_navigation2/map
[0.518s] -- Up-to-date: /home/rosdev/ros2_ws_lab/lab3/install/turtlebot3_navigation2/share/turtlebot3_navigation2/map/map.yaml
[0.518s] -- Up-to-date: /home/rosdev/ros2_ws_lab/lab3/install/turtlebot3_navigation2/share/turtlebot3_navigation2/map/map.pgm
[0.518s] -- Up-to-date: /home/rosdev/ros2_ws_lab/lab3/install/turtlebot3_navigation2/share/turtlebot3_navigation2/param
[0.518s] -- Up-to-date: /home/rosdev/ros2_ws_lab/lab3/install/turtlebot3_navigation2/share/turtlebot3_navigation2/param/burger.yaml
[0.518s] -- Up-to-date: /home/rosdev/ros2_ws_lab/lab3/install/turtlebot3_navigation2/share/turtlebot3_navigation2/param/humble
[0.519s] -- Up-to-date: /home/rosdev/ros2_ws_lab/lab3/install/turtlebot3_navigation2/share/turtlebot3_navigation2/param/humble/burger.yaml
[0.519s] -- Up-to-date: /home/rosdev/ros2_ws_lab/lab3/install/turtlebot3_navigation2/share/turtlebot3_navigation2/param/humble/waffle.yaml
[0.519s] -- Up-to-date: /home/rosdev/ros2_ws_lab/lab3/install/turtlebot3_navigation2/share/turtlebot3_navigation2/param/humble/waffle_pi.yaml
[0.519s] -- Up-to-date: /home/rosdev/ros2_ws_lab/lab3/install/turtlebot3_navigation2/share/turtlebot3_navigation2/param/humble/burger_cam.yaml
[0.519s] -- Up-to-date: /home/rosdev/ros2_ws_lab/lab3/install/turtlebot3_navigation2/share/turtlebot3_navigation2/param/waffle.yaml
[0.519s] -- Up-to-date: /home/rosdev/ros2_ws_lab/lab3/install/turtlebot3_navigation2/share/turtlebot3_navigation2/param/waffle_pi.yaml
[0.519s] -- Up-to-date: /home/rosdev/ros2_ws_lab/lab3/install/turtlebot3_navigation2/share/turtlebot3_navigation2/param/burger_cam.yaml
[0.519s] -- Up-to-date: /home/rosdev/ros2_ws_lab/lab3/install/turtlebot3_navigation2/share/turtlebot3_navigation2/rviz
[0.519s] -- Up-to-date: /home/rosdev/ros2_ws_lab/lab3/install/turtlebot3_navigation2/share/turtlebot3_navigation2/rviz/tb3_navigation2.rviz
[0.519s] -- Up-to-date: /home/rosdev/ros2_ws_lab/lab3/install/turtlebot3_navigation2/share/ament_index/resource_index/package_run_dependencies/turtlebot3_navigation2
[0.520s] -- Up-to-date: /home/rosdev/ros2_ws_lab/lab3/install/turtlebot3_navigation2/share/ament_index/resource_index/parent_prefix_path/turtlebot3_navigation2
[0.520s] -- Up-to-date: /home/rosdev/ros2_ws_lab/lab3/install/turtlebot3_navigation2/share/turtlebot3_navigation2/environment/ament_prefix_path.sh
[0.520s] -- Up-to-date: /home/rosdev/ros2_ws_lab/lab3/install/turtlebot3_navigation2/share/turtlebot3_navigation2/environment/ament_prefix_path.dsv
[0.520s] -- Up-to-date: /home/rosdev/ros2_ws_lab/lab3/install/turtlebot3_navigation2/share/turtlebot3_navigation2/environment/path.sh
[0.520s] -- Up-to-date: /home/rosdev/ros2_ws_lab/lab3/install/turtlebot3_navigation2/share/turtlebot3_navigation2/environment/path.dsv
[0.520s] -- Up-to-date: /home/rosdev/ros2_ws_lab/lab3/install/turtlebot3_navigation2/share/turtlebot3_navigation2/local_setup.bash
[0.520s] -- Up-to-date: /home/rosdev/ros2_ws_lab/lab3/install/turtlebot3_navigation2/share/turtlebot3_navigation2/local_setup.sh
[0.520s] -- Up-to-date: /home/rosdev/ros2_ws_lab/lab3/install/turtlebot3_navigation2/share/turtlebot3_navigation2/local_setup.zsh
[0.520s] -- Up-to-date: /home/rosdev/ros2_ws_lab/lab3/install/turtlebot3_navigation2/share/turtlebot3_navigation2/local_setup.dsv
[0.520s] -- Installing: /home/rosdev/ros2_ws_lab/lab3/install/turtlebot3_navigation2/share/turtlebot3_navigation2/package.dsv
[0.521s] -- Up-to-date: /home/rosdev/ros2_ws_lab/lab3/install/turtlebot3_navigation2/share/ament_index/resource_index/packages/turtlebot3_navigation2
[0.521s] -- Up-to-date: /home/rosdev/ros2_ws_lab/lab3/install/turtlebot3_navigation2/share/turtlebot3_navigation2/cmake/turtlebot3_navigation2Config.cmake
[0.521s] -- Up-to-date: /home/rosdev/ros2_ws_lab/lab3/install/turtlebot3_navigation2/share/turtlebot3_navigation2/cmake/turtlebot3_navigation2Config-version.cmake
[0.521s] -- Up-to-date: /home/rosdev/ros2_ws_lab/lab3/install/turtlebot3_navigation2/share/turtlebot3_navigation2/package.xml
[0.555s] Invoked command in '/home/rosdev/ros2_ws_lab/lab3/build/turtlebot3_navigation2' returned '0': CMAKE_PREFIX_PATH=${CMAKE_PREFIX_PATH}:/home/rosdev/ros2_ws_lab/lab3/install/turtlebot3_teleop:/home/rosdev/ros2_ws_lab/lab3/install/turtlebot3_example:/home/rosdev/turtlebot3_ws/install/turtlebot3_teleop:/home/rosdev/turtlebot3_ws/install/turtlebot3_example:/opt/ros/humble /usr/bin/cmake --install /home/rosdev/ros2_ws_lab/lab3/build/turtlebot3_navigation2
