[0.032s] Invoking command in '/home/rosdev/ros2_ws_lab/lab3/build/turtlebot3_navigation2': CMAKE_PREFIX_PATH=${CMAKE_PREFIX_PATH}:/home/rosdev/turtlebot3_ws/install/turtlebot3_teleop:/home/rosdev/turtlebot3_ws/install/turtlebot3_example:/opt/ros/humble /usr/bin/cmake /home/rosdev/ros2_ws_lab/lab3/src/turtlebot3/turtlebot3_navigation2 -DCMAKE_INSTALL_PREFIX=/home/rosdev/ros2_ws_lab/lab3/install/turtlebot3_navigation2
[0.107s] -- The C compiler identification is GNU 11.4.0
[0.193s] -- The CXX compiler identification is GNU 11.4.0
[0.201s] -- Detecting C compiler ABI info
[0.292s] -- Detecting C compiler ABI info - done
[0.308s] -- Check for working C compiler: /usr/bin/cc - skipped
[0.308s] -- Detecting C compile features
[0.309s] -- Detecting C compile features - done
[0.315s] -- Detecting CXX compiler ABI info
[0.421s] -- Detecting CXX compiler ABI info - done
[0.438s] -- Check for working CXX compiler: /usr/bin/c++ - skipped
[0.438s] -- Detecting CXX compile features
[0.439s] -- Detecting CXX compile features - done
[0.445s] -- Found ament_cmake: 1.3.11 (/opt/ros/humble/share/ament_cmake/cmake)
[0.733s] -- Found Python3: /usr/bin/python3 (found version "3.10.12") found components: Interpreter 
[0.980s] -- Configuring done
[0.984s] -- Generating done
[0.985s] -- Build files have been written to: /home/rosdev/ros2_ws_lab/lab3/build/turtlebot3_navigation2
[0.990s] Invoked command in '/home/rosdev/ros2_ws_lab/lab3/build/turtlebot3_navigation2' returned '0': CMAKE_PREFIX_PATH=${CMAKE_PREFIX_PATH}:/home/rosdev/turtlebot3_ws/install/turtlebot3_teleop:/home/rosdev/turtlebot3_ws/install/turtlebot3_example:/opt/ros/humble /usr/bin/cmake /home/rosdev/ros2_ws_lab/lab3/src/turtlebot3/turtlebot3_navigation2 -DCMAKE_INSTALL_PREFIX=/home/rosdev/ros2_ws_lab/lab3/install/turtlebot3_navigation2
[0.993s] Invoking command in '/home/rosdev/ros2_ws_lab/lab3/build/turtlebot3_navigation2': CMAKE_PREFIX_PATH=${CMAKE_PREFIX_PATH}:/home/rosdev/turtlebot3_ws/install/turtlebot3_teleop:/home/rosdev/turtlebot3_ws/install/turtlebot3_example:/opt/ros/humble /usr/bin/cmake --build /home/rosdev/ros2_ws_lab/lab3/build/turtlebot3_navigation2 -- -j12 -l12
[1.042s] Invoked command in '/home/rosdev/ros2_ws_lab/lab3/build/turtlebot3_navigation2' returned '0': CMAKE_PREFIX_PATH=${CMAKE_PREFIX_PATH}:/home/rosdev/turtlebot3_ws/install/turtlebot3_teleop:/home/rosdev/turtlebot3_ws/install/turtlebot3_example:/opt/ros/humble /usr/bin/cmake --build /home/rosdev/ros2_ws_lab/lab3/build/turtlebot3_navigation2 -- -j12 -l12
[1.044s] Invoking command in '/home/rosdev/ros2_ws_lab/lab3/build/turtlebot3_navigation2': CMAKE_PREFIX_PATH=${CMAKE_PREFIX_PATH}:/home/rosdev/turtlebot3_ws/install/turtlebot3_teleop:/home/rosdev/turtlebot3_ws/install/turtlebot3_example:/opt/ros/humble /usr/bin/cmake --install /home/rosdev/ros2_ws_lab/lab3/build/turtlebot3_navigation2
[1.062s] -- Install configuration: ""
[1.063s] -- Installing: /home/rosdev/ros2_ws_lab/lab3/install/turtlebot3_navigation2/share/turtlebot3_navigation2/launch
[1.063s] -- Installing: /home/rosdev/ros2_ws_lab/lab3/install/turtlebot3_navigation2/share/turtlebot3_navigation2/launch/navigation2.launch.py
[1.063s] -- Installing: /home/rosdev/ros2_ws_lab/lab3/install/turtlebot3_navigation2/share/turtlebot3_navigation2/map
[1.063s] -- Installing: /home/rosdev/ros2_ws_lab/lab3/install/turtlebot3_navigation2/share/turtlebot3_navigation2/map/map.yaml
[1.063s] -- Installing: /home/rosdev/ros2_ws_lab/lab3/install/turtlebot3_navigation2/share/turtlebot3_navigation2/map/map.pgm
[1.064s] -- Installing: /home/rosdev/ros2_ws_lab/lab3/install/turtlebot3_navigation2/share/turtlebot3_navigation2/param
[1.064s] -- Installing: /home/rosdev/ros2_ws_lab/lab3/install/turtlebot3_navigation2/share/turtlebot3_navigation2/param/burger.yaml
[1.064s] -- Installing: /home/rosdev/ros2_ws_lab/lab3/install/turtlebot3_navigation2/share/turtlebot3_navigation2/param/humble
[1.064s] -- Installing: /home/rosdev/ros2_ws_lab/lab3/install/turtlebot3_navigation2/share/turtlebot3_navigation2/param/humble/burger.yaml
[1.064s] -- Installing: /home/rosdev/ros2_ws_lab/lab3/install/turtlebot3_navigation2/share/turtlebot3_navigation2/param/humble/waffle.yaml
[1.065s] -- Installing: /home/rosdev/ros2_ws_lab/lab3/install/turtlebot3_navigation2/share/turtlebot3_navigation2/param/humble/waffle_pi.yaml
[1.065s] -- Installing: /home/rosdev/ros2_ws_lab/lab3/install/turtlebot3_navigation2/share/turtlebot3_navigation2/param/humble/burger_cam.yaml
[1.065s] -- Installing: /home/rosdev/ros2_ws_lab/lab3/install/turtlebot3_navigation2/share/turtlebot3_navigation2/param/waffle.yaml
[1.065s] -- Installing: /home/rosdev/ros2_ws_lab/lab3/install/turtlebot3_navigation2/share/turtlebot3_navigation2/param/waffle_pi.yaml
[1.065s] -- Installing: /home/rosdev/ros2_ws_lab/lab3/install/turtlebot3_navigation2/share/turtlebot3_navigation2/param/burger_cam.yaml
[1.066s] -- Installing: /home/rosdev/ros2_ws_lab/lab3/install/turtlebot3_navigation2/share/turtlebot3_navigation2/rviz
[1.066s] -- Installing: /home/rosdev/ros2_ws_lab/lab3/install/turtlebot3_navigation2/share/turtlebot3_navigation2/rviz/tb3_navigation2.rviz
[1.066s] -- Installing: /home/rosdev/ros2_ws_lab/lab3/install/turtlebot3_navigation2/share/ament_index/resource_index/package_run_dependencies/turtlebot3_navigation2
[1.066s] -- Installing: /home/rosdev/ros2_ws_lab/lab3/install/turtlebot3_navigation2/share/ament_index/resource_index/parent_prefix_path/turtlebot3_navigation2
[1.066s] -- Installing: /home/rosdev/ros2_ws_lab/lab3/install/turtlebot3_navigation2/share/turtlebot3_navigation2/environment/ament_prefix_path.sh
[1.066s] -- Installing: /home/rosdev/ros2_ws_lab/lab3/install/turtlebot3_navigation2/share/turtlebot3_navigation2/environment/ament_prefix_path.dsv
[1.067s] -- Installing: /home/rosdev/ros2_ws_lab/lab3/install/turtlebot3_navigation2/share/turtlebot3_navigation2/environment/path.sh
[1.067s] -- Installing: /home/rosdev/ros2_ws_lab/lab3/install/turtlebot3_navigation2/share/turtlebot3_navigation2/environment/path.dsv
[1.067s] -- Installing: /home/rosdev/ros2_ws_lab/lab3/install/turtlebot3_navigation2/share/turtlebot3_navigation2/local_setup.bash
[1.067s] -- Installing: /home/rosdev/ros2_ws_lab/lab3/install/turtlebot3_navigation2/share/turtlebot3_navigation2/local_setup.sh
[1.068s] -- Installing: /home/rosdev/ros2_ws_lab/lab3/install/turtlebot3_navigation2/share/turtlebot3_navigation2/local_setup.zsh
[1.068s] -- Installing: /home/rosdev/ros2_ws_lab/lab3/install/turtlebot3_navigation2/share/turtlebot3_navigation2/local_setup.dsv
[1.068s] -- Installing: /home/rosdev/ros2_ws_lab/lab3/install/turtlebot3_navigation2/share/turtlebot3_navigation2/package.dsv
[1.068s] -- Installing: /home/rosdev/ros2_ws_lab/lab3/install/turtlebot3_navigation2/share/ament_index/resource_index/packages/turtlebot3_navigation2
[1.068s] -- Installing: /home/rosdev/ros2_ws_lab/lab3/install/turtlebot3_navigation2/share/turtlebot3_navigation2/cmake/turtlebot3_navigation2Config.cmake
[1.068s] -- Installing: /home/rosdev/ros2_ws_lab/lab3/install/turtlebot3_navigation2/share/turtlebot3_navigation2/cmake/turtlebot3_navigation2Config-version.cmake
[1.069s] -- Installing: /home/rosdev/ros2_ws_lab/lab3/install/turtlebot3_navigation2/share/turtlebot3_navigation2/package.xml
[1.069s] Invoked command in '/home/rosdev/ros2_ws_lab/lab3/build/turtlebot3_navigation2' returned '0': CMAKE_PREFIX_PATH=${CMAKE_PREFIX_PATH}:/home/rosdev/turtlebot3_ws/install/turtlebot3_teleop:/home/rosdev/turtlebot3_ws/install/turtlebot3_example:/opt/ros/humble /usr/bin/cmake --install /home/rosdev/ros2_ws_lab/lab3/build/turtlebot3_navigation2
