[0.163s] DEBUG:colcon:Command line arguments: ['/usr/bin/colcon', 'build']
[0.163s] DEBUG:colcon:Parsed command line arguments: Namespace(log_base=None, log_level=None, verb_name='build', build_base='build', install_base='install', merge_install=False, symlink_install=False, test_result_base=None, continue_on_error=False, executor='parallel', parallel_workers=12, event_handlers=None, ignore_user_meta=False, metas=['./colcon.meta'], base_paths=['.'], packages_ignore=None, packages_ignore_regex=None, paths=None, packages_up_to=None, packages_up_to_regex=None, packages_above=None, packages_above_and_dependencies=None, packages_above_depth=None, packages_select_by_dep=None, packages_skip_by_dep=None, packages_skip_up_to=None, packages_select_build_failed=False, packages_skip_build_finished=False, packages_select_test_failures=False, packages_skip_test_passed=False, packages_select=None, packages_skip=None, packages_select_regex=None, packages_skip_regex=None, packages_start=None, packages_end=None, allow_overriding=[], cmake_args=None, cmake_target=None, cmake_target_skip_unavailable=False, cmake_clean_cache=False, cmake_clean_first=False, cmake_force_configure=False, ament_cmake_args=None, catkin_cmake_args=None, catkin_skip_building_tests=False, verb_parser=<colcon_defaults.argument_parser.defaults.DefaultArgumentsDecorator object at 0x7f419604bfa0>, verb_extension=<colcon_core.verb.build.BuildVerb object at 0x7f4196265750>, main=<bound method BuildVerb.main of <colcon_core.verb.build.BuildVerb object at 0x7f4196265750>>)
[0.391s] Level 1:colcon.colcon_core.package_discovery:discover_packages(colcon_meta) check parameters
[0.391s] Level 1:colcon.colcon_core.package_discovery:discover_packages(recursive) check parameters
[0.391s] Level 1:colcon.colcon_core.package_discovery:discover_packages(ignore) check parameters
[0.391s] Level 1:colcon.colcon_core.package_discovery:discover_packages(path) check parameters
[0.391s] Level 1:colcon.colcon_core.package_discovery:discover_packages(colcon_meta) discover
[0.391s] Level 1:colcon.colcon_core.package_discovery:discover_packages(recursive) discover
[0.391s] INFO:colcon.colcon_core.package_discovery:Crawling recursively for packages in '/home/rosdev/ros2_ws_lab/lab2'
[0.391s] Level 1:colcon.colcon_core.package_identification:_identify(.) by extensions ['ignore', 'ignore_ament_install']
[0.391s] Level 1:colcon.colcon_core.package_identification:_identify(.) by extension 'ignore'
[0.391s] Level 1:colcon.colcon_core.package_identification:_identify(.) by extension 'ignore_ament_install'
[0.391s] Level 1:colcon.colcon_core.package_identification:_identify(.) by extensions ['colcon_pkg']
[0.392s] Level 1:colcon.colcon_core.package_identification:_identify(.) by extension 'colcon_pkg'
[0.392s] Level 1:colcon.colcon_core.package_identification:_identify(.) by extensions ['colcon_meta']
[0.392s] Level 1:colcon.colcon_core.package_identification:_identify(.) by extension 'colcon_meta'
[0.392s] Level 1:colcon.colcon_core.package_identification:_identify(.) by extensions ['ros']
[0.392s] Level 1:colcon.colcon_core.package_identification:_identify(.) by extension 'ros'
[0.412s] Level 1:colcon.colcon_core.package_identification:_identify(.) by extensions ['cmake', 'python']
[0.412s] Level 1:colcon.colcon_core.package_identification:_identify(.) by extension 'cmake'
[0.413s] Level 1:colcon.colcon_core.package_identification:_identify(.) by extension 'python'
[0.413s] Level 1:colcon.colcon_core.package_identification:_identify(.) by extensions ['python_setup_py']
[0.413s] Level 1:colcon.colcon_core.package_identification:_identify(.) by extension 'python_setup_py'
[0.413s] Level 1:colcon.colcon_core.package_identification:_identify(build) by extensions ['ignore', 'ignore_ament_install']
[0.413s] Level 1:colcon.colcon_core.package_identification:_identify(build) by extension 'ignore'
[0.413s] Level 1:colcon.colcon_core.package_identification:_identify(build) ignored
[0.413s] Level 1:colcon.colcon_core.package_identification:_identify(install) by extensions ['ignore', 'ignore_ament_install']
[0.413s] Level 1:colcon.colcon_core.package_identification:_identify(install) by extension 'ignore'
[0.413s] Level 1:colcon.colcon_core.package_identification:_identify(install) ignored
[0.413s] Level 1:colcon.colcon_core.package_identification:_identify(log) by extensions ['ignore', 'ignore_ament_install']
[0.414s] Level 1:colcon.colcon_core.package_identification:_identify(log) by extension 'ignore'
[0.414s] Level 1:colcon.colcon_core.package_identification:_identify(log) ignored
[0.414s] Level 1:colcon.colcon_core.package_identification:_identify(src) by extensions ['ignore', 'ignore_ament_install']
[0.414s] Level 1:colcon.colcon_core.package_identification:_identify(src) by extension 'ignore'
[0.414s] Level 1:colcon.colcon_core.package_identification:_identify(src) by extension 'ignore_ament_install'
[0.414s] Level 1:colcon.colcon_core.package_identification:_identify(src) by extensions ['colcon_pkg']
[0.414s] Level 1:colcon.colcon_core.package_identification:_identify(src) by extension 'colcon_pkg'
[0.414s] Level 1:colcon.colcon_core.package_identification:_identify(src) by extensions ['colcon_meta']
[0.414s] Level 1:colcon.colcon_core.package_identification:_identify(src) by extension 'colcon_meta'
[0.414s] Level 1:colcon.colcon_core.package_identification:_identify(src) by extensions ['ros']
[0.414s] Level 1:colcon.colcon_core.package_identification:_identify(src) by extension 'ros'
[0.414s] Level 1:colcon.colcon_core.package_identification:_identify(src) by extensions ['cmake', 'python']
[0.414s] Level 1:colcon.colcon_core.package_identification:_identify(src) by extension 'cmake'
[0.414s] Level 1:colcon.colcon_core.package_identification:_identify(src) by extension 'python'
[0.414s] Level 1:colcon.colcon_core.package_identification:_identify(src) by extensions ['python_setup_py']
[0.414s] Level 1:colcon.colcon_core.package_identification:_identify(src) by extension 'python_setup_py'
[0.415s] Level 1:colcon.colcon_core.package_identification:_identify(src/bringup) by extensions ['ignore', 'ignore_ament_install']
[0.415s] Level 1:colcon.colcon_core.package_identification:_identify(src/bringup) by extension 'ignore'
[0.415s] Level 1:colcon.colcon_core.package_identification:_identify(src/bringup) by extension 'ignore_ament_install'
[0.415s] Level 1:colcon.colcon_core.package_identification:_identify(src/bringup) by extensions ['colcon_pkg']
[0.415s] Level 1:colcon.colcon_core.package_identification:_identify(src/bringup) by extension 'colcon_pkg'
[0.415s] Level 1:colcon.colcon_core.package_identification:_identify(src/bringup) by extensions ['colcon_meta']
[0.415s] Level 1:colcon.colcon_core.package_identification:_identify(src/bringup) by extension 'colcon_meta'
[0.415s] Level 1:colcon.colcon_core.package_identification:_identify(src/bringup) by extensions ['ros']
[0.415s] Level 1:colcon.colcon_core.package_identification:_identify(src/bringup) by extension 'ros'
[0.419s] DEBUG:colcon.colcon_core.package_identification:Package 'src/bringup' with type 'ros.ament_cmake' and name 'bringup'
[0.419s] Level 1:colcon.colcon_core.package_identification:_identify(src/obstacle_detection) by extensions ['ignore', 'ignore_ament_install']
[0.419s] Level 1:colcon.colcon_core.package_identification:_identify(src/obstacle_detection) by extension 'ignore'
[0.419s] Level 1:colcon.colcon_core.package_identification:_identify(src/obstacle_detection) by extension 'ignore_ament_install'
[0.419s] Level 1:colcon.colcon_core.package_identification:_identify(src/obstacle_detection) by extensions ['colcon_pkg']
[0.419s] Level 1:colcon.colcon_core.package_identification:_identify(src/obstacle_detection) by extension 'colcon_pkg'
[0.419s] Level 1:colcon.colcon_core.package_identification:_identify(src/obstacle_detection) by extensions ['colcon_meta']
[0.419s] Level 1:colcon.colcon_core.package_identification:_identify(src/obstacle_detection) by extension 'colcon_meta'
[0.419s] Level 1:colcon.colcon_core.package_identification:_identify(src/obstacle_detection) by extensions ['ros']
[0.419s] Level 1:colcon.colcon_core.package_identification:_identify(src/obstacle_detection) by extension 'ros'
[0.420s] DEBUG:colcon.colcon_core.package_identification:Package 'src/obstacle_detection' with type 'ros.ament_cmake' and name 'obstacle_detection'
[0.421s] Level 1:colcon.colcon_core.package_discovery:discover_packages(recursive) using defaults
[0.421s] Level 1:colcon.colcon_core.package_discovery:discover_packages(ignore) discover
[0.421s] Level 1:colcon.colcon_core.package_discovery:discover_packages(ignore) using defaults
[0.421s] Level 1:colcon.colcon_core.package_discovery:discover_packages(path) discover
[0.421s] Level 1:colcon.colcon_core.package_discovery:discover_packages(path) using defaults
[0.442s] Level 1:colcon.colcon_core.package_discovery:discover_packages(prefix_path) check parameters
[0.442s] Level 1:colcon.colcon_core.package_discovery:discover_packages(prefix_path) discover
[0.444s] DEBUG:colcon.colcon_installed_package_information.package_discovery:Found 2 installed packages in /home/rosdev/ros2_ws_lab/lab2/install
[0.446s] DEBUG:colcon.colcon_installed_package_information.package_discovery:Found 337 installed packages in /opt/ros/humble
[0.449s] Level 1:colcon.colcon_core.package_discovery:discover_packages(prefix_path) using defaults
[0.508s] Level 5:colcon.colcon_core.verb:set package 'bringup' build argument 'cmake_args' from command line to 'None'
[0.508s] Level 5:colcon.colcon_core.verb:set package 'bringup' build argument 'cmake_target' from command line to 'None'
[0.508s] Level 5:colcon.colcon_core.verb:set package 'bringup' build argument 'cmake_target_skip_unavailable' from command line to 'False'
[0.508s] Level 5:colcon.colcon_core.verb:set package 'bringup' build argument 'cmake_clean_cache' from command line to 'False'
[0.508s] Level 5:colcon.colcon_core.verb:set package 'bringup' build argument 'cmake_clean_first' from command line to 'False'
[0.508s] Level 5:colcon.colcon_core.verb:set package 'bringup' build argument 'cmake_force_configure' from command line to 'False'
[0.508s] Level 5:colcon.colcon_core.verb:set package 'bringup' build argument 'ament_cmake_args' from command line to 'None'
[0.508s] Level 5:colcon.colcon_core.verb:set package 'bringup' build argument 'catkin_cmake_args' from command line to 'None'
[0.508s] Level 5:colcon.colcon_core.verb:set package 'bringup' build argument 'catkin_skip_building_tests' from command line to 'False'
[0.508s] DEBUG:colcon.colcon_core.verb:Building package 'bringup' with the following arguments: {'ament_cmake_args': None, 'build_base': '/home/rosdev/ros2_ws_lab/lab2/build/bringup', 'catkin_cmake_args': None, 'catkin_skip_building_tests': False, 'cmake_args': None, 'cmake_clean_cache': False, 'cmake_clean_first': False, 'cmake_force_configure': False, 'cmake_target': None, 'cmake_target_skip_unavailable': False, 'install_base': '/home/rosdev/ros2_ws_lab/lab2/install/bringup', 'merge_install': False, 'path': '/home/rosdev/ros2_ws_lab/lab2/src/bringup', 'symlink_install': False, 'test_result_base': None}
[0.508s] Level 5:colcon.colcon_core.verb:set package 'obstacle_detection' build argument 'cmake_args' from command line to 'None'
[0.509s] Level 5:colcon.colcon_core.verb:set package 'obstacle_detection' build argument 'cmake_target' from command line to 'None'
[0.509s] Level 5:colcon.colcon_core.verb:set package 'obstacle_detection' build argument 'cmake_target_skip_unavailable' from command line to 'False'
[0.509s] Level 5:colcon.colcon_core.verb:set package 'obstacle_detection' build argument 'cmake_clean_cache' from command line to 'False'
[0.509s] Level 5:colcon.colcon_core.verb:set package 'obstacle_detection' build argument 'cmake_clean_first' from command line to 'False'
[0.509s] Level 5:colcon.colcon_core.verb:set package 'obstacle_detection' build argument 'cmake_force_configure' from command line to 'False'
[0.509s] Level 5:colcon.colcon_core.verb:set package 'obstacle_detection' build argument 'ament_cmake_args' from command line to 'None'
[0.509s] Level 5:colcon.colcon_core.verb:set package 'obstacle_detection' build argument 'catkin_cmake_args' from command line to 'None'
[0.509s] Level 5:colcon.colcon_core.verb:set package 'obstacle_detection' build argument 'catkin_skip_building_tests' from command line to 'False'
[0.509s] DEBUG:colcon.colcon_core.verb:Building package 'obstacle_detection' with the following arguments: {'ament_cmake_args': None, 'build_base': '/home/rosdev/ros2_ws_lab/lab2/build/obstacle_detection', 'catkin_cmake_args': None, 'catkin_skip_building_tests': False, 'cmake_args': None, 'cmake_clean_cache': False, 'cmake_clean_first': False, 'cmake_force_configure': False, 'cmake_target': None, 'cmake_target_skip_unavailable': False, 'install_base': '/home/rosdev/ros2_ws_lab/lab2/install/obstacle_detection', 'merge_install': False, 'path': '/home/rosdev/ros2_ws_lab/lab2/src/obstacle_detection', 'symlink_install': False, 'test_result_base': None}
[0.509s] INFO:colcon.colcon_core.executor:Executing jobs using 'parallel' executor
[0.510s] DEBUG:colcon.colcon_parallel_executor.executor.parallel:run_until_complete
[0.510s] INFO:colcon.colcon_ros.task.ament_cmake.build:Building ROS package in '/home/rosdev/ros2_ws_lab/lab2/src/bringup' with build type 'ament_cmake'
[0.510s] INFO:colcon.colcon_cmake.task.cmake.build:Building CMake package in '/home/rosdev/ros2_ws_lab/lab2/src/bringup'
[0.513s] INFO:colcon.colcon_core.plugin_system:Skipping extension 'colcon_core.shell.bat': Not used on non-Windows systems
[0.513s] INFO:colcon.colcon_core.shell:Skip shell extension 'powershell' for command environment: Not usable outside of PowerShell
[0.513s] DEBUG:colcon.colcon_core.shell:Skip shell extension 'dsv' for command environment
[0.517s] INFO:colcon.colcon_ros.task.ament_cmake.build:Building ROS package in '/home/rosdev/ros2_ws_lab/lab2/src/obstacle_detection' with build type 'ament_cmake'
[0.518s] INFO:colcon.colcon_cmake.task.cmake.build:Building CMake package in '/home/rosdev/ros2_ws_lab/lab2/src/obstacle_detection'
[0.518s] INFO:colcon.colcon_core.shell:Skip shell extension 'powershell' for command environment: Not usable outside of PowerShell
[0.518s] DEBUG:colcon.colcon_core.shell:Skip shell extension 'dsv' for command environment
[0.528s] DEBUG:colcon.colcon_core.event_handler.log_command:Invoking command in '/home/rosdev/ros2_ws_lab/lab2/build/bringup': CMAKE_PREFIX_PATH=${CMAKE_PREFIX_PATH}:/opt/ros/humble /usr/bin/cmake --build /home/rosdev/ros2_ws_lab/lab2/build/bringup -- -j12 -l12
[0.533s] DEBUG:colcon.colcon_core.event_handler.log_command:Invoking command in '/home/rosdev/ros2_ws_lab/lab2/build/obstacle_detection': CMAKE_PREFIX_PATH=${CMAKE_PREFIX_PATH}:/opt/ros/humble /usr/bin/cmake --build /home/rosdev/ros2_ws_lab/lab2/build/obstacle_detection -- -j12 -l12
[0.571s] DEBUG:colcon.colcon_core.event_handler.log_command:Invoked command in '/home/rosdev/ros2_ws_lab/lab2/build/bringup' returned '0': CMAKE_PREFIX_PATH=${CMAKE_PREFIX_PATH}:/opt/ros/humble /usr/bin/cmake --build /home/rosdev/ros2_ws_lab/lab2/build/bringup -- -j12 -l12
[0.581s] DEBUG:colcon.colcon_core.event_handler.log_command:Invoking command in '/home/rosdev/ros2_ws_lab/lab2/build/bringup': CMAKE_PREFIX_PATH=${CMAKE_PREFIX_PATH}:/opt/ros/humble /usr/bin/cmake --install /home/rosdev/ros2_ws_lab/lab2/build/bringup
[0.594s] Level 1:colcon.colcon_core.environment:create_environment_scripts_only(bringup)
[0.596s] DEBUG:colcon.colcon_core.event_handler.log_command:Invoked command in '/home/rosdev/ros2_ws_lab/lab2/build/bringup' returned '0': CMAKE_PREFIX_PATH=${CMAKE_PREFIX_PATH}:/opt/ros/humble /usr/bin/cmake --install /home/rosdev/ros2_ws_lab/lab2/build/bringup
[0.599s] Level 1:colcon.colcon_core.environment:checking '/home/rosdev/ros2_ws_lab/lab2/install/bringup' for CMake module files
[0.599s] Level 1:colcon.colcon_core.environment:checking '/home/rosdev/ros2_ws_lab/lab2/install/bringup' for CMake config files
[0.600s] Level 1:colcon.colcon_core.shell:create_environment_hook('bringup', 'cmake_prefix_path')
[0.600s] INFO:colcon.colcon_core.shell:Creating environment hook '/home/rosdev/ros2_ws_lab/lab2/install/bringup/share/bringup/hook/cmake_prefix_path.ps1'
[0.601s] INFO:colcon.colcon_core.shell:Creating environment descriptor '/home/rosdev/ros2_ws_lab/lab2/install/bringup/share/bringup/hook/cmake_prefix_path.dsv'
[0.601s] INFO:colcon.colcon_core.shell:Creating environment hook '/home/rosdev/ros2_ws_lab/lab2/install/bringup/share/bringup/hook/cmake_prefix_path.sh'
[0.602s] Level 1:colcon.colcon_core.environment:checking '/home/rosdev/ros2_ws_lab/lab2/install/bringup/bin'
[0.602s] Level 1:colcon.colcon_core.environment:checking '/home/rosdev/ros2_ws_lab/lab2/install/bringup/lib/pkgconfig/bringup.pc'
[0.603s] Level 1:colcon.colcon_core.environment:checking '/home/rosdev/ros2_ws_lab/lab2/install/bringup/lib/python3.10/site-packages'
[0.603s] Level 1:colcon.colcon_core.environment:checking '/home/rosdev/ros2_ws_lab/lab2/install/bringup/bin'
[0.603s] INFO:colcon.colcon_core.shell:Creating package script '/home/rosdev/ros2_ws_lab/lab2/install/bringup/share/bringup/package.ps1'
[0.604s] INFO:colcon.colcon_core.shell:Creating package descriptor '/home/rosdev/ros2_ws_lab/lab2/install/bringup/share/bringup/package.dsv'
[0.605s] INFO:colcon.colcon_core.shell:Creating package script '/home/rosdev/ros2_ws_lab/lab2/install/bringup/share/bringup/package.sh'
[0.605s] INFO:colcon.colcon_core.shell:Creating package script '/home/rosdev/ros2_ws_lab/lab2/install/bringup/share/bringup/package.bash'
[0.607s] INFO:colcon.colcon_core.shell:Creating package script '/home/rosdev/ros2_ws_lab/lab2/install/bringup/share/bringup/package.zsh'
[0.607s] Level 1:colcon.colcon_core.environment:create_file_with_runtime_dependencies(/home/rosdev/ros2_ws_lab/lab2/install/bringup/share/colcon-core/packages/bringup)
[0.608s] Level 1:colcon.colcon_core.environment:create_environment_scripts_only(bringup)
[0.608s] Level 1:colcon.colcon_core.environment:checking '/home/rosdev/ros2_ws_lab/lab2/install/bringup' for CMake module files
[0.609s] Level 1:colcon.colcon_core.environment:checking '/home/rosdev/ros2_ws_lab/lab2/install/bringup' for CMake config files
[0.609s] Level 1:colcon.colcon_core.shell:create_environment_hook('bringup', 'cmake_prefix_path')
[0.610s] INFO:colcon.colcon_core.shell:Creating environment hook '/home/rosdev/ros2_ws_lab/lab2/install/bringup/share/bringup/hook/cmake_prefix_path.ps1'
[0.610s] INFO:colcon.colcon_core.shell:Creating environment descriptor '/home/rosdev/ros2_ws_lab/lab2/install/bringup/share/bringup/hook/cmake_prefix_path.dsv'
[0.611s] INFO:colcon.colcon_core.shell:Creating environment hook '/home/rosdev/ros2_ws_lab/lab2/install/bringup/share/bringup/hook/cmake_prefix_path.sh'
[0.611s] Level 1:colcon.colcon_core.environment:checking '/home/rosdev/ros2_ws_lab/lab2/install/bringup/bin'
[0.611s] Level 1:colcon.colcon_core.environment:checking '/home/rosdev/ros2_ws_lab/lab2/install/bringup/lib/pkgconfig/bringup.pc'
[0.612s] Level 1:colcon.colcon_core.environment:checking '/home/rosdev/ros2_ws_lab/lab2/install/bringup/lib/python3.10/site-packages'
[0.612s] Level 1:colcon.colcon_core.environment:checking '/home/rosdev/ros2_ws_lab/lab2/install/bringup/bin'
[0.612s] INFO:colcon.colcon_core.shell:Creating package script '/home/rosdev/ros2_ws_lab/lab2/install/bringup/share/bringup/package.ps1'
[0.613s] INFO:colcon.colcon_core.shell:Creating package descriptor '/home/rosdev/ros2_ws_lab/lab2/install/bringup/share/bringup/package.dsv'
[0.613s] INFO:colcon.colcon_core.shell:Creating package script '/home/rosdev/ros2_ws_lab/lab2/install/bringup/share/bringup/package.sh'
[0.614s] INFO:colcon.colcon_core.shell:Creating package script '/home/rosdev/ros2_ws_lab/lab2/install/bringup/share/bringup/package.bash'
[0.614s] INFO:colcon.colcon_core.shell:Creating package script '/home/rosdev/ros2_ws_lab/lab2/install/bringup/share/bringup/package.zsh'
[0.615s] Level 1:colcon.colcon_core.environment:create_file_with_runtime_dependencies(/home/rosdev/ros2_ws_lab/lab2/install/bringup/share/colcon-core/packages/bringup)
[0.937s] DEBUG:colcon.colcon_core.event_handler.log_command:Invoked command in '/home/rosdev/ros2_ws_lab/lab2/build/obstacle_detection' returned '0': CMAKE_PREFIX_PATH=${CMAKE_PREFIX_PATH}:/opt/ros/humble /usr/bin/cmake --build /home/rosdev/ros2_ws_lab/lab2/build/obstacle_detection -- -j12 -l12
[0.939s] DEBUG:colcon.colcon_core.event_handler.log_command:Invoking command in '/home/rosdev/ros2_ws_lab/lab2/build/obstacle_detection': CMAKE_PREFIX_PATH=${CMAKE_PREFIX_PATH}:/opt/ros/humble /usr/bin/cmake --install /home/rosdev/ros2_ws_lab/lab2/build/obstacle_detection
[0.991s] Level 1:colcon.colcon_core.environment:create_environment_scripts_only(obstacle_detection)
[0.991s] Level 1:colcon.colcon_core.environment:checking '/home/rosdev/ros2_ws_lab/lab2/install/obstacle_detection' for CMake module files
[0.992s] DEBUG:colcon.colcon_core.event_handler.log_command:Invoked command in '/home/rosdev/ros2_ws_lab/lab2/build/obstacle_detection' returned '0': CMAKE_PREFIX_PATH=${CMAKE_PREFIX_PATH}:/opt/ros/humble /usr/bin/cmake --install /home/rosdev/ros2_ws_lab/lab2/build/obstacle_detection
[0.992s] Level 1:colcon.colcon_core.environment:checking '/home/rosdev/ros2_ws_lab/lab2/install/obstacle_detection' for CMake config files
[0.993s] Level 1:colcon.colcon_core.shell:create_environment_hook('obstacle_detection', 'cmake_prefix_path')
[0.993s] INFO:colcon.colcon_core.shell:Creating environment hook '/home/rosdev/ros2_ws_lab/lab2/install/obstacle_detection/share/obstacle_detection/hook/cmake_prefix_path.ps1'
[0.993s] INFO:colcon.colcon_core.shell:Creating environment descriptor '/home/rosdev/ros2_ws_lab/lab2/install/obstacle_detection/share/obstacle_detection/hook/cmake_prefix_path.dsv'
[0.994s] INFO:colcon.colcon_core.shell:Creating environment hook '/home/rosdev/ros2_ws_lab/lab2/install/obstacle_detection/share/obstacle_detection/hook/cmake_prefix_path.sh'
[0.994s] Level 1:colcon.colcon_core.environment:checking '/home/rosdev/ros2_ws_lab/lab2/install/obstacle_detection/lib'
[0.995s] Level 1:colcon.colcon_core.environment:checking '/home/rosdev/ros2_ws_lab/lab2/install/obstacle_detection/bin'
[0.995s] Level 1:colcon.colcon_core.environment:checking '/home/rosdev/ros2_ws_lab/lab2/install/obstacle_detection/lib/pkgconfig/obstacle_detection.pc'
[0.995s] Level 1:colcon.colcon_core.environment:checking '/home/rosdev/ros2_ws_lab/lab2/install/obstacle_detection/lib/python3.10/site-packages'
[0.995s] Level 1:colcon.colcon_core.environment:checking '/home/rosdev/ros2_ws_lab/lab2/install/obstacle_detection/bin'
[0.996s] INFO:colcon.colcon_core.shell:Creating package script '/home/rosdev/ros2_ws_lab/lab2/install/obstacle_detection/share/obstacle_detection/package.ps1'
[0.996s] INFO:colcon.colcon_core.shell:Creating package descriptor '/home/rosdev/ros2_ws_lab/lab2/install/obstacle_detection/share/obstacle_detection/package.dsv'
[0.996s] INFO:colcon.colcon_core.shell:Creating package script '/home/rosdev/ros2_ws_lab/lab2/install/obstacle_detection/share/obstacle_detection/package.sh'
[0.997s] INFO:colcon.colcon_core.shell:Creating package script '/home/rosdev/ros2_ws_lab/lab2/install/obstacle_detection/share/obstacle_detection/package.bash'
[0.997s] INFO:colcon.colcon_core.shell:Creating package script '/home/rosdev/ros2_ws_lab/lab2/install/obstacle_detection/share/obstacle_detection/package.zsh'
[0.998s] Level 1:colcon.colcon_core.environment:create_file_with_runtime_dependencies(/home/rosdev/ros2_ws_lab/lab2/install/obstacle_detection/share/colcon-core/packages/obstacle_detection)
[0.998s] Level 1:colcon.colcon_core.environment:create_environment_scripts_only(obstacle_detection)
[0.999s] Level 1:colcon.colcon_core.environment:checking '/home/rosdev/ros2_ws_lab/lab2/install/obstacle_detection' for CMake module files
[0.999s] Level 1:colcon.colcon_core.environment:checking '/home/rosdev/ros2_ws_lab/lab2/install/obstacle_detection' for CMake config files
[1.000s] Level 1:colcon.colcon_core.shell:create_environment_hook('obstacle_detection', 'cmake_prefix_path')
[1.000s] INFO:colcon.colcon_core.shell:Creating environment hook '/home/rosdev/ros2_ws_lab/lab2/install/obstacle_detection/share/obstacle_detection/hook/cmake_prefix_path.ps1'
[1.000s] INFO:colcon.colcon_core.shell:Creating environment descriptor '/home/rosdev/ros2_ws_lab/lab2/install/obstacle_detection/share/obstacle_detection/hook/cmake_prefix_path.dsv'
[1.001s] INFO:colcon.colcon_core.shell:Creating environment hook '/home/rosdev/ros2_ws_lab/lab2/install/obstacle_detection/share/obstacle_detection/hook/cmake_prefix_path.sh'
[1.001s] Level 1:colcon.colcon_core.environment:checking '/home/rosdev/ros2_ws_lab/lab2/install/obstacle_detection/lib'
[1.001s] Level 1:colcon.colcon_core.environment:checking '/home/rosdev/ros2_ws_lab/lab2/install/obstacle_detection/bin'
[1.001s] Level 1:colcon.colcon_core.environment:checking '/home/rosdev/ros2_ws_lab/lab2/install/obstacle_detection/lib/pkgconfig/obstacle_detection.pc'
[1.002s] Level 1:colcon.colcon_core.environment:checking '/home/rosdev/ros2_ws_lab/lab2/install/obstacle_detection/lib/python3.10/site-packages'
[1.002s] Level 1:colcon.colcon_core.environment:checking '/home/rosdev/ros2_ws_lab/lab2/install/obstacle_detection/bin'
[1.002s] INFO:colcon.colcon_core.shell:Creating package script '/home/rosdev/ros2_ws_lab/lab2/install/obstacle_detection/share/obstacle_detection/package.ps1'
[1.003s] INFO:colcon.colcon_core.shell:Creating package descriptor '/home/rosdev/ros2_ws_lab/lab2/install/obstacle_detection/share/obstacle_detection/package.dsv'
[1.003s] INFO:colcon.colcon_core.shell:Creating package script '/home/rosdev/ros2_ws_lab/lab2/install/obstacle_detection/share/obstacle_detection/package.sh'
[1.004s] INFO:colcon.colcon_core.shell:Creating package script '/home/rosdev/ros2_ws_lab/lab2/install/obstacle_detection/share/obstacle_detection/package.bash'
[1.004s] INFO:colcon.colcon_core.shell:Creating package script '/home/rosdev/ros2_ws_lab/lab2/install/obstacle_detection/share/obstacle_detection/package.zsh'
[1.005s] Level 1:colcon.colcon_core.environment:create_file_with_runtime_dependencies(/home/rosdev/ros2_ws_lab/lab2/install/obstacle_detection/share/colcon-core/packages/obstacle_detection)
[1.005s] DEBUG:colcon.colcon_parallel_executor.executor.parallel:closing loop
[1.005s] DEBUG:colcon.colcon_parallel_executor.executor.parallel:loop closed
[1.005s] DEBUG:colcon.colcon_parallel_executor.executor.parallel:run_until_complete finished with '0'
[1.005s] DEBUG:colcon.colcon_core.event_reactor:joining thread
[1.011s] INFO:colcon.colcon_core.plugin_system:Skipping extension 'colcon_notification.desktop_notification.terminal_notifier': Not used on non-Darwin systems
[1.011s] INFO:colcon.colcon_core.plugin_system:Skipping extension 'colcon_notification.desktop_notification.win32': Not used on non-Windows systems
[1.011s] INFO:colcon.colcon_notification.desktop_notification:Sending desktop notification using 'notify2'
[1.026s] DEBUG:colcon.colcon_core.event_reactor:joined thread
[1.027s] INFO:colcon.colcon_core.shell:Creating prefix script '/home/rosdev/ros2_ws_lab/lab2/install/local_setup.ps1'
[1.029s] INFO:colcon.colcon_core.shell:Creating prefix util module '/home/rosdev/ros2_ws_lab/lab2/install/_local_setup_util_ps1.py'
[1.032s] INFO:colcon.colcon_core.shell:Creating prefix chain script '/home/rosdev/ros2_ws_lab/lab2/install/setup.ps1'
[1.034s] INFO:colcon.colcon_core.shell:Creating prefix script '/home/rosdev/ros2_ws_lab/lab2/install/local_setup.sh'
[1.035s] INFO:colcon.colcon_core.shell:Creating prefix util module '/home/rosdev/ros2_ws_lab/lab2/install/_local_setup_util_sh.py'
[1.036s] INFO:colcon.colcon_core.shell:Creating prefix chain script '/home/rosdev/ros2_ws_lab/lab2/install/setup.sh'
[1.038s] INFO:colcon.colcon_core.shell:Creating prefix script '/home/rosdev/ros2_ws_lab/lab2/install/local_setup.bash'
[1.039s] INFO:colcon.colcon_core.shell:Creating prefix chain script '/home/rosdev/ros2_ws_lab/lab2/install/setup.bash'
[1.040s] INFO:colcon.colcon_core.shell:Creating prefix script '/home/rosdev/ros2_ws_lab/lab2/install/local_setup.zsh'
[1.041s] INFO:colcon.colcon_core.shell:Creating prefix chain script '/home/rosdev/ros2_ws_lab/lab2/install/setup.zsh'
