[0.037s] Invoking command in '/home/rosdev/ros2_ws_lab/lab3/build/turtlebot3_description': CMAKE_PREFIX_PATH=${CMAKE_PREFIX_PATH}:/home/rosdev/turtlebot3_ws/install/turtlebot3_teleop:/home/rosdev/turtlebot3_ws/install/turtlebot3_example:/opt/ros/humble /usr/bin/cmake /home/rosdev/ros2_ws_lab/lab3/src/turtlebot3/turtlebot3_description -DCMAKE_INSTALL_PREFIX=/home/rosdev/ros2_ws_lab/lab3/install/turtlebot3_description
[0.100s] -- The C compiler identification is GNU 11.4.0
[0.169s] -- The CXX compiler identification is GNU 11.4.0
[0.177s] -- Detecting C compiler ABI info
[0.253s] -- Detecting C compiler ABI info - done
[0.269s] -- Check for working C compiler: /usr/bin/cc - skipped
[0.270s] -- Detecting C compile features
[0.271s] -- Detecting C compile features - done
[0.276s] -- Detecting CXX compiler ABI info
[0.365s] -- Detecting CXX compiler ABI info - done
[0.376s] -- Check for working CXX compiler: /usr/bin/c++ - skipped
[0.377s] -- Detecting CXX compile features
[0.377s] -- Detecting CXX compile features - done
[0.381s] -- Found ament_cmake: 1.3.11 (/opt/ros/humble/share/ament_cmake/cmake)
[0.631s] -- Found Python3: /usr/bin/python3 (found version "3.10.12") found components: Interpreter 
[0.765s] -- Found urdf: 2.6.1 (/opt/ros/humble/share/urdf/cmake)
[0.917s] -- Configuring done
[0.922s] -- Generating done
[0.924s] -- Build files have been written to: /home/rosdev/ros2_ws_lab/lab3/build/turtlebot3_description
[0.931s] Invoked command in '/home/rosdev/ros2_ws_lab/lab3/build/turtlebot3_description' returned '0': CMAKE_PREFIX_PATH=${CMAKE_PREFIX_PATH}:/home/rosdev/turtlebot3_ws/install/turtlebot3_teleop:/home/rosdev/turtlebot3_ws/install/turtlebot3_example:/opt/ros/humble /usr/bin/cmake /home/rosdev/ros2_ws_lab/lab3/src/turtlebot3/turtlebot3_description -DCMAKE_INSTALL_PREFIX=/home/rosdev/ros2_ws_lab/lab3/install/turtlebot3_description
[0.934s] Invoking command in '/home/rosdev/ros2_ws_lab/lab3/build/turtlebot3_description': CMAKE_PREFIX_PATH=${CMAKE_PREFIX_PATH}:/home/rosdev/turtlebot3_ws/install/turtlebot3_teleop:/home/rosdev/turtlebot3_ws/install/turtlebot3_example:/opt/ros/humble /usr/bin/cmake --build /home/rosdev/ros2_ws_lab/lab3/build/turtlebot3_description -- -j12 -l12
[0.981s] Invoked command in '/home/rosdev/ros2_ws_lab/lab3/build/turtlebot3_description' returned '0': CMAKE_PREFIX_PATH=${CMAKE_PREFIX_PATH}:/home/rosdev/turtlebot3_ws/install/turtlebot3_teleop:/home/rosdev/turtlebot3_ws/install/turtlebot3_example:/opt/ros/humble /usr/bin/cmake --build /home/rosdev/ros2_ws_lab/lab3/build/turtlebot3_description -- -j12 -l12
[0.994s] Invoking command in '/home/rosdev/ros2_ws_lab/lab3/build/turtlebot3_description': CMAKE_PREFIX_PATH=${CMAKE_PREFIX_PATH}:/home/rosdev/turtlebot3_ws/install/turtlebot3_teleop:/home/rosdev/turtlebot3_ws/install/turtlebot3_example:/opt/ros/humble /usr/bin/cmake --install /home/rosdev/ros2_ws_lab/lab3/build/turtlebot3_description
[1.004s] -- Install configuration: ""
[1.004s] -- Installing: /home/rosdev/ros2_ws_lab/lab3/install/turtlebot3_description/share/turtlebot3_description/meshes
[1.004s] -- Installing: /home/rosdev/ros2_ws_lab/lab3/install/turtlebot3_description/share/turtlebot3_description/meshes/wheels
[1.005s] -- Installing: /home/rosdev/ros2_ws_lab/lab3/install/turtlebot3_description/share/turtlebot3_description/meshes/wheels/right_tire.stl
[1.007s] -- Installing: /home/rosdev/ros2_ws_lab/lab3/install/turtlebot3_description/share/turtlebot3_description/meshes/wheels/left_tire.stl
[1.009s] -- Installing: /home/rosdev/ros2_ws_lab/lab3/install/turtlebot3_description/share/turtlebot3_description/meshes/bases
[1.009s] -- Installing: /home/rosdev/ros2_ws_lab/lab3/install/turtlebot3_description/share/turtlebot3_description/meshes/bases/waffle_base.stl
[1.028s] -- Installing: /home/rosdev/ros2_ws_lab/lab3/install/turtlebot3_description/share/turtlebot3_description/meshes/bases/burger_base.stl
[1.033s] -- Installing: /home/rosdev/ros2_ws_lab/lab3/install/turtlebot3_description/share/turtlebot3_description/meshes/bases/waffle_pi_base.stl
[1.041s] -- Installing: /home/rosdev/ros2_ws_lab/lab3/install/turtlebot3_description/share/turtlebot3_description/meshes/sensors
[1.041s] -- Installing: /home/rosdev/ros2_ws_lab/lab3/install/turtlebot3_description/share/turtlebot3_description/meshes/sensors/r200.jpg
[1.041s] -- Installing: /home/rosdev/ros2_ws_lab/lab3/install/turtlebot3_description/share/turtlebot3_description/meshes/sensors/astra.jpg
[1.041s] -- Installing: /home/rosdev/ros2_ws_lab/lab3/install/turtlebot3_description/share/turtlebot3_description/meshes/sensors/astra.dae
[1.051s] -- Installing: /home/rosdev/ros2_ws_lab/lab3/install/turtlebot3_description/share/turtlebot3_description/meshes/sensors/r200.dae
[1.051s] -- Installing: /home/rosdev/ros2_ws_lab/lab3/install/turtlebot3_description/share/turtlebot3_description/meshes/sensors/lds.stl
[1.052s] -- Installing: /home/rosdev/ros2_ws_lab/lab3/install/turtlebot3_description/share/turtlebot3_description/rviz
[1.052s] -- Installing: /home/rosdev/ros2_ws_lab/lab3/install/turtlebot3_description/share/turtlebot3_description/rviz/model.rviz
[1.052s] -- Installing: /home/rosdev/ros2_ws_lab/lab3/install/turtlebot3_description/share/turtlebot3_description/urdf
[1.053s] -- Installing: /home/rosdev/ros2_ws_lab/lab3/install/turtlebot3_description/share/turtlebot3_description/urdf/common_properties.urdf
[1.053s] -- Installing: /home/rosdev/ros2_ws_lab/lab3/install/turtlebot3_description/share/turtlebot3_description/urdf/turtlebot3_burger.urdf
[1.053s] -- Installing: /home/rosdev/ros2_ws_lab/lab3/install/turtlebot3_description/share/turtlebot3_description/urdf/turtlebot3_waffle.urdf
[1.053s] -- Installing: /home/rosdev/ros2_ws_lab/lab3/install/turtlebot3_description/share/turtlebot3_description/urdf/turtlebot3_waffle_pi.urdf
[1.053s] -- Installing: /home/rosdev/ros2_ws_lab/lab3/install/turtlebot3_description/share/ament_index/resource_index/package_run_dependencies/turtlebot3_description
[1.053s] -- Installing: /home/rosdev/ros2_ws_lab/lab3/install/turtlebot3_description/share/ament_index/resource_index/parent_prefix_path/turtlebot3_description
[1.053s] -- Installing: /home/rosdev/ros2_ws_lab/lab3/install/turtlebot3_description/share/turtlebot3_description/environment/ament_prefix_path.sh
[1.054s] -- Installing: /home/rosdev/ros2_ws_lab/lab3/install/turtlebot3_description/share/turtlebot3_description/environment/ament_prefix_path.dsv
[1.054s] -- Installing: /home/rosdev/ros2_ws_lab/lab3/install/turtlebot3_description/share/turtlebot3_description/environment/path.sh
[1.054s] -- Installing: /home/rosdev/ros2_ws_lab/lab3/install/turtlebot3_description/share/turtlebot3_description/environment/path.dsv
[1.054s] -- Installing: /home/rosdev/ros2_ws_lab/lab3/install/turtlebot3_description/share/turtlebot3_description/local_setup.bash
[1.054s] -- Installing: /home/rosdev/ros2_ws_lab/lab3/install/turtlebot3_description/share/turtlebot3_description/local_setup.sh
[1.054s] -- Installing: /home/rosdev/ros2_ws_lab/lab3/install/turtlebot3_description/share/turtlebot3_description/local_setup.zsh
[1.054s] -- Installing: /home/rosdev/ros2_ws_lab/lab3/install/turtlebot3_description/share/turtlebot3_description/local_setup.dsv
[1.055s] -- Installing: /home/rosdev/ros2_ws_lab/lab3/install/turtlebot3_description/share/turtlebot3_description/package.dsv
[1.055s] -- Installing: /home/rosdev/ros2_ws_lab/lab3/install/turtlebot3_description/share/ament_index/resource_index/packages/turtlebot3_description
[1.055s] -- Installing: /home/rosdev/ros2_ws_lab/lab3/install/turtlebot3_description/share/turtlebot3_description/cmake/turtlebot3_descriptionConfig.cmake
[1.055s] -- Installing: /home/rosdev/ros2_ws_lab/lab3/install/turtlebot3_description/share/turtlebot3_description/cmake/turtlebot3_descriptionConfig-version.cmake
[1.055s] -- Installing: /home/rosdev/ros2_ws_lab/lab3/install/turtlebot3_description/share/turtlebot3_description/package.xml
[1.061s] Invoked command in '/home/rosdev/ros2_ws_lab/lab3/build/turtlebot3_description' returned '0': CMAKE_PREFIX_PATH=${CMAKE_PREFIX_PATH}:/home/rosdev/turtlebot3_ws/install/turtlebot3_teleop:/home/rosdev/turtlebot3_ws/install/turtlebot3_example:/opt/ros/humble /usr/bin/cmake --install /home/rosdev/ros2_ws_lab/lab3/build/turtlebot3_description
