[0.147s] DEBUG:colcon:Command line arguments: ['/usr/bin/colcon', 'build']
[0.147s] DEBUG:colcon:Parsed command line arguments: Namespace(log_base=None, log_level=None, verb_name='build', build_base='build', install_base='install', merge_install=False, symlink_install=False, test_result_base=None, continue_on_error=False, executor='parallel', parallel_workers=12, event_handlers=None, ignore_user_meta=False, metas=['./colcon.meta'], base_paths=['.'], packages_ignore=None, packages_ignore_regex=None, paths=None, packages_up_to=None, packages_up_to_regex=None, packages_above=None, packages_above_and_dependencies=None, packages_above_depth=None, packages_select_by_dep=None, packages_skip_by_dep=None, packages_skip_up_to=None, packages_select_build_failed=False, packages_skip_build_finished=False, packages_select_test_failures=False, packages_skip_test_passed=False, packages_select=None, packages_skip=None, packages_select_regex=None, packages_skip_regex=None, packages_start=None, packages_end=None, allow_overriding=[], cmake_args=None, cmake_target=None, cmake_target_skip_unavailable=False, cmake_clean_cache=False, cmake_clean_first=False, cmake_force_configure=False, ament_cmake_args=None, catkin_cmake_args=None, catkin_skip_building_tests=False, verb_parser=<colcon_defaults.argument_parser.defaults.DefaultArgumentsDecorator object at 0x7a7fde117c10>, verb_extension=<colcon_core.verb.build.BuildVerb object at 0x7a7fde3688e0>, main=<bound method BuildVerb.main of <colcon_core.verb.build.BuildVerb object at 0x7a7fde3688e0>>)
[0.364s] Level 1:colcon.colcon_core.package_discovery:discover_packages(colcon_meta) check parameters
[0.364s] Level 1:colcon.colcon_core.package_discovery:discover_packages(recursive) check parameters
[0.365s] Level 1:colcon.colcon_core.package_discovery:discover_packages(ignore) check parameters
[0.365s] Level 1:colcon.colcon_core.package_discovery:discover_packages(path) check parameters
[0.365s] Level 1:colcon.colcon_core.package_discovery:discover_packages(colcon_meta) discover
[0.365s] Level 1:colcon.colcon_core.package_discovery:discover_packages(recursive) discover
[0.365s] INFO:colcon.colcon_core.package_discovery:Crawling recursively for packages in '/home/rosdev/ros2_ws_lab/lab1.1'
[0.365s] Level 1:colcon.colcon_core.package_identification:_identify(.) by extensions ['ignore', 'ignore_ament_install']
[0.365s] Level 1:colcon.colcon_core.package_identification:_identify(.) by extension 'ignore'
[0.365s] Level 1:colcon.colcon_core.package_identification:_identify(.) by extension 'ignore_ament_install'
[0.365s] Level 1:colcon.colcon_core.package_identification:_identify(.) by extensions ['colcon_pkg']
[0.365s] Level 1:colcon.colcon_core.package_identification:_identify(.) by extension 'colcon_pkg'
[0.365s] Level 1:colcon.colcon_core.package_identification:_identify(.) by extensions ['colcon_meta']
[0.365s] Level 1:colcon.colcon_core.package_identification:_identify(.) by extension 'colcon_meta'
[0.365s] Level 1:colcon.colcon_core.package_identification:_identify(.) by extensions ['ros']
[0.365s] Level 1:colcon.colcon_core.package_identification:_identify(.) by extension 'ros'
[0.386s] Level 1:colcon.colcon_core.package_identification:_identify(.) by extensions ['cmake', 'python']
[0.386s] Level 1:colcon.colcon_core.package_identification:_identify(.) by extension 'cmake'
[0.386s] Level 1:colcon.colcon_core.package_identification:_identify(.) by extension 'python'
[0.386s] Level 1:colcon.colcon_core.package_identification:_identify(.) by extensions ['python_setup_py']
[0.386s] Level 1:colcon.colcon_core.package_identification:_identify(.) by extension 'python_setup_py'
[0.386s] Level 1:colcon.colcon_core.package_identification:_identify(build) by extensions ['ignore', 'ignore_ament_install']
[0.386s] Level 1:colcon.colcon_core.package_identification:_identify(build) by extension 'ignore'
[0.386s] Level 1:colcon.colcon_core.package_identification:_identify(build) ignored
[0.386s] Level 1:colcon.colcon_core.package_identification:_identify(install) by extensions ['ignore', 'ignore_ament_install']
[0.386s] Level 1:colcon.colcon_core.package_identification:_identify(install) by extension 'ignore'
[0.386s] Level 1:colcon.colcon_core.package_identification:_identify(install) ignored
[0.387s] Level 1:colcon.colcon_core.package_identification:_identify(log) by extensions ['ignore', 'ignore_ament_install']
[0.387s] Level 1:colcon.colcon_core.package_identification:_identify(log) by extension 'ignore'
[0.387s] Level 1:colcon.colcon_core.package_identification:_identify(log) ignored
[0.387s] Level 1:colcon.colcon_core.package_identification:_identify(src) by extensions ['ignore', 'ignore_ament_install']
[0.387s] Level 1:colcon.colcon_core.package_identification:_identify(src) by extension 'ignore'
[0.387s] Level 1:colcon.colcon_core.package_identification:_identify(src) by extension 'ignore_ament_install'
[0.387s] Level 1:colcon.colcon_core.package_identification:_identify(src) by extensions ['colcon_pkg']
[0.387s] Level 1:colcon.colcon_core.package_identification:_identify(src) by extension 'colcon_pkg'
[0.387s] Level 1:colcon.colcon_core.package_identification:_identify(src) by extensions ['colcon_meta']
[0.387s] Level 1:colcon.colcon_core.package_identification:_identify(src) by extension 'colcon_meta'
[0.387s] Level 1:colcon.colcon_core.package_identification:_identify(src) by extensions ['ros']
[0.387s] Level 1:colcon.colcon_core.package_identification:_identify(src) by extension 'ros'
[0.387s] Level 1:colcon.colcon_core.package_identification:_identify(src) by extensions ['cmake', 'python']
[0.387s] Level 1:colcon.colcon_core.package_identification:_identify(src) by extension 'cmake'
[0.387s] Level 1:colcon.colcon_core.package_identification:_identify(src) by extension 'python'
[0.388s] Level 1:colcon.colcon_core.package_identification:_identify(src) by extensions ['python_setup_py']
[0.388s] Level 1:colcon.colcon_core.package_identification:_identify(src) by extension 'python_setup_py'
[0.388s] Level 1:colcon.colcon_core.package_identification:_identify(src/demos) by extensions ['ignore', 'ignore_ament_install']
[0.388s] Level 1:colcon.colcon_core.package_identification:_identify(src/demos) by extension 'ignore'
[0.388s] Level 1:colcon.colcon_core.package_identification:_identify(src/demos) by extension 'ignore_ament_install'
[0.388s] Level 1:colcon.colcon_core.package_identification:_identify(src/demos) by extensions ['colcon_pkg']
[0.388s] Level 1:colcon.colcon_core.package_identification:_identify(src/demos) by extension 'colcon_pkg'
[0.388s] Level 1:colcon.colcon_core.package_identification:_identify(src/demos) by extensions ['colcon_meta']
[0.388s] Level 1:colcon.colcon_core.package_identification:_identify(src/demos) by extension 'colcon_meta'
[0.388s] Level 1:colcon.colcon_core.package_identification:_identify(src/demos) by extensions ['ros']
[0.388s] Level 1:colcon.colcon_core.package_identification:_identify(src/demos) by extension 'ros'
[0.391s] DEBUG:colcon.colcon_core.package_identification:Package 'src/demos' with type 'ros.ament_cmake' and name 'demos'
[0.391s] Level 1:colcon.colcon_core.package_discovery:discover_packages(recursive) using defaults
[0.391s] Level 1:colcon.colcon_core.package_discovery:discover_packages(ignore) discover
[0.391s] Level 1:colcon.colcon_core.package_discovery:discover_packages(ignore) using defaults
[0.391s] Level 1:colcon.colcon_core.package_discovery:discover_packages(path) discover
[0.391s] Level 1:colcon.colcon_core.package_discovery:discover_packages(path) using defaults
[0.412s] Level 1:colcon.colcon_core.package_discovery:discover_packages(prefix_path) check parameters
[0.412s] Level 1:colcon.colcon_core.package_discovery:discover_packages(prefix_path) discover
[0.415s] DEBUG:colcon.colcon_installed_package_information.package_discovery:Found 323 installed packages in /opt/ros/humble
[0.418s] Level 1:colcon.colcon_core.package_discovery:discover_packages(prefix_path) using defaults
[0.475s] Level 5:colcon.colcon_core.verb:set package 'demos' build argument 'cmake_args' from command line to 'None'
[0.475s] Level 5:colcon.colcon_core.verb:set package 'demos' build argument 'cmake_target' from command line to 'None'
[0.475s] Level 5:colcon.colcon_core.verb:set package 'demos' build argument 'cmake_target_skip_unavailable' from command line to 'False'
[0.475s] Level 5:colcon.colcon_core.verb:set package 'demos' build argument 'cmake_clean_cache' from command line to 'False'
[0.475s] Level 5:colcon.colcon_core.verb:set package 'demos' build argument 'cmake_clean_first' from command line to 'False'
[0.475s] Level 5:colcon.colcon_core.verb:set package 'demos' build argument 'cmake_force_configure' from command line to 'False'
[0.475s] Level 5:colcon.colcon_core.verb:set package 'demos' build argument 'ament_cmake_args' from command line to 'None'
[0.475s] Level 5:colcon.colcon_core.verb:set package 'demos' build argument 'catkin_cmake_args' from command line to 'None'
[0.475s] Level 5:colcon.colcon_core.verb:set package 'demos' build argument 'catkin_skip_building_tests' from command line to 'False'
[0.475s] DEBUG:colcon.colcon_core.verb:Building package 'demos' with the following arguments: {'ament_cmake_args': None, 'build_base': '/home/rosdev/ros2_ws_lab/lab1.1/build/demos', 'catkin_cmake_args': None, 'catkin_skip_building_tests': False, 'cmake_args': None, 'cmake_clean_cache': False, 'cmake_clean_first': False, 'cmake_force_configure': False, 'cmake_target': None, 'cmake_target_skip_unavailable': False, 'install_base': '/home/rosdev/ros2_ws_lab/lab1.1/install/demos', 'merge_install': False, 'path': '/home/rosdev/ros2_ws_lab/lab1.1/src/demos', 'symlink_install': False, 'test_result_base': None}
[0.476s] INFO:colcon.colcon_core.executor:Executing jobs using 'parallel' executor
[0.477s] DEBUG:colcon.colcon_parallel_executor.executor.parallel:run_until_complete
[0.477s] INFO:colcon.colcon_ros.task.ament_cmake.build:Building ROS package in '/home/rosdev/ros2_ws_lab/lab1.1/src/demos' with build type 'ament_cmake'
[0.477s] INFO:colcon.colcon_cmake.task.cmake.build:Building CMake package in '/home/rosdev/ros2_ws_lab/lab1.1/src/demos'
[0.479s] INFO:colcon.colcon_core.plugin_system:Skipping extension 'colcon_core.shell.bat': Not used on non-Windows systems
[0.480s] INFO:colcon.colcon_core.shell:Skip shell extension 'powershell' for command environment: Not usable outside of PowerShell
[0.480s] DEBUG:colcon.colcon_core.shell:Skip shell extension 'dsv' for command environment
[0.488s] DEBUG:colcon.colcon_core.event_handler.log_command:Invoking command in '/home/rosdev/ros2_ws_lab/lab1.1/build/demos': CMAKE_PREFIX_PATH=/opt/ros/humble /usr/bin/cmake /home/rosdev/ros2_ws_lab/lab1.1/src/demos -DCMAKE_INSTALL_PREFIX=/home/rosdev/ros2_ws_lab/lab1.1/install/demos
[1.920s] DEBUG:colcon.colcon_core.event_handler.log_command:Invoked command in '/home/rosdev/ros2_ws_lab/lab1.1/build/demos' returned '0': CMAKE_PREFIX_PATH=/opt/ros/humble /usr/bin/cmake /home/rosdev/ros2_ws_lab/lab1.1/src/demos -DCMAKE_INSTALL_PREFIX=/home/rosdev/ros2_ws_lab/lab1.1/install/demos
[1.923s] DEBUG:colcon.colcon_core.event_handler.log_command:Invoking command in '/home/rosdev/ros2_ws_lab/lab1.1/build/demos': CMAKE_PREFIX_PATH=/opt/ros/humble /usr/bin/cmake --build /home/rosdev/ros2_ws_lab/lab1.1/build/demos -- -j12 -l12
[2.351s] DEBUG:colcon.colcon_core.event_handler.log_command:Invoked command in '/home/rosdev/ros2_ws_lab/lab1.1/build/demos' returned '0': CMAKE_PREFIX_PATH=/opt/ros/humble /usr/bin/cmake --build /home/rosdev/ros2_ws_lab/lab1.1/build/demos -- -j12 -l12
[2.362s] DEBUG:colcon.colcon_core.event_handler.log_command:Invoking command in '/home/rosdev/ros2_ws_lab/lab1.1/build/demos': CMAKE_PREFIX_PATH=/opt/ros/humble /usr/bin/cmake --install /home/rosdev/ros2_ws_lab/lab1.1/build/demos
[2.453s] Level 1:colcon.colcon_core.environment:create_environment_scripts_only(demos)
[2.454s] DEBUG:colcon.colcon_core.event_handler.log_command:Invoked command in '/home/rosdev/ros2_ws_lab/lab1.1/build/demos' returned '0': CMAKE_PREFIX_PATH=/opt/ros/humble /usr/bin/cmake --install /home/rosdev/ros2_ws_lab/lab1.1/build/demos
[2.459s] Level 1:colcon.colcon_core.environment:checking '/home/rosdev/ros2_ws_lab/lab1.1/install/demos' for CMake module files
[2.461s] Level 1:colcon.colcon_core.environment:checking '/home/rosdev/ros2_ws_lab/lab1.1/install/demos' for CMake config files
[2.462s] Level 1:colcon.colcon_core.shell:create_environment_hook('demos', 'cmake_prefix_path')
[2.462s] INFO:colcon.colcon_core.shell:Creating environment hook '/home/rosdev/ros2_ws_lab/lab1.1/install/demos/share/demos/hook/cmake_prefix_path.ps1'
[2.464s] INFO:colcon.colcon_core.shell:Creating environment descriptor '/home/rosdev/ros2_ws_lab/lab1.1/install/demos/share/demos/hook/cmake_prefix_path.dsv'
[2.465s] INFO:colcon.colcon_core.shell:Creating environment hook '/home/rosdev/ros2_ws_lab/lab1.1/install/demos/share/demos/hook/cmake_prefix_path.sh'
[2.467s] Level 1:colcon.colcon_core.environment:checking '/home/rosdev/ros2_ws_lab/lab1.1/install/demos/lib'
[2.467s] Level 1:colcon.colcon_core.environment:checking '/home/rosdev/ros2_ws_lab/lab1.1/install/demos/bin'
[2.468s] Level 1:colcon.colcon_core.environment:checking '/home/rosdev/ros2_ws_lab/lab1.1/install/demos/lib/pkgconfig/demos.pc'
[2.468s] Level 1:colcon.colcon_core.environment:checking '/home/rosdev/ros2_ws_lab/lab1.1/install/demos/lib/python3.10/site-packages'
[2.469s] Level 1:colcon.colcon_core.environment:checking '/home/rosdev/ros2_ws_lab/lab1.1/install/demos/bin'
[2.470s] INFO:colcon.colcon_core.shell:Creating package script '/home/rosdev/ros2_ws_lab/lab1.1/install/demos/share/demos/package.ps1'
[2.471s] INFO:colcon.colcon_core.shell:Creating package descriptor '/home/rosdev/ros2_ws_lab/lab1.1/install/demos/share/demos/package.dsv'
[2.473s] INFO:colcon.colcon_core.shell:Creating package script '/home/rosdev/ros2_ws_lab/lab1.1/install/demos/share/demos/package.sh'
[2.475s] INFO:colcon.colcon_core.shell:Creating package script '/home/rosdev/ros2_ws_lab/lab1.1/install/demos/share/demos/package.bash'
[2.477s] INFO:colcon.colcon_core.shell:Creating package script '/home/rosdev/ros2_ws_lab/lab1.1/install/demos/share/demos/package.zsh'
[2.478s] Level 1:colcon.colcon_core.environment:create_file_with_runtime_dependencies(/home/rosdev/ros2_ws_lab/lab1.1/install/demos/share/colcon-core/packages/demos)
[2.480s] Level 1:colcon.colcon_core.environment:create_environment_scripts_only(demos)
[2.481s] Level 1:colcon.colcon_core.environment:checking '/home/rosdev/ros2_ws_lab/lab1.1/install/demos' for CMake module files
[2.483s] Level 1:colcon.colcon_core.environment:checking '/home/rosdev/ros2_ws_lab/lab1.1/install/demos' for CMake config files
[2.484s] Level 1:colcon.colcon_core.shell:create_environment_hook('demos', 'cmake_prefix_path')
[2.485s] INFO:colcon.colcon_core.shell:Creating environment hook '/home/rosdev/ros2_ws_lab/lab1.1/install/demos/share/demos/hook/cmake_prefix_path.ps1'
[2.486s] INFO:colcon.colcon_core.shell:Creating environment descriptor '/home/rosdev/ros2_ws_lab/lab1.1/install/demos/share/demos/hook/cmake_prefix_path.dsv'
[2.487s] INFO:colcon.colcon_core.shell:Creating environment hook '/home/rosdev/ros2_ws_lab/lab1.1/install/demos/share/demos/hook/cmake_prefix_path.sh'
[2.489s] Level 1:colcon.colcon_core.environment:checking '/home/rosdev/ros2_ws_lab/lab1.1/install/demos/lib'
[2.489s] Level 1:colcon.colcon_core.environment:checking '/home/rosdev/ros2_ws_lab/lab1.1/install/demos/bin'
[2.490s] Level 1:colcon.colcon_core.environment:checking '/home/rosdev/ros2_ws_lab/lab1.1/install/demos/lib/pkgconfig/demos.pc'
[2.491s] Level 1:colcon.colcon_core.environment:checking '/home/rosdev/ros2_ws_lab/lab1.1/install/demos/lib/python3.10/site-packages'
[2.492s] Level 1:colcon.colcon_core.environment:checking '/home/rosdev/ros2_ws_lab/lab1.1/install/demos/bin'
[2.493s] INFO:colcon.colcon_core.shell:Creating package script '/home/rosdev/ros2_ws_lab/lab1.1/install/demos/share/demos/package.ps1'
[2.494s] INFO:colcon.colcon_core.shell:Creating package descriptor '/home/rosdev/ros2_ws_lab/lab1.1/install/demos/share/demos/package.dsv'
[2.495s] INFO:colcon.colcon_core.shell:Creating package script '/home/rosdev/ros2_ws_lab/lab1.1/install/demos/share/demos/package.sh'
[2.497s] INFO:colcon.colcon_core.shell:Creating package script '/home/rosdev/ros2_ws_lab/lab1.1/install/demos/share/demos/package.bash'
[2.498s] INFO:colcon.colcon_core.shell:Creating package script '/home/rosdev/ros2_ws_lab/lab1.1/install/demos/share/demos/package.zsh'
[2.499s] Level 1:colcon.colcon_core.environment:create_file_with_runtime_dependencies(/home/rosdev/ros2_ws_lab/lab1.1/install/demos/share/colcon-core/packages/demos)
[2.500s] DEBUG:colcon.colcon_parallel_executor.executor.parallel:closing loop
[2.501s] DEBUG:colcon.colcon_parallel_executor.executor.parallel:loop closed
[2.501s] DEBUG:colcon.colcon_parallel_executor.executor.parallel:run_until_complete finished with '0'
[2.501s] DEBUG:colcon.colcon_core.event_reactor:joining thread
[2.508s] INFO:colcon.colcon_core.plugin_system:Skipping extension 'colcon_notification.desktop_notification.terminal_notifier': Not used on non-Darwin systems
[2.508s] INFO:colcon.colcon_core.plugin_system:Skipping extension 'colcon_notification.desktop_notification.win32': Not used on non-Windows systems
[2.508s] INFO:colcon.colcon_notification.desktop_notification:Sending desktop notification using 'notify2'
[2.523s] DEBUG:colcon.colcon_core.event_reactor:joined thread
[2.523s] INFO:colcon.colcon_core.shell:Creating prefix script '/home/rosdev/ros2_ws_lab/lab1.1/install/local_setup.ps1'
[2.524s] INFO:colcon.colcon_core.shell:Creating prefix util module '/home/rosdev/ros2_ws_lab/lab1.1/install/_local_setup_util_ps1.py'
[2.526s] INFO:colcon.colcon_core.shell:Creating prefix chain script '/home/rosdev/ros2_ws_lab/lab1.1/install/setup.ps1'
[2.527s] INFO:colcon.colcon_core.shell:Creating prefix script '/home/rosdev/ros2_ws_lab/lab1.1/install/local_setup.sh'
[2.527s] INFO:colcon.colcon_core.shell:Creating prefix util module '/home/rosdev/ros2_ws_lab/lab1.1/install/_local_setup_util_sh.py'
[2.528s] INFO:colcon.colcon_core.shell:Creating prefix chain script '/home/rosdev/ros2_ws_lab/lab1.1/install/setup.sh'
[2.529s] INFO:colcon.colcon_core.shell:Creating prefix script '/home/rosdev/ros2_ws_lab/lab1.1/install/local_setup.bash'
[2.530s] INFO:colcon.colcon_core.shell:Creating prefix chain script '/home/rosdev/ros2_ws_lab/lab1.1/install/setup.bash'
[2.531s] INFO:colcon.colcon_core.shell:Creating prefix script '/home/rosdev/ros2_ws_lab/lab1.1/install/local_setup.zsh'
[2.531s] INFO:colcon.colcon_core.shell:Creating prefix chain script '/home/rosdev/ros2_ws_lab/lab1.1/install/setup.zsh'
