[0.041s] Invoking command in '/home/rosdev/ros2_ws_lab/lab3/build/turtlebot3_msgs': CMAKE_PREFIX_PATH=${CMAKE_PREFIX_PATH}:/home/rosdev/turtlebot3_ws/install/turtlebot3_teleop:/home/rosdev/turtlebot3_ws/install/turtlebot3_example:/opt/ros/humble /usr/bin/cmake /home/rosdev/ros2_ws_lab/lab3/src/turtlebot3_msgs -DCMAKE_INSTALL_PREFIX=/home/rosdev/ros2_ws_lab/lab3/install/turtlebot3_msgs
[0.105s] -- The C compiler identification is GNU 11.4.0
[0.168s] -- The CXX compiler identification is GNU 11.4.0
[0.177s] -- Detecting C compiler ABI info
[0.267s] -- Detecting C compiler ABI info - done
[0.276s] -- Check for working C compiler: /usr/bin/cc - skipped
[0.277s] -- Detecting C compile features
[0.277s] -- Detecting C compile features - done
[0.281s] -- Detecting CXX compiler ABI info
[0.376s] -- Detecting CXX compiler ABI info - done
[0.395s] -- Check for working CXX compiler: /usr/bin/c++ - skipped
[0.396s] -- Detecting CXX compile features
[0.397s] -- Detecting CXX compile features - done
[0.403s] -- Found action_msgs: 1.2.1 (/opt/ros/humble/share/action_msgs/cmake)
[0.633s] -- Found Python3: /usr/bin/python3 (found version "3.10.12") found components: Interpreter 
[0.842s] -- Found rosidl_generator_c: 3.1.6 (/opt/ros/humble/share/rosidl_generator_c/cmake)
[0.851s] -- Found rosidl_adapter: 3.1.6 (/opt/ros/humble/share/rosidl_adapter/cmake)
[0.864s] -- Found rosidl_generator_cpp: 3.1.6 (/opt/ros/humble/share/rosidl_generator_cpp/cmake)
[0.882s] -- Using all available rosidl_typesupport_c: rosidl_typesupport_fastrtps_c;rosidl_typesupport_introspection_c
[0.908s] -- Using all available rosidl_typesupport_cpp: rosidl_typesupport_fastrtps_cpp;rosidl_typesupport_introspection_cpp
[0.967s] -- Found rosidl_default_generators: 1.2.0 (/opt/ros/humble/share/rosidl_default_generators/cmake)
[0.984s] -- Found std_msgs: 4.8.0 (/opt/ros/humble/share/std_msgs/cmake)
[1.005s] -- Found geometry_msgs: 4.8.0 (/opt/ros/humble/share/geometry_msgs/cmake)
[1.819s] -- Found ament_cmake_cppcheck: 0.12.12 (/opt/ros/humble/share/ament_cmake_cppcheck/cmake)
[1.824s] -- Found ament_cmake_cpplint: 0.12.12 (/opt/ros/humble/share/ament_cmake_cpplint/cmake)
[1.828s] -- Found ament_cmake_uncrustify: 0.12.12 (/opt/ros/humble/share/ament_cmake_uncrustify/cmake)
[1.835s] -- Found ament_cmake_ros: 0.10.0 (/opt/ros/humble/share/ament_cmake_ros/cmake)
[2.418s] -- Using all available rosidl_typesupport_c: rosidl_typesupport_fastrtps_c;rosidl_typesupport_introspection_c
[2.639s] -- Using all available rosidl_typesupport_cpp: rosidl_typesupport_fastrtps_cpp;rosidl_typesupport_introspection_cpp
[2.673s] -- Found PythonInterp: /usr/bin/python3 (found suitable version "3.10.12", minimum required is "3.6") 
[2.676s] -- Found python_cmake_module: 0.10.0 (/opt/ros/humble/share/python_cmake_module/cmake)
[2.705s] -- Found PythonLibs: /usr/lib/x86_64-linux-gnu/libpython3.10.so (found suitable version "3.10.12", minimum required is "3.5") 
[2.706s] -- Using PYTHON_EXECUTABLE: /usr/bin/python3
[2.706s] -- Using PYTHON_INCLUDE_DIRS: /usr/include/python3.10
[2.706s] -- Using PYTHON_LIBRARIES: /usr/lib/x86_64-linux-gnu/libpython3.10.so
[2.732s] -- Found PythonExtra: .so  
[2.834s] -- Found ament_cmake_flake8: 0.12.12 (/opt/ros/humble/share/ament_cmake_flake8/cmake)
[2.837s] -- Found ament_cmake_pep257: 0.12.12 (/opt/ros/humble/share/ament_cmake_pep257/cmake)
[2.851s] -- Configuring done
[2.906s] -- Generating done
[2.923s] -- Build files have been written to: /home/rosdev/ros2_ws_lab/lab3/build/turtlebot3_msgs
[2.939s] Invoked command in '/home/rosdev/ros2_ws_lab/lab3/build/turtlebot3_msgs' returned '0': CMAKE_PREFIX_PATH=${CMAKE_PREFIX_PATH}:/home/rosdev/turtlebot3_ws/install/turtlebot3_teleop:/home/rosdev/turtlebot3_ws/install/turtlebot3_example:/opt/ros/humble /usr/bin/cmake /home/rosdev/ros2_ws_lab/lab3/src/turtlebot3_msgs -DCMAKE_INSTALL_PREFIX=/home/rosdev/ros2_ws_lab/lab3/install/turtlebot3_msgs
[2.941s] Invoking command in '/home/rosdev/ros2_ws_lab/lab3/build/turtlebot3_msgs': CMAKE_PREFIX_PATH=${CMAKE_PREFIX_PATH}:/home/rosdev/turtlebot3_ws/install/turtlebot3_teleop:/home/rosdev/turtlebot3_ws/install/turtlebot3_example:/opt/ros/humble /usr/bin/cmake --build /home/rosdev/ros2_ws_lab/lab3/build/turtlebot3_msgs -- -j12 -l12
[2.994s] [  1%] [34m[1mGenerating C code for ROS interfaces[0m
[3.008s] [  2%] [34m[1mGenerating C++ code for ROS interfaces[0m
[3.017s] [  2%] Built target ament_cmake_python_copy_turtlebot3_msgs
[3.548s] running egg_info
[3.549s] creating turtlebot3_msgs.egg-info
[3.550s] writing turtlebot3_msgs.egg-info/PKG-INFO
[3.550s] writing dependency_links to turtlebot3_msgs.egg-info/dependency_links.txt
[3.551s] writing top-level names to turtlebot3_msgs.egg-info/top_level.txt
[3.551s] writing manifest file 'turtlebot3_msgs.egg-info/SOURCES.txt'
[3.554s] reading manifest file 'turtlebot3_msgs.egg-info/SOURCES.txt'
[3.555s] writing manifest file 'turtlebot3_msgs.egg-info/SOURCES.txt'
[3.601s] [  2%] Built target ament_cmake_python_build_turtlebot3_msgs_egg
[4.785s] [  6%] [32mBuilding C object CMakeFiles/turtlebot3_msgs__rosidl_generator_c.dir/rosidl_generator_c/turtlebot3_msgs/srv/detail/dqn__functions.c.o[0m
[4.785s] [  6%] [32mBuilding C object CMakeFiles/turtlebot3_msgs__rosidl_generator_c.dir/rosidl_generator_c/turtlebot3_msgs/srv/detail/goal__functions.c.o[0m
[4.786s] [  6%] [32mBuilding C object CMakeFiles/turtlebot3_msgs__rosidl_generator_c.dir/rosidl_generator_c/turtlebot3_msgs/msg/detail/sound__functions.c.o[0m
[4.787s] [  7%] [32mBuilding C object CMakeFiles/turtlebot3_msgs__rosidl_generator_c.dir/rosidl_generator_c/turtlebot3_msgs/msg/detail/sensor_state__functions.c.o[0m
[4.788s] [  8%] [32mBuilding C object CMakeFiles/turtlebot3_msgs__rosidl_generator_c.dir/rosidl_generator_c/turtlebot3_msgs/srv/detail/sound__functions.c.o[0m
[4.789s] [ 10%] [32mBuilding C object CMakeFiles/turtlebot3_msgs__rosidl_generator_c.dir/rosidl_generator_c/turtlebot3_msgs/msg/detail/version_info__functions.c.o[0m
[4.789s] [ 11%] [32mBuilding C object CMakeFiles/turtlebot3_msgs__rosidl_generator_c.dir/rosidl_generator_c/turtlebot3_msgs/action/detail/patrol__functions.c.o[0m
[4.893s] [ 11%] Built target turtlebot3_msgs__cpp
[4.905s] [ 15%] [34m[1mGenerating C++ type support for eProsima Fast-RTPS[0m
[4.905s] [ 15%] [34m[1mGenerating C++ introspection for ROS interfaces[0m
[4.905s] [ 15%] [34m[1mGenerating C++ type support dispatch for ROS interfaces[0m
[4.971s] [ 16%] [32m[1mLinking C shared library libturtlebot3_msgs__rosidl_generator_c.so[0m
[5.016s] [ 16%] Built target turtlebot3_msgs__rosidl_generator_c
[5.028s] [ 18%] [34m[1mGenerating C introspection for ROS interfaces[0m
[5.028s] [ 18%] [34m[1mGenerating C type support for eProsima Fast-RTPS[0m
[5.028s] [ 20%] [34m[1mGenerating C type support dispatch for ROS interfaces[0m
[5.825s] [ 21%] [32mBuilding CXX object CMakeFiles/turtlebot3_msgs__rosidl_typesupport_cpp.dir/rosidl_typesupport_cpp/turtlebot3_msgs/msg/sound__type_support.cpp.o[0m
[5.825s] [ 22%] [32mBuilding CXX object CMakeFiles/turtlebot3_msgs__rosidl_typesupport_cpp.dir/rosidl_typesupport_cpp/turtlebot3_msgs/srv/sound__type_support.cpp.o[0m
[5.827s] [ 24%] [32mBuilding CXX object CMakeFiles/turtlebot3_msgs__rosidl_typesupport_cpp.dir/rosidl_typesupport_cpp/turtlebot3_msgs/action/patrol__type_support.cpp.o[0m
[5.827s] [ 25%] [32mBuilding CXX object CMakeFiles/turtlebot3_msgs__rosidl_typesupport_cpp.dir/rosidl_typesupport_cpp/turtlebot3_msgs/srv/goal__type_support.cpp.o[0m
[5.828s] [ 26%] [32mBuilding CXX object CMakeFiles/turtlebot3_msgs__rosidl_typesupport_cpp.dir/rosidl_typesupport_cpp/turtlebot3_msgs/srv/dqn__type_support.cpp.o[0m
[5.837s] [ 27%] [32mBuilding CXX object CMakeFiles/turtlebot3_msgs__rosidl_typesupport_cpp.dir/rosidl_typesupport_cpp/turtlebot3_msgs/msg/sensor_state__type_support.cpp.o[0m
[5.842s] [ 29%] [32mBuilding CXX object CMakeFiles/turtlebot3_msgs__rosidl_typesupport_cpp.dir/rosidl_typesupport_cpp/turtlebot3_msgs/msg/version_info__type_support.cpp.o[0m
[6.432s] [ 30%] [32mBuilding CXX object CMakeFiles/turtlebot3_msgs__rosidl_typesupport_introspection_cpp.dir/rosidl_typesupport_introspection_cpp/turtlebot3_msgs/msg/detail/sensor_state__type_support.cpp.o[0m
[6.432s] [ 31%] [32mBuilding CXX object CMakeFiles/turtlebot3_msgs__rosidl_typesupport_introspection_cpp.dir/rosidl_typesupport_introspection_cpp/turtlebot3_msgs/msg/detail/sound__type_support.cpp.o[0m
[6.434s] [ 32%] [32mBuilding CXX object CMakeFiles/turtlebot3_msgs__rosidl_typesupport_introspection_cpp.dir/rosidl_typesupport_introspection_cpp/turtlebot3_msgs/msg/detail/version_info__type_support.cpp.o[0m
[6.443s] [ 34%] [32mBuilding CXX object CMakeFiles/turtlebot3_msgs__rosidl_typesupport_introspection_cpp.dir/rosidl_typesupport_introspection_cpp/turtlebot3_msgs/srv/detail/sound__type_support.cpp.o[0m
[6.448s] [ 35%] [32mBuilding CXX object CMakeFiles/turtlebot3_msgs__rosidl_typesupport_introspection_cpp.dir/rosidl_typesupport_introspection_cpp/turtlebot3_msgs/srv/detail/dqn__type_support.cpp.o[0m
[6.467s] [ 36%] [32mBuilding CXX object CMakeFiles/turtlebot3_msgs__rosidl_typesupport_c.dir/rosidl_typesupport_c/turtlebot3_msgs/msg/sensor_state__type_support.cpp.o[0m
[6.485s] [ 37%] [32mBuilding CXX object CMakeFiles/turtlebot3_msgs__rosidl_typesupport_introspection_cpp.dir/rosidl_typesupport_introspection_cpp/turtlebot3_msgs/srv/detail/goal__type_support.cpp.o[0m
[6.518s] [ 39%] [32mBuilding CXX object CMakeFiles/turtlebot3_msgs__rosidl_typesupport_introspection_cpp.dir/rosidl_typesupport_introspection_cpp/turtlebot3_msgs/action/detail/patrol__type_support.cpp.o[0m
[6.533s] [ 40%] [32mBuilding CXX object CMakeFiles/turtlebot3_msgs__rosidl_typesupport_c.dir/rosidl_typesupport_c/turtlebot3_msgs/msg/sound__type_support.cpp.o[0m
[6.588s] [ 41%] [32mBuilding CXX object CMakeFiles/turtlebot3_msgs__rosidl_typesupport_c.dir/rosidl_typesupport_c/turtlebot3_msgs/msg/version_info__type_support.cpp.o[0m
[6.655s] [ 43%] [32mBuilding CXX object CMakeFiles/turtlebot3_msgs__rosidl_typesupport_c.dir/rosidl_typesupport_c/turtlebot3_msgs/srv/sound__type_support.cpp.o[0m
[6.717s] [ 44%] [32mBuilding CXX object CMakeFiles/turtlebot3_msgs__rosidl_typesupport_c.dir/rosidl_typesupport_c/turtlebot3_msgs/srv/dqn__type_support.cpp.o[0m
[6.773s] [ 45%] [32mBuilding CXX object CMakeFiles/turtlebot3_msgs__rosidl_typesupport_fastrtps_cpp.dir/rosidl_typesupport_fastrtps_cpp/turtlebot3_msgs/msg/detail/dds_fastrtps/sensor_state__type_support.cpp.o[0m
[6.784s] [ 46%] [32mBuilding CXX object CMakeFiles/turtlebot3_msgs__rosidl_typesupport_c.dir/rosidl_typesupport_c/turtlebot3_msgs/srv/goal__type_support.cpp.o[0m
[6.873s] [ 48%] [32mBuilding CXX object CMakeFiles/turtlebot3_msgs__rosidl_typesupport_c.dir/rosidl_typesupport_c/turtlebot3_msgs/action/patrol__type_support.cpp.o[0m
[6.881s] [ 49%] [32mBuilding C object CMakeFiles/turtlebot3_msgs__rosidl_typesupport_introspection_c.dir/rosidl_typesupport_introspection_c/turtlebot3_msgs/msg/detail/sensor_state__type_support.c.o[0m
[6.892s] [ 50%] [32m[1mLinking CXX shared library libturtlebot3_msgs__rosidl_typesupport_cpp.so[0m
[6.911s] [ 51%] [32mBuilding CXX object CMakeFiles/turtlebot3_msgs__rosidl_typesupport_fastrtps_c.dir/rosidl_typesupport_fastrtps_c/turtlebot3_msgs/msg/detail/sensor_state__type_support_c.cpp.o[0m
[6.958s] [ 53%] [32mBuilding C object CMakeFiles/turtlebot3_msgs__rosidl_typesupport_introspection_c.dir/rosidl_typesupport_introspection_c/turtlebot3_msgs/msg/detail/sound__type_support.c.o[0m
[6.968s] [ 54%] [32m[1mLinking CXX shared library libturtlebot3_msgs__rosidl_typesupport_c.so[0m
[6.992s] [ 54%] Built target turtlebot3_msgs__rosidl_typesupport_cpp
[7.016s] [ 55%] [32mBuilding CXX object CMakeFiles/turtlebot3_msgs__rosidl_typesupport_fastrtps_cpp.dir/rosidl_typesupport_fastrtps_cpp/turtlebot3_msgs/msg/detail/dds_fastrtps/sound__type_support.cpp.o[0m
[7.034s] [ 56%] [32mBuilding C object CMakeFiles/turtlebot3_msgs__rosidl_typesupport_introspection_c.dir/rosidl_typesupport_introspection_c/turtlebot3_msgs/msg/detail/version_info__type_support.c.o[0m
[7.092s] [ 56%] Built target turtlebot3_msgs__rosidl_typesupport_c
[7.109s] [ 58%] [32mBuilding C object CMakeFiles/turtlebot3_msgs__rosidl_typesupport_introspection_c.dir/rosidl_typesupport_introspection_c/turtlebot3_msgs/srv/detail/dqn__type_support.c.o[0m
[7.116s] [ 59%] [32mBuilding C object CMakeFiles/turtlebot3_msgs__rosidl_typesupport_introspection_c.dir/rosidl_typesupport_introspection_c/turtlebot3_msgs/srv/detail/sound__type_support.c.o[0m
[7.198s] [ 60%] [32mBuilding CXX object CMakeFiles/turtlebot3_msgs__rosidl_typesupport_fastrtps_c.dir/rosidl_typesupport_fastrtps_c/turtlebot3_msgs/msg/detail/sound__type_support_c.cpp.o[0m
[7.230s] [ 62%] [32mBuilding CXX object CMakeFiles/turtlebot3_msgs__rosidl_typesupport_fastrtps_c.dir/rosidl_typesupport_fastrtps_c/turtlebot3_msgs/msg/detail/version_info__type_support_c.cpp.o[0m
[7.241s] [ 63%] [32mBuilding C object CMakeFiles/turtlebot3_msgs__rosidl_typesupport_introspection_c.dir/rosidl_typesupport_introspection_c/turtlebot3_msgs/srv/detail/goal__type_support.c.o[0m
[7.253s] [ 64%] [32mBuilding CXX object CMakeFiles/turtlebot3_msgs__rosidl_typesupport_fastrtps_c.dir/rosidl_typesupport_fastrtps_c/turtlebot3_msgs/srv/detail/sound__type_support_c.cpp.o[0m
[7.260s] [ 65%] [32mBuilding CXX object CMakeFiles/turtlebot3_msgs__rosidl_typesupport_fastrtps_cpp.dir/rosidl_typesupport_fastrtps_cpp/turtlebot3_msgs/msg/detail/dds_fastrtps/version_info__type_support.cpp.o[0m
[7.268s] [ 67%] [32mBuilding CXX object CMakeFiles/turtlebot3_msgs__rosidl_typesupport_fastrtps_cpp.dir/rosidl_typesupport_fastrtps_cpp/turtlebot3_msgs/srv/detail/dds_fastrtps/sound__type_support.cpp.o[0m
[7.278s] [ 68%] [32mBuilding C object CMakeFiles/turtlebot3_msgs__rosidl_typesupport_introspection_c.dir/rosidl_typesupport_introspection_c/turtlebot3_msgs/action/detail/patrol__type_support.c.o[0m
[7.332s] [ 69%] [32mBuilding CXX object CMakeFiles/turtlebot3_msgs__rosidl_typesupport_fastrtps_cpp.dir/rosidl_typesupport_fastrtps_cpp/turtlebot3_msgs/srv/detail/dds_fastrtps/dqn__type_support.cpp.o[0m
[7.359s] [ 70%] [32mBuilding CXX object CMakeFiles/turtlebot3_msgs__rosidl_typesupport_fastrtps_cpp.dir/rosidl_typesupport_fastrtps_cpp/turtlebot3_msgs/srv/detail/dds_fastrtps/goal__type_support.cpp.o[0m
[7.369s] [ 72%] [32m[1mLinking C shared library libturtlebot3_msgs__rosidl_typesupport_introspection_c.so[0m
[7.476s] [ 72%] Built target turtlebot3_msgs__rosidl_typesupport_introspection_c
[7.504s] [ 73%] [32mBuilding CXX object CMakeFiles/turtlebot3_msgs__rosidl_typesupport_fastrtps_cpp.dir/rosidl_typesupport_fastrtps_cpp/turtlebot3_msgs/action/detail/dds_fastrtps/patrol__type_support.cpp.o[0m
[7.644s] [ 74%] [32mBuilding CXX object CMakeFiles/turtlebot3_msgs__rosidl_typesupport_fastrtps_c.dir/rosidl_typesupport_fastrtps_c/turtlebot3_msgs/srv/detail/dqn__type_support_c.cpp.o[0m
[7.645s] [ 75%] [32mBuilding CXX object CMakeFiles/turtlebot3_msgs__rosidl_typesupport_fastrtps_c.dir/rosidl_typesupport_fastrtps_c/turtlebot3_msgs/srv/detail/goal__type_support_c.cpp.o[0m
[7.752s] [ 77%] [32m[1mLinking CXX shared library libturtlebot3_msgs__rosidl_typesupport_introspection_cpp.so[0m
[7.931s] [ 78%] [32mBuilding CXX object CMakeFiles/turtlebot3_msgs__rosidl_typesupport_fastrtps_c.dir/rosidl_typesupport_fastrtps_c/turtlebot3_msgs/action/detail/patrol__type_support_c.cpp.o[0m
[7.936s] [ 78%] Built target turtlebot3_msgs__rosidl_typesupport_introspection_cpp
[8.439s] [ 79%] [32m[1mLinking CXX shared library libturtlebot3_msgs__rosidl_typesupport_fastrtps_cpp.so[0m
[8.518s] [ 79%] Built target turtlebot3_msgs__rosidl_typesupport_fastrtps_cpp
[8.550s] [ 81%] [32m[1mLinking CXX shared library libturtlebot3_msgs__rosidl_typesupport_fastrtps_c.so[0m
[8.625s] [ 81%] Built target turtlebot3_msgs__rosidl_typesupport_fastrtps_c
[8.646s] [ 81%] Built target turtlebot3_msgs
[8.668s] [ 82%] [34m[1mGenerating Python code for ROS interfaces[0m
[10.892s] [ 82%] Built target turtlebot3_msgs__py
[10.915s] [ 86%] [32mBuilding C object CMakeFiles/turtlebot3_msgs__rosidl_generator_py.dir/rosidl_generator_py/turtlebot3_msgs/msg/_sound_s.c.o[0m
[10.915s] [ 86%] [32mBuilding C object CMakeFiles/turtlebot3_msgs__rosidl_generator_py.dir/rosidl_generator_py/turtlebot3_msgs/msg/_sensor_state_s.c.o[0m
[10.915s] [ 87%] [32mBuilding C object CMakeFiles/turtlebot3_msgs__rosidl_generator_py.dir/rosidl_generator_py/turtlebot3_msgs/srv/_dqn_s.c.o[0m
[10.915s] [ 87%] [32mBuilding C object CMakeFiles/turtlebot3_msgs__rosidl_generator_py.dir/rosidl_generator_py/turtlebot3_msgs/srv/_sound_s.c.o[0m
[10.917s] [ 88%] [32mBuilding C object CMakeFiles/turtlebot3_msgs__rosidl_generator_py.dir/rosidl_generator_py/turtlebot3_msgs/msg/_version_info_s.c.o[0m
[10.918s] [ 89%] [32mBuilding C object CMakeFiles/turtlebot3_msgs__rosidl_generator_py.dir/rosidl_generator_py/turtlebot3_msgs/srv/_goal_s.c.o[0m
[10.919s] [ 91%] [32mBuilding C object CMakeFiles/turtlebot3_msgs__rosidl_generator_py.dir/rosidl_generator_py/turtlebot3_msgs/action/_patrol_s.c.o[0m
[11.144s] [ 92%] [32m[1mLinking C shared library rosidl_generator_py/turtlebot3_msgs/libturtlebot3_msgs__rosidl_generator_py.so[0m
[11.190s] [ 92%] Built target turtlebot3_msgs__rosidl_generator_py
[11.212s] [ 96%] [32mBuilding C object CMakeFiles/turtlebot3_msgs__rosidl_typesupport_fastrtps_c__pyext.dir/rosidl_generator_py/turtlebot3_msgs/_turtlebot3_msgs_s.ep.rosidl_typesupport_fastrtps_c.c.o[0m
[11.212s] [ 96%] [32mBuilding C object CMakeFiles/turtlebot3_msgs__rosidl_typesupport_c__pyext.dir/rosidl_generator_py/turtlebot3_msgs/_turtlebot3_msgs_s.ep.rosidl_typesupport_c.c.o[0m
[11.212s] [ 96%] [32mBuilding C object CMakeFiles/turtlebot3_msgs__rosidl_typesupport_introspection_c__pyext.dir/rosidl_generator_py/turtlebot3_msgs/_turtlebot3_msgs_s.ep.rosidl_typesupport_introspection_c.c.o[0m
[11.382s] [ 98%] [32m[1mLinking C shared library rosidl_generator_py/turtlebot3_msgs/turtlebot3_msgs_s__rosidl_typesupport_introspection_c.cpython-310-x86_64-linux-gnu.so[0m
[11.382s] [ 98%] [32m[1mLinking C shared library rosidl_generator_py/turtlebot3_msgs/turtlebot3_msgs_s__rosidl_typesupport_fastrtps_c.cpython-310-x86_64-linux-gnu.so[0m
[11.383s] [100%] [32m[1mLinking C shared library rosidl_generator_py/turtlebot3_msgs/turtlebot3_msgs_s__rosidl_typesupport_c.cpython-310-x86_64-linux-gnu.so[0m
[11.431s] [100%] Built target turtlebot3_msgs__rosidl_typesupport_c__pyext
[11.431s] [100%] Built target turtlebot3_msgs__rosidl_typesupport_introspection_c__pyext
[11.431s] [100%] Built target turtlebot3_msgs__rosidl_typesupport_fastrtps_c__pyext
[11.445s] Invoked command in '/home/rosdev/ros2_ws_lab/lab3/build/turtlebot3_msgs' returned '0': CMAKE_PREFIX_PATH=${CMAKE_PREFIX_PATH}:/home/rosdev/turtlebot3_ws/install/turtlebot3_teleop:/home/rosdev/turtlebot3_ws/install/turtlebot3_example:/opt/ros/humble /usr/bin/cmake --build /home/rosdev/ros2_ws_lab/lab3/build/turtlebot3_msgs -- -j12 -l12
[11.446s] Invoking command in '/home/rosdev/ros2_ws_lab/lab3/build/turtlebot3_msgs': CMAKE_PREFIX_PATH=${CMAKE_PREFIX_PATH}:/home/rosdev/turtlebot3_ws/install/turtlebot3_teleop:/home/rosdev/turtlebot3_ws/install/turtlebot3_example:/opt/ros/humble /usr/bin/cmake --install /home/rosdev/ros2_ws_lab/lab3/build/turtlebot3_msgs
[11.455s] -- Install configuration: ""
[11.455s] -- Installing: /home/rosdev/ros2_ws_lab/lab3/install/turtlebot3_msgs/share/ament_index/resource_index/rosidl_interfaces/turtlebot3_msgs
[11.456s] -- Installing: /home/rosdev/ros2_ws_lab/lab3/install/turtlebot3_msgs/include/turtlebot3_msgs/turtlebot3_msgs
[11.456s] -- Installing: /home/rosdev/ros2_ws_lab/lab3/install/turtlebot3_msgs/include/turtlebot3_msgs/turtlebot3_msgs/msg
[11.456s] -- Installing: /home/rosdev/ros2_ws_lab/lab3/install/turtlebot3_msgs/include/turtlebot3_msgs/turtlebot3_msgs/msg/sound.h
[11.456s] -- Installing: /home/rosdev/ros2_ws_lab/lab3/install/turtlebot3_msgs/include/turtlebot3_msgs/turtlebot3_msgs/msg/rosidl_generator_c__visibility_control.h
[11.456s] -- Installing: /home/rosdev/ros2_ws_lab/lab3/install/turtlebot3_msgs/include/turtlebot3_msgs/turtlebot3_msgs/msg/sensor_state.h
[11.456s] -- Installing: /home/rosdev/ros2_ws_lab/lab3/install/turtlebot3_msgs/include/turtlebot3_msgs/turtlebot3_msgs/msg/version_info.h
[11.456s] -- Installing: /home/rosdev/ros2_ws_lab/lab3/install/turtlebot3_msgs/include/turtlebot3_msgs/turtlebot3_msgs/msg/detail
[11.457s] -- Installing: /home/rosdev/ros2_ws_lab/lab3/install/turtlebot3_msgs/include/turtlebot3_msgs/turtlebot3_msgs/msg/detail/sensor_state__functions.h
[11.457s] -- Installing: /home/rosdev/ros2_ws_lab/lab3/install/turtlebot3_msgs/include/turtlebot3_msgs/turtlebot3_msgs/msg/detail/sensor_state__struct.h
[11.457s] -- Installing: /home/rosdev/ros2_ws_lab/lab3/install/turtlebot3_msgs/include/turtlebot3_msgs/turtlebot3_msgs/msg/detail/sound__struct.h
[11.457s] -- Installing: /home/rosdev/ros2_ws_lab/lab3/install/turtlebot3_msgs/include/turtlebot3_msgs/turtlebot3_msgs/msg/detail/version_info__functions.h
[11.457s] -- Installing: /home/rosdev/ros2_ws_lab/lab3/install/turtlebot3_msgs/include/turtlebot3_msgs/turtlebot3_msgs/msg/detail/sensor_state__functions.c
[11.457s] -- Installing: /home/rosdev/ros2_ws_lab/lab3/install/turtlebot3_msgs/include/turtlebot3_msgs/turtlebot3_msgs/msg/detail/version_info__struct.h
[11.457s] -- Installing: /home/rosdev/ros2_ws_lab/lab3/install/turtlebot3_msgs/include/turtlebot3_msgs/turtlebot3_msgs/msg/detail/sound__functions.c
[11.457s] -- Installing: /home/rosdev/ros2_ws_lab/lab3/install/turtlebot3_msgs/include/turtlebot3_msgs/turtlebot3_msgs/msg/detail/sound__functions.h
[11.457s] -- Installing: /home/rosdev/ros2_ws_lab/lab3/install/turtlebot3_msgs/include/turtlebot3_msgs/turtlebot3_msgs/msg/detail/sensor_state__type_support.h
[11.458s] -- Installing: /home/rosdev/ros2_ws_lab/lab3/install/turtlebot3_msgs/include/turtlebot3_msgs/turtlebot3_msgs/msg/detail/sound__type_support.h
[11.458s] -- Installing: /home/rosdev/ros2_ws_lab/lab3/install/turtlebot3_msgs/include/turtlebot3_msgs/turtlebot3_msgs/msg/detail/version_info__type_support.h
[11.458s] -- Installing: /home/rosdev/ros2_ws_lab/lab3/install/turtlebot3_msgs/include/turtlebot3_msgs/turtlebot3_msgs/msg/detail/version_info__functions.c
[11.458s] -- Installing: /home/rosdev/ros2_ws_lab/lab3/install/turtlebot3_msgs/include/turtlebot3_msgs/turtlebot3_msgs/srv
[11.458s] -- Installing: /home/rosdev/ros2_ws_lab/lab3/install/turtlebot3_msgs/include/turtlebot3_msgs/turtlebot3_msgs/srv/dqn.h
[11.458s] -- Installing: /home/rosdev/ros2_ws_lab/lab3/install/turtlebot3_msgs/include/turtlebot3_msgs/turtlebot3_msgs/srv/sound.h
[11.458s] -- Installing: /home/rosdev/ros2_ws_lab/lab3/install/turtlebot3_msgs/include/turtlebot3_msgs/turtlebot3_msgs/srv/goal.h
[11.458s] -- Installing: /home/rosdev/ros2_ws_lab/lab3/install/turtlebot3_msgs/include/turtlebot3_msgs/turtlebot3_msgs/srv/detail
[11.458s] -- Installing: /home/rosdev/ros2_ws_lab/lab3/install/turtlebot3_msgs/include/turtlebot3_msgs/turtlebot3_msgs/srv/detail/goal__struct.h
[11.458s] -- Installing: /home/rosdev/ros2_ws_lab/lab3/install/turtlebot3_msgs/include/turtlebot3_msgs/turtlebot3_msgs/srv/detail/dqn__functions.h
[11.459s] -- Installing: /home/rosdev/ros2_ws_lab/lab3/install/turtlebot3_msgs/include/turtlebot3_msgs/turtlebot3_msgs/srv/detail/sound__struct.h
[11.459s] -- Installing: /home/rosdev/ros2_ws_lab/lab3/install/turtlebot3_msgs/include/turtlebot3_msgs/turtlebot3_msgs/srv/detail/dqn__struct.h
[11.459s] -- Installing: /home/rosdev/ros2_ws_lab/lab3/install/turtlebot3_msgs/include/turtlebot3_msgs/turtlebot3_msgs/srv/detail/goal__functions.c
[11.459s] -- Installing: /home/rosdev/ros2_ws_lab/lab3/install/turtlebot3_msgs/include/turtlebot3_msgs/turtlebot3_msgs/srv/detail/sound__functions.c
[11.459s] -- Installing: /home/rosdev/ros2_ws_lab/lab3/install/turtlebot3_msgs/include/turtlebot3_msgs/turtlebot3_msgs/srv/detail/sound__functions.h
[11.459s] -- Installing: /home/rosdev/ros2_ws_lab/lab3/install/turtlebot3_msgs/include/turtlebot3_msgs/turtlebot3_msgs/srv/detail/goal__functions.h
[11.459s] -- Installing: /home/rosdev/ros2_ws_lab/lab3/install/turtlebot3_msgs/include/turtlebot3_msgs/turtlebot3_msgs/srv/detail/dqn__functions.c
[11.459s] -- Installing: /home/rosdev/ros2_ws_lab/lab3/install/turtlebot3_msgs/include/turtlebot3_msgs/turtlebot3_msgs/srv/detail/sound__type_support.h
[11.459s] -- Installing: /home/rosdev/ros2_ws_lab/lab3/install/turtlebot3_msgs/include/turtlebot3_msgs/turtlebot3_msgs/srv/detail/goal__type_support.h
[11.460s] -- Installing: /home/rosdev/ros2_ws_lab/lab3/install/turtlebot3_msgs/include/turtlebot3_msgs/turtlebot3_msgs/srv/detail/dqn__type_support.h
[11.460s] -- Installing: /home/rosdev/ros2_ws_lab/lab3/install/turtlebot3_msgs/include/turtlebot3_msgs/turtlebot3_msgs/action
[11.460s] -- Installing: /home/rosdev/ros2_ws_lab/lab3/install/turtlebot3_msgs/include/turtlebot3_msgs/turtlebot3_msgs/action/patrol.h
[11.460s] -- Installing: /home/rosdev/ros2_ws_lab/lab3/install/turtlebot3_msgs/include/turtlebot3_msgs/turtlebot3_msgs/action/detail
[11.460s] -- Installing: /home/rosdev/ros2_ws_lab/lab3/install/turtlebot3_msgs/include/turtlebot3_msgs/turtlebot3_msgs/action/detail/patrol__struct.h
[11.460s] -- Installing: /home/rosdev/ros2_ws_lab/lab3/install/turtlebot3_msgs/include/turtlebot3_msgs/turtlebot3_msgs/action/detail/patrol__functions.h
[11.460s] -- Installing: /home/rosdev/ros2_ws_lab/lab3/install/turtlebot3_msgs/include/turtlebot3_msgs/turtlebot3_msgs/action/detail/patrol__functions.c
[11.460s] -- Installing: /home/rosdev/ros2_ws_lab/lab3/install/turtlebot3_msgs/include/turtlebot3_msgs/turtlebot3_msgs/action/detail/patrol__type_support.h
[11.460s] -- Installing: /home/rosdev/ros2_ws_lab/lab3/install/turtlebot3_msgs/share/turtlebot3_msgs/environment/library_path.sh
[11.461s] -- Installing: /home/rosdev/ros2_ws_lab/lab3/install/turtlebot3_msgs/share/turtlebot3_msgs/environment/library_path.dsv
[11.461s] -- Installing: /home/rosdev/ros2_ws_lab/lab3/install/turtlebot3_msgs/lib/libturtlebot3_msgs__rosidl_generator_c.so
[11.461s] -- Set runtime path of "/home/rosdev/ros2_ws_lab/lab3/install/turtlebot3_msgs/lib/libturtlebot3_msgs__rosidl_generator_c.so" to ""
[11.461s] -- Up-to-date: /home/rosdev/ros2_ws_lab/lab3/install/turtlebot3_msgs/include/turtlebot3_msgs/turtlebot3_msgs
[11.462s] -- Up-to-date: /home/rosdev/ros2_ws_lab/lab3/install/turtlebot3_msgs/include/turtlebot3_msgs/turtlebot3_msgs/msg
[11.462s] -- Up-to-date: /home/rosdev/ros2_ws_lab/lab3/install/turtlebot3_msgs/include/turtlebot3_msgs/turtlebot3_msgs/msg/detail
[11.462s] -- Installing: /home/rosdev/ros2_ws_lab/lab3/install/turtlebot3_msgs/include/turtlebot3_msgs/turtlebot3_msgs/msg/detail/sound__rosidl_typesupport_fastrtps_c.h
[11.462s] -- Installing: /home/rosdev/ros2_ws_lab/lab3/install/turtlebot3_msgs/include/turtlebot3_msgs/turtlebot3_msgs/msg/detail/sensor_state__rosidl_typesupport_fastrtps_c.h
[11.462s] -- Installing: /home/rosdev/ros2_ws_lab/lab3/install/turtlebot3_msgs/include/turtlebot3_msgs/turtlebot3_msgs/msg/detail/version_info__rosidl_typesupport_fastrtps_c.h
[11.462s] -- Installing: /home/rosdev/ros2_ws_lab/lab3/install/turtlebot3_msgs/include/turtlebot3_msgs/turtlebot3_msgs/msg/rosidl_typesupport_fastrtps_c__visibility_control.h
[11.462s] -- Up-to-date: /home/rosdev/ros2_ws_lab/lab3/install/turtlebot3_msgs/include/turtlebot3_msgs/turtlebot3_msgs/srv
[11.462s] -- Up-to-date: /home/rosdev/ros2_ws_lab/lab3/install/turtlebot3_msgs/include/turtlebot3_msgs/turtlebot3_msgs/srv/detail
[11.462s] -- Installing: /home/rosdev/ros2_ws_lab/lab3/install/turtlebot3_msgs/include/turtlebot3_msgs/turtlebot3_msgs/srv/detail/sound__rosidl_typesupport_fastrtps_c.h
[11.463s] -- Installing: /home/rosdev/ros2_ws_lab/lab3/install/turtlebot3_msgs/include/turtlebot3_msgs/turtlebot3_msgs/srv/detail/goal__rosidl_typesupport_fastrtps_c.h
[11.463s] -- Installing: /home/rosdev/ros2_ws_lab/lab3/install/turtlebot3_msgs/include/turtlebot3_msgs/turtlebot3_msgs/srv/detail/dqn__rosidl_typesupport_fastrtps_c.h
[11.463s] -- Up-to-date: /home/rosdev/ros2_ws_lab/lab3/install/turtlebot3_msgs/include/turtlebot3_msgs/turtlebot3_msgs/action
[11.463s] -- Up-to-date: /home/rosdev/ros2_ws_lab/lab3/install/turtlebot3_msgs/include/turtlebot3_msgs/turtlebot3_msgs/action/detail
[11.463s] -- Installing: /home/rosdev/ros2_ws_lab/lab3/install/turtlebot3_msgs/include/turtlebot3_msgs/turtlebot3_msgs/action/detail/patrol__rosidl_typesupport_fastrtps_c.h
[11.463s] -- Installing: /home/rosdev/ros2_ws_lab/lab3/install/turtlebot3_msgs/lib/libturtlebot3_msgs__rosidl_typesupport_fastrtps_c.so
[11.463s] -- Set runtime path of "/home/rosdev/ros2_ws_lab/lab3/install/turtlebot3_msgs/lib/libturtlebot3_msgs__rosidl_typesupport_fastrtps_c.so" to ""
[11.463s] -- Up-to-date: /home/rosdev/ros2_ws_lab/lab3/install/turtlebot3_msgs/include/turtlebot3_msgs/turtlebot3_msgs
[11.463s] -- Up-to-date: /home/rosdev/ros2_ws_lab/lab3/install/turtlebot3_msgs/include/turtlebot3_msgs/turtlebot3_msgs/msg
[11.463s] -- Installing: /home/rosdev/ros2_ws_lab/lab3/install/turtlebot3_msgs/include/turtlebot3_msgs/turtlebot3_msgs/msg/rosidl_generator_cpp__visibility_control.hpp
[11.464s] -- Installing: /home/rosdev/ros2_ws_lab/lab3/install/turtlebot3_msgs/include/turtlebot3_msgs/turtlebot3_msgs/msg/sound.hpp
[11.464s] -- Up-to-date: /home/rosdev/ros2_ws_lab/lab3/install/turtlebot3_msgs/include/turtlebot3_msgs/turtlebot3_msgs/msg/detail
[11.464s] -- Installing: /home/rosdev/ros2_ws_lab/lab3/install/turtlebot3_msgs/include/turtlebot3_msgs/turtlebot3_msgs/msg/detail/version_info__builder.hpp
[11.464s] -- Installing: /home/rosdev/ros2_ws_lab/lab3/install/turtlebot3_msgs/include/turtlebot3_msgs/turtlebot3_msgs/msg/detail/sensor_state__traits.hpp
[11.464s] -- Installing: /home/rosdev/ros2_ws_lab/lab3/install/turtlebot3_msgs/include/turtlebot3_msgs/turtlebot3_msgs/msg/detail/sound__struct.hpp
[11.464s] -- Installing: /home/rosdev/ros2_ws_lab/lab3/install/turtlebot3_msgs/include/turtlebot3_msgs/turtlebot3_msgs/msg/detail/sensor_state__builder.hpp
[11.464s] -- Installing: /home/rosdev/ros2_ws_lab/lab3/install/turtlebot3_msgs/include/turtlebot3_msgs/turtlebot3_msgs/msg/detail/sound__builder.hpp
[11.464s] -- Installing: /home/rosdev/ros2_ws_lab/lab3/install/turtlebot3_msgs/include/turtlebot3_msgs/turtlebot3_msgs/msg/detail/version_info__type_support.hpp
[11.464s] -- Installing: /home/rosdev/ros2_ws_lab/lab3/install/turtlebot3_msgs/include/turtlebot3_msgs/turtlebot3_msgs/msg/detail/sound__traits.hpp
[11.465s] -- Installing: /home/rosdev/ros2_ws_lab/lab3/install/turtlebot3_msgs/include/turtlebot3_msgs/turtlebot3_msgs/msg/detail/sensor_state__type_support.hpp
[11.465s] -- Installing: /home/rosdev/ros2_ws_lab/lab3/install/turtlebot3_msgs/include/turtlebot3_msgs/turtlebot3_msgs/msg/detail/sound__type_support.hpp
[11.465s] -- Installing: /home/rosdev/ros2_ws_lab/lab3/install/turtlebot3_msgs/include/turtlebot3_msgs/turtlebot3_msgs/msg/detail/version_info__traits.hpp
[11.465s] -- Installing: /home/rosdev/ros2_ws_lab/lab3/install/turtlebot3_msgs/include/turtlebot3_msgs/turtlebot3_msgs/msg/detail/version_info__struct.hpp
[11.465s] -- Installing: /home/rosdev/ros2_ws_lab/lab3/install/turtlebot3_msgs/include/turtlebot3_msgs/turtlebot3_msgs/msg/detail/sensor_state__struct.hpp
[11.465s] -- Installing: /home/rosdev/ros2_ws_lab/lab3/install/turtlebot3_msgs/include/turtlebot3_msgs/turtlebot3_msgs/msg/sensor_state.hpp
[11.465s] -- Installing: /home/rosdev/ros2_ws_lab/lab3/install/turtlebot3_msgs/include/turtlebot3_msgs/turtlebot3_msgs/msg/version_info.hpp
[11.465s] -- Up-to-date: /home/rosdev/ros2_ws_lab/lab3/install/turtlebot3_msgs/include/turtlebot3_msgs/turtlebot3_msgs/srv
[11.465s] -- Installing: /home/rosdev/ros2_ws_lab/lab3/install/turtlebot3_msgs/include/turtlebot3_msgs/turtlebot3_msgs/srv/goal.hpp
[11.465s] -- Installing: /home/rosdev/ros2_ws_lab/lab3/install/turtlebot3_msgs/include/turtlebot3_msgs/turtlebot3_msgs/srv/sound.hpp
[11.466s] -- Up-to-date: /home/rosdev/ros2_ws_lab/lab3/install/turtlebot3_msgs/include/turtlebot3_msgs/turtlebot3_msgs/srv/detail
[11.466s] -- Installing: /home/rosdev/ros2_ws_lab/lab3/install/turtlebot3_msgs/include/turtlebot3_msgs/turtlebot3_msgs/srv/detail/dqn__traits.hpp
[11.466s] -- Installing: /home/rosdev/ros2_ws_lab/lab3/install/turtlebot3_msgs/include/turtlebot3_msgs/turtlebot3_msgs/srv/detail/goal__type_support.hpp
[11.466s] -- Installing: /home/rosdev/ros2_ws_lab/lab3/install/turtlebot3_msgs/include/turtlebot3_msgs/turtlebot3_msgs/srv/detail/goal__traits.hpp
[11.466s] -- Installing: /home/rosdev/ros2_ws_lab/lab3/install/turtlebot3_msgs/include/turtlebot3_msgs/turtlebot3_msgs/srv/detail/dqn__struct.hpp
[11.466s] -- Installing: /home/rosdev/ros2_ws_lab/lab3/install/turtlebot3_msgs/include/turtlebot3_msgs/turtlebot3_msgs/srv/detail/sound__struct.hpp
[11.466s] -- Installing: /home/rosdev/ros2_ws_lab/lab3/install/turtlebot3_msgs/include/turtlebot3_msgs/turtlebot3_msgs/srv/detail/dqn__type_support.hpp
[11.466s] -- Installing: /home/rosdev/ros2_ws_lab/lab3/install/turtlebot3_msgs/include/turtlebot3_msgs/turtlebot3_msgs/srv/detail/sound__builder.hpp
[11.466s] -- Installing: /home/rosdev/ros2_ws_lab/lab3/install/turtlebot3_msgs/include/turtlebot3_msgs/turtlebot3_msgs/srv/detail/sound__traits.hpp
[11.467s] -- Installing: /home/rosdev/ros2_ws_lab/lab3/install/turtlebot3_msgs/include/turtlebot3_msgs/turtlebot3_msgs/srv/detail/dqn__builder.hpp
[11.467s] -- Installing: /home/rosdev/ros2_ws_lab/lab3/install/turtlebot3_msgs/include/turtlebot3_msgs/turtlebot3_msgs/srv/detail/goal__builder.hpp
[11.467s] -- Installing: /home/rosdev/ros2_ws_lab/lab3/install/turtlebot3_msgs/include/turtlebot3_msgs/turtlebot3_msgs/srv/detail/sound__type_support.hpp
[11.467s] -- Installing: /home/rosdev/ros2_ws_lab/lab3/install/turtlebot3_msgs/include/turtlebot3_msgs/turtlebot3_msgs/srv/detail/goal__struct.hpp
[11.467s] -- Installing: /home/rosdev/ros2_ws_lab/lab3/install/turtlebot3_msgs/include/turtlebot3_msgs/turtlebot3_msgs/srv/dqn.hpp
[11.467s] -- Up-to-date: /home/rosdev/ros2_ws_lab/lab3/install/turtlebot3_msgs/include/turtlebot3_msgs/turtlebot3_msgs/action
[11.467s] -- Installing: /home/rosdev/ros2_ws_lab/lab3/install/turtlebot3_msgs/include/turtlebot3_msgs/turtlebot3_msgs/action/patrol.hpp
[11.467s] -- Up-to-date: /home/rosdev/ros2_ws_lab/lab3/install/turtlebot3_msgs/include/turtlebot3_msgs/turtlebot3_msgs/action/detail
[11.467s] -- Installing: /home/rosdev/ros2_ws_lab/lab3/install/turtlebot3_msgs/include/turtlebot3_msgs/turtlebot3_msgs/action/detail/patrol__type_support.hpp
[11.467s] -- Installing: /home/rosdev/ros2_ws_lab/lab3/install/turtlebot3_msgs/include/turtlebot3_msgs/turtlebot3_msgs/action/detail/patrol__builder.hpp
[11.468s] -- Installing: /home/rosdev/ros2_ws_lab/lab3/install/turtlebot3_msgs/include/turtlebot3_msgs/turtlebot3_msgs/action/detail/patrol__traits.hpp
[11.468s] -- Installing: /home/rosdev/ros2_ws_lab/lab3/install/turtlebot3_msgs/include/turtlebot3_msgs/turtlebot3_msgs/action/detail/patrol__struct.hpp
[11.468s] -- Up-to-date: /home/rosdev/ros2_ws_lab/lab3/install/turtlebot3_msgs/include/turtlebot3_msgs/turtlebot3_msgs
[11.468s] -- Up-to-date: /home/rosdev/ros2_ws_lab/lab3/install/turtlebot3_msgs/include/turtlebot3_msgs/turtlebot3_msgs/msg
[11.468s] -- Installing: /home/rosdev/ros2_ws_lab/lab3/install/turtlebot3_msgs/include/turtlebot3_msgs/turtlebot3_msgs/msg/rosidl_typesupport_fastrtps_cpp__visibility_control.h
[11.468s] -- Up-to-date: /home/rosdev/ros2_ws_lab/lab3/install/turtlebot3_msgs/include/turtlebot3_msgs/turtlebot3_msgs/msg/detail
[11.468s] -- Installing: /home/rosdev/ros2_ws_lab/lab3/install/turtlebot3_msgs/include/turtlebot3_msgs/turtlebot3_msgs/msg/detail/version_info__rosidl_typesupport_fastrtps_cpp.hpp
[11.468s] -- Installing: /home/rosdev/ros2_ws_lab/lab3/install/turtlebot3_msgs/include/turtlebot3_msgs/turtlebot3_msgs/msg/detail/dds_fastrtps
[11.468s] -- Installing: /home/rosdev/ros2_ws_lab/lab3/install/turtlebot3_msgs/include/turtlebot3_msgs/turtlebot3_msgs/msg/detail/sound__rosidl_typesupport_fastrtps_cpp.hpp
[11.468s] -- Installing: /home/rosdev/ros2_ws_lab/lab3/install/turtlebot3_msgs/include/turtlebot3_msgs/turtlebot3_msgs/msg/detail/sensor_state__rosidl_typesupport_fastrtps_cpp.hpp
[11.469s] -- Up-to-date: /home/rosdev/ros2_ws_lab/lab3/install/turtlebot3_msgs/include/turtlebot3_msgs/turtlebot3_msgs/srv
[11.469s] -- Up-to-date: /home/rosdev/ros2_ws_lab/lab3/install/turtlebot3_msgs/include/turtlebot3_msgs/turtlebot3_msgs/srv/detail
[11.469s] -- Installing: /home/rosdev/ros2_ws_lab/lab3/install/turtlebot3_msgs/include/turtlebot3_msgs/turtlebot3_msgs/srv/detail/dds_fastrtps
[11.469s] -- Installing: /home/rosdev/ros2_ws_lab/lab3/install/turtlebot3_msgs/include/turtlebot3_msgs/turtlebot3_msgs/srv/detail/sound__rosidl_typesupport_fastrtps_cpp.hpp
[11.469s] -- Installing: /home/rosdev/ros2_ws_lab/lab3/install/turtlebot3_msgs/include/turtlebot3_msgs/turtlebot3_msgs/srv/detail/dqn__rosidl_typesupport_fastrtps_cpp.hpp
[11.470s] -- Installing: /home/rosdev/ros2_ws_lab/lab3/install/turtlebot3_msgs/include/turtlebot3_msgs/turtlebot3_msgs/srv/detail/goal__rosidl_typesupport_fastrtps_cpp.hpp
[11.470s] -- Up-to-date: /home/rosdev/ros2_ws_lab/lab3/install/turtlebot3_msgs/include/turtlebot3_msgs/turtlebot3_msgs/action
[11.470s] -- Up-to-date: /home/rosdev/ros2_ws_lab/lab3/install/turtlebot3_msgs/include/turtlebot3_msgs/turtlebot3_msgs/action/detail
[11.470s] -- Installing: /home/rosdev/ros2_ws_lab/lab3/install/turtlebot3_msgs/include/turtlebot3_msgs/turtlebot3_msgs/action/detail/dds_fastrtps
[11.470s] -- Installing: /home/rosdev/ros2_ws_lab/lab3/install/turtlebot3_msgs/include/turtlebot3_msgs/turtlebot3_msgs/action/detail/patrol__rosidl_typesupport_fastrtps_cpp.hpp
[11.470s] -- Installing: /home/rosdev/ros2_ws_lab/lab3/install/turtlebot3_msgs/lib/libturtlebot3_msgs__rosidl_typesupport_fastrtps_cpp.so
[11.470s] -- Set runtime path of "/home/rosdev/ros2_ws_lab/lab3/install/turtlebot3_msgs/lib/libturtlebot3_msgs__rosidl_typesupport_fastrtps_cpp.so" to ""
[11.470s] -- Up-to-date: /home/rosdev/ros2_ws_lab/lab3/install/turtlebot3_msgs/include/turtlebot3_msgs/turtlebot3_msgs
[11.471s] -- Up-to-date: /home/rosdev/ros2_ws_lab/lab3/install/turtlebot3_msgs/include/turtlebot3_msgs/turtlebot3_msgs/msg
[11.471s] -- Up-to-date: /home/rosdev/ros2_ws_lab/lab3/install/turtlebot3_msgs/include/turtlebot3_msgs/turtlebot3_msgs/msg/detail
[11.471s] -- Installing: /home/rosdev/ros2_ws_lab/lab3/install/turtlebot3_msgs/include/turtlebot3_msgs/turtlebot3_msgs/msg/detail/sensor_state__rosidl_typesupport_introspection_c.h
[11.471s] -- Installing: /home/rosdev/ros2_ws_lab/lab3/install/turtlebot3_msgs/include/turtlebot3_msgs/turtlebot3_msgs/msg/detail/sensor_state__type_support.c
[11.471s] -- Installing: /home/rosdev/ros2_ws_lab/lab3/install/turtlebot3_msgs/include/turtlebot3_msgs/turtlebot3_msgs/msg/detail/sound__rosidl_typesupport_introspection_c.h
[11.471s] -- Installing: /home/rosdev/ros2_ws_lab/lab3/install/turtlebot3_msgs/include/turtlebot3_msgs/turtlebot3_msgs/msg/detail/version_info__rosidl_typesupport_introspection_c.h
[11.471s] -- Installing: /home/rosdev/ros2_ws_lab/lab3/install/turtlebot3_msgs/include/turtlebot3_msgs/turtlebot3_msgs/msg/detail/version_info__type_support.c
[11.471s] -- Installing: /home/rosdev/ros2_ws_lab/lab3/install/turtlebot3_msgs/include/turtlebot3_msgs/turtlebot3_msgs/msg/detail/sound__type_support.c
[11.471s] -- Installing: /home/rosdev/ros2_ws_lab/lab3/install/turtlebot3_msgs/include/turtlebot3_msgs/turtlebot3_msgs/msg/rosidl_typesupport_introspection_c__visibility_control.h
[11.471s] -- Up-to-date: /home/rosdev/ros2_ws_lab/lab3/install/turtlebot3_msgs/include/turtlebot3_msgs/turtlebot3_msgs/srv
[11.472s] -- Up-to-date: /home/rosdev/ros2_ws_lab/lab3/install/turtlebot3_msgs/include/turtlebot3_msgs/turtlebot3_msgs/srv/detail
[11.472s] -- Installing: /home/rosdev/ros2_ws_lab/lab3/install/turtlebot3_msgs/include/turtlebot3_msgs/turtlebot3_msgs/srv/detail/goal__rosidl_typesupport_introspection_c.h
[11.472s] -- Installing: /home/rosdev/ros2_ws_lab/lab3/install/turtlebot3_msgs/include/turtlebot3_msgs/turtlebot3_msgs/srv/detail/dqn__rosidl_typesupport_introspection_c.h
[11.472s] -- Installing: /home/rosdev/ros2_ws_lab/lab3/install/turtlebot3_msgs/include/turtlebot3_msgs/turtlebot3_msgs/srv/detail/dqn__type_support.c
[11.472s] -- Installing: /home/rosdev/ros2_ws_lab/lab3/install/turtlebot3_msgs/include/turtlebot3_msgs/turtlebot3_msgs/srv/detail/goal__type_support.c
[11.472s] -- Installing: /home/rosdev/ros2_ws_lab/lab3/install/turtlebot3_msgs/include/turtlebot3_msgs/turtlebot3_msgs/srv/detail/sound__rosidl_typesupport_introspection_c.h
[11.472s] -- Installing: /home/rosdev/ros2_ws_lab/lab3/install/turtlebot3_msgs/include/turtlebot3_msgs/turtlebot3_msgs/srv/detail/sound__type_support.c
[11.472s] -- Up-to-date: /home/rosdev/ros2_ws_lab/lab3/install/turtlebot3_msgs/include/turtlebot3_msgs/turtlebot3_msgs/action
[11.472s] -- Up-to-date: /home/rosdev/ros2_ws_lab/lab3/install/turtlebot3_msgs/include/turtlebot3_msgs/turtlebot3_msgs/action/detail
[11.472s] -- Installing: /home/rosdev/ros2_ws_lab/lab3/install/turtlebot3_msgs/include/turtlebot3_msgs/turtlebot3_msgs/action/detail/patrol__type_support.c
[11.473s] -- Installing: /home/rosdev/ros2_ws_lab/lab3/install/turtlebot3_msgs/include/turtlebot3_msgs/turtlebot3_msgs/action/detail/patrol__rosidl_typesupport_introspection_c.h
[11.473s] -- Installing: /home/rosdev/ros2_ws_lab/lab3/install/turtlebot3_msgs/lib/libturtlebot3_msgs__rosidl_typesupport_introspection_c.so
[11.473s] -- Set runtime path of "/home/rosdev/ros2_ws_lab/lab3/install/turtlebot3_msgs/lib/libturtlebot3_msgs__rosidl_typesupport_introspection_c.so" to ""
[11.473s] -- Installing: /home/rosdev/ros2_ws_lab/lab3/install/turtlebot3_msgs/lib/libturtlebot3_msgs__rosidl_typesupport_c.so
[11.474s] -- Set runtime path of "/home/rosdev/ros2_ws_lab/lab3/install/turtlebot3_msgs/lib/libturtlebot3_msgs__rosidl_typesupport_c.so" to ""
[11.474s] -- Up-to-date: /home/rosdev/ros2_ws_lab/lab3/install/turtlebot3_msgs/include/turtlebot3_msgs/turtlebot3_msgs
[11.474s] -- Up-to-date: /home/rosdev/ros2_ws_lab/lab3/install/turtlebot3_msgs/include/turtlebot3_msgs/turtlebot3_msgs/msg
[11.474s] -- Up-to-date: /home/rosdev/ros2_ws_lab/lab3/install/turtlebot3_msgs/include/turtlebot3_msgs/turtlebot3_msgs/msg/detail
[11.474s] -- Installing: /home/rosdev/ros2_ws_lab/lab3/install/turtlebot3_msgs/include/turtlebot3_msgs/turtlebot3_msgs/msg/detail/sensor_state__type_support.cpp
[11.474s] -- Installing: /home/rosdev/ros2_ws_lab/lab3/install/turtlebot3_msgs/include/turtlebot3_msgs/turtlebot3_msgs/msg/detail/version_info__rosidl_typesupport_introspection_cpp.hpp
[11.475s] -- Installing: /home/rosdev/ros2_ws_lab/lab3/install/turtlebot3_msgs/include/turtlebot3_msgs/turtlebot3_msgs/msg/detail/version_info__type_support.cpp
[11.475s] -- Installing: /home/rosdev/ros2_ws_lab/lab3/install/turtlebot3_msgs/include/turtlebot3_msgs/turtlebot3_msgs/msg/detail/sound__type_support.cpp
[11.475s] -- Installing: /home/rosdev/ros2_ws_lab/lab3/install/turtlebot3_msgs/include/turtlebot3_msgs/turtlebot3_msgs/msg/detail/sound__rosidl_typesupport_introspection_cpp.hpp
[11.475s] -- Installing: /home/rosdev/ros2_ws_lab/lab3/install/turtlebot3_msgs/include/turtlebot3_msgs/turtlebot3_msgs/msg/detail/sensor_state__rosidl_typesupport_introspection_cpp.hpp
[11.475s] -- Up-to-date: /home/rosdev/ros2_ws_lab/lab3/install/turtlebot3_msgs/include/turtlebot3_msgs/turtlebot3_msgs/srv
[11.475s] -- Up-to-date: /home/rosdev/ros2_ws_lab/lab3/install/turtlebot3_msgs/include/turtlebot3_msgs/turtlebot3_msgs/srv/detail
[11.476s] -- Installing: /home/rosdev/ros2_ws_lab/lab3/install/turtlebot3_msgs/include/turtlebot3_msgs/turtlebot3_msgs/srv/detail/dqn__rosidl_typesupport_introspection_cpp.hpp
[11.476s] -- Installing: /home/rosdev/ros2_ws_lab/lab3/install/turtlebot3_msgs/include/turtlebot3_msgs/turtlebot3_msgs/srv/detail/goal__type_support.cpp
[11.476s] -- Installing: /home/rosdev/ros2_ws_lab/lab3/install/turtlebot3_msgs/include/turtlebot3_msgs/turtlebot3_msgs/srv/detail/dqn__type_support.cpp
[11.476s] -- Installing: /home/rosdev/ros2_ws_lab/lab3/install/turtlebot3_msgs/include/turtlebot3_msgs/turtlebot3_msgs/srv/detail/sound__type_support.cpp
[11.476s] -- Installing: /home/rosdev/ros2_ws_lab/lab3/install/turtlebot3_msgs/include/turtlebot3_msgs/turtlebot3_msgs/srv/detail/sound__rosidl_typesupport_introspection_cpp.hpp
[11.476s] -- Installing: /home/rosdev/ros2_ws_lab/lab3/install/turtlebot3_msgs/include/turtlebot3_msgs/turtlebot3_msgs/srv/detail/goal__rosidl_typesupport_introspection_cpp.hpp
[11.476s] -- Up-to-date: /home/rosdev/ros2_ws_lab/lab3/install/turtlebot3_msgs/include/turtlebot3_msgs/turtlebot3_msgs/action
[11.476s] -- Up-to-date: /home/rosdev/ros2_ws_lab/lab3/install/turtlebot3_msgs/include/turtlebot3_msgs/turtlebot3_msgs/action/detail
[11.477s] -- Installing: /home/rosdev/ros2_ws_lab/lab3/install/turtlebot3_msgs/include/turtlebot3_msgs/turtlebot3_msgs/action/detail/patrol__rosidl_typesupport_introspection_cpp.hpp
[11.477s] -- Installing: /home/rosdev/ros2_ws_lab/lab3/install/turtlebot3_msgs/include/turtlebot3_msgs/turtlebot3_msgs/action/detail/patrol__type_support.cpp
[11.477s] -- Installing: /home/rosdev/ros2_ws_lab/lab3/install/turtlebot3_msgs/lib/libturtlebot3_msgs__rosidl_typesupport_introspection_cpp.so
[11.477s] -- Set runtime path of "/home/rosdev/ros2_ws_lab/lab3/install/turtlebot3_msgs/lib/libturtlebot3_msgs__rosidl_typesupport_introspection_cpp.so" to ""
[11.477s] -- Installing: /home/rosdev/ros2_ws_lab/lab3/install/turtlebot3_msgs/lib/libturtlebot3_msgs__rosidl_typesupport_cpp.so
[11.477s] -- Set runtime path of "/home/rosdev/ros2_ws_lab/lab3/install/turtlebot3_msgs/lib/libturtlebot3_msgs__rosidl_typesupport_cpp.so" to ""
[11.477s] -- Installing: /home/rosdev/ros2_ws_lab/lab3/install/turtlebot3_msgs/share/turtlebot3_msgs/environment/pythonpath.sh
[11.478s] -- Installing: /home/rosdev/ros2_ws_lab/lab3/install/turtlebot3_msgs/share/turtlebot3_msgs/environment/pythonpath.dsv
[11.478s] -- Installing: /home/rosdev/ros2_ws_lab/lab3/install/turtlebot3_msgs/local/lib/python3.10/dist-packages/turtlebot3_msgs-2.4.0-py3.10.egg-info
[11.478s] -- Installing: /home/rosdev/ros2_ws_lab/lab3/install/turtlebot3_msgs/local/lib/python3.10/dist-packages/turtlebot3_msgs-2.4.0-py3.10.egg-info/PKG-INFO
[11.478s] -- Installing: /home/rosdev/ros2_ws_lab/lab3/install/turtlebot3_msgs/local/lib/python3.10/dist-packages/turtlebot3_msgs-2.4.0-py3.10.egg-info/SOURCES.txt
[11.478s] -- Installing: /home/rosdev/ros2_ws_lab/lab3/install/turtlebot3_msgs/local/lib/python3.10/dist-packages/turtlebot3_msgs-2.4.0-py3.10.egg-info/dependency_links.txt
[11.478s] -- Installing: /home/rosdev/ros2_ws_lab/lab3/install/turtlebot3_msgs/local/lib/python3.10/dist-packages/turtlebot3_msgs-2.4.0-py3.10.egg-info/top_level.txt
[11.478s] -- Installing: /home/rosdev/ros2_ws_lab/lab3/install/turtlebot3_msgs/local/lib/python3.10/dist-packages/turtlebot3_msgs
[11.478s] -- Installing: /home/rosdev/ros2_ws_lab/lab3/install/turtlebot3_msgs/local/lib/python3.10/dist-packages/turtlebot3_msgs/turtlebot3_msgs_s__rosidl_typesupport_fastrtps_c.cpython-310-x86_64-linux-gnu.so
[11.478s] -- Installing: /home/rosdev/ros2_ws_lab/lab3/install/turtlebot3_msgs/local/lib/python3.10/dist-packages/turtlebot3_msgs/msg
[11.478s] -- Installing: /home/rosdev/ros2_ws_lab/lab3/install/turtlebot3_msgs/local/lib/python3.10/dist-packages/turtlebot3_msgs/msg/_sound_s.c
[11.479s] -- Installing: /home/rosdev/ros2_ws_lab/lab3/install/turtlebot3_msgs/local/lib/python3.10/dist-packages/turtlebot3_msgs/msg/_sensor_state_s.c
[11.479s] -- Installing: /home/rosdev/ros2_ws_lab/lab3/install/turtlebot3_msgs/local/lib/python3.10/dist-packages/turtlebot3_msgs/msg/__init__.py
[11.479s] -- Installing: /home/rosdev/ros2_ws_lab/lab3/install/turtlebot3_msgs/local/lib/python3.10/dist-packages/turtlebot3_msgs/msg/_version_info_s.c
[11.479s] -- Installing: /home/rosdev/ros2_ws_lab/lab3/install/turtlebot3_msgs/local/lib/python3.10/dist-packages/turtlebot3_msgs/msg/_version_info.py
[11.479s] -- Installing: /home/rosdev/ros2_ws_lab/lab3/install/turtlebot3_msgs/local/lib/python3.10/dist-packages/turtlebot3_msgs/msg/_sound.py
[11.479s] -- Installing: /home/rosdev/ros2_ws_lab/lab3/install/turtlebot3_msgs/local/lib/python3.10/dist-packages/turtlebot3_msgs/msg/_sensor_state.py
[11.479s] -- Installing: /home/rosdev/ros2_ws_lab/lab3/install/turtlebot3_msgs/local/lib/python3.10/dist-packages/turtlebot3_msgs/srv
[11.479s] -- Installing: /home/rosdev/ros2_ws_lab/lab3/install/turtlebot3_msgs/local/lib/python3.10/dist-packages/turtlebot3_msgs/srv/_sound_s.c
[11.479s] -- Installing: /home/rosdev/ros2_ws_lab/lab3/install/turtlebot3_msgs/local/lib/python3.10/dist-packages/turtlebot3_msgs/srv/_goal.py
[11.479s] -- Installing: /home/rosdev/ros2_ws_lab/lab3/install/turtlebot3_msgs/local/lib/python3.10/dist-packages/turtlebot3_msgs/srv/_dqn_s.c
[11.480s] -- Installing: /home/rosdev/ros2_ws_lab/lab3/install/turtlebot3_msgs/local/lib/python3.10/dist-packages/turtlebot3_msgs/srv/__init__.py
[11.480s] -- Installing: /home/rosdev/ros2_ws_lab/lab3/install/turtlebot3_msgs/local/lib/python3.10/dist-packages/turtlebot3_msgs/srv/_dqn.py
[11.480s] -- Installing: /home/rosdev/ros2_ws_lab/lab3/install/turtlebot3_msgs/local/lib/python3.10/dist-packages/turtlebot3_msgs/srv/_sound.py
[11.480s] -- Installing: /home/rosdev/ros2_ws_lab/lab3/install/turtlebot3_msgs/local/lib/python3.10/dist-packages/turtlebot3_msgs/srv/_goal_s.c
[11.480s] -- Installing: /home/rosdev/ros2_ws_lab/lab3/install/turtlebot3_msgs/local/lib/python3.10/dist-packages/turtlebot3_msgs/_turtlebot3_msgs_s.ep.rosidl_typesupport_c.c
[11.480s] -- Installing: /home/rosdev/ros2_ws_lab/lab3/install/turtlebot3_msgs/local/lib/python3.10/dist-packages/turtlebot3_msgs/_turtlebot3_msgs_s.ep.rosidl_typesupport_introspection_c.c
[11.480s] -- Installing: /home/rosdev/ros2_ws_lab/lab3/install/turtlebot3_msgs/local/lib/python3.10/dist-packages/turtlebot3_msgs/__init__.py
[11.480s] -- Installing: /home/rosdev/ros2_ws_lab/lab3/install/turtlebot3_msgs/local/lib/python3.10/dist-packages/turtlebot3_msgs/libturtlebot3_msgs__rosidl_generator_py.so
[11.481s] -- Installing: /home/rosdev/ros2_ws_lab/lab3/install/turtlebot3_msgs/local/lib/python3.10/dist-packages/turtlebot3_msgs/turtlebot3_msgs_s__rosidl_typesupport_c.cpython-310-x86_64-linux-gnu.so
[11.481s] -- Installing: /home/rosdev/ros2_ws_lab/lab3/install/turtlebot3_msgs/local/lib/python3.10/dist-packages/turtlebot3_msgs/action
[11.481s] -- Installing: /home/rosdev/ros2_ws_lab/lab3/install/turtlebot3_msgs/local/lib/python3.10/dist-packages/turtlebot3_msgs/action/__init__.py
[11.481s] -- Installing: /home/rosdev/ros2_ws_lab/lab3/install/turtlebot3_msgs/local/lib/python3.10/dist-packages/turtlebot3_msgs/action/_patrol_s.c
[11.481s] -- Installing: /home/rosdev/ros2_ws_lab/lab3/install/turtlebot3_msgs/local/lib/python3.10/dist-packages/turtlebot3_msgs/action/_patrol.py
[11.481s] -- Installing: /home/rosdev/ros2_ws_lab/lab3/install/turtlebot3_msgs/local/lib/python3.10/dist-packages/turtlebot3_msgs/turtlebot3_msgs_s__rosidl_typesupport_introspection_c.cpython-310-x86_64-linux-gnu.so
[11.481s] -- Installing: /home/rosdev/ros2_ws_lab/lab3/install/turtlebot3_msgs/local/lib/python3.10/dist-packages/turtlebot3_msgs/_turtlebot3_msgs_s.ep.rosidl_typesupport_fastrtps_c.c
[11.538s] Listing '/home/rosdev/ros2_ws_lab/lab3/install/turtlebot3_msgs/local/lib/python3.10/dist-packages/turtlebot3_msgs'...
[11.538s] Compiling '/home/rosdev/ros2_ws_lab/lab3/install/turtlebot3_msgs/local/lib/python3.10/dist-packages/turtlebot3_msgs/__init__.py'...
[11.538s] Listing '/home/rosdev/ros2_ws_lab/lab3/install/turtlebot3_msgs/local/lib/python3.10/dist-packages/turtlebot3_msgs/action'...
[11.538s] Compiling '/home/rosdev/ros2_ws_lab/lab3/install/turtlebot3_msgs/local/lib/python3.10/dist-packages/turtlebot3_msgs/action/__init__.py'...
[11.538s] Compiling '/home/rosdev/ros2_ws_lab/lab3/install/turtlebot3_msgs/local/lib/python3.10/dist-packages/turtlebot3_msgs/action/_patrol.py'...
[11.539s] Listing '/home/rosdev/ros2_ws_lab/lab3/install/turtlebot3_msgs/local/lib/python3.10/dist-packages/turtlebot3_msgs/msg'...
[11.539s] Compiling '/home/rosdev/ros2_ws_lab/lab3/install/turtlebot3_msgs/local/lib/python3.10/dist-packages/turtlebot3_msgs/msg/__init__.py'...
[11.539s] Compiling '/home/rosdev/ros2_ws_lab/lab3/install/turtlebot3_msgs/local/lib/python3.10/dist-packages/turtlebot3_msgs/msg/_sensor_state.py'...
[11.539s] Compiling '/home/rosdev/ros2_ws_lab/lab3/install/turtlebot3_msgs/local/lib/python3.10/dist-packages/turtlebot3_msgs/msg/_sound.py'...
[11.539s] Compiling '/home/rosdev/ros2_ws_lab/lab3/install/turtlebot3_msgs/local/lib/python3.10/dist-packages/turtlebot3_msgs/msg/_version_info.py'...
[11.539s] Listing '/home/rosdev/ros2_ws_lab/lab3/install/turtlebot3_msgs/local/lib/python3.10/dist-packages/turtlebot3_msgs/srv'...
[11.539s] Compiling '/home/rosdev/ros2_ws_lab/lab3/install/turtlebot3_msgs/local/lib/python3.10/dist-packages/turtlebot3_msgs/srv/__init__.py'...
[11.539s] Compiling '/home/rosdev/ros2_ws_lab/lab3/install/turtlebot3_msgs/local/lib/python3.10/dist-packages/turtlebot3_msgs/srv/_dqn.py'...
[11.539s] Compiling '/home/rosdev/ros2_ws_lab/lab3/install/turtlebot3_msgs/local/lib/python3.10/dist-packages/turtlebot3_msgs/srv/_goal.py'...
[11.539s] Compiling '/home/rosdev/ros2_ws_lab/lab3/install/turtlebot3_msgs/local/lib/python3.10/dist-packages/turtlebot3_msgs/srv/_sound.py'...
[11.543s] -- Installing: /home/rosdev/ros2_ws_lab/lab3/install/turtlebot3_msgs/local/lib/python3.10/dist-packages/turtlebot3_msgs/turtlebot3_msgs_s__rosidl_typesupport_fastrtps_c.cpython-310-x86_64-linux-gnu.so
[11.543s] -- Set runtime path of "/home/rosdev/ros2_ws_lab/lab3/install/turtlebot3_msgs/local/lib/python3.10/dist-packages/turtlebot3_msgs/turtlebot3_msgs_s__rosidl_typesupport_fastrtps_c.cpython-310-x86_64-linux-gnu.so" to ""
[11.543s] -- Installing: /home/rosdev/ros2_ws_lab/lab3/install/turtlebot3_msgs/local/lib/python3.10/dist-packages/turtlebot3_msgs/turtlebot3_msgs_s__rosidl_typesupport_introspection_c.cpython-310-x86_64-linux-gnu.so
[11.544s] -- Set runtime path of "/home/rosdev/ros2_ws_lab/lab3/install/turtlebot3_msgs/local/lib/python3.10/dist-packages/turtlebot3_msgs/turtlebot3_msgs_s__rosidl_typesupport_introspection_c.cpython-310-x86_64-linux-gnu.so" to ""
[11.544s] -- Installing: /home/rosdev/ros2_ws_lab/lab3/install/turtlebot3_msgs/local/lib/python3.10/dist-packages/turtlebot3_msgs/turtlebot3_msgs_s__rosidl_typesupport_c.cpython-310-x86_64-linux-gnu.so
[11.544s] -- Set runtime path of "/home/rosdev/ros2_ws_lab/lab3/install/turtlebot3_msgs/local/lib/python3.10/dist-packages/turtlebot3_msgs/turtlebot3_msgs_s__rosidl_typesupport_c.cpython-310-x86_64-linux-gnu.so" to ""
[11.545s] -- Installing: /home/rosdev/ros2_ws_lab/lab3/install/turtlebot3_msgs/lib/libturtlebot3_msgs__rosidl_generator_py.so
[11.545s] -- Set runtime path of "/home/rosdev/ros2_ws_lab/lab3/install/turtlebot3_msgs/lib/libturtlebot3_msgs__rosidl_generator_py.so" to ""
[11.545s] -- Installing: /home/rosdev/ros2_ws_lab/lab3/install/turtlebot3_msgs/share/turtlebot3_msgs/msg/SensorState.idl
[11.545s] -- Installing: /home/rosdev/ros2_ws_lab/lab3/install/turtlebot3_msgs/share/turtlebot3_msgs/msg/Sound.idl
[11.545s] -- Installing: /home/rosdev/ros2_ws_lab/lab3/install/turtlebot3_msgs/share/turtlebot3_msgs/msg/VersionInfo.idl
[11.546s] -- Installing: /home/rosdev/ros2_ws_lab/lab3/install/turtlebot3_msgs/share/turtlebot3_msgs/srv/Sound.idl
[11.546s] -- Installing: /home/rosdev/ros2_ws_lab/lab3/install/turtlebot3_msgs/share/turtlebot3_msgs/srv/Dqn.idl
[11.546s] -- Installing: /home/rosdev/ros2_ws_lab/lab3/install/turtlebot3_msgs/share/turtlebot3_msgs/srv/Goal.idl
[11.546s] -- Installing: /home/rosdev/ros2_ws_lab/lab3/install/turtlebot3_msgs/share/turtlebot3_msgs/action/Patrol.idl
[11.546s] -- Installing: /home/rosdev/ros2_ws_lab/lab3/install/turtlebot3_msgs/share/turtlebot3_msgs/msg/SensorState.msg
[11.546s] -- Installing: /home/rosdev/ros2_ws_lab/lab3/install/turtlebot3_msgs/share/turtlebot3_msgs/msg/Sound.msg
[11.547s] -- Installing: /home/rosdev/ros2_ws_lab/lab3/install/turtlebot3_msgs/share/turtlebot3_msgs/msg/VersionInfo.msg
[11.547s] -- Installing: /home/rosdev/ros2_ws_lab/lab3/install/turtlebot3_msgs/share/turtlebot3_msgs/srv/Sound.srv
[11.547s] -- Installing: /home/rosdev/ros2_ws_lab/lab3/install/turtlebot3_msgs/share/turtlebot3_msgs/srv/Sound_Request.msg
[11.547s] -- Installing: /home/rosdev/ros2_ws_lab/lab3/install/turtlebot3_msgs/share/turtlebot3_msgs/srv/Sound_Response.msg
[11.547s] -- Installing: /home/rosdev/ros2_ws_lab/lab3/install/turtlebot3_msgs/share/turtlebot3_msgs/srv/Dqn.srv
[11.547s] -- Installing: /home/rosdev/ros2_ws_lab/lab3/install/turtlebot3_msgs/share/turtlebot3_msgs/srv/Dqn_Request.msg
[11.547s] -- Installing: /home/rosdev/ros2_ws_lab/lab3/install/turtlebot3_msgs/share/turtlebot3_msgs/srv/Dqn_Response.msg
[11.548s] -- Installing: /home/rosdev/ros2_ws_lab/lab3/install/turtlebot3_msgs/share/turtlebot3_msgs/srv/Goal.srv
[11.548s] -- Installing: /home/rosdev/ros2_ws_lab/lab3/install/turtlebot3_msgs/share/turtlebot3_msgs/srv/Goal_Request.msg
[11.548s] -- Installing: /home/rosdev/ros2_ws_lab/lab3/install/turtlebot3_msgs/share/turtlebot3_msgs/srv/Goal_Response.msg
[11.548s] -- Installing: /home/rosdev/ros2_ws_lab/lab3/install/turtlebot3_msgs/share/turtlebot3_msgs/action/Patrol.action
[11.548s] -- Installing: /home/rosdev/ros2_ws_lab/lab3/install/turtlebot3_msgs/share/ament_index/resource_index/package_run_dependencies/turtlebot3_msgs
[11.548s] -- Installing: /home/rosdev/ros2_ws_lab/lab3/install/turtlebot3_msgs/share/ament_index/resource_index/parent_prefix_path/turtlebot3_msgs
[11.548s] -- Installing: /home/rosdev/ros2_ws_lab/lab3/install/turtlebot3_msgs/share/turtlebot3_msgs/environment/ament_prefix_path.sh
[11.549s] -- Installing: /home/rosdev/ros2_ws_lab/lab3/install/turtlebot3_msgs/share/turtlebot3_msgs/environment/ament_prefix_path.dsv
[11.549s] -- Installing: /home/rosdev/ros2_ws_lab/lab3/install/turtlebot3_msgs/share/turtlebot3_msgs/environment/path.sh
[11.549s] -- Installing: /home/rosdev/ros2_ws_lab/lab3/install/turtlebot3_msgs/share/turtlebot3_msgs/environment/path.dsv
[11.549s] -- Installing: /home/rosdev/ros2_ws_lab/lab3/install/turtlebot3_msgs/share/turtlebot3_msgs/local_setup.bash
[11.549s] -- Installing: /home/rosdev/ros2_ws_lab/lab3/install/turtlebot3_msgs/share/turtlebot3_msgs/local_setup.sh
[11.549s] -- Installing: /home/rosdev/ros2_ws_lab/lab3/install/turtlebot3_msgs/share/turtlebot3_msgs/local_setup.zsh
[11.549s] -- Installing: /home/rosdev/ros2_ws_lab/lab3/install/turtlebot3_msgs/share/turtlebot3_msgs/local_setup.dsv
[11.550s] -- Installing: /home/rosdev/ros2_ws_lab/lab3/install/turtlebot3_msgs/share/turtlebot3_msgs/package.dsv
[11.550s] -- Installing: /home/rosdev/ros2_ws_lab/lab3/install/turtlebot3_msgs/share/ament_index/resource_index/packages/turtlebot3_msgs
[11.550s] -- Installing: /home/rosdev/ros2_ws_lab/lab3/install/turtlebot3_msgs/share/turtlebot3_msgs/cmake/export_turtlebot3_msgs__rosidl_generator_cExport.cmake
[11.550s] -- Installing: /home/rosdev/ros2_ws_lab/lab3/install/turtlebot3_msgs/share/turtlebot3_msgs/cmake/export_turtlebot3_msgs__rosidl_generator_cExport-noconfig.cmake
[11.550s] -- Installing: /home/rosdev/ros2_ws_lab/lab3/install/turtlebot3_msgs/share/turtlebot3_msgs/cmake/export_turtlebot3_msgs__rosidl_typesupport_fastrtps_cExport.cmake
[11.550s] -- Installing: /home/rosdev/ros2_ws_lab/lab3/install/turtlebot3_msgs/share/turtlebot3_msgs/cmake/export_turtlebot3_msgs__rosidl_typesupport_fastrtps_cExport-noconfig.cmake
[11.551s] -- Installing: /home/rosdev/ros2_ws_lab/lab3/install/turtlebot3_msgs/share/turtlebot3_msgs/cmake/export_turtlebot3_msgs__rosidl_generator_cppExport.cmake
[11.551s] -- Installing: /home/rosdev/ros2_ws_lab/lab3/install/turtlebot3_msgs/share/turtlebot3_msgs/cmake/export_turtlebot3_msgs__rosidl_typesupport_fastrtps_cppExport.cmake
[11.551s] -- Installing: /home/rosdev/ros2_ws_lab/lab3/install/turtlebot3_msgs/share/turtlebot3_msgs/cmake/export_turtlebot3_msgs__rosidl_typesupport_fastrtps_cppExport-noconfig.cmake
[11.551s] -- Installing: /home/rosdev/ros2_ws_lab/lab3/install/turtlebot3_msgs/share/turtlebot3_msgs/cmake/turtlebot3_msgs__rosidl_typesupport_introspection_cExport.cmake
[11.551s] -- Installing: /home/rosdev/ros2_ws_lab/lab3/install/turtlebot3_msgs/share/turtlebot3_msgs/cmake/turtlebot3_msgs__rosidl_typesupport_introspection_cExport-noconfig.cmake
[11.551s] -- Installing: /home/rosdev/ros2_ws_lab/lab3/install/turtlebot3_msgs/share/turtlebot3_msgs/cmake/turtlebot3_msgs__rosidl_typesupport_cExport.cmake
[11.552s] -- Installing: /home/rosdev/ros2_ws_lab/lab3/install/turtlebot3_msgs/share/turtlebot3_msgs/cmake/turtlebot3_msgs__rosidl_typesupport_cExport-noconfig.cmake
[11.552s] -- Installing: /home/rosdev/ros2_ws_lab/lab3/install/turtlebot3_msgs/share/turtlebot3_msgs/cmake/turtlebot3_msgs__rosidl_typesupport_introspection_cppExport.cmake
[11.552s] -- Installing: /home/rosdev/ros2_ws_lab/lab3/install/turtlebot3_msgs/share/turtlebot3_msgs/cmake/turtlebot3_msgs__rosidl_typesupport_introspection_cppExport-noconfig.cmake
[11.552s] -- Installing: /home/rosdev/ros2_ws_lab/lab3/install/turtlebot3_msgs/share/turtlebot3_msgs/cmake/turtlebot3_msgs__rosidl_typesupport_cppExport.cmake
[11.552s] -- Installing: /home/rosdev/ros2_ws_lab/lab3/install/turtlebot3_msgs/share/turtlebot3_msgs/cmake/turtlebot3_msgs__rosidl_typesupport_cppExport-noconfig.cmake
[11.552s] -- Installing: /home/rosdev/ros2_ws_lab/lab3/install/turtlebot3_msgs/share/turtlebot3_msgs/cmake/export_turtlebot3_msgs__rosidl_generator_pyExport.cmake
[11.553s] -- Installing: /home/rosdev/ros2_ws_lab/lab3/install/turtlebot3_msgs/share/turtlebot3_msgs/cmake/export_turtlebot3_msgs__rosidl_generator_pyExport-noconfig.cmake
[11.553s] -- Installing: /home/rosdev/ros2_ws_lab/lab3/install/turtlebot3_msgs/share/turtlebot3_msgs/cmake/rosidl_cmake-extras.cmake
[11.553s] -- Installing: /home/rosdev/ros2_ws_lab/lab3/install/turtlebot3_msgs/share/turtlebot3_msgs/cmake/ament_cmake_export_dependencies-extras.cmake
[11.553s] -- Installing: /home/rosdev/ros2_ws_lab/lab3/install/turtlebot3_msgs/share/turtlebot3_msgs/cmake/ament_cmake_export_include_directories-extras.cmake
[11.553s] -- Installing: /home/rosdev/ros2_ws_lab/lab3/install/turtlebot3_msgs/share/turtlebot3_msgs/cmake/ament_cmake_export_libraries-extras.cmake
[11.553s] -- Installing: /home/rosdev/ros2_ws_lab/lab3/install/turtlebot3_msgs/share/turtlebot3_msgs/cmake/ament_cmake_export_targets-extras.cmake
[11.554s] -- Installing: /home/rosdev/ros2_ws_lab/lab3/install/turtlebot3_msgs/share/turtlebot3_msgs/cmake/rosidl_cmake_export_typesupport_targets-extras.cmake
[11.554s] -- Installing: /home/rosdev/ros2_ws_lab/lab3/install/turtlebot3_msgs/share/turtlebot3_msgs/cmake/rosidl_cmake_export_typesupport_libraries-extras.cmake
[11.554s] -- Installing: /home/rosdev/ros2_ws_lab/lab3/install/turtlebot3_msgs/share/turtlebot3_msgs/cmake/turtlebot3_msgsConfig.cmake
[11.554s] -- Installing: /home/rosdev/ros2_ws_lab/lab3/install/turtlebot3_msgs/share/turtlebot3_msgs/cmake/turtlebot3_msgsConfig-version.cmake
[11.554s] -- Installing: /home/rosdev/ros2_ws_lab/lab3/install/turtlebot3_msgs/share/turtlebot3_msgs/package.xml
[11.557s] Invoked command in '/home/rosdev/ros2_ws_lab/lab3/build/turtlebot3_msgs' returned '0': CMAKE_PREFIX_PATH=${CMAKE_PREFIX_PATH}:/home/rosdev/turtlebot3_ws/install/turtlebot3_teleop:/home/rosdev/turtlebot3_ws/install/turtlebot3_example:/opt/ros/humble /usr/bin/cmake --install /home/rosdev/ros2_ws_lab/lab3/build/turtlebot3_msgs
