[0.029s] Invoking command in '/home/rosdev/ros2_ws_lab/lab3/build/turtlebot3_navigation2': CMAKE_PREFIX_PATH=${CMAKE_PREFIX_PATH}:/home/rosdev/turtlebot3_ws/install/turtlebot3_teleop:/home/rosdev/turtlebot3_ws/install/turtlebot3_example:/opt/ros/humble /usr/bin/cmake /home/rosdev/ros2_ws_lab/lab3/src/turtlebot3/turtlebot3_navigation2 -DAMENT_CMAKE_SYMLINK_INSTALL=1 -DCMAKE_INSTALL_PREFIX=/home/rosdev/ros2_ws_lab/lab3/install/turtlebot3_navigation2
[0.149s] -- The C compiler identification is GNU 11.4.0
[0.246s] -- The CXX compiler identification is GNU 11.4.0
[0.255s] -- Detecting C compiler ABI info
[0.332s] -- Detecting C compiler ABI info - done
[0.348s] -- Check for working C compiler: /usr/bin/cc - skipped
[0.349s] -- Detecting C compile features
[0.349s] -- Detecting C compile features - done
[0.355s] -- Detecting CXX compiler ABI info
[0.436s] -- Detecting CXX compiler ABI info - done
[0.454s] -- Check for working CXX compiler: /usr/bin/c++ - skipped
[0.454s] -- Detecting CXX compile features
[0.455s] -- Detecting CXX compile features - done
[0.461s] -- Found ament_cmake: 1.3.11 (/opt/ros/humble/share/ament_cmake/cmake)
[0.659s] -- Found Python3: /usr/bin/python3 (found version "3.10.12") found components: Interpreter 
[0.740s] -- Override CMake install command with custom implementation using symlinks instead of copying resources
[0.856s] -- Configuring done
[0.859s] -- Generating done
[0.861s] -- Build files have been written to: /home/rosdev/ros2_ws_lab/lab3/build/turtlebot3_navigation2
[0.865s] Invoked command in '/home/rosdev/ros2_ws_lab/lab3/build/turtlebot3_navigation2' returned '0': CMAKE_PREFIX_PATH=${CMAKE_PREFIX_PATH}:/home/rosdev/turtlebot3_ws/install/turtlebot3_teleop:/home/rosdev/turtlebot3_ws/install/turtlebot3_example:/opt/ros/humble /usr/bin/cmake /home/rosdev/ros2_ws_lab/lab3/src/turtlebot3/turtlebot3_navigation2 -DAMENT_CMAKE_SYMLINK_INSTALL=1 -DCMAKE_INSTALL_PREFIX=/home/rosdev/ros2_ws_lab/lab3/install/turtlebot3_navigation2
[0.868s] Invoking command in '/home/rosdev/ros2_ws_lab/lab3/build/turtlebot3_navigation2': CMAKE_PREFIX_PATH=${CMAKE_PREFIX_PATH}:/home/rosdev/turtlebot3_ws/install/turtlebot3_teleop:/home/rosdev/turtlebot3_ws/install/turtlebot3_example:/opt/ros/humble /usr/bin/cmake --build /home/rosdev/ros2_ws_lab/lab3/build/turtlebot3_navigation2 -- -j12 -l12
[0.911s] Invoked command in '/home/rosdev/ros2_ws_lab/lab3/build/turtlebot3_navigation2' returned '0': CMAKE_PREFIX_PATH=${CMAKE_PREFIX_PATH}:/home/rosdev/turtlebot3_ws/install/turtlebot3_teleop:/home/rosdev/turtlebot3_ws/install/turtlebot3_example:/opt/ros/humble /usr/bin/cmake --build /home/rosdev/ros2_ws_lab/lab3/build/turtlebot3_navigation2 -- -j12 -l12
[0.922s] Invoking command in '/home/rosdev/ros2_ws_lab/lab3/build/turtlebot3_navigation2': CMAKE_PREFIX_PATH=${CMAKE_PREFIX_PATH}:/home/rosdev/turtlebot3_ws/install/turtlebot3_teleop:/home/rosdev/turtlebot3_ws/install/turtlebot3_example:/opt/ros/humble /usr/bin/cmake --install /home/rosdev/ros2_ws_lab/lab3/build/turtlebot3_navigation2
[0.930s] -- Install configuration: ""
[0.930s] -- Execute custom install script
[0.931s] -- Symlinking: /home/rosdev/ros2_ws_lab/lab3/install/turtlebot3_navigation2/share/turtlebot3_navigation2/launch/navigation2.launch.py
[0.940s] -- Symlinking: /home/rosdev/ros2_ws_lab/lab3/install/turtlebot3_navigation2/share/turtlebot3_navigation2/map/map.pgm
[0.950s] -- Symlinking: /home/rosdev/ros2_ws_lab/lab3/install/turtlebot3_navigation2/share/turtlebot3_navigation2/map/map.yaml
[0.961s] -- Symlinking: /home/rosdev/ros2_ws_lab/lab3/install/turtlebot3_navigation2/share/turtlebot3_navigation2/param/burger.yaml
[0.968s] -- Symlinking: /home/rosdev/ros2_ws_lab/lab3/install/turtlebot3_navigation2/share/turtlebot3_navigation2/param/burger_cam.yaml
[0.978s] -- Symlinking: /home/rosdev/ros2_ws_lab/lab3/install/turtlebot3_navigation2/share/turtlebot3_navigation2/param/humble/burger.yaml
[0.988s] -- Symlinking: /home/rosdev/ros2_ws_lab/lab3/install/turtlebot3_navigation2/share/turtlebot3_navigation2/param/humble/burger_cam.yaml
[0.997s] -- Symlinking: /home/rosdev/ros2_ws_lab/lab3/install/turtlebot3_navigation2/share/turtlebot3_navigation2/param/humble/waffle.yaml
[1.007s] -- Symlinking: /home/rosdev/ros2_ws_lab/lab3/install/turtlebot3_navigation2/share/turtlebot3_navigation2/param/humble/waffle_pi.yaml
[1.016s] -- Symlinking: /home/rosdev/ros2_ws_lab/lab3/install/turtlebot3_navigation2/share/turtlebot3_navigation2/param/waffle.yaml
[1.026s] -- Symlinking: /home/rosdev/ros2_ws_lab/lab3/install/turtlebot3_navigation2/share/turtlebot3_navigation2/param/waffle_pi.yaml
[1.036s] -- Symlinking: /home/rosdev/ros2_ws_lab/lab3/install/turtlebot3_navigation2/share/turtlebot3_navigation2/rviz/tb3_navigation2.rviz
[1.049s] -- Symlinking: /home/rosdev/ros2_ws_lab/lab3/install/turtlebot3_navigation2/share/ament_index/resource_index/package_run_dependencies/turtlebot3_navigation2
[1.063s] -- Symlinking: /home/rosdev/ros2_ws_lab/lab3/install/turtlebot3_navigation2/share/ament_index/resource_index/parent_prefix_path/turtlebot3_navigation2
[1.077s] -- Symlinking: /home/rosdev/ros2_ws_lab/lab3/install/turtlebot3_navigation2/share/turtlebot3_navigation2/environment/ament_prefix_path.sh
[1.086s] -- Symlinking: /home/rosdev/ros2_ws_lab/lab3/install/turtlebot3_navigation2/share/turtlebot3_navigation2/environment/ament_prefix_path.dsv
[1.095s] -- Symlinking: /home/rosdev/ros2_ws_lab/lab3/install/turtlebot3_navigation2/share/turtlebot3_navigation2/environment/path.sh
[1.105s] -- Symlinking: /home/rosdev/ros2_ws_lab/lab3/install/turtlebot3_navigation2/share/turtlebot3_navigation2/environment/path.dsv
[1.114s] -- Symlinking: /home/rosdev/ros2_ws_lab/lab3/install/turtlebot3_navigation2/share/turtlebot3_navigation2/local_setup.bash
[1.129s] -- Symlinking: /home/rosdev/ros2_ws_lab/lab3/install/turtlebot3_navigation2/share/turtlebot3_navigation2/local_setup.sh
[1.148s] -- Symlinking: /home/rosdev/ros2_ws_lab/lab3/install/turtlebot3_navigation2/share/turtlebot3_navigation2/local_setup.zsh
[1.155s] -- Symlinking: /home/rosdev/ros2_ws_lab/lab3/install/turtlebot3_navigation2/share/turtlebot3_navigation2/local_setup.dsv
[1.179s] -- Symlinking: /home/rosdev/ros2_ws_lab/lab3/install/turtlebot3_navigation2/share/turtlebot3_navigation2/package.dsv
[1.196s] -- Symlinking: /home/rosdev/ros2_ws_lab/lab3/install/turtlebot3_navigation2/share/ament_index/resource_index/packages/turtlebot3_navigation2
[1.227s] -- Symlinking: /home/rosdev/ros2_ws_lab/lab3/install/turtlebot3_navigation2/share/turtlebot3_navigation2/cmake/turtlebot3_navigation2Config.cmake
[1.255s] -- Symlinking: /home/rosdev/ros2_ws_lab/lab3/install/turtlebot3_navigation2/share/turtlebot3_navigation2/cmake/turtlebot3_navigation2Config-version.cmake
[1.279s] -- Symlinking: /home/rosdev/ros2_ws_lab/lab3/install/turtlebot3_navigation2/share/turtlebot3_navigation2/package.xml
[1.336s] Invoked command in '/home/rosdev/ros2_ws_lab/lab3/build/turtlebot3_navigation2' returned '0': CMAKE_PREFIX_PATH=${CMAKE_PREFIX_PATH}:/home/rosdev/turtlebot3_ws/install/turtlebot3_teleop:/home/rosdev/turtlebot3_ws/install/turtlebot3_example:/opt/ros/humble /usr/bin/cmake --install /home/rosdev/ros2_ws_lab/lab3/build/turtlebot3_navigation2
