[0.050s] Invoking command in '/home/rosdev/ros2_ws_lab/lab3/build/turtlebot3_description': CMAKE_PREFIX_PATH=${CMAKE_PREFIX_PATH}:/home/rosdev/ros2_ws_lab/lab3/install/turtlebot3_teleop:/home/rosdev/ros2_ws_lab/lab3/install/turtlebot3_example:/home/rosdev/turtlebot3_ws/install/turtlebot3_teleop:/home/rosdev/turtlebot3_ws/install/turtlebot3_example:/opt/ros/humble /usr/bin/cmake --build /home/rosdev/ros2_ws_lab/lab3/build/turtlebot3_description -- -j12 -l12
[0.594s] Invoked command in '/home/rosdev/ros2_ws_lab/lab3/build/turtlebot3_description' returned '0': CMAKE_PREFIX_PATH=${CMAKE_PREFIX_PATH}:/home/rosdev/ros2_ws_lab/lab3/install/turtlebot3_teleop:/home/rosdev/ros2_ws_lab/lab3/install/turtlebot3_example:/home/rosdev/turtlebot3_ws/install/turtlebot3_teleop:/home/rosdev/turtlebot3_ws/install/turtlebot3_example:/opt/ros/humble /usr/bin/cmake --build /home/rosdev/ros2_ws_lab/lab3/build/turtlebot3_description -- -j12 -l12
[0.597s] Invoking command in '/home/rosdev/ros2_ws_lab/lab3/build/turtlebot3_description': CMAKE_PREFIX_PATH=${CMAKE_PREFIX_PATH}:/home/rosdev/ros2_ws_lab/lab3/install/turtlebot3_teleop:/home/rosdev/ros2_ws_lab/lab3/install/turtlebot3_example:/home/rosdev/turtlebot3_ws/install/turtlebot3_teleop:/home/rosdev/turtlebot3_ws/install/turtlebot3_example:/opt/ros/humble /usr/bin/cmake --install /home/rosdev/ros2_ws_lab/lab3/build/turtlebot3_description
[0.629s] -- Install configuration: ""
[0.629s] -- Up-to-date: /home/rosdev/ros2_ws_lab/lab3/install/turtlebot3_description/share/turtlebot3_description/meshes
[0.629s] -- Up-to-date: /home/rosdev/ros2_ws_lab/lab3/install/turtlebot3_description/share/turtlebot3_description/meshes/wheels
[0.630s] -- Up-to-date: /home/rosdev/ros2_ws_lab/lab3/install/turtlebot3_description/share/turtlebot3_description/meshes/wheels/right_tire.stl
[0.631s] -- Up-to-date: /home/rosdev/ros2_ws_lab/lab3/install/turtlebot3_description/share/turtlebot3_description/meshes/wheels/left_tire.stl
[0.631s] -- Up-to-date: /home/rosdev/ros2_ws_lab/lab3/install/turtlebot3_description/share/turtlebot3_description/meshes/bases
[0.631s] -- Up-to-date: /home/rosdev/ros2_ws_lab/lab3/install/turtlebot3_description/share/turtlebot3_description/meshes/bases/waffle_base.stl
[0.632s] -- Up-to-date: /home/rosdev/ros2_ws_lab/lab3/install/turtlebot3_description/share/turtlebot3_description/meshes/bases/burger_base.stl
[0.632s] -- Up-to-date: /home/rosdev/ros2_ws_lab/lab3/install/turtlebot3_description/share/turtlebot3_description/meshes/bases/waffle_pi_base.stl
[0.632s] -- Up-to-date: /home/rosdev/ros2_ws_lab/lab3/install/turtlebot3_description/share/turtlebot3_description/meshes/sensors
[0.633s] -- Up-to-date: /home/rosdev/ros2_ws_lab/lab3/install/turtlebot3_description/share/turtlebot3_description/meshes/sensors/r200.jpg
[0.633s] -- Up-to-date: /home/rosdev/ros2_ws_lab/lab3/install/turtlebot3_description/share/turtlebot3_description/meshes/sensors/astra.jpg
[0.633s] -- Up-to-date: /home/rosdev/ros2_ws_lab/lab3/install/turtlebot3_description/share/turtlebot3_description/meshes/sensors/astra.dae
[0.635s] -- Up-to-date: /home/rosdev/ros2_ws_lab/lab3/install/turtlebot3_description/share/turtlebot3_description/meshes/sensors/r200.dae
[0.636s] -- Up-to-date: /home/rosdev/ros2_ws_lab/lab3/install/turtlebot3_description/share/turtlebot3_description/meshes/sensors/lds.stl
[0.636s] -- Up-to-date: /home/rosdev/ros2_ws_lab/lab3/install/turtlebot3_description/share/turtlebot3_description/rviz
[0.637s] -- Up-to-date: /home/rosdev/ros2_ws_lab/lab3/install/turtlebot3_description/share/turtlebot3_description/rviz/model.rviz
[0.638s] -- Up-to-date: /home/rosdev/ros2_ws_lab/lab3/install/turtlebot3_description/share/turtlebot3_description/urdf
[0.639s] -- Up-to-date: /home/rosdev/ros2_ws_lab/lab3/install/turtlebot3_description/share/turtlebot3_description/urdf/common_properties.urdf
[0.639s] -- Up-to-date: /home/rosdev/ros2_ws_lab/lab3/install/turtlebot3_description/share/turtlebot3_description/urdf/turtlebot3_burger.urdf
[0.639s] -- Up-to-date: /home/rosdev/ros2_ws_lab/lab3/install/turtlebot3_description/share/turtlebot3_description/urdf/turtlebot3_waffle.urdf
[0.641s] -- Up-to-date: /home/rosdev/ros2_ws_lab/lab3/install/turtlebot3_description/share/turtlebot3_description/urdf/turtlebot3_waffle_pi.urdf
[0.641s] -- Up-to-date: /home/rosdev/ros2_ws_lab/lab3/install/turtlebot3_description/share/ament_index/resource_index/package_run_dependencies/turtlebot3_description
[0.641s] -- Up-to-date: /home/rosdev/ros2_ws_lab/lab3/install/turtlebot3_description/share/ament_index/resource_index/parent_prefix_path/turtlebot3_description
[0.642s] -- Up-to-date: /home/rosdev/ros2_ws_lab/lab3/install/turtlebot3_description/share/turtlebot3_description/environment/ament_prefix_path.sh
[0.643s] -- Up-to-date: /home/rosdev/ros2_ws_lab/lab3/install/turtlebot3_description/share/turtlebot3_description/environment/ament_prefix_path.dsv
[0.644s] -- Up-to-date: /home/rosdev/ros2_ws_lab/lab3/install/turtlebot3_description/share/turtlebot3_description/environment/path.sh
[0.644s] -- Up-to-date: /home/rosdev/ros2_ws_lab/lab3/install/turtlebot3_description/share/turtlebot3_description/environment/path.dsv
[0.646s] -- Up-to-date: /home/rosdev/ros2_ws_lab/lab3/install/turtlebot3_description/share/turtlebot3_description/local_setup.bash
[0.647s] -- Up-to-date: /home/rosdev/ros2_ws_lab/lab3/install/turtlebot3_description/share/turtlebot3_description/local_setup.sh
[0.647s] -- Up-to-date: /home/rosdev/ros2_ws_lab/lab3/install/turtlebot3_description/share/turtlebot3_description/local_setup.zsh
[0.647s] -- Up-to-date: /home/rosdev/ros2_ws_lab/lab3/install/turtlebot3_description/share/turtlebot3_description/local_setup.dsv
[0.648s] -- Installing: /home/rosdev/ros2_ws_lab/lab3/install/turtlebot3_description/share/turtlebot3_description/package.dsv
[0.649s] -- Up-to-date: /home/rosdev/ros2_ws_lab/lab3/install/turtlebot3_description/share/ament_index/resource_index/packages/turtlebot3_description
[0.650s] -- Up-to-date: /home/rosdev/ros2_ws_lab/lab3/install/turtlebot3_description/share/turtlebot3_description/cmake/turtlebot3_descriptionConfig.cmake
[0.650s] -- Up-to-date: /home/rosdev/ros2_ws_lab/lab3/install/turtlebot3_description/share/turtlebot3_description/cmake/turtlebot3_descriptionConfig-version.cmake
[0.650s] -- Up-to-date: /home/rosdev/ros2_ws_lab/lab3/install/turtlebot3_description/share/turtlebot3_description/package.xml
[0.713s] Invoked command in '/home/rosdev/ros2_ws_lab/lab3/build/turtlebot3_description' returned '0': CMAKE_PREFIX_PATH=${CMAKE_PREFIX_PATH}:/home/rosdev/ros2_ws_lab/lab3/install/turtlebot3_teleop:/home/rosdev/ros2_ws_lab/lab3/install/turtlebot3_example:/home/rosdev/turtlebot3_ws/install/turtlebot3_teleop:/home/rosdev/turtlebot3_ws/install/turtlebot3_example:/opt/ros/humble /usr/bin/cmake --install /home/rosdev/ros2_ws_lab/lab3/build/turtlebot3_description
