[0.031s] Invoking command in '/home/rosdev/ros2_ws_lab/lab3/build/turtlebot3_navigation2': CMAKE_PREFIX_PATH=${CMAKE_PREFIX_PATH}:/home/rosdev/turtlebot3_ws/install/turtlebot3_teleop:/home/rosdev/turtlebot3_ws/install/turtlebot3_example:/opt/ros/humble /usr/bin/cmake /home/rosdev/ros2_ws_lab/lab3/src/turtlebot3/turtlebot3_navigation2 -DCMAKE_INSTALL_PREFIX=/home/rosdev/ros2_ws_lab/lab3/install/turtlebot3_navigation2
[0.099s] -- The C compiler identification is GNU 11.4.0
[0.175s] -- The CXX compiler identification is GNU 11.4.0
[0.187s] -- Detecting C compiler ABI info
[0.269s] -- Detecting C compiler ABI info - done
[0.285s] -- Check for working C compiler: /usr/bin/cc - skipped
[0.285s] -- Detecting C compile features
[0.286s] -- Detecting C compile features - done
[0.290s] -- Detecting CXX compiler ABI info
[0.374s] -- Detecting CXX compiler ABI info - done
[0.384s] -- Check for working CXX compiler: /usr/bin/c++ - skipped
[0.384s] -- Detecting CXX compile features
[0.385s] -- Detecting CXX compile features - done
[0.389s] -- Found ament_cmake: 1.3.11 (/opt/ros/humble/share/ament_cmake/cmake)
[0.620s] -- Found Python3: /usr/bin/python3 (found version "3.10.12") found components: Interpreter 
[0.834s] -- Configuring done
[0.837s] -- Generating done
[0.839s] -- Build files have been written to: /home/rosdev/ros2_ws_lab/lab3/build/turtlebot3_navigation2
[0.843s] Invoked command in '/home/rosdev/ros2_ws_lab/lab3/build/turtlebot3_navigation2' returned '0': CMAKE_PREFIX_PATH=${CMAKE_PREFIX_PATH}:/home/rosdev/turtlebot3_ws/install/turtlebot3_teleop:/home/rosdev/turtlebot3_ws/install/turtlebot3_example:/opt/ros/humble /usr/bin/cmake /home/rosdev/ros2_ws_lab/lab3/src/turtlebot3/turtlebot3_navigation2 -DCMAKE_INSTALL_PREFIX=/home/rosdev/ros2_ws_lab/lab3/install/turtlebot3_navigation2
[0.845s] Invoking command in '/home/rosdev/ros2_ws_lab/lab3/build/turtlebot3_navigation2': CMAKE_PREFIX_PATH=${CMAKE_PREFIX_PATH}:/home/rosdev/turtlebot3_ws/install/turtlebot3_teleop:/home/rosdev/turtlebot3_ws/install/turtlebot3_example:/opt/ros/humble /usr/bin/cmake --build /home/rosdev/ros2_ws_lab/lab3/build/turtlebot3_navigation2 -- -j12 -l12
[0.907s] Invoked command in '/home/rosdev/ros2_ws_lab/lab3/build/turtlebot3_navigation2' returned '0': CMAKE_PREFIX_PATH=${CMAKE_PREFIX_PATH}:/home/rosdev/turtlebot3_ws/install/turtlebot3_teleop:/home/rosdev/turtlebot3_ws/install/turtlebot3_example:/opt/ros/humble /usr/bin/cmake --build /home/rosdev/ros2_ws_lab/lab3/build/turtlebot3_navigation2 -- -j12 -l12
[0.908s] Invoking command in '/home/rosdev/ros2_ws_lab/lab3/build/turtlebot3_navigation2': CMAKE_PREFIX_PATH=${CMAKE_PREFIX_PATH}:/home/rosdev/turtlebot3_ws/install/turtlebot3_teleop:/home/rosdev/turtlebot3_ws/install/turtlebot3_example:/opt/ros/humble /usr/bin/cmake --install /home/rosdev/ros2_ws_lab/lab3/build/turtlebot3_navigation2
[0.918s] -- Install configuration: ""
[0.918s] -- Installing: /home/rosdev/ros2_ws_lab/lab3/install/turtlebot3_navigation2/share/turtlebot3_navigation2/launch
[0.918s] -- Installing: /home/rosdev/ros2_ws_lab/lab3/install/turtlebot3_navigation2/share/turtlebot3_navigation2/launch/navigation2.launch.py
[0.918s] -- Installing: /home/rosdev/ros2_ws_lab/lab3/install/turtlebot3_navigation2/share/turtlebot3_navigation2/map
[0.919s] -- Installing: /home/rosdev/ros2_ws_lab/lab3/install/turtlebot3_navigation2/share/turtlebot3_navigation2/map/map.yaml
[0.919s] -- Installing: /home/rosdev/ros2_ws_lab/lab3/install/turtlebot3_navigation2/share/turtlebot3_navigation2/map/map.pgm
[0.919s] -- Installing: /home/rosdev/ros2_ws_lab/lab3/install/turtlebot3_navigation2/share/turtlebot3_navigation2/param
[0.919s] -- Installing: /home/rosdev/ros2_ws_lab/lab3/install/turtlebot3_navigation2/share/turtlebot3_navigation2/param/burger.yaml
[0.920s] -- Installing: /home/rosdev/ros2_ws_lab/lab3/install/turtlebot3_navigation2/share/turtlebot3_navigation2/param/humble
[0.920s] -- Installing: /home/rosdev/ros2_ws_lab/lab3/install/turtlebot3_navigation2/share/turtlebot3_navigation2/param/humble/burger.yaml
[0.920s] -- Installing: /home/rosdev/ros2_ws_lab/lab3/install/turtlebot3_navigation2/share/turtlebot3_navigation2/param/humble/waffle.yaml
[0.921s] -- Installing: /home/rosdev/ros2_ws_lab/lab3/install/turtlebot3_navigation2/share/turtlebot3_navigation2/param/humble/waffle_pi.yaml
[0.921s] -- Installing: /home/rosdev/ros2_ws_lab/lab3/install/turtlebot3_navigation2/share/turtlebot3_navigation2/param/humble/burger_cam.yaml
[0.921s] -- Installing: /home/rosdev/ros2_ws_lab/lab3/install/turtlebot3_navigation2/share/turtlebot3_navigation2/param/waffle.yaml
[0.921s] -- Installing: /home/rosdev/ros2_ws_lab/lab3/install/turtlebot3_navigation2/share/turtlebot3_navigation2/param/waffle_pi.yaml
[0.922s] -- Installing: /home/rosdev/ros2_ws_lab/lab3/install/turtlebot3_navigation2/share/turtlebot3_navigation2/param/burger_cam.yaml
[0.922s] -- Installing: /home/rosdev/ros2_ws_lab/lab3/install/turtlebot3_navigation2/share/turtlebot3_navigation2/rviz
[0.922s] -- Installing: /home/rosdev/ros2_ws_lab/lab3/install/turtlebot3_navigation2/share/turtlebot3_navigation2/rviz/tb3_navigation2.rviz
[0.922s] -- Installing: /home/rosdev/ros2_ws_lab/lab3/install/turtlebot3_navigation2/share/ament_index/resource_index/package_run_dependencies/turtlebot3_navigation2
[0.922s] -- Installing: /home/rosdev/ros2_ws_lab/lab3/install/turtlebot3_navigation2/share/ament_index/resource_index/parent_prefix_path/turtlebot3_navigation2
[0.922s] -- Installing: /home/rosdev/ros2_ws_lab/lab3/install/turtlebot3_navigation2/share/turtlebot3_navigation2/environment/ament_prefix_path.sh
[0.922s] -- Installing: /home/rosdev/ros2_ws_lab/lab3/install/turtlebot3_navigation2/share/turtlebot3_navigation2/environment/ament_prefix_path.dsv
[0.923s] -- Installing: /home/rosdev/ros2_ws_lab/lab3/install/turtlebot3_navigation2/share/turtlebot3_navigation2/environment/path.sh
[0.923s] -- Installing: /home/rosdev/ros2_ws_lab/lab3/install/turtlebot3_navigation2/share/turtlebot3_navigation2/environment/path.dsv
[0.923s] -- Installing: /home/rosdev/ros2_ws_lab/lab3/install/turtlebot3_navigation2/share/turtlebot3_navigation2/local_setup.bash
[0.923s] -- Installing: /home/rosdev/ros2_ws_lab/lab3/install/turtlebot3_navigation2/share/turtlebot3_navigation2/local_setup.sh
[0.924s] -- Installing: /home/rosdev/ros2_ws_lab/lab3/install/turtlebot3_navigation2/share/turtlebot3_navigation2/local_setup.zsh
[0.924s] -- Installing: /home/rosdev/ros2_ws_lab/lab3/install/turtlebot3_navigation2/share/turtlebot3_navigation2/local_setup.dsv
[0.924s] -- Installing: /home/rosdev/ros2_ws_lab/lab3/install/turtlebot3_navigation2/share/turtlebot3_navigation2/package.dsv
[0.925s] -- Installing: /home/rosdev/ros2_ws_lab/lab3/install/turtlebot3_navigation2/share/ament_index/resource_index/packages/turtlebot3_navigation2
[0.926s] -- Installing: /home/rosdev/ros2_ws_lab/lab3/install/turtlebot3_navigation2/share/turtlebot3_navigation2/cmake/turtlebot3_navigation2Config.cmake
[0.926s] -- Installing: /home/rosdev/ros2_ws_lab/lab3/install/turtlebot3_navigation2/share/turtlebot3_navigation2/cmake/turtlebot3_navigation2Config-version.cmake
[0.926s] -- Installing: /home/rosdev/ros2_ws_lab/lab3/install/turtlebot3_navigation2/share/turtlebot3_navigation2/package.xml
[0.928s] Invoked command in '/home/rosdev/ros2_ws_lab/lab3/build/turtlebot3_navigation2' returned '0': CMAKE_PREFIX_PATH=${CMAKE_PREFIX_PATH}:/home/rosdev/turtlebot3_ws/install/turtlebot3_teleop:/home/rosdev/turtlebot3_ws/install/turtlebot3_example:/opt/ros/humble /usr/bin/cmake --install /home/rosdev/ros2_ws_lab/lab3/build/turtlebot3_navigation2
