[0.041s] Invoking command in '/home/rosdev/ros2_ws_lab/lab3/build/turtlebot3_msgs': CMAKE_PREFIX_PATH=${CMAKE_PREFIX_PATH}:/home/rosdev/turtlebot3_ws/install/turtlebot3_teleop:/home/rosdev/turtlebot3_ws/install/turtlebot3_example:/opt/ros/humble /usr/bin/cmake /home/rosdev/ros2_ws_lab/lab3/src/turtlebot3_msgs -DCMAKE_INSTALL_PREFIX=/home/rosdev/ros2_ws_lab/lab3/install/turtlebot3_msgs
[0.099s] -- The C compiler identification is GNU 11.4.0
[0.168s] -- The CXX compiler identification is GNU 11.4.0
[0.177s] -- Detecting C compiler ABI info
[0.251s] -- Detecting C compiler ABI info - done
[0.261s] -- Check for working C compiler: /usr/bin/cc - skipped
[0.261s] -- Detecting C compile features
[0.261s] -- Detecting C compile features - done
[0.265s] -- Detecting CXX compiler ABI info
[0.377s] -- Detecting CXX compiler ABI info - done
[0.396s] -- Check for working CXX compiler: /usr/bin/c++ - skipped
[0.396s] -- Detecting CXX compile features
[0.397s] -- Detecting CXX compile features - done
[0.402s] -- Found action_msgs: 1.2.1 (/opt/ros/humble/share/action_msgs/cmake)
[0.624s] -- Found Python3: /usr/bin/python3 (found version "3.10.12") found components: Interpreter 
[0.874s] -- Found rosidl_generator_c: 3.1.6 (/opt/ros/humble/share/rosidl_generator_c/cmake)
[0.888s] -- Found rosidl_adapter: 3.1.6 (/opt/ros/humble/share/rosidl_adapter/cmake)
[0.909s] -- Found rosidl_generator_cpp: 3.1.6 (/opt/ros/humble/share/rosidl_generator_cpp/cmake)
[0.939s] -- Using all available rosidl_typesupport_c: rosidl_typesupport_fastrtps_c;rosidl_typesupport_introspection_c
[0.975s] -- Using all available rosidl_typesupport_cpp: rosidl_typesupport_fastrtps_cpp;rosidl_typesupport_introspection_cpp
[1.074s] -- Found rosidl_default_generators: 1.2.0 (/opt/ros/humble/share/rosidl_default_generators/cmake)
[1.102s] -- Found std_msgs: 4.8.0 (/opt/ros/humble/share/std_msgs/cmake)
[1.128s] -- Found geometry_msgs: 4.8.0 (/opt/ros/humble/share/geometry_msgs/cmake)
[1.815s] -- Found ament_cmake_cppcheck: 0.12.12 (/opt/ros/humble/share/ament_cmake_cppcheck/cmake)
[1.818s] -- Found ament_cmake_cpplint: 0.12.12 (/opt/ros/humble/share/ament_cmake_cpplint/cmake)
[1.822s] -- Found ament_cmake_uncrustify: 0.12.12 (/opt/ros/humble/share/ament_cmake_uncrustify/cmake)
[1.825s] -- Found ament_cmake_ros: 0.10.0 (/opt/ros/humble/share/ament_cmake_ros/cmake)
[2.379s] -- Using all available rosidl_typesupport_c: rosidl_typesupport_fastrtps_c;rosidl_typesupport_introspection_c
[2.588s] -- Using all available rosidl_typesupport_cpp: rosidl_typesupport_fastrtps_cpp;rosidl_typesupport_introspection_cpp
[2.616s] -- Found PythonInterp: /usr/bin/python3 (found suitable version "3.10.12", minimum required is "3.6") 
[2.620s] -- Found python_cmake_module: 0.10.0 (/opt/ros/humble/share/python_cmake_module/cmake)
[2.660s] -- Found PythonLibs: /usr/lib/x86_64-linux-gnu/libpython3.10.so (found suitable version "3.10.12", minimum required is "3.5") 
[2.660s] -- Using PYTHON_EXECUTABLE: /usr/bin/python3
[2.660s] -- Using PYTHON_INCLUDE_DIRS: /usr/include/python3.10
[2.660s] -- Using PYTHON_LIBRARIES: /usr/lib/x86_64-linux-gnu/libpython3.10.so
[2.685s] -- Found PythonExtra: .so  
[2.783s] -- Found ament_cmake_flake8: 0.12.12 (/opt/ros/humble/share/ament_cmake_flake8/cmake)
[2.786s] -- Found ament_cmake_pep257: 0.12.12 (/opt/ros/humble/share/ament_cmake_pep257/cmake)
[2.796s] -- Configuring done
[2.853s] -- Generating done
[2.868s] -- Build files have been written to: /home/rosdev/ros2_ws_lab/lab3/build/turtlebot3_msgs
[2.878s] Invoked command in '/home/rosdev/ros2_ws_lab/lab3/build/turtlebot3_msgs' returned '0': CMAKE_PREFIX_PATH=${CMAKE_PREFIX_PATH}:/home/rosdev/turtlebot3_ws/install/turtlebot3_teleop:/home/rosdev/turtlebot3_ws/install/turtlebot3_example:/opt/ros/humble /usr/bin/cmake /home/rosdev/ros2_ws_lab/lab3/src/turtlebot3_msgs -DCMAKE_INSTALL_PREFIX=/home/rosdev/ros2_ws_lab/lab3/install/turtlebot3_msgs
[2.880s] Invoking command in '/home/rosdev/ros2_ws_lab/lab3/build/turtlebot3_msgs': CMAKE_PREFIX_PATH=${CMAKE_PREFIX_PATH}:/home/rosdev/turtlebot3_ws/install/turtlebot3_teleop:/home/rosdev/turtlebot3_ws/install/turtlebot3_example:/opt/ros/humble /usr/bin/cmake --build /home/rosdev/ros2_ws_lab/lab3/build/turtlebot3_msgs -- -j12 -l12
[2.930s] [  1%] [34m[1mGenerating C code for ROS interfaces[0m
[2.939s] [  2%] [34m[1mGenerating C++ code for ROS interfaces[0m
[2.959s] [  2%] Built target ament_cmake_python_copy_turtlebot3_msgs
[3.477s] running egg_info
[3.477s] creating turtlebot3_msgs.egg-info
[3.477s] writing turtlebot3_msgs.egg-info/PKG-INFO
[3.477s] writing dependency_links to turtlebot3_msgs.egg-info/dependency_links.txt
[3.477s] writing top-level names to turtlebot3_msgs.egg-info/top_level.txt
[3.477s] writing manifest file 'turtlebot3_msgs.egg-info/SOURCES.txt'
[3.479s] reading manifest file 'turtlebot3_msgs.egg-info/SOURCES.txt'
[3.479s] writing manifest file 'turtlebot3_msgs.egg-info/SOURCES.txt'
[3.524s] [  2%] Built target ament_cmake_python_build_turtlebot3_msgs_egg
[4.600s] [  3%] [32mBuilding C object CMakeFiles/turtlebot3_msgs__rosidl_generator_c.dir/rosidl_generator_c/turtlebot3_msgs/srv/detail/dqn__functions.c.o[0m
[4.600s] [  5%] [32mBuilding C object CMakeFiles/turtlebot3_msgs__rosidl_generator_c.dir/rosidl_generator_c/turtlebot3_msgs/action/detail/patrol__functions.c.o[0m
[4.602s] [  7%] [32mBuilding C object CMakeFiles/turtlebot3_msgs__rosidl_generator_c.dir/rosidl_generator_c/turtlebot3_msgs/msg/detail/sensor_state__functions.c.o[0m
[4.602s] [  7%] [32mBuilding C object CMakeFiles/turtlebot3_msgs__rosidl_generator_c.dir/rosidl_generator_c/turtlebot3_msgs/msg/detail/sound__functions.c.o[0m
[4.602s] [  8%] [32mBuilding C object CMakeFiles/turtlebot3_msgs__rosidl_generator_c.dir/rosidl_generator_c/turtlebot3_msgs/srv/detail/sound__functions.c.o[0m
[4.602s] [ 10%] [32mBuilding C object CMakeFiles/turtlebot3_msgs__rosidl_generator_c.dir/rosidl_generator_c/turtlebot3_msgs/msg/detail/version_info__functions.c.o[0m
[4.603s] [ 11%] [32mBuilding C object CMakeFiles/turtlebot3_msgs__rosidl_generator_c.dir/rosidl_generator_c/turtlebot3_msgs/srv/detail/goal__functions.c.o[0m
[4.712s] [ 11%] Built target turtlebot3_msgs__cpp
[4.724s] [ 13%] [34m[1mGenerating C++ type support for eProsima Fast-RTPS[0m
[4.724s] [ 13%] [34m[1mGenerating C++ type support dispatch for ROS interfaces[0m
[4.724s] [ 15%] [34m[1mGenerating C++ introspection for ROS interfaces[0m
[4.789s] [ 16%] [32m[1mLinking C shared library libturtlebot3_msgs__rosidl_generator_c.so[0m
[4.830s] [ 16%] Built target turtlebot3_msgs__rosidl_generator_c
[4.841s] [ 17%] [34m[1mGenerating C introspection for ROS interfaces[0m
[4.842s] [ 18%] [34m[1mGenerating C type support dispatch for ROS interfaces[0m
[4.847s] [ 20%] [34m[1mGenerating C type support for eProsima Fast-RTPS[0m
[5.686s] [ 22%] [32mBuilding CXX object CMakeFiles/turtlebot3_msgs__rosidl_typesupport_cpp.dir/rosidl_typesupport_cpp/turtlebot3_msgs/msg/version_info__type_support.cpp.o[0m
[5.687s] [ 24%] [32mBuilding CXX object CMakeFiles/turtlebot3_msgs__rosidl_typesupport_cpp.dir/rosidl_typesupport_cpp/turtlebot3_msgs/msg/sound__type_support.cpp.o[0m
[5.687s] [ 25%] [32mBuilding CXX object CMakeFiles/turtlebot3_msgs__rosidl_typesupport_cpp.dir/rosidl_typesupport_cpp/turtlebot3_msgs/srv/goal__type_support.cpp.o[0m
[5.687s] [ 26%] [32mBuilding CXX object CMakeFiles/turtlebot3_msgs__rosidl_typesupport_cpp.dir/rosidl_typesupport_cpp/turtlebot3_msgs/srv/sound__type_support.cpp.o[0m
[5.687s] [ 22%] [32mBuilding CXX object CMakeFiles/turtlebot3_msgs__rosidl_typesupport_cpp.dir/rosidl_typesupport_cpp/turtlebot3_msgs/srv/dqn__type_support.cpp.o[0m
[5.690s] [ 27%] [32mBuilding CXX object CMakeFiles/turtlebot3_msgs__rosidl_typesupport_cpp.dir/rosidl_typesupport_cpp/turtlebot3_msgs/msg/sensor_state__type_support.cpp.o[0m
[5.696s] [ 29%] [32mBuilding CXX object CMakeFiles/turtlebot3_msgs__rosidl_typesupport_cpp.dir/rosidl_typesupport_cpp/turtlebot3_msgs/action/patrol__type_support.cpp.o[0m
[6.220s] [ 30%] [32mBuilding CXX object CMakeFiles/turtlebot3_msgs__rosidl_typesupport_introspection_cpp.dir/rosidl_typesupport_introspection_cpp/turtlebot3_msgs/msg/detail/sensor_state__type_support.cpp.o[0m
[6.235s] [ 31%] [32mBuilding CXX object CMakeFiles/turtlebot3_msgs__rosidl_typesupport_introspection_cpp.dir/rosidl_typesupport_introspection_cpp/turtlebot3_msgs/msg/detail/sound__type_support.cpp.o[0m
[6.244s] [ 32%] [32mBuilding CXX object CMakeFiles/turtlebot3_msgs__rosidl_typesupport_introspection_cpp.dir/rosidl_typesupport_introspection_cpp/turtlebot3_msgs/msg/detail/version_info__type_support.cpp.o[0m
[6.260s] [ 34%] [32mBuilding CXX object CMakeFiles/turtlebot3_msgs__rosidl_typesupport_introspection_cpp.dir/rosidl_typesupport_introspection_cpp/turtlebot3_msgs/srv/detail/sound__type_support.cpp.o[0m
[6.267s] [ 35%] [32mBuilding CXX object CMakeFiles/turtlebot3_msgs__rosidl_typesupport_fastrtps_cpp.dir/rosidl_typesupport_fastrtps_cpp/turtlebot3_msgs/msg/detail/dds_fastrtps/sensor_state__type_support.cpp.o[0m
[6.289s] [ 36%] [32mBuilding CXX object CMakeFiles/turtlebot3_msgs__rosidl_typesupport_fastrtps_cpp.dir/rosidl_typesupport_fastrtps_cpp/turtlebot3_msgs/msg/detail/dds_fastrtps/sound__type_support.cpp.o[0m
[6.326s] [ 37%] [32mBuilding C object CMakeFiles/turtlebot3_msgs__rosidl_typesupport_introspection_c.dir/rosidl_typesupport_introspection_c/turtlebot3_msgs/msg/detail/sensor_state__type_support.c.o[0m
[6.345s] [ 39%] [32mBuilding CXX object CMakeFiles/turtlebot3_msgs__rosidl_typesupport_fastrtps_cpp.dir/rosidl_typesupport_fastrtps_cpp/turtlebot3_msgs/msg/detail/dds_fastrtps/version_info__type_support.cpp.o[0m
[6.388s] [ 40%] [32mBuilding C object CMakeFiles/turtlebot3_msgs__rosidl_typesupport_introspection_c.dir/rosidl_typesupport_introspection_c/turtlebot3_msgs/msg/detail/sound__type_support.c.o[0m
[6.457s] [ 41%] [32mBuilding C object CMakeFiles/turtlebot3_msgs__rosidl_typesupport_introspection_c.dir/rosidl_typesupport_introspection_c/turtlebot3_msgs/msg/detail/version_info__type_support.c.o[0m
[6.468s] [ 43%] [32mBuilding C object CMakeFiles/turtlebot3_msgs__rosidl_typesupport_introspection_c.dir/rosidl_typesupport_introspection_c/turtlebot3_msgs/srv/detail/sound__type_support.c.o[0m
[6.473s] [ 44%] [32mBuilding CXX object CMakeFiles/turtlebot3_msgs__rosidl_typesupport_c.dir/rosidl_typesupport_c/turtlebot3_msgs/msg/sensor_state__type_support.cpp.o[0m
[6.549s] [ 45%] [32mBuilding CXX object CMakeFiles/turtlebot3_msgs__rosidl_typesupport_c.dir/rosidl_typesupport_c/turtlebot3_msgs/msg/sound__type_support.cpp.o[0m
[6.551s] [ 46%] [32mBuilding C object CMakeFiles/turtlebot3_msgs__rosidl_typesupport_introspection_c.dir/rosidl_typesupport_introspection_c/turtlebot3_msgs/srv/detail/dqn__type_support.c.o[0m
[6.565s] [ 48%] [32mBuilding CXX object CMakeFiles/turtlebot3_msgs__rosidl_typesupport_introspection_cpp.dir/rosidl_typesupport_introspection_cpp/turtlebot3_msgs/srv/detail/dqn__type_support.cpp.o[0m
[6.645s] [ 49%] [32mBuilding C object CMakeFiles/turtlebot3_msgs__rosidl_typesupport_introspection_c.dir/rosidl_typesupport_introspection_c/turtlebot3_msgs/srv/detail/goal__type_support.c.o[0m
[6.655s] [ 50%] [32mBuilding CXX object CMakeFiles/turtlebot3_msgs__rosidl_typesupport_c.dir/rosidl_typesupport_c/turtlebot3_msgs/msg/version_info__type_support.cpp.o[0m
[6.726s] [ 51%] [32mBuilding C object CMakeFiles/turtlebot3_msgs__rosidl_typesupport_introspection_c.dir/rosidl_typesupport_introspection_c/turtlebot3_msgs/action/detail/patrol__type_support.c.o[0m
[6.727s] [ 53%] [32mBuilding CXX object CMakeFiles/turtlebot3_msgs__rosidl_typesupport_c.dir/rosidl_typesupport_c/turtlebot3_msgs/srv/sound__type_support.cpp.o[0m
[6.736s] [ 54%] [32m[1mLinking CXX shared library libturtlebot3_msgs__rosidl_typesupport_cpp.so[0m
[6.816s] [ 55%] [32mBuilding CXX object CMakeFiles/turtlebot3_msgs__rosidl_typesupport_c.dir/rosidl_typesupport_c/turtlebot3_msgs/srv/dqn__type_support.cpp.o[0m
[6.822s] [ 55%] Built target turtlebot3_msgs__rosidl_typesupport_cpp
[6.846s] [ 56%] [32m[1mLinking C shared library libturtlebot3_msgs__rosidl_typesupport_introspection_c.so[0m
[6.849s] [ 58%] [32mBuilding CXX object CMakeFiles/turtlebot3_msgs__rosidl_typesupport_fastrtps_cpp.dir/rosidl_typesupport_fastrtps_cpp/turtlebot3_msgs/srv/detail/dds_fastrtps/sound__type_support.cpp.o[0m
[6.900s] [ 59%] [32mBuilding CXX object CMakeFiles/turtlebot3_msgs__rosidl_typesupport_c.dir/rosidl_typesupport_c/turtlebot3_msgs/srv/goal__type_support.cpp.o[0m
[6.939s] [ 59%] Built target turtlebot3_msgs__rosidl_typesupport_introspection_c
[6.952s] [ 60%] [32mBuilding CXX object CMakeFiles/turtlebot3_msgs__rosidl_typesupport_c.dir/rosidl_typesupport_c/turtlebot3_msgs/action/patrol__type_support.cpp.o[0m
[6.960s] [ 62%] [32mBuilding CXX object CMakeFiles/turtlebot3_msgs__rosidl_typesupport_introspection_cpp.dir/rosidl_typesupport_introspection_cpp/turtlebot3_msgs/srv/detail/goal__type_support.cpp.o[0m
[7.002s] [ 63%] [32mBuilding CXX object CMakeFiles/turtlebot3_msgs__rosidl_typesupport_fastrtps_cpp.dir/rosidl_typesupport_fastrtps_cpp/turtlebot3_msgs/srv/detail/dds_fastrtps/dqn__type_support.cpp.o[0m
[7.053s] [ 64%] [32m[1mLinking CXX shared library libturtlebot3_msgs__rosidl_typesupport_c.so[0m
[7.053s] [ 65%] [32mBuilding CXX object CMakeFiles/turtlebot3_msgs__rosidl_typesupport_introspection_cpp.dir/rosidl_typesupport_introspection_cpp/turtlebot3_msgs/action/detail/patrol__type_support.cpp.o[0m
[7.062s] [ 67%] [32mBuilding CXX object CMakeFiles/turtlebot3_msgs__rosidl_typesupport_fastrtps_cpp.dir/rosidl_typesupport_fastrtps_cpp/turtlebot3_msgs/srv/detail/dds_fastrtps/goal__type_support.cpp.o[0m
[7.074s] [ 68%] [32mBuilding CXX object CMakeFiles/turtlebot3_msgs__rosidl_typesupport_fastrtps_cpp.dir/rosidl_typesupport_fastrtps_cpp/turtlebot3_msgs/action/detail/dds_fastrtps/patrol__type_support.cpp.o[0m
[7.086s] [ 69%] [32mBuilding CXX object CMakeFiles/turtlebot3_msgs__rosidl_typesupport_fastrtps_c.dir/rosidl_typesupport_fastrtps_c/turtlebot3_msgs/msg/detail/sensor_state__type_support_c.cpp.o[0m
[7.099s] [ 70%] [32mBuilding CXX object CMakeFiles/turtlebot3_msgs__rosidl_typesupport_fastrtps_c.dir/rosidl_typesupport_fastrtps_c/turtlebot3_msgs/msg/detail/sound__type_support_c.cpp.o[0m
[7.144s] [ 70%] Built target turtlebot3_msgs__rosidl_typesupport_c
[7.163s] [ 72%] [32mBuilding CXX object CMakeFiles/turtlebot3_msgs__rosidl_typesupport_fastrtps_c.dir/rosidl_typesupport_fastrtps_c/turtlebot3_msgs/srv/detail/sound__type_support_c.cpp.o[0m
[7.170s] [ 73%] [32mBuilding CXX object CMakeFiles/turtlebot3_msgs__rosidl_typesupport_fastrtps_c.dir/rosidl_typesupport_fastrtps_c/turtlebot3_msgs/msg/detail/version_info__type_support_c.cpp.o[0m
[7.176s] [ 74%] [32mBuilding CXX object CMakeFiles/turtlebot3_msgs__rosidl_typesupport_fastrtps_c.dir/rosidl_typesupport_fastrtps_c/turtlebot3_msgs/srv/detail/dqn__type_support_c.cpp.o[0m
[7.452s] [ 75%] [32mBuilding CXX object CMakeFiles/turtlebot3_msgs__rosidl_typesupport_fastrtps_c.dir/rosidl_typesupport_fastrtps_c/turtlebot3_msgs/srv/detail/goal__type_support_c.cpp.o[0m
[7.760s] [ 77%] [32mBuilding CXX object CMakeFiles/turtlebot3_msgs__rosidl_typesupport_fastrtps_c.dir/rosidl_typesupport_fastrtps_c/turtlebot3_msgs/action/detail/patrol__type_support_c.cpp.o[0m
[8.110s] [ 78%] [32m[1mLinking CXX shared library libturtlebot3_msgs__rosidl_typesupport_fastrtps_cpp.so[0m
[8.118s] [ 79%] [32m[1mLinking CXX shared library libturtlebot3_msgs__rosidl_typesupport_introspection_cpp.so[0m
[8.192s] [ 79%] Built target turtlebot3_msgs__rosidl_typesupport_fastrtps_cpp
[8.202s] [ 79%] Built target turtlebot3_msgs__rosidl_typesupport_introspection_cpp
[8.300s] [ 81%] [32m[1mLinking CXX shared library libturtlebot3_msgs__rosidl_typesupport_fastrtps_c.so[0m
[8.373s] [ 81%] Built target turtlebot3_msgs__rosidl_typesupport_fastrtps_c
[8.395s] [ 81%] Built target turtlebot3_msgs
[8.417s] [ 82%] [34m[1mGenerating Python code for ROS interfaces[0m
[10.624s] [ 82%] Built target turtlebot3_msgs__py
[10.646s] [ 86%] [32mBuilding C object CMakeFiles/turtlebot3_msgs__rosidl_generator_py.dir/rosidl_generator_py/turtlebot3_msgs/msg/_sound_s.c.o[0m
[10.646s] [ 86%] [32mBuilding C object CMakeFiles/turtlebot3_msgs__rosidl_generator_py.dir/rosidl_generator_py/turtlebot3_msgs/msg/_sensor_state_s.c.o[0m
[10.647s] [ 86%] [32mBuilding C object CMakeFiles/turtlebot3_msgs__rosidl_generator_py.dir/rosidl_generator_py/turtlebot3_msgs/srv/_dqn_s.c.o[0m
[10.647s] [ 87%] [32mBuilding C object CMakeFiles/turtlebot3_msgs__rosidl_generator_py.dir/rosidl_generator_py/turtlebot3_msgs/srv/_sound_s.c.o[0m
[10.649s] [ 88%] [32mBuilding C object CMakeFiles/turtlebot3_msgs__rosidl_generator_py.dir/rosidl_generator_py/turtlebot3_msgs/msg/_version_info_s.c.o[0m
[10.651s] [ 91%] [32mBuilding C object CMakeFiles/turtlebot3_msgs__rosidl_generator_py.dir/rosidl_generator_py/turtlebot3_msgs/action/_patrol_s.c.o[0m
[10.651s] [ 91%] [32mBuilding C object CMakeFiles/turtlebot3_msgs__rosidl_generator_py.dir/rosidl_generator_py/turtlebot3_msgs/srv/_goal_s.c.o[0m
[10.845s] [ 92%] [32m[1mLinking C shared library rosidl_generator_py/turtlebot3_msgs/libturtlebot3_msgs__rosidl_generator_py.so[0m
[10.890s] [ 92%] Built target turtlebot3_msgs__rosidl_generator_py
[10.913s] [ 96%] [32mBuilding C object CMakeFiles/turtlebot3_msgs__rosidl_typesupport_fastrtps_c__pyext.dir/rosidl_generator_py/turtlebot3_msgs/_turtlebot3_msgs_s.ep.rosidl_typesupport_fastrtps_c.c.o[0m
[10.913s] [ 96%] [32mBuilding C object CMakeFiles/turtlebot3_msgs__rosidl_typesupport_introspection_c__pyext.dir/rosidl_generator_py/turtlebot3_msgs/_turtlebot3_msgs_s.ep.rosidl_typesupport_introspection_c.c.o[0m
[10.913s] [ 96%] [32mBuilding C object CMakeFiles/turtlebot3_msgs__rosidl_typesupport_c__pyext.dir/rosidl_generator_py/turtlebot3_msgs/_turtlebot3_msgs_s.ep.rosidl_typesupport_c.c.o[0m
[11.082s] [ 98%] [32m[1mLinking C shared library rosidl_generator_py/turtlebot3_msgs/turtlebot3_msgs_s__rosidl_typesupport_introspection_c.cpython-310-x86_64-linux-gnu.so[0m
[11.082s] [ 98%] [32m[1mLinking C shared library rosidl_generator_py/turtlebot3_msgs/turtlebot3_msgs_s__rosidl_typesupport_fastrtps_c.cpython-310-x86_64-linux-gnu.so[0m
[11.083s] [100%] [32m[1mLinking C shared library rosidl_generator_py/turtlebot3_msgs/turtlebot3_msgs_s__rosidl_typesupport_c.cpython-310-x86_64-linux-gnu.so[0m
[11.131s] [100%] Built target turtlebot3_msgs__rosidl_typesupport_fastrtps_c__pyext
[11.131s] [100%] Built target turtlebot3_msgs__rosidl_typesupport_introspection_c__pyext
[11.131s] [100%] Built target turtlebot3_msgs__rosidl_typesupport_c__pyext
[11.143s] Invoked command in '/home/rosdev/ros2_ws_lab/lab3/build/turtlebot3_msgs' returned '0': CMAKE_PREFIX_PATH=${CMAKE_PREFIX_PATH}:/home/rosdev/turtlebot3_ws/install/turtlebot3_teleop:/home/rosdev/turtlebot3_ws/install/turtlebot3_example:/opt/ros/humble /usr/bin/cmake --build /home/rosdev/ros2_ws_lab/lab3/build/turtlebot3_msgs -- -j12 -l12
[11.145s] Invoking command in '/home/rosdev/ros2_ws_lab/lab3/build/turtlebot3_msgs': CMAKE_PREFIX_PATH=${CMAKE_PREFIX_PATH}:/home/rosdev/turtlebot3_ws/install/turtlebot3_teleop:/home/rosdev/turtlebot3_ws/install/turtlebot3_example:/opt/ros/humble /usr/bin/cmake --install /home/rosdev/ros2_ws_lab/lab3/build/turtlebot3_msgs
[11.154s] -- Install configuration: ""
[11.154s] -- Installing: /home/rosdev/ros2_ws_lab/lab3/install/turtlebot3_msgs/share/ament_index/resource_index/rosidl_interfaces/turtlebot3_msgs
[11.155s] -- Installing: /home/rosdev/ros2_ws_lab/lab3/install/turtlebot3_msgs/include/turtlebot3_msgs/turtlebot3_msgs
[11.155s] -- Installing: /home/rosdev/ros2_ws_lab/lab3/install/turtlebot3_msgs/include/turtlebot3_msgs/turtlebot3_msgs/msg
[11.155s] -- Installing: /home/rosdev/ros2_ws_lab/lab3/install/turtlebot3_msgs/include/turtlebot3_msgs/turtlebot3_msgs/msg/sound.h
[11.155s] -- Installing: /home/rosdev/ros2_ws_lab/lab3/install/turtlebot3_msgs/include/turtlebot3_msgs/turtlebot3_msgs/msg/rosidl_generator_c__visibility_control.h
[11.155s] -- Installing: /home/rosdev/ros2_ws_lab/lab3/install/turtlebot3_msgs/include/turtlebot3_msgs/turtlebot3_msgs/msg/sensor_state.h
[11.155s] -- Installing: /home/rosdev/ros2_ws_lab/lab3/install/turtlebot3_msgs/include/turtlebot3_msgs/turtlebot3_msgs/msg/version_info.h
[11.155s] -- Installing: /home/rosdev/ros2_ws_lab/lab3/install/turtlebot3_msgs/include/turtlebot3_msgs/turtlebot3_msgs/msg/detail
[11.156s] -- Installing: /home/rosdev/ros2_ws_lab/lab3/install/turtlebot3_msgs/include/turtlebot3_msgs/turtlebot3_msgs/msg/detail/sensor_state__functions.h
[11.156s] -- Installing: /home/rosdev/ros2_ws_lab/lab3/install/turtlebot3_msgs/include/turtlebot3_msgs/turtlebot3_msgs/msg/detail/sensor_state__struct.h
[11.156s] -- Installing: /home/rosdev/ros2_ws_lab/lab3/install/turtlebot3_msgs/include/turtlebot3_msgs/turtlebot3_msgs/msg/detail/sound__struct.h
[11.156s] -- Installing: /home/rosdev/ros2_ws_lab/lab3/install/turtlebot3_msgs/include/turtlebot3_msgs/turtlebot3_msgs/msg/detail/version_info__functions.h
[11.156s] -- Installing: /home/rosdev/ros2_ws_lab/lab3/install/turtlebot3_msgs/include/turtlebot3_msgs/turtlebot3_msgs/msg/detail/sensor_state__functions.c
[11.156s] -- Installing: /home/rosdev/ros2_ws_lab/lab3/install/turtlebot3_msgs/include/turtlebot3_msgs/turtlebot3_msgs/msg/detail/version_info__struct.h
[11.156s] -- Installing: /home/rosdev/ros2_ws_lab/lab3/install/turtlebot3_msgs/include/turtlebot3_msgs/turtlebot3_msgs/msg/detail/sound__functions.c
[11.157s] -- Installing: /home/rosdev/ros2_ws_lab/lab3/install/turtlebot3_msgs/include/turtlebot3_msgs/turtlebot3_msgs/msg/detail/sound__functions.h
[11.157s] -- Installing: /home/rosdev/ros2_ws_lab/lab3/install/turtlebot3_msgs/include/turtlebot3_msgs/turtlebot3_msgs/msg/detail/sensor_state__type_support.h
[11.157s] -- Installing: /home/rosdev/ros2_ws_lab/lab3/install/turtlebot3_msgs/include/turtlebot3_msgs/turtlebot3_msgs/msg/detail/sound__type_support.h
[11.157s] -- Installing: /home/rosdev/ros2_ws_lab/lab3/install/turtlebot3_msgs/include/turtlebot3_msgs/turtlebot3_msgs/msg/detail/version_info__type_support.h
[11.157s] -- Installing: /home/rosdev/ros2_ws_lab/lab3/install/turtlebot3_msgs/include/turtlebot3_msgs/turtlebot3_msgs/msg/detail/version_info__functions.c
[11.157s] -- Installing: /home/rosdev/ros2_ws_lab/lab3/install/turtlebot3_msgs/include/turtlebot3_msgs/turtlebot3_msgs/srv
[11.157s] -- Installing: /home/rosdev/ros2_ws_lab/lab3/install/turtlebot3_msgs/include/turtlebot3_msgs/turtlebot3_msgs/srv/dqn.h
[11.158s] -- Installing: /home/rosdev/ros2_ws_lab/lab3/install/turtlebot3_msgs/include/turtlebot3_msgs/turtlebot3_msgs/srv/sound.h
[11.158s] -- Installing: /home/rosdev/ros2_ws_lab/lab3/install/turtlebot3_msgs/include/turtlebot3_msgs/turtlebot3_msgs/srv/goal.h
[11.158s] -- Installing: /home/rosdev/ros2_ws_lab/lab3/install/turtlebot3_msgs/include/turtlebot3_msgs/turtlebot3_msgs/srv/detail
[11.158s] -- Installing: /home/rosdev/ros2_ws_lab/lab3/install/turtlebot3_msgs/include/turtlebot3_msgs/turtlebot3_msgs/srv/detail/goal__struct.h
[11.158s] -- Installing: /home/rosdev/ros2_ws_lab/lab3/install/turtlebot3_msgs/include/turtlebot3_msgs/turtlebot3_msgs/srv/detail/dqn__functions.h
[11.158s] -- Installing: /home/rosdev/ros2_ws_lab/lab3/install/turtlebot3_msgs/include/turtlebot3_msgs/turtlebot3_msgs/srv/detail/sound__struct.h
[11.158s] -- Installing: /home/rosdev/ros2_ws_lab/lab3/install/turtlebot3_msgs/include/turtlebot3_msgs/turtlebot3_msgs/srv/detail/dqn__struct.h
[11.158s] -- Installing: /home/rosdev/ros2_ws_lab/lab3/install/turtlebot3_msgs/include/turtlebot3_msgs/turtlebot3_msgs/srv/detail/goal__functions.c
[11.159s] -- Installing: /home/rosdev/ros2_ws_lab/lab3/install/turtlebot3_msgs/include/turtlebot3_msgs/turtlebot3_msgs/srv/detail/sound__functions.c
[11.159s] -- Installing: /home/rosdev/ros2_ws_lab/lab3/install/turtlebot3_msgs/include/turtlebot3_msgs/turtlebot3_msgs/srv/detail/sound__functions.h
[11.159s] -- Installing: /home/rosdev/ros2_ws_lab/lab3/install/turtlebot3_msgs/include/turtlebot3_msgs/turtlebot3_msgs/srv/detail/goal__functions.h
[11.159s] -- Installing: /home/rosdev/ros2_ws_lab/lab3/install/turtlebot3_msgs/include/turtlebot3_msgs/turtlebot3_msgs/srv/detail/dqn__functions.c
[11.159s] -- Installing: /home/rosdev/ros2_ws_lab/lab3/install/turtlebot3_msgs/include/turtlebot3_msgs/turtlebot3_msgs/srv/detail/sound__type_support.h
[11.159s] -- Installing: /home/rosdev/ros2_ws_lab/lab3/install/turtlebot3_msgs/include/turtlebot3_msgs/turtlebot3_msgs/srv/detail/goal__type_support.h
[11.159s] -- Installing: /home/rosdev/ros2_ws_lab/lab3/install/turtlebot3_msgs/include/turtlebot3_msgs/turtlebot3_msgs/srv/detail/dqn__type_support.h
[11.159s] -- Installing: /home/rosdev/ros2_ws_lab/lab3/install/turtlebot3_msgs/include/turtlebot3_msgs/turtlebot3_msgs/action
[11.160s] -- Installing: /home/rosdev/ros2_ws_lab/lab3/install/turtlebot3_msgs/include/turtlebot3_msgs/turtlebot3_msgs/action/patrol.h
[11.160s] -- Installing: /home/rosdev/ros2_ws_lab/lab3/install/turtlebot3_msgs/include/turtlebot3_msgs/turtlebot3_msgs/action/detail
[11.160s] -- Installing: /home/rosdev/ros2_ws_lab/lab3/install/turtlebot3_msgs/include/turtlebot3_msgs/turtlebot3_msgs/action/detail/patrol__struct.h
[11.160s] -- Installing: /home/rosdev/ros2_ws_lab/lab3/install/turtlebot3_msgs/include/turtlebot3_msgs/turtlebot3_msgs/action/detail/patrol__functions.h
[11.160s] -- Installing: /home/rosdev/ros2_ws_lab/lab3/install/turtlebot3_msgs/include/turtlebot3_msgs/turtlebot3_msgs/action/detail/patrol__functions.c
[11.160s] -- Installing: /home/rosdev/ros2_ws_lab/lab3/install/turtlebot3_msgs/include/turtlebot3_msgs/turtlebot3_msgs/action/detail/patrol__type_support.h
[11.160s] -- Installing: /home/rosdev/ros2_ws_lab/lab3/install/turtlebot3_msgs/share/turtlebot3_msgs/environment/library_path.sh
[11.160s] -- Installing: /home/rosdev/ros2_ws_lab/lab3/install/turtlebot3_msgs/share/turtlebot3_msgs/environment/library_path.dsv
[11.161s] -- Installing: /home/rosdev/ros2_ws_lab/lab3/install/turtlebot3_msgs/lib/libturtlebot3_msgs__rosidl_generator_c.so
[11.161s] -- Set runtime path of "/home/rosdev/ros2_ws_lab/lab3/install/turtlebot3_msgs/lib/libturtlebot3_msgs__rosidl_generator_c.so" to ""
[11.161s] -- Up-to-date: /home/rosdev/ros2_ws_lab/lab3/install/turtlebot3_msgs/include/turtlebot3_msgs/turtlebot3_msgs
[11.161s] -- Up-to-date: /home/rosdev/ros2_ws_lab/lab3/install/turtlebot3_msgs/include/turtlebot3_msgs/turtlebot3_msgs/msg
[11.161s] -- Up-to-date: /home/rosdev/ros2_ws_lab/lab3/install/turtlebot3_msgs/include/turtlebot3_msgs/turtlebot3_msgs/msg/detail
[11.161s] -- Installing: /home/rosdev/ros2_ws_lab/lab3/install/turtlebot3_msgs/include/turtlebot3_msgs/turtlebot3_msgs/msg/detail/sound__rosidl_typesupport_fastrtps_c.h
[11.161s] -- Installing: /home/rosdev/ros2_ws_lab/lab3/install/turtlebot3_msgs/include/turtlebot3_msgs/turtlebot3_msgs/msg/detail/sensor_state__rosidl_typesupport_fastrtps_c.h
[11.161s] -- Installing: /home/rosdev/ros2_ws_lab/lab3/install/turtlebot3_msgs/include/turtlebot3_msgs/turtlebot3_msgs/msg/detail/version_info__rosidl_typesupport_fastrtps_c.h
[11.162s] -- Installing: /home/rosdev/ros2_ws_lab/lab3/install/turtlebot3_msgs/include/turtlebot3_msgs/turtlebot3_msgs/msg/rosidl_typesupport_fastrtps_c__visibility_control.h
[11.162s] -- Up-to-date: /home/rosdev/ros2_ws_lab/lab3/install/turtlebot3_msgs/include/turtlebot3_msgs/turtlebot3_msgs/srv
[11.162s] -- Up-to-date: /home/rosdev/ros2_ws_lab/lab3/install/turtlebot3_msgs/include/turtlebot3_msgs/turtlebot3_msgs/srv/detail
[11.162s] -- Installing: /home/rosdev/ros2_ws_lab/lab3/install/turtlebot3_msgs/include/turtlebot3_msgs/turtlebot3_msgs/srv/detail/sound__rosidl_typesupport_fastrtps_c.h
[11.162s] -- Installing: /home/rosdev/ros2_ws_lab/lab3/install/turtlebot3_msgs/include/turtlebot3_msgs/turtlebot3_msgs/srv/detail/goal__rosidl_typesupport_fastrtps_c.h
[11.162s] -- Installing: /home/rosdev/ros2_ws_lab/lab3/install/turtlebot3_msgs/include/turtlebot3_msgs/turtlebot3_msgs/srv/detail/dqn__rosidl_typesupport_fastrtps_c.h
[11.162s] -- Up-to-date: /home/rosdev/ros2_ws_lab/lab3/install/turtlebot3_msgs/include/turtlebot3_msgs/turtlebot3_msgs/action
[11.162s] -- Up-to-date: /home/rosdev/ros2_ws_lab/lab3/install/turtlebot3_msgs/include/turtlebot3_msgs/turtlebot3_msgs/action/detail
[11.163s] -- Installing: /home/rosdev/ros2_ws_lab/lab3/install/turtlebot3_msgs/include/turtlebot3_msgs/turtlebot3_msgs/action/detail/patrol__rosidl_typesupport_fastrtps_c.h
[11.163s] -- Installing: /home/rosdev/ros2_ws_lab/lab3/install/turtlebot3_msgs/lib/libturtlebot3_msgs__rosidl_typesupport_fastrtps_c.so
[11.163s] -- Set runtime path of "/home/rosdev/ros2_ws_lab/lab3/install/turtlebot3_msgs/lib/libturtlebot3_msgs__rosidl_typesupport_fastrtps_c.so" to ""
[11.163s] -- Up-to-date: /home/rosdev/ros2_ws_lab/lab3/install/turtlebot3_msgs/include/turtlebot3_msgs/turtlebot3_msgs
[11.163s] -- Up-to-date: /home/rosdev/ros2_ws_lab/lab3/install/turtlebot3_msgs/include/turtlebot3_msgs/turtlebot3_msgs/msg
[11.163s] -- Installing: /home/rosdev/ros2_ws_lab/lab3/install/turtlebot3_msgs/include/turtlebot3_msgs/turtlebot3_msgs/msg/rosidl_generator_cpp__visibility_control.hpp
[11.163s] -- Installing: /home/rosdev/ros2_ws_lab/lab3/install/turtlebot3_msgs/include/turtlebot3_msgs/turtlebot3_msgs/msg/sound.hpp
[11.163s] -- Up-to-date: /home/rosdev/ros2_ws_lab/lab3/install/turtlebot3_msgs/include/turtlebot3_msgs/turtlebot3_msgs/msg/detail
[11.164s] -- Installing: /home/rosdev/ros2_ws_lab/lab3/install/turtlebot3_msgs/include/turtlebot3_msgs/turtlebot3_msgs/msg/detail/version_info__builder.hpp
[11.164s] -- Installing: /home/rosdev/ros2_ws_lab/lab3/install/turtlebot3_msgs/include/turtlebot3_msgs/turtlebot3_msgs/msg/detail/sensor_state__traits.hpp
[11.164s] -- Installing: /home/rosdev/ros2_ws_lab/lab3/install/turtlebot3_msgs/include/turtlebot3_msgs/turtlebot3_msgs/msg/detail/sound__struct.hpp
[11.164s] -- Installing: /home/rosdev/ros2_ws_lab/lab3/install/turtlebot3_msgs/include/turtlebot3_msgs/turtlebot3_msgs/msg/detail/sensor_state__builder.hpp
[11.164s] -- Installing: /home/rosdev/ros2_ws_lab/lab3/install/turtlebot3_msgs/include/turtlebot3_msgs/turtlebot3_msgs/msg/detail/sound__builder.hpp
[11.164s] -- Installing: /home/rosdev/ros2_ws_lab/lab3/install/turtlebot3_msgs/include/turtlebot3_msgs/turtlebot3_msgs/msg/detail/version_info__type_support.hpp
[11.164s] -- Installing: /home/rosdev/ros2_ws_lab/lab3/install/turtlebot3_msgs/include/turtlebot3_msgs/turtlebot3_msgs/msg/detail/sound__traits.hpp
[11.164s] -- Installing: /home/rosdev/ros2_ws_lab/lab3/install/turtlebot3_msgs/include/turtlebot3_msgs/turtlebot3_msgs/msg/detail/sensor_state__type_support.hpp
[11.165s] -- Installing: /home/rosdev/ros2_ws_lab/lab3/install/turtlebot3_msgs/include/turtlebot3_msgs/turtlebot3_msgs/msg/detail/sound__type_support.hpp
[11.165s] -- Installing: /home/rosdev/ros2_ws_lab/lab3/install/turtlebot3_msgs/include/turtlebot3_msgs/turtlebot3_msgs/msg/detail/version_info__traits.hpp
[11.165s] -- Installing: /home/rosdev/ros2_ws_lab/lab3/install/turtlebot3_msgs/include/turtlebot3_msgs/turtlebot3_msgs/msg/detail/version_info__struct.hpp
[11.165s] -- Installing: /home/rosdev/ros2_ws_lab/lab3/install/turtlebot3_msgs/include/turtlebot3_msgs/turtlebot3_msgs/msg/detail/sensor_state__struct.hpp
[11.165s] -- Installing: /home/rosdev/ros2_ws_lab/lab3/install/turtlebot3_msgs/include/turtlebot3_msgs/turtlebot3_msgs/msg/sensor_state.hpp
[11.165s] -- Installing: /home/rosdev/ros2_ws_lab/lab3/install/turtlebot3_msgs/include/turtlebot3_msgs/turtlebot3_msgs/msg/version_info.hpp
[11.165s] -- Up-to-date: /home/rosdev/ros2_ws_lab/lab3/install/turtlebot3_msgs/include/turtlebot3_msgs/turtlebot3_msgs/srv
[11.165s] -- Installing: /home/rosdev/ros2_ws_lab/lab3/install/turtlebot3_msgs/include/turtlebot3_msgs/turtlebot3_msgs/srv/goal.hpp
[11.166s] -- Installing: /home/rosdev/ros2_ws_lab/lab3/install/turtlebot3_msgs/include/turtlebot3_msgs/turtlebot3_msgs/srv/sound.hpp
[11.166s] -- Up-to-date: /home/rosdev/ros2_ws_lab/lab3/install/turtlebot3_msgs/include/turtlebot3_msgs/turtlebot3_msgs/srv/detail
[11.166s] -- Installing: /home/rosdev/ros2_ws_lab/lab3/install/turtlebot3_msgs/include/turtlebot3_msgs/turtlebot3_msgs/srv/detail/dqn__traits.hpp
[11.166s] -- Installing: /home/rosdev/ros2_ws_lab/lab3/install/turtlebot3_msgs/include/turtlebot3_msgs/turtlebot3_msgs/srv/detail/goal__type_support.hpp
[11.166s] -- Installing: /home/rosdev/ros2_ws_lab/lab3/install/turtlebot3_msgs/include/turtlebot3_msgs/turtlebot3_msgs/srv/detail/goal__traits.hpp
[11.166s] -- Installing: /home/rosdev/ros2_ws_lab/lab3/install/turtlebot3_msgs/include/turtlebot3_msgs/turtlebot3_msgs/srv/detail/dqn__struct.hpp
[11.166s] -- Installing: /home/rosdev/ros2_ws_lab/lab3/install/turtlebot3_msgs/include/turtlebot3_msgs/turtlebot3_msgs/srv/detail/sound__struct.hpp
[11.167s] -- Installing: /home/rosdev/ros2_ws_lab/lab3/install/turtlebot3_msgs/include/turtlebot3_msgs/turtlebot3_msgs/srv/detail/dqn__type_support.hpp
[11.167s] -- Installing: /home/rosdev/ros2_ws_lab/lab3/install/turtlebot3_msgs/include/turtlebot3_msgs/turtlebot3_msgs/srv/detail/sound__builder.hpp
[11.167s] -- Installing: /home/rosdev/ros2_ws_lab/lab3/install/turtlebot3_msgs/include/turtlebot3_msgs/turtlebot3_msgs/srv/detail/sound__traits.hpp
[11.167s] -- Installing: /home/rosdev/ros2_ws_lab/lab3/install/turtlebot3_msgs/include/turtlebot3_msgs/turtlebot3_msgs/srv/detail/dqn__builder.hpp
[11.167s] -- Installing: /home/rosdev/ros2_ws_lab/lab3/install/turtlebot3_msgs/include/turtlebot3_msgs/turtlebot3_msgs/srv/detail/goal__builder.hpp
[11.167s] -- Installing: /home/rosdev/ros2_ws_lab/lab3/install/turtlebot3_msgs/include/turtlebot3_msgs/turtlebot3_msgs/srv/detail/sound__type_support.hpp
[11.167s] -- Installing: /home/rosdev/ros2_ws_lab/lab3/install/turtlebot3_msgs/include/turtlebot3_msgs/turtlebot3_msgs/srv/detail/goal__struct.hpp
[11.167s] -- Installing: /home/rosdev/ros2_ws_lab/lab3/install/turtlebot3_msgs/include/turtlebot3_msgs/turtlebot3_msgs/srv/dqn.hpp
[11.168s] -- Up-to-date: /home/rosdev/ros2_ws_lab/lab3/install/turtlebot3_msgs/include/turtlebot3_msgs/turtlebot3_msgs/action
[11.168s] -- Installing: /home/rosdev/ros2_ws_lab/lab3/install/turtlebot3_msgs/include/turtlebot3_msgs/turtlebot3_msgs/action/patrol.hpp
[11.168s] -- Up-to-date: /home/rosdev/ros2_ws_lab/lab3/install/turtlebot3_msgs/include/turtlebot3_msgs/turtlebot3_msgs/action/detail
[11.168s] -- Installing: /home/rosdev/ros2_ws_lab/lab3/install/turtlebot3_msgs/include/turtlebot3_msgs/turtlebot3_msgs/action/detail/patrol__type_support.hpp
[11.168s] -- Installing: /home/rosdev/ros2_ws_lab/lab3/install/turtlebot3_msgs/include/turtlebot3_msgs/turtlebot3_msgs/action/detail/patrol__builder.hpp
[11.168s] -- Installing: /home/rosdev/ros2_ws_lab/lab3/install/turtlebot3_msgs/include/turtlebot3_msgs/turtlebot3_msgs/action/detail/patrol__traits.hpp
[11.168s] -- Installing: /home/rosdev/ros2_ws_lab/lab3/install/turtlebot3_msgs/include/turtlebot3_msgs/turtlebot3_msgs/action/detail/patrol__struct.hpp
[11.168s] -- Up-to-date: /home/rosdev/ros2_ws_lab/lab3/install/turtlebot3_msgs/include/turtlebot3_msgs/turtlebot3_msgs
[11.169s] -- Up-to-date: /home/rosdev/ros2_ws_lab/lab3/install/turtlebot3_msgs/include/turtlebot3_msgs/turtlebot3_msgs/msg
[11.169s] -- Installing: /home/rosdev/ros2_ws_lab/lab3/install/turtlebot3_msgs/include/turtlebot3_msgs/turtlebot3_msgs/msg/rosidl_typesupport_fastrtps_cpp__visibility_control.h
[11.169s] -- Up-to-date: /home/rosdev/ros2_ws_lab/lab3/install/turtlebot3_msgs/include/turtlebot3_msgs/turtlebot3_msgs/msg/detail
[11.169s] -- Installing: /home/rosdev/ros2_ws_lab/lab3/install/turtlebot3_msgs/include/turtlebot3_msgs/turtlebot3_msgs/msg/detail/version_info__rosidl_typesupport_fastrtps_cpp.hpp
[11.169s] -- Installing: /home/rosdev/ros2_ws_lab/lab3/install/turtlebot3_msgs/include/turtlebot3_msgs/turtlebot3_msgs/msg/detail/dds_fastrtps
[11.169s] -- Installing: /home/rosdev/ros2_ws_lab/lab3/install/turtlebot3_msgs/include/turtlebot3_msgs/turtlebot3_msgs/msg/detail/sound__rosidl_typesupport_fastrtps_cpp.hpp
[11.169s] -- Installing: /home/rosdev/ros2_ws_lab/lab3/install/turtlebot3_msgs/include/turtlebot3_msgs/turtlebot3_msgs/msg/detail/sensor_state__rosidl_typesupport_fastrtps_cpp.hpp
[11.169s] -- Up-to-date: /home/rosdev/ros2_ws_lab/lab3/install/turtlebot3_msgs/include/turtlebot3_msgs/turtlebot3_msgs/srv
[11.170s] -- Up-to-date: /home/rosdev/ros2_ws_lab/lab3/install/turtlebot3_msgs/include/turtlebot3_msgs/turtlebot3_msgs/srv/detail
[11.170s] -- Installing: /home/rosdev/ros2_ws_lab/lab3/install/turtlebot3_msgs/include/turtlebot3_msgs/turtlebot3_msgs/srv/detail/dds_fastrtps
[11.170s] -- Installing: /home/rosdev/ros2_ws_lab/lab3/install/turtlebot3_msgs/include/turtlebot3_msgs/turtlebot3_msgs/srv/detail/sound__rosidl_typesupport_fastrtps_cpp.hpp
[11.170s] -- Installing: /home/rosdev/ros2_ws_lab/lab3/install/turtlebot3_msgs/include/turtlebot3_msgs/turtlebot3_msgs/srv/detail/dqn__rosidl_typesupport_fastrtps_cpp.hpp
[11.170s] -- Installing: /home/rosdev/ros2_ws_lab/lab3/install/turtlebot3_msgs/include/turtlebot3_msgs/turtlebot3_msgs/srv/detail/goal__rosidl_typesupport_fastrtps_cpp.hpp
[11.170s] -- Up-to-date: /home/rosdev/ros2_ws_lab/lab3/install/turtlebot3_msgs/include/turtlebot3_msgs/turtlebot3_msgs/action
[11.170s] -- Up-to-date: /home/rosdev/ros2_ws_lab/lab3/install/turtlebot3_msgs/include/turtlebot3_msgs/turtlebot3_msgs/action/detail
[11.170s] -- Installing: /home/rosdev/ros2_ws_lab/lab3/install/turtlebot3_msgs/include/turtlebot3_msgs/turtlebot3_msgs/action/detail/dds_fastrtps
[11.170s] -- Installing: /home/rosdev/ros2_ws_lab/lab3/install/turtlebot3_msgs/include/turtlebot3_msgs/turtlebot3_msgs/action/detail/patrol__rosidl_typesupport_fastrtps_cpp.hpp
[11.171s] -- Installing: /home/rosdev/ros2_ws_lab/lab3/install/turtlebot3_msgs/lib/libturtlebot3_msgs__rosidl_typesupport_fastrtps_cpp.so
[11.171s] -- Set runtime path of "/home/rosdev/ros2_ws_lab/lab3/install/turtlebot3_msgs/lib/libturtlebot3_msgs__rosidl_typesupport_fastrtps_cpp.so" to ""
[11.171s] -- Up-to-date: /home/rosdev/ros2_ws_lab/lab3/install/turtlebot3_msgs/include/turtlebot3_msgs/turtlebot3_msgs
[11.171s] -- Up-to-date: /home/rosdev/ros2_ws_lab/lab3/install/turtlebot3_msgs/include/turtlebot3_msgs/turtlebot3_msgs/msg
[11.171s] -- Up-to-date: /home/rosdev/ros2_ws_lab/lab3/install/turtlebot3_msgs/include/turtlebot3_msgs/turtlebot3_msgs/msg/detail
[11.171s] -- Installing: /home/rosdev/ros2_ws_lab/lab3/install/turtlebot3_msgs/include/turtlebot3_msgs/turtlebot3_msgs/msg/detail/sensor_state__rosidl_typesupport_introspection_c.h
[11.171s] -- Installing: /home/rosdev/ros2_ws_lab/lab3/install/turtlebot3_msgs/include/turtlebot3_msgs/turtlebot3_msgs/msg/detail/sensor_state__type_support.c
[11.171s] -- Installing: /home/rosdev/ros2_ws_lab/lab3/install/turtlebot3_msgs/include/turtlebot3_msgs/turtlebot3_msgs/msg/detail/sound__rosidl_typesupport_introspection_c.h
[11.172s] -- Installing: /home/rosdev/ros2_ws_lab/lab3/install/turtlebot3_msgs/include/turtlebot3_msgs/turtlebot3_msgs/msg/detail/version_info__rosidl_typesupport_introspection_c.h
[11.172s] -- Installing: /home/rosdev/ros2_ws_lab/lab3/install/turtlebot3_msgs/include/turtlebot3_msgs/turtlebot3_msgs/msg/detail/version_info__type_support.c
[11.172s] -- Installing: /home/rosdev/ros2_ws_lab/lab3/install/turtlebot3_msgs/include/turtlebot3_msgs/turtlebot3_msgs/msg/detail/sound__type_support.c
[11.172s] -- Installing: /home/rosdev/ros2_ws_lab/lab3/install/turtlebot3_msgs/include/turtlebot3_msgs/turtlebot3_msgs/msg/rosidl_typesupport_introspection_c__visibility_control.h
[11.172s] -- Up-to-date: /home/rosdev/ros2_ws_lab/lab3/install/turtlebot3_msgs/include/turtlebot3_msgs/turtlebot3_msgs/srv
[11.172s] -- Up-to-date: /home/rosdev/ros2_ws_lab/lab3/install/turtlebot3_msgs/include/turtlebot3_msgs/turtlebot3_msgs/srv/detail
[11.172s] -- Installing: /home/rosdev/ros2_ws_lab/lab3/install/turtlebot3_msgs/include/turtlebot3_msgs/turtlebot3_msgs/srv/detail/goal__rosidl_typesupport_introspection_c.h
[11.172s] -- Installing: /home/rosdev/ros2_ws_lab/lab3/install/turtlebot3_msgs/include/turtlebot3_msgs/turtlebot3_msgs/srv/detail/dqn__rosidl_typesupport_introspection_c.h
[11.173s] -- Installing: /home/rosdev/ros2_ws_lab/lab3/install/turtlebot3_msgs/include/turtlebot3_msgs/turtlebot3_msgs/srv/detail/dqn__type_support.c
[11.173s] -- Installing: /home/rosdev/ros2_ws_lab/lab3/install/turtlebot3_msgs/include/turtlebot3_msgs/turtlebot3_msgs/srv/detail/goal__type_support.c
[11.173s] -- Installing: /home/rosdev/ros2_ws_lab/lab3/install/turtlebot3_msgs/include/turtlebot3_msgs/turtlebot3_msgs/srv/detail/sound__rosidl_typesupport_introspection_c.h
[11.173s] -- Installing: /home/rosdev/ros2_ws_lab/lab3/install/turtlebot3_msgs/include/turtlebot3_msgs/turtlebot3_msgs/srv/detail/sound__type_support.c
[11.173s] -- Up-to-date: /home/rosdev/ros2_ws_lab/lab3/install/turtlebot3_msgs/include/turtlebot3_msgs/turtlebot3_msgs/action
[11.173s] -- Up-to-date: /home/rosdev/ros2_ws_lab/lab3/install/turtlebot3_msgs/include/turtlebot3_msgs/turtlebot3_msgs/action/detail
[11.173s] -- Installing: /home/rosdev/ros2_ws_lab/lab3/install/turtlebot3_msgs/include/turtlebot3_msgs/turtlebot3_msgs/action/detail/patrol__type_support.c
[11.173s] -- Installing: /home/rosdev/ros2_ws_lab/lab3/install/turtlebot3_msgs/include/turtlebot3_msgs/turtlebot3_msgs/action/detail/patrol__rosidl_typesupport_introspection_c.h
[11.174s] -- Installing: /home/rosdev/ros2_ws_lab/lab3/install/turtlebot3_msgs/lib/libturtlebot3_msgs__rosidl_typesupport_introspection_c.so
[11.174s] -- Set runtime path of "/home/rosdev/ros2_ws_lab/lab3/install/turtlebot3_msgs/lib/libturtlebot3_msgs__rosidl_typesupport_introspection_c.so" to ""
[11.174s] -- Installing: /home/rosdev/ros2_ws_lab/lab3/install/turtlebot3_msgs/lib/libturtlebot3_msgs__rosidl_typesupport_c.so
[11.174s] -- Set runtime path of "/home/rosdev/ros2_ws_lab/lab3/install/turtlebot3_msgs/lib/libturtlebot3_msgs__rosidl_typesupport_c.so" to ""
[11.174s] -- Up-to-date: /home/rosdev/ros2_ws_lab/lab3/install/turtlebot3_msgs/include/turtlebot3_msgs/turtlebot3_msgs
[11.174s] -- Up-to-date: /home/rosdev/ros2_ws_lab/lab3/install/turtlebot3_msgs/include/turtlebot3_msgs/turtlebot3_msgs/msg
[11.174s] -- Up-to-date: /home/rosdev/ros2_ws_lab/lab3/install/turtlebot3_msgs/include/turtlebot3_msgs/turtlebot3_msgs/msg/detail
[11.174s] -- Installing: /home/rosdev/ros2_ws_lab/lab3/install/turtlebot3_msgs/include/turtlebot3_msgs/turtlebot3_msgs/msg/detail/sensor_state__type_support.cpp
[11.174s] -- Installing: /home/rosdev/ros2_ws_lab/lab3/install/turtlebot3_msgs/include/turtlebot3_msgs/turtlebot3_msgs/msg/detail/version_info__rosidl_typesupport_introspection_cpp.hpp
[11.175s] -- Installing: /home/rosdev/ros2_ws_lab/lab3/install/turtlebot3_msgs/include/turtlebot3_msgs/turtlebot3_msgs/msg/detail/version_info__type_support.cpp
[11.175s] -- Installing: /home/rosdev/ros2_ws_lab/lab3/install/turtlebot3_msgs/include/turtlebot3_msgs/turtlebot3_msgs/msg/detail/sound__type_support.cpp
[11.175s] -- Installing: /home/rosdev/ros2_ws_lab/lab3/install/turtlebot3_msgs/include/turtlebot3_msgs/turtlebot3_msgs/msg/detail/sound__rosidl_typesupport_introspection_cpp.hpp
[11.175s] -- Installing: /home/rosdev/ros2_ws_lab/lab3/install/turtlebot3_msgs/include/turtlebot3_msgs/turtlebot3_msgs/msg/detail/sensor_state__rosidl_typesupport_introspection_cpp.hpp
[11.175s] -- Up-to-date: /home/rosdev/ros2_ws_lab/lab3/install/turtlebot3_msgs/include/turtlebot3_msgs/turtlebot3_msgs/srv
[11.175s] -- Up-to-date: /home/rosdev/ros2_ws_lab/lab3/install/turtlebot3_msgs/include/turtlebot3_msgs/turtlebot3_msgs/srv/detail
[11.175s] -- Installing: /home/rosdev/ros2_ws_lab/lab3/install/turtlebot3_msgs/include/turtlebot3_msgs/turtlebot3_msgs/srv/detail/dqn__rosidl_typesupport_introspection_cpp.hpp
[11.175s] -- Installing: /home/rosdev/ros2_ws_lab/lab3/install/turtlebot3_msgs/include/turtlebot3_msgs/turtlebot3_msgs/srv/detail/goal__type_support.cpp
[11.175s] -- Installing: /home/rosdev/ros2_ws_lab/lab3/install/turtlebot3_msgs/include/turtlebot3_msgs/turtlebot3_msgs/srv/detail/dqn__type_support.cpp
[11.176s] -- Installing: /home/rosdev/ros2_ws_lab/lab3/install/turtlebot3_msgs/include/turtlebot3_msgs/turtlebot3_msgs/srv/detail/sound__type_support.cpp
[11.176s] -- Installing: /home/rosdev/ros2_ws_lab/lab3/install/turtlebot3_msgs/include/turtlebot3_msgs/turtlebot3_msgs/srv/detail/sound__rosidl_typesupport_introspection_cpp.hpp
[11.176s] -- Installing: /home/rosdev/ros2_ws_lab/lab3/install/turtlebot3_msgs/include/turtlebot3_msgs/turtlebot3_msgs/srv/detail/goal__rosidl_typesupport_introspection_cpp.hpp
[11.176s] -- Up-to-date: /home/rosdev/ros2_ws_lab/lab3/install/turtlebot3_msgs/include/turtlebot3_msgs/turtlebot3_msgs/action
[11.176s] -- Up-to-date: /home/rosdev/ros2_ws_lab/lab3/install/turtlebot3_msgs/include/turtlebot3_msgs/turtlebot3_msgs/action/detail
[11.176s] -- Installing: /home/rosdev/ros2_ws_lab/lab3/install/turtlebot3_msgs/include/turtlebot3_msgs/turtlebot3_msgs/action/detail/patrol__rosidl_typesupport_introspection_cpp.hpp
[11.176s] -- Installing: /home/rosdev/ros2_ws_lab/lab3/install/turtlebot3_msgs/include/turtlebot3_msgs/turtlebot3_msgs/action/detail/patrol__type_support.cpp
[11.177s] -- Installing: /home/rosdev/ros2_ws_lab/lab3/install/turtlebot3_msgs/lib/libturtlebot3_msgs__rosidl_typesupport_introspection_cpp.so
[11.177s] -- Set runtime path of "/home/rosdev/ros2_ws_lab/lab3/install/turtlebot3_msgs/lib/libturtlebot3_msgs__rosidl_typesupport_introspection_cpp.so" to ""
[11.177s] -- Installing: /home/rosdev/ros2_ws_lab/lab3/install/turtlebot3_msgs/lib/libturtlebot3_msgs__rosidl_typesupport_cpp.so
[11.177s] -- Set runtime path of "/home/rosdev/ros2_ws_lab/lab3/install/turtlebot3_msgs/lib/libturtlebot3_msgs__rosidl_typesupport_cpp.so" to ""
[11.177s] -- Installing: /home/rosdev/ros2_ws_lab/lab3/install/turtlebot3_msgs/share/turtlebot3_msgs/environment/pythonpath.sh
[11.177s] -- Installing: /home/rosdev/ros2_ws_lab/lab3/install/turtlebot3_msgs/share/turtlebot3_msgs/environment/pythonpath.dsv
[11.177s] -- Installing: /home/rosdev/ros2_ws_lab/lab3/install/turtlebot3_msgs/local/lib/python3.10/dist-packages/turtlebot3_msgs-2.4.0-py3.10.egg-info
[11.177s] -- Installing: /home/rosdev/ros2_ws_lab/lab3/install/turtlebot3_msgs/local/lib/python3.10/dist-packages/turtlebot3_msgs-2.4.0-py3.10.egg-info/PKG-INFO
[11.178s] -- Installing: /home/rosdev/ros2_ws_lab/lab3/install/turtlebot3_msgs/local/lib/python3.10/dist-packages/turtlebot3_msgs-2.4.0-py3.10.egg-info/SOURCES.txt
[11.178s] -- Installing: /home/rosdev/ros2_ws_lab/lab3/install/turtlebot3_msgs/local/lib/python3.10/dist-packages/turtlebot3_msgs-2.4.0-py3.10.egg-info/dependency_links.txt
[11.178s] -- Installing: /home/rosdev/ros2_ws_lab/lab3/install/turtlebot3_msgs/local/lib/python3.10/dist-packages/turtlebot3_msgs-2.4.0-py3.10.egg-info/top_level.txt
[11.178s] -- Installing: /home/rosdev/ros2_ws_lab/lab3/install/turtlebot3_msgs/local/lib/python3.10/dist-packages/turtlebot3_msgs
[11.178s] -- Installing: /home/rosdev/ros2_ws_lab/lab3/install/turtlebot3_msgs/local/lib/python3.10/dist-packages/turtlebot3_msgs/turtlebot3_msgs_s__rosidl_typesupport_fastrtps_c.cpython-310-x86_64-linux-gnu.so
[11.178s] -- Installing: /home/rosdev/ros2_ws_lab/lab3/install/turtlebot3_msgs/local/lib/python3.10/dist-packages/turtlebot3_msgs/msg
[11.178s] -- Installing: /home/rosdev/ros2_ws_lab/lab3/install/turtlebot3_msgs/local/lib/python3.10/dist-packages/turtlebot3_msgs/msg/_sound_s.c
[11.178s] -- Installing: /home/rosdev/ros2_ws_lab/lab3/install/turtlebot3_msgs/local/lib/python3.10/dist-packages/turtlebot3_msgs/msg/_sensor_state_s.c
[11.178s] -- Installing: /home/rosdev/ros2_ws_lab/lab3/install/turtlebot3_msgs/local/lib/python3.10/dist-packages/turtlebot3_msgs/msg/__init__.py
[11.179s] -- Installing: /home/rosdev/ros2_ws_lab/lab3/install/turtlebot3_msgs/local/lib/python3.10/dist-packages/turtlebot3_msgs/msg/_version_info_s.c
[11.179s] -- Installing: /home/rosdev/ros2_ws_lab/lab3/install/turtlebot3_msgs/local/lib/python3.10/dist-packages/turtlebot3_msgs/msg/_version_info.py
[11.179s] -- Installing: /home/rosdev/ros2_ws_lab/lab3/install/turtlebot3_msgs/local/lib/python3.10/dist-packages/turtlebot3_msgs/msg/_sound.py
[11.179s] -- Installing: /home/rosdev/ros2_ws_lab/lab3/install/turtlebot3_msgs/local/lib/python3.10/dist-packages/turtlebot3_msgs/msg/_sensor_state.py
[11.179s] -- Installing: /home/rosdev/ros2_ws_lab/lab3/install/turtlebot3_msgs/local/lib/python3.10/dist-packages/turtlebot3_msgs/srv
[11.179s] -- Installing: /home/rosdev/ros2_ws_lab/lab3/install/turtlebot3_msgs/local/lib/python3.10/dist-packages/turtlebot3_msgs/srv/_sound_s.c
[11.179s] -- Installing: /home/rosdev/ros2_ws_lab/lab3/install/turtlebot3_msgs/local/lib/python3.10/dist-packages/turtlebot3_msgs/srv/_goal.py
[11.179s] -- Installing: /home/rosdev/ros2_ws_lab/lab3/install/turtlebot3_msgs/local/lib/python3.10/dist-packages/turtlebot3_msgs/srv/_dqn_s.c
[11.180s] -- Installing: /home/rosdev/ros2_ws_lab/lab3/install/turtlebot3_msgs/local/lib/python3.10/dist-packages/turtlebot3_msgs/srv/__init__.py
[11.180s] -- Installing: /home/rosdev/ros2_ws_lab/lab3/install/turtlebot3_msgs/local/lib/python3.10/dist-packages/turtlebot3_msgs/srv/_dqn.py
[11.180s] -- Installing: /home/rosdev/ros2_ws_lab/lab3/install/turtlebot3_msgs/local/lib/python3.10/dist-packages/turtlebot3_msgs/srv/_sound.py
[11.180s] -- Installing: /home/rosdev/ros2_ws_lab/lab3/install/turtlebot3_msgs/local/lib/python3.10/dist-packages/turtlebot3_msgs/srv/_goal_s.c
[11.180s] -- Installing: /home/rosdev/ros2_ws_lab/lab3/install/turtlebot3_msgs/local/lib/python3.10/dist-packages/turtlebot3_msgs/_turtlebot3_msgs_s.ep.rosidl_typesupport_c.c
[11.180s] -- Installing: /home/rosdev/ros2_ws_lab/lab3/install/turtlebot3_msgs/local/lib/python3.10/dist-packages/turtlebot3_msgs/_turtlebot3_msgs_s.ep.rosidl_typesupport_introspection_c.c
[11.180s] -- Installing: /home/rosdev/ros2_ws_lab/lab3/install/turtlebot3_msgs/local/lib/python3.10/dist-packages/turtlebot3_msgs/__init__.py
[11.180s] -- Installing: /home/rosdev/ros2_ws_lab/lab3/install/turtlebot3_msgs/local/lib/python3.10/dist-packages/turtlebot3_msgs/libturtlebot3_msgs__rosidl_generator_py.so
[11.180s] -- Installing: /home/rosdev/ros2_ws_lab/lab3/install/turtlebot3_msgs/local/lib/python3.10/dist-packages/turtlebot3_msgs/turtlebot3_msgs_s__rosidl_typesupport_c.cpython-310-x86_64-linux-gnu.so
[11.180s] -- Installing: /home/rosdev/ros2_ws_lab/lab3/install/turtlebot3_msgs/local/lib/python3.10/dist-packages/turtlebot3_msgs/action
[11.180s] -- Installing: /home/rosdev/ros2_ws_lab/lab3/install/turtlebot3_msgs/local/lib/python3.10/dist-packages/turtlebot3_msgs/action/__init__.py
[11.180s] -- Installing: /home/rosdev/ros2_ws_lab/lab3/install/turtlebot3_msgs/local/lib/python3.10/dist-packages/turtlebot3_msgs/action/_patrol_s.c
[11.181s] -- Installing: /home/rosdev/ros2_ws_lab/lab3/install/turtlebot3_msgs/local/lib/python3.10/dist-packages/turtlebot3_msgs/action/_patrol.py
[11.181s] -- Installing: /home/rosdev/ros2_ws_lab/lab3/install/turtlebot3_msgs/local/lib/python3.10/dist-packages/turtlebot3_msgs/turtlebot3_msgs_s__rosidl_typesupport_introspection_c.cpython-310-x86_64-linux-gnu.so
[11.181s] -- Installing: /home/rosdev/ros2_ws_lab/lab3/install/turtlebot3_msgs/local/lib/python3.10/dist-packages/turtlebot3_msgs/_turtlebot3_msgs_s.ep.rosidl_typesupport_fastrtps_c.c
[11.235s] Listing '/home/rosdev/ros2_ws_lab/lab3/install/turtlebot3_msgs/local/lib/python3.10/dist-packages/turtlebot3_msgs'...
[11.236s] Compiling '/home/rosdev/ros2_ws_lab/lab3/install/turtlebot3_msgs/local/lib/python3.10/dist-packages/turtlebot3_msgs/__init__.py'...
[11.236s] Listing '/home/rosdev/ros2_ws_lab/lab3/install/turtlebot3_msgs/local/lib/python3.10/dist-packages/turtlebot3_msgs/action'...
[11.236s] Compiling '/home/rosdev/ros2_ws_lab/lab3/install/turtlebot3_msgs/local/lib/python3.10/dist-packages/turtlebot3_msgs/action/__init__.py'...
[11.236s] Compiling '/home/rosdev/ros2_ws_lab/lab3/install/turtlebot3_msgs/local/lib/python3.10/dist-packages/turtlebot3_msgs/action/_patrol.py'...
[11.236s] Listing '/home/rosdev/ros2_ws_lab/lab3/install/turtlebot3_msgs/local/lib/python3.10/dist-packages/turtlebot3_msgs/msg'...
[11.236s] Compiling '/home/rosdev/ros2_ws_lab/lab3/install/turtlebot3_msgs/local/lib/python3.10/dist-packages/turtlebot3_msgs/msg/__init__.py'...
[11.236s] Compiling '/home/rosdev/ros2_ws_lab/lab3/install/turtlebot3_msgs/local/lib/python3.10/dist-packages/turtlebot3_msgs/msg/_sensor_state.py'...
[11.236s] Compiling '/home/rosdev/ros2_ws_lab/lab3/install/turtlebot3_msgs/local/lib/python3.10/dist-packages/turtlebot3_msgs/msg/_sound.py'...
[11.236s] Compiling '/home/rosdev/ros2_ws_lab/lab3/install/turtlebot3_msgs/local/lib/python3.10/dist-packages/turtlebot3_msgs/msg/_version_info.py'...
[11.236s] Listing '/home/rosdev/ros2_ws_lab/lab3/install/turtlebot3_msgs/local/lib/python3.10/dist-packages/turtlebot3_msgs/srv'...
[11.236s] Compiling '/home/rosdev/ros2_ws_lab/lab3/install/turtlebot3_msgs/local/lib/python3.10/dist-packages/turtlebot3_msgs/srv/__init__.py'...
[11.236s] Compiling '/home/rosdev/ros2_ws_lab/lab3/install/turtlebot3_msgs/local/lib/python3.10/dist-packages/turtlebot3_msgs/srv/_dqn.py'...
[11.237s] Compiling '/home/rosdev/ros2_ws_lab/lab3/install/turtlebot3_msgs/local/lib/python3.10/dist-packages/turtlebot3_msgs/srv/_goal.py'...
[11.237s] Compiling '/home/rosdev/ros2_ws_lab/lab3/install/turtlebot3_msgs/local/lib/python3.10/dist-packages/turtlebot3_msgs/srv/_sound.py'...
[11.240s] -- Installing: /home/rosdev/ros2_ws_lab/lab3/install/turtlebot3_msgs/local/lib/python3.10/dist-packages/turtlebot3_msgs/turtlebot3_msgs_s__rosidl_typesupport_fastrtps_c.cpython-310-x86_64-linux-gnu.so
[11.241s] -- Set runtime path of "/home/rosdev/ros2_ws_lab/lab3/install/turtlebot3_msgs/local/lib/python3.10/dist-packages/turtlebot3_msgs/turtlebot3_msgs_s__rosidl_typesupport_fastrtps_c.cpython-310-x86_64-linux-gnu.so" to ""
[11.241s] -- Installing: /home/rosdev/ros2_ws_lab/lab3/install/turtlebot3_msgs/local/lib/python3.10/dist-packages/turtlebot3_msgs/turtlebot3_msgs_s__rosidl_typesupport_introspection_c.cpython-310-x86_64-linux-gnu.so
[11.241s] -- Set runtime path of "/home/rosdev/ros2_ws_lab/lab3/install/turtlebot3_msgs/local/lib/python3.10/dist-packages/turtlebot3_msgs/turtlebot3_msgs_s__rosidl_typesupport_introspection_c.cpython-310-x86_64-linux-gnu.so" to ""
[11.241s] -- Installing: /home/rosdev/ros2_ws_lab/lab3/install/turtlebot3_msgs/local/lib/python3.10/dist-packages/turtlebot3_msgs/turtlebot3_msgs_s__rosidl_typesupport_c.cpython-310-x86_64-linux-gnu.so
[11.242s] -- Set runtime path of "/home/rosdev/ros2_ws_lab/lab3/install/turtlebot3_msgs/local/lib/python3.10/dist-packages/turtlebot3_msgs/turtlebot3_msgs_s__rosidl_typesupport_c.cpython-310-x86_64-linux-gnu.so" to ""
[11.242s] -- Installing: /home/rosdev/ros2_ws_lab/lab3/install/turtlebot3_msgs/lib/libturtlebot3_msgs__rosidl_generator_py.so
[11.242s] -- Set runtime path of "/home/rosdev/ros2_ws_lab/lab3/install/turtlebot3_msgs/lib/libturtlebot3_msgs__rosidl_generator_py.so" to ""
[11.243s] -- Installing: /home/rosdev/ros2_ws_lab/lab3/install/turtlebot3_msgs/share/turtlebot3_msgs/msg/SensorState.idl
[11.243s] -- Installing: /home/rosdev/ros2_ws_lab/lab3/install/turtlebot3_msgs/share/turtlebot3_msgs/msg/Sound.idl
[11.243s] -- Installing: /home/rosdev/ros2_ws_lab/lab3/install/turtlebot3_msgs/share/turtlebot3_msgs/msg/VersionInfo.idl
[11.243s] -- Installing: /home/rosdev/ros2_ws_lab/lab3/install/turtlebot3_msgs/share/turtlebot3_msgs/srv/Sound.idl
[11.243s] -- Installing: /home/rosdev/ros2_ws_lab/lab3/install/turtlebot3_msgs/share/turtlebot3_msgs/srv/Dqn.idl
[11.243s] -- Installing: /home/rosdev/ros2_ws_lab/lab3/install/turtlebot3_msgs/share/turtlebot3_msgs/srv/Goal.idl
[11.243s] -- Installing: /home/rosdev/ros2_ws_lab/lab3/install/turtlebot3_msgs/share/turtlebot3_msgs/action/Patrol.idl
[11.244s] -- Installing: /home/rosdev/ros2_ws_lab/lab3/install/turtlebot3_msgs/share/turtlebot3_msgs/msg/SensorState.msg
[11.244s] -- Installing: /home/rosdev/ros2_ws_lab/lab3/install/turtlebot3_msgs/share/turtlebot3_msgs/msg/Sound.msg
[11.244s] -- Installing: /home/rosdev/ros2_ws_lab/lab3/install/turtlebot3_msgs/share/turtlebot3_msgs/msg/VersionInfo.msg
[11.244s] -- Installing: /home/rosdev/ros2_ws_lab/lab3/install/turtlebot3_msgs/share/turtlebot3_msgs/srv/Sound.srv
[11.244s] -- Installing: /home/rosdev/ros2_ws_lab/lab3/install/turtlebot3_msgs/share/turtlebot3_msgs/srv/Sound_Request.msg
[11.244s] -- Installing: /home/rosdev/ros2_ws_lab/lab3/install/turtlebot3_msgs/share/turtlebot3_msgs/srv/Sound_Response.msg
[11.245s] -- Installing: /home/rosdev/ros2_ws_lab/lab3/install/turtlebot3_msgs/share/turtlebot3_msgs/srv/Dqn.srv
[11.245s] -- Installing: /home/rosdev/ros2_ws_lab/lab3/install/turtlebot3_msgs/share/turtlebot3_msgs/srv/Dqn_Request.msg
[11.245s] -- Installing: /home/rosdev/ros2_ws_lab/lab3/install/turtlebot3_msgs/share/turtlebot3_msgs/srv/Dqn_Response.msg
[11.245s] -- Installing: /home/rosdev/ros2_ws_lab/lab3/install/turtlebot3_msgs/share/turtlebot3_msgs/srv/Goal.srv
[11.245s] -- Installing: /home/rosdev/ros2_ws_lab/lab3/install/turtlebot3_msgs/share/turtlebot3_msgs/srv/Goal_Request.msg
[11.245s] -- Installing: /home/rosdev/ros2_ws_lab/lab3/install/turtlebot3_msgs/share/turtlebot3_msgs/srv/Goal_Response.msg
[11.245s] -- Installing: /home/rosdev/ros2_ws_lab/lab3/install/turtlebot3_msgs/share/turtlebot3_msgs/action/Patrol.action
[11.246s] -- Installing: /home/rosdev/ros2_ws_lab/lab3/install/turtlebot3_msgs/share/ament_index/resource_index/package_run_dependencies/turtlebot3_msgs
[11.246s] -- Installing: /home/rosdev/ros2_ws_lab/lab3/install/turtlebot3_msgs/share/ament_index/resource_index/parent_prefix_path/turtlebot3_msgs
[11.246s] -- Installing: /home/rosdev/ros2_ws_lab/lab3/install/turtlebot3_msgs/share/turtlebot3_msgs/environment/ament_prefix_path.sh
[11.246s] -- Installing: /home/rosdev/ros2_ws_lab/lab3/install/turtlebot3_msgs/share/turtlebot3_msgs/environment/ament_prefix_path.dsv
[11.246s] -- Installing: /home/rosdev/ros2_ws_lab/lab3/install/turtlebot3_msgs/share/turtlebot3_msgs/environment/path.sh
[11.246s] -- Installing: /home/rosdev/ros2_ws_lab/lab3/install/turtlebot3_msgs/share/turtlebot3_msgs/environment/path.dsv
[11.246s] -- Installing: /home/rosdev/ros2_ws_lab/lab3/install/turtlebot3_msgs/share/turtlebot3_msgs/local_setup.bash
[11.247s] -- Installing: /home/rosdev/ros2_ws_lab/lab3/install/turtlebot3_msgs/share/turtlebot3_msgs/local_setup.sh
[11.247s] -- Installing: /home/rosdev/ros2_ws_lab/lab3/install/turtlebot3_msgs/share/turtlebot3_msgs/local_setup.zsh
[11.247s] -- Installing: /home/rosdev/ros2_ws_lab/lab3/install/turtlebot3_msgs/share/turtlebot3_msgs/local_setup.dsv
[11.247s] -- Installing: /home/rosdev/ros2_ws_lab/lab3/install/turtlebot3_msgs/share/turtlebot3_msgs/package.dsv
[11.247s] -- Installing: /home/rosdev/ros2_ws_lab/lab3/install/turtlebot3_msgs/share/ament_index/resource_index/packages/turtlebot3_msgs
[11.247s] -- Installing: /home/rosdev/ros2_ws_lab/lab3/install/turtlebot3_msgs/share/turtlebot3_msgs/cmake/export_turtlebot3_msgs__rosidl_generator_cExport.cmake
[11.248s] -- Installing: /home/rosdev/ros2_ws_lab/lab3/install/turtlebot3_msgs/share/turtlebot3_msgs/cmake/export_turtlebot3_msgs__rosidl_generator_cExport-noconfig.cmake
[11.248s] -- Installing: /home/rosdev/ros2_ws_lab/lab3/install/turtlebot3_msgs/share/turtlebot3_msgs/cmake/export_turtlebot3_msgs__rosidl_typesupport_fastrtps_cExport.cmake
[11.248s] -- Installing: /home/rosdev/ros2_ws_lab/lab3/install/turtlebot3_msgs/share/turtlebot3_msgs/cmake/export_turtlebot3_msgs__rosidl_typesupport_fastrtps_cExport-noconfig.cmake
[11.248s] -- Installing: /home/rosdev/ros2_ws_lab/lab3/install/turtlebot3_msgs/share/turtlebot3_msgs/cmake/export_turtlebot3_msgs__rosidl_generator_cppExport.cmake
[11.248s] -- Installing: /home/rosdev/ros2_ws_lab/lab3/install/turtlebot3_msgs/share/turtlebot3_msgs/cmake/export_turtlebot3_msgs__rosidl_typesupport_fastrtps_cppExport.cmake
[11.248s] -- Installing: /home/rosdev/ros2_ws_lab/lab3/install/turtlebot3_msgs/share/turtlebot3_msgs/cmake/export_turtlebot3_msgs__rosidl_typesupport_fastrtps_cppExport-noconfig.cmake
[11.249s] -- Installing: /home/rosdev/ros2_ws_lab/lab3/install/turtlebot3_msgs/share/turtlebot3_msgs/cmake/turtlebot3_msgs__rosidl_typesupport_introspection_cExport.cmake
[11.249s] -- Installing: /home/rosdev/ros2_ws_lab/lab3/install/turtlebot3_msgs/share/turtlebot3_msgs/cmake/turtlebot3_msgs__rosidl_typesupport_introspection_cExport-noconfig.cmake
[11.249s] -- Installing: /home/rosdev/ros2_ws_lab/lab3/install/turtlebot3_msgs/share/turtlebot3_msgs/cmake/turtlebot3_msgs__rosidl_typesupport_cExport.cmake
[11.249s] -- Installing: /home/rosdev/ros2_ws_lab/lab3/install/turtlebot3_msgs/share/turtlebot3_msgs/cmake/turtlebot3_msgs__rosidl_typesupport_cExport-noconfig.cmake
[11.249s] -- Installing: /home/rosdev/ros2_ws_lab/lab3/install/turtlebot3_msgs/share/turtlebot3_msgs/cmake/turtlebot3_msgs__rosidl_typesupport_introspection_cppExport.cmake
[11.249s] -- Installing: /home/rosdev/ros2_ws_lab/lab3/install/turtlebot3_msgs/share/turtlebot3_msgs/cmake/turtlebot3_msgs__rosidl_typesupport_introspection_cppExport-noconfig.cmake
[11.249s] -- Installing: /home/rosdev/ros2_ws_lab/lab3/install/turtlebot3_msgs/share/turtlebot3_msgs/cmake/turtlebot3_msgs__rosidl_typesupport_cppExport.cmake
[11.250s] -- Installing: /home/rosdev/ros2_ws_lab/lab3/install/turtlebot3_msgs/share/turtlebot3_msgs/cmake/turtlebot3_msgs__rosidl_typesupport_cppExport-noconfig.cmake
[11.250s] -- Installing: /home/rosdev/ros2_ws_lab/lab3/install/turtlebot3_msgs/share/turtlebot3_msgs/cmake/export_turtlebot3_msgs__rosidl_generator_pyExport.cmake
[11.250s] -- Installing: /home/rosdev/ros2_ws_lab/lab3/install/turtlebot3_msgs/share/turtlebot3_msgs/cmake/export_turtlebot3_msgs__rosidl_generator_pyExport-noconfig.cmake
[11.250s] -- Installing: /home/rosdev/ros2_ws_lab/lab3/install/turtlebot3_msgs/share/turtlebot3_msgs/cmake/rosidl_cmake-extras.cmake
[11.250s] -- Installing: /home/rosdev/ros2_ws_lab/lab3/install/turtlebot3_msgs/share/turtlebot3_msgs/cmake/ament_cmake_export_dependencies-extras.cmake
[11.250s] -- Installing: /home/rosdev/ros2_ws_lab/lab3/install/turtlebot3_msgs/share/turtlebot3_msgs/cmake/ament_cmake_export_include_directories-extras.cmake
[11.251s] -- Installing: /home/rosdev/ros2_ws_lab/lab3/install/turtlebot3_msgs/share/turtlebot3_msgs/cmake/ament_cmake_export_libraries-extras.cmake
[11.251s] -- Installing: /home/rosdev/ros2_ws_lab/lab3/install/turtlebot3_msgs/share/turtlebot3_msgs/cmake/ament_cmake_export_targets-extras.cmake
[11.251s] -- Installing: /home/rosdev/ros2_ws_lab/lab3/install/turtlebot3_msgs/share/turtlebot3_msgs/cmake/rosidl_cmake_export_typesupport_targets-extras.cmake
[11.251s] -- Installing: /home/rosdev/ros2_ws_lab/lab3/install/turtlebot3_msgs/share/turtlebot3_msgs/cmake/rosidl_cmake_export_typesupport_libraries-extras.cmake
[11.251s] -- Installing: /home/rosdev/ros2_ws_lab/lab3/install/turtlebot3_msgs/share/turtlebot3_msgs/cmake/turtlebot3_msgsConfig.cmake
[11.251s] -- Installing: /home/rosdev/ros2_ws_lab/lab3/install/turtlebot3_msgs/share/turtlebot3_msgs/cmake/turtlebot3_msgsConfig-version.cmake
[11.251s] -- Installing: /home/rosdev/ros2_ws_lab/lab3/install/turtlebot3_msgs/share/turtlebot3_msgs/package.xml
[11.254s] Invoked command in '/home/rosdev/ros2_ws_lab/lab3/build/turtlebot3_msgs' returned '0': CMAKE_PREFIX_PATH=${CMAKE_PREFIX_PATH}:/home/rosdev/turtlebot3_ws/install/turtlebot3_teleop:/home/rosdev/turtlebot3_ws/install/turtlebot3_example:/opt/ros/humble /usr/bin/cmake --install /home/rosdev/ros2_ws_lab/lab3/build/turtlebot3_msgs
