[0.038s] Invoking command in '/home/rosdev/ros2_ws_lab/lab3/build/turtlebot3_description': CMAKE_PREFIX_PATH=${CMAKE_PREFIX_PATH}:/home/rosdev/turtlebot3_ws/install/turtlebot3_teleop:/home/rosdev/turtlebot3_ws/install/turtlebot3_example:/opt/ros/humble /usr/bin/cmake /home/rosdev/ros2_ws_lab/lab3/src/turtlebot3/turtlebot3_description -DCMAKE_INSTALL_PREFIX=/home/rosdev/ros2_ws_lab/lab3/install/turtlebot3_description
[0.097s] -- The C compiler identification is GNU 11.4.0
[0.167s] -- The CXX compiler identification is GNU 11.4.0
[0.175s] -- Detecting C compiler ABI info
[0.244s] -- Detecting C compiler ABI info - done
[0.260s] -- Check for working C compiler: /usr/bin/cc - skipped
[0.260s] -- Detecting C compile features
[0.261s] -- Detecting C compile features - done
[0.267s] -- Detecting CXX compiler ABI info
[0.358s] -- Detecting CXX compiler ABI info - done
[0.368s] -- Check for working CXX compiler: /usr/bin/c++ - skipped
[0.369s] -- Detecting CXX compile features
[0.369s] -- Detecting CXX compile features - done
[0.373s] -- Found ament_cmake: 1.3.11 (/opt/ros/humble/share/ament_cmake/cmake)
[0.558s] -- Found Python3: /usr/bin/python3 (found version "3.10.12") found components: Interpreter 
[0.680s] -- Found urdf: 2.6.1 (/opt/ros/humble/share/urdf/cmake)
[0.820s] -- Configuring done
[0.826s] -- Generating done
[0.826s] -- Build files have been written to: /home/rosdev/ros2_ws_lab/lab3/build/turtlebot3_description
[0.832s] Invoked command in '/home/rosdev/ros2_ws_lab/lab3/build/turtlebot3_description' returned '0': CMAKE_PREFIX_PATH=${CMAKE_PREFIX_PATH}:/home/rosdev/turtlebot3_ws/install/turtlebot3_teleop:/home/rosdev/turtlebot3_ws/install/turtlebot3_example:/opt/ros/humble /usr/bin/cmake /home/rosdev/ros2_ws_lab/lab3/src/turtlebot3/turtlebot3_description -DCMAKE_INSTALL_PREFIX=/home/rosdev/ros2_ws_lab/lab3/install/turtlebot3_description
[0.834s] Invoking command in '/home/rosdev/ros2_ws_lab/lab3/build/turtlebot3_description': CMAKE_PREFIX_PATH=${CMAKE_PREFIX_PATH}:/home/rosdev/turtlebot3_ws/install/turtlebot3_teleop:/home/rosdev/turtlebot3_ws/install/turtlebot3_example:/opt/ros/humble /usr/bin/cmake --build /home/rosdev/ros2_ws_lab/lab3/build/turtlebot3_description -- -j12 -l12
[0.877s] Invoked command in '/home/rosdev/ros2_ws_lab/lab3/build/turtlebot3_description' returned '0': CMAKE_PREFIX_PATH=${CMAKE_PREFIX_PATH}:/home/rosdev/turtlebot3_ws/install/turtlebot3_teleop:/home/rosdev/turtlebot3_ws/install/turtlebot3_example:/opt/ros/humble /usr/bin/cmake --build /home/rosdev/ros2_ws_lab/lab3/build/turtlebot3_description -- -j12 -l12
[0.879s] Invoking command in '/home/rosdev/ros2_ws_lab/lab3/build/turtlebot3_description': CMAKE_PREFIX_PATH=${CMAKE_PREFIX_PATH}:/home/rosdev/turtlebot3_ws/install/turtlebot3_teleop:/home/rosdev/turtlebot3_ws/install/turtlebot3_example:/opt/ros/humble /usr/bin/cmake --install /home/rosdev/ros2_ws_lab/lab3/build/turtlebot3_description
[0.888s] -- Install configuration: ""
[0.889s] -- Installing: /home/rosdev/ros2_ws_lab/lab3/install/turtlebot3_description/share/turtlebot3_description/meshes
[0.890s] -- Installing: /home/rosdev/ros2_ws_lab/lab3/install/turtlebot3_description/share/turtlebot3_description/meshes/wheels
[0.890s] -- Installing: /home/rosdev/ros2_ws_lab/lab3/install/turtlebot3_description/share/turtlebot3_description/meshes/wheels/right_tire.stl
[0.891s] -- Installing: /home/rosdev/ros2_ws_lab/lab3/install/turtlebot3_description/share/turtlebot3_description/meshes/wheels/left_tire.stl
[0.892s] -- Installing: /home/rosdev/ros2_ws_lab/lab3/install/turtlebot3_description/share/turtlebot3_description/meshes/bases
[0.892s] -- Installing: /home/rosdev/ros2_ws_lab/lab3/install/turtlebot3_description/share/turtlebot3_description/meshes/bases/waffle_base.stl
[0.918s] -- Installing: /home/rosdev/ros2_ws_lab/lab3/install/turtlebot3_description/share/turtlebot3_description/meshes/bases/burger_base.stl
[0.922s] -- Installing: /home/rosdev/ros2_ws_lab/lab3/install/turtlebot3_description/share/turtlebot3_description/meshes/bases/waffle_pi_base.stl
[0.929s] -- Installing: /home/rosdev/ros2_ws_lab/lab3/install/turtlebot3_description/share/turtlebot3_description/meshes/sensors
[0.929s] -- Installing: /home/rosdev/ros2_ws_lab/lab3/install/turtlebot3_description/share/turtlebot3_description/meshes/sensors/r200.jpg
[0.929s] -- Installing: /home/rosdev/ros2_ws_lab/lab3/install/turtlebot3_description/share/turtlebot3_description/meshes/sensors/astra.jpg
[0.929s] -- Installing: /home/rosdev/ros2_ws_lab/lab3/install/turtlebot3_description/share/turtlebot3_description/meshes/sensors/astra.dae
[0.939s] -- Installing: /home/rosdev/ros2_ws_lab/lab3/install/turtlebot3_description/share/turtlebot3_description/meshes/sensors/r200.dae
[0.939s] -- Installing: /home/rosdev/ros2_ws_lab/lab3/install/turtlebot3_description/share/turtlebot3_description/meshes/sensors/lds.stl
[0.940s] -- Installing: /home/rosdev/ros2_ws_lab/lab3/install/turtlebot3_description/share/turtlebot3_description/rviz
[0.940s] -- Installing: /home/rosdev/ros2_ws_lab/lab3/install/turtlebot3_description/share/turtlebot3_description/rviz/model.rviz
[0.940s] -- Installing: /home/rosdev/ros2_ws_lab/lab3/install/turtlebot3_description/share/turtlebot3_description/urdf
[0.940s] -- Installing: /home/rosdev/ros2_ws_lab/lab3/install/turtlebot3_description/share/turtlebot3_description/urdf/common_properties.urdf
[0.940s] -- Installing: /home/rosdev/ros2_ws_lab/lab3/install/turtlebot3_description/share/turtlebot3_description/urdf/turtlebot3_burger.urdf
[0.940s] -- Installing: /home/rosdev/ros2_ws_lab/lab3/install/turtlebot3_description/share/turtlebot3_description/urdf/turtlebot3_waffle.urdf
[0.941s] -- Installing: /home/rosdev/ros2_ws_lab/lab3/install/turtlebot3_description/share/turtlebot3_description/urdf/turtlebot3_waffle_pi.urdf
[0.941s] -- Installing: /home/rosdev/ros2_ws_lab/lab3/install/turtlebot3_description/share/ament_index/resource_index/package_run_dependencies/turtlebot3_description
[0.941s] -- Installing: /home/rosdev/ros2_ws_lab/lab3/install/turtlebot3_description/share/ament_index/resource_index/parent_prefix_path/turtlebot3_description
[0.941s] -- Installing: /home/rosdev/ros2_ws_lab/lab3/install/turtlebot3_description/share/turtlebot3_description/environment/ament_prefix_path.sh
[0.942s] -- Installing: /home/rosdev/ros2_ws_lab/lab3/install/turtlebot3_description/share/turtlebot3_description/environment/ament_prefix_path.dsv
[0.942s] -- Installing: /home/rosdev/ros2_ws_lab/lab3/install/turtlebot3_description/share/turtlebot3_description/environment/path.sh
[0.942s] -- Installing: /home/rosdev/ros2_ws_lab/lab3/install/turtlebot3_description/share/turtlebot3_description/environment/path.dsv
[0.942s] -- Installing: /home/rosdev/ros2_ws_lab/lab3/install/turtlebot3_description/share/turtlebot3_description/local_setup.bash
[0.942s] -- Installing: /home/rosdev/ros2_ws_lab/lab3/install/turtlebot3_description/share/turtlebot3_description/local_setup.sh
[0.942s] -- Installing: /home/rosdev/ros2_ws_lab/lab3/install/turtlebot3_description/share/turtlebot3_description/local_setup.zsh
[0.942s] -- Installing: /home/rosdev/ros2_ws_lab/lab3/install/turtlebot3_description/share/turtlebot3_description/local_setup.dsv
[0.943s] -- Installing: /home/rosdev/ros2_ws_lab/lab3/install/turtlebot3_description/share/turtlebot3_description/package.dsv
[0.943s] -- Installing: /home/rosdev/ros2_ws_lab/lab3/install/turtlebot3_description/share/ament_index/resource_index/packages/turtlebot3_description
[0.943s] -- Installing: /home/rosdev/ros2_ws_lab/lab3/install/turtlebot3_description/share/turtlebot3_description/cmake/turtlebot3_descriptionConfig.cmake
[0.943s] -- Installing: /home/rosdev/ros2_ws_lab/lab3/install/turtlebot3_description/share/turtlebot3_description/cmake/turtlebot3_descriptionConfig-version.cmake
[0.943s] -- Installing: /home/rosdev/ros2_ws_lab/lab3/install/turtlebot3_description/share/turtlebot3_description/package.xml
[0.959s] Invoked command in '/home/rosdev/ros2_ws_lab/lab3/build/turtlebot3_description' returned '0': CMAKE_PREFIX_PATH=${CMAKE_PREFIX_PATH}:/home/rosdev/turtlebot3_ws/install/turtlebot3_teleop:/home/rosdev/turtlebot3_ws/install/turtlebot3_example:/opt/ros/humble /usr/bin/cmake --install /home/rosdev/ros2_ws_lab/lab3/build/turtlebot3_description
