[0.032s] Invoking command in '/home/rosdev/ros2_ws_lab/lab3/build/turtlebot3_cartographer': CMAKE_PREFIX_PATH=${CMAKE_PREFIX_PATH}:/home/rosdev/turtlebot3_ws/install/turtlebot3_teleop:/home/rosdev/turtlebot3_ws/install/turtlebot3_example:/opt/ros/humble /usr/bin/cmake /home/rosdev/ros2_ws_lab/lab3/src/turtlebot3/turtlebot3_cartographer -DCMAKE_INSTALL_PREFIX=/home/rosdev/ros2_ws_lab/lab3/install/turtlebot3_cartographer
[0.095s] -- The C compiler identification is GNU 11.4.0
[0.168s] -- The CXX compiler identification is GNU 11.4.0
[0.177s] -- Detecting C compiler ABI info
[0.261s] -- Detecting C compiler ABI info - done
[0.272s] -- Check for working C compiler: /usr/bin/cc - skipped
[0.272s] -- Detecting C compile features
[0.273s] -- Detecting C compile features - done
[0.276s] -- Detecting CXX compiler ABI info
[0.394s] -- Detecting CXX compiler ABI info - done
[0.413s] -- Check for working CXX compiler: /usr/bin/c++ - skipped
[0.414s] -- Detecting CXX compile features
[0.414s] -- Detecting CXX compile features - done
[0.420s] -- Found ament_cmake: 1.3.11 (/opt/ros/humble/share/ament_cmake/cmake)
[0.648s] -- Found Python3: /usr/bin/python3 (found version "3.10.12") found components: Interpreter 
[0.915s] -- Configuring done
[0.919s] -- Generating done
[0.923s] -- Build files have been written to: /home/rosdev/ros2_ws_lab/lab3/build/turtlebot3_cartographer
[0.926s] Invoked command in '/home/rosdev/ros2_ws_lab/lab3/build/turtlebot3_cartographer' returned '0': CMAKE_PREFIX_PATH=${CMAKE_PREFIX_PATH}:/home/rosdev/turtlebot3_ws/install/turtlebot3_teleop:/home/rosdev/turtlebot3_ws/install/turtlebot3_example:/opt/ros/humble /usr/bin/cmake /home/rosdev/ros2_ws_lab/lab3/src/turtlebot3/turtlebot3_cartographer -DCMAKE_INSTALL_PREFIX=/home/rosdev/ros2_ws_lab/lab3/install/turtlebot3_cartographer
[0.928s] Invoking command in '/home/rosdev/ros2_ws_lab/lab3/build/turtlebot3_cartographer': CMAKE_PREFIX_PATH=${CMAKE_PREFIX_PATH}:/home/rosdev/turtlebot3_ws/install/turtlebot3_teleop:/home/rosdev/turtlebot3_ws/install/turtlebot3_example:/opt/ros/humble /usr/bin/cmake --build /home/rosdev/ros2_ws_lab/lab3/build/turtlebot3_cartographer -- -j12 -l12
[0.986s] Invoked command in '/home/rosdev/ros2_ws_lab/lab3/build/turtlebot3_cartographer' returned '0': CMAKE_PREFIX_PATH=${CMAKE_PREFIX_PATH}:/home/rosdev/turtlebot3_ws/install/turtlebot3_teleop:/home/rosdev/turtlebot3_ws/install/turtlebot3_example:/opt/ros/humble /usr/bin/cmake --build /home/rosdev/ros2_ws_lab/lab3/build/turtlebot3_cartographer -- -j12 -l12
[0.989s] Invoking command in '/home/rosdev/ros2_ws_lab/lab3/build/turtlebot3_cartographer': CMAKE_PREFIX_PATH=${CMAKE_PREFIX_PATH}:/home/rosdev/turtlebot3_ws/install/turtlebot3_teleop:/home/rosdev/turtlebot3_ws/install/turtlebot3_example:/opt/ros/humble /usr/bin/cmake --install /home/rosdev/ros2_ws_lab/lab3/build/turtlebot3_cartographer
[1.000s] -- Install configuration: ""
[1.001s] -- Installing: /home/rosdev/ros2_ws_lab/lab3/install/turtlebot3_cartographer/share/turtlebot3_cartographer/config
[1.001s] -- Installing: /home/rosdev/ros2_ws_lab/lab3/install/turtlebot3_cartographer/share/turtlebot3_cartographer/config/turtlebot3_lds_2d.lua
[1.001s] -- Installing: /home/rosdev/ros2_ws_lab/lab3/install/turtlebot3_cartographer/share/turtlebot3_cartographer/launch
[1.001s] -- Installing: /home/rosdev/ros2_ws_lab/lab3/install/turtlebot3_cartographer/share/turtlebot3_cartographer/launch/occupancy_grid.launch.py
[1.001s] -- Installing: /home/rosdev/ros2_ws_lab/lab3/install/turtlebot3_cartographer/share/turtlebot3_cartographer/launch/cartographer.launch.py
[1.002s] -- Installing: /home/rosdev/ros2_ws_lab/lab3/install/turtlebot3_cartographer/share/turtlebot3_cartographer/rviz
[1.002s] -- Installing: /home/rosdev/ros2_ws_lab/lab3/install/turtlebot3_cartographer/share/turtlebot3_cartographer/rviz/tb3_cartographer.rviz
[1.002s] -- Installing: /home/rosdev/ros2_ws_lab/lab3/install/turtlebot3_cartographer/share/ament_index/resource_index/package_run_dependencies/turtlebot3_cartographer
[1.002s] -- Installing: /home/rosdev/ros2_ws_lab/lab3/install/turtlebot3_cartographer/share/ament_index/resource_index/parent_prefix_path/turtlebot3_cartographer
[1.002s] -- Installing: /home/rosdev/ros2_ws_lab/lab3/install/turtlebot3_cartographer/share/turtlebot3_cartographer/environment/ament_prefix_path.sh
[1.003s] -- Installing: /home/rosdev/ros2_ws_lab/lab3/install/turtlebot3_cartographer/share/turtlebot3_cartographer/environment/ament_prefix_path.dsv
[1.003s] -- Installing: /home/rosdev/ros2_ws_lab/lab3/install/turtlebot3_cartographer/share/turtlebot3_cartographer/environment/path.sh
[1.003s] -- Installing: /home/rosdev/ros2_ws_lab/lab3/install/turtlebot3_cartographer/share/turtlebot3_cartographer/environment/path.dsv
[1.003s] -- Installing: /home/rosdev/ros2_ws_lab/lab3/install/turtlebot3_cartographer/share/turtlebot3_cartographer/local_setup.bash
[1.003s] -- Installing: /home/rosdev/ros2_ws_lab/lab3/install/turtlebot3_cartographer/share/turtlebot3_cartographer/local_setup.sh
[1.004s] -- Installing: /home/rosdev/ros2_ws_lab/lab3/install/turtlebot3_cartographer/share/turtlebot3_cartographer/local_setup.zsh
[1.004s] -- Installing: /home/rosdev/ros2_ws_lab/lab3/install/turtlebot3_cartographer/share/turtlebot3_cartographer/local_setup.dsv
[1.004s] -- Installing: /home/rosdev/ros2_ws_lab/lab3/install/turtlebot3_cartographer/share/turtlebot3_cartographer/package.dsv
[1.005s] -- Installing: /home/rosdev/ros2_ws_lab/lab3/install/turtlebot3_cartographer/share/ament_index/resource_index/packages/turtlebot3_cartographer
[1.005s] -- Installing: /home/rosdev/ros2_ws_lab/lab3/install/turtlebot3_cartographer/share/turtlebot3_cartographer/cmake/turtlebot3_cartographerConfig.cmake
[1.005s] -- Installing: /home/rosdev/ros2_ws_lab/lab3/install/turtlebot3_cartographer/share/turtlebot3_cartographer/cmake/turtlebot3_cartographerConfig-version.cmake
[1.005s] -- Installing: /home/rosdev/ros2_ws_lab/lab3/install/turtlebot3_cartographer/share/turtlebot3_cartographer/package.xml
[1.009s] Invoked command in '/home/rosdev/ros2_ws_lab/lab3/build/turtlebot3_cartographer' returned '0': CMAKE_PREFIX_PATH=${CMAKE_PREFIX_PATH}:/home/rosdev/turtlebot3_ws/install/turtlebot3_teleop:/home/rosdev/turtlebot3_ws/install/turtlebot3_example:/opt/ros/humble /usr/bin/cmake --install /home/rosdev/ros2_ws_lab/lab3/build/turtlebot3_cartographer
