[0.028s] Invoking command in '/home/rosdev/ros2_ws_lab/lab3/build/dynamixel_sdk_examples': AMENT_PREFIX_PATH=/home/rosdev/ros2_ws_lab/lab3/install/dynamixel_sdk_custom_interfaces:/home/rosdev/ros2_ws_lab/lab3/install/dynamixel_sdk:${AMENT_PREFIX_PATH} CMAKE_PREFIX_PATH=/home/rosdev/ros2_ws_lab/lab3/install/dynamixel_sdk_custom_interfaces:/home/rosdev/ros2_ws_lab/lab3/install/dynamixel_sdk:/home/rosdev/turtlebot3_ws/install/turtlebot3:/home/rosdev/turtlebot3_ws/install/turtlebot3_bringup:/home/rosdev/turtlebot3_ws/install/turtlebot3_node:/home/rosdev/turtlebot3_ws/install/turtlebot3_navigation2:/home/rosdev/turtlebot3_ws/install/turtlebot3_msgs:/home/rosdev/turtlebot3_ws/install/turtlebot3_description:/home/rosdev/turtlebot3_ws/install/turtlebot3_cartographer:/home/rosdev/turtlebot3_ws/install/dynamixel_sdk_examples:/home/rosdev/turtlebot3_ws/install/dynamixel_sdk_custom_interfaces:/home/rosdev/turtlebot3_ws/install/dynamixel_sdk:/home/rosdev/turtlebot3_ws/install/turtlebot3_teleop:/home/rosdev/turtlebot3_ws/install/turtlebot3_example:/opt/ros/humble LD_LIBRARY_PATH=/home/rosdev/ros2_ws_lab/lab3/install/dynamixel_sdk_custom_interfaces/lib:/home/rosdev/ros2_ws_lab/lab3/install/dynamixel_sdk/lib:/home/rosdev/turtlebot3_ws/install/turtlebot3_msgs/lib:/home/rosdev/turtlebot3_ws/install/dynamixel_sdk_custom_interfaces/lib:/home/rosdev/turtlebot3_ws/install/dynamixel_sdk/lib:/usr/lib/x86_64-linux-gnu/gazebo-11/plugins:/opt/ros/humble/opt/rviz_ogre_vendor/lib:/opt/ros/humble/lib/x86_64-linux-gnu:/opt/ros/humble/lib:/usr/share/gazebo/../../lib/x86_64-linux-gnu/gazebo-11/plugins:/usr/share/gazebo/../../lib/x86_64-linux-gnu/gazebo-11/plugins:/usr/share/gazebo/../../lib/x86_64-linux-gnu/gazebo-11/plugins PYTHONPATH=/home/rosdev/ros2_ws_lab/lab3/install/dynamixel_sdk_custom_interfaces/local/lib/python3.10/dist-packages:/home/rosdev/ros2_ws_lab/lab3/install/dynamixel_sdk/local/lib/python3.10/dist-packages:${PYTHONPATH} /usr/bin/cmake /home/rosdev/ros2_ws_lab/lab3/src/DynamixelSDK/ros/dynamixel_sdk_examples -DCMAKE_INSTALL_PREFIX=/home/rosdev/ros2_ws_lab/lab3/install/dynamixel_sdk_examples
[0.198s] -- The C compiler identification is GNU 11.4.0
[0.403s] -- The CXX compiler identification is GNU 11.4.0
[0.425s] -- Detecting C compiler ABI info
[0.616s] -- Detecting C compiler ABI info - done
[0.637s] -- Check for working C compiler: /usr/bin/cc - skipped
[0.638s] -- Detecting C compile features
[0.638s] -- Detecting C compile features - done
[0.644s] -- Detecting CXX compiler ABI info
[0.827s] -- Detecting CXX compiler ABI info - done
[0.854s] -- Check for working CXX compiler: /usr/bin/c++ - skipped
[0.854s] -- Detecting CXX compile features
[0.856s] -- Detecting CXX compile features - done
[0.863s] -- Found ament_cmake: 1.3.11 (/opt/ros/humble/share/ament_cmake/cmake)
[1.213s] -- Found Python3: /usr/bin/python3 (found version "3.10.12") found components: Interpreter 
[1.437s] -- Found dynamixel_sdk: 3.8.3 (/home/rosdev/ros2_ws_lab/lab3/install/dynamixel_sdk/share/dynamixel_sdk/cmake)
[1.440s] -- Found dynamixel_sdk_custom_interfaces: 3.8.3 (/home/rosdev/ros2_ws_lab/lab3/install/dynamixel_sdk_custom_interfaces/share/dynamixel_sdk_custom_interfaces/cmake)
[1.530s] -- Found rosidl_generator_c: 3.1.6 (/opt/ros/humble/share/rosidl_generator_c/cmake)
[1.543s] -- Found rosidl_adapter: 3.1.6 (/opt/ros/humble/share/rosidl_adapter/cmake)
[1.565s] -- Found rosidl_generator_cpp: 3.1.6 (/opt/ros/humble/share/rosidl_generator_cpp/cmake)
[1.597s] -- Using all available rosidl_typesupport_c: rosidl_typesupport_fastrtps_c;rosidl_typesupport_introspection_c
[1.640s] -- Using all available rosidl_typesupport_cpp: rosidl_typesupport_fastrtps_cpp;rosidl_typesupport_introspection_cpp
[1.712s] -- Found rclcpp: 16.0.12 (/opt/ros/humble/share/rclcpp/cmake)
[1.825s] -- Found rmw_implementation_cmake: 6.1.2 (/opt/ros/humble/share/rmw_implementation_cmake/cmake)
[1.834s] -- Found rmw_fastrtps_cpp: 6.2.7 (/opt/ros/humble/share/rmw_fastrtps_cpp/cmake)
[2.038s] -- Found OpenSSL: /usr/lib/x86_64-linux-gnu/libcrypto.so (found version "3.0.2")  
[2.140s] -- Found FastRTPS: /opt/ros/humble/include  
[2.214s] -- Using RMW implementation 'rmw_fastrtps_cpp' as default
[2.236s] -- Looking for pthread.h
[2.342s] -- Looking for pthread.h - found
[2.342s] -- Performing Test CMAKE_HAVE_LIBC_PTHREAD
[2.424s] -- Performing Test CMAKE_HAVE_LIBC_PTHREAD - Success
[2.425s] -- Found Threads: TRUE  
[2.493s] -- Found rclpy: 3.3.16 (/opt/ros/humble/share/rclpy/cmake)
[2.497s] -- Found ament_lint_auto: 0.12.12 (/opt/ros/humble/share/ament_lint_auto/cmake)
[2.602s] -- Added test 'copyright' to check source files copyright and LICENSE
[2.603s] -- Added test 'cppcheck' to perform static code analysis on C / C++ code
[2.604s] -- Configured cppcheck include dirs: /home/rosdev/ros2_ws_lab/lab3/src/DynamixelSDK/ros/dynamixel_sdk_examples/include
[2.604s] -- Configured cppcheck exclude dirs and/or files: 
[2.605s] -- Added test 'cpplint' to check C / C++ code against the Google style
[2.605s] -- Configured cpplint exclude dirs and/or files: 
[2.606s] -- Added test 'flake8' to check Python code syntax and style conventions
[2.606s] -- Added test 'lint_cmake' to check CMake code style
[2.607s] -- Added test 'pep257' to check Python code against some of the docstring style conventions in PEP 257
[2.608s] -- Added test 'uncrustify' to check C / C++ code style
[2.608s] -- Configured uncrustify additional arguments: 
[2.609s] -- Added test 'xmllint' to check XML markup files
[2.611s] -- Configuring done
[2.621s] -- Generating done
[2.625s] -- Build files have been written to: /home/rosdev/ros2_ws_lab/lab3/build/dynamixel_sdk_examples
[2.635s] Invoked command in '/home/rosdev/ros2_ws_lab/lab3/build/dynamixel_sdk_examples' returned '0': AMENT_PREFIX_PATH=/home/rosdev/ros2_ws_lab/lab3/install/dynamixel_sdk_custom_interfaces:/home/rosdev/ros2_ws_lab/lab3/install/dynamixel_sdk:${AMENT_PREFIX_PATH} CMAKE_PREFIX_PATH=/home/rosdev/ros2_ws_lab/lab3/install/dynamixel_sdk_custom_interfaces:/home/rosdev/ros2_ws_lab/lab3/install/dynamixel_sdk:/home/rosdev/turtlebot3_ws/install/turtlebot3:/home/rosdev/turtlebot3_ws/install/turtlebot3_bringup:/home/rosdev/turtlebot3_ws/install/turtlebot3_node:/home/rosdev/turtlebot3_ws/install/turtlebot3_navigation2:/home/rosdev/turtlebot3_ws/install/turtlebot3_msgs:/home/rosdev/turtlebot3_ws/install/turtlebot3_description:/home/rosdev/turtlebot3_ws/install/turtlebot3_cartographer:/home/rosdev/turtlebot3_ws/install/dynamixel_sdk_examples:/home/rosdev/turtlebot3_ws/install/dynamixel_sdk_custom_interfaces:/home/rosdev/turtlebot3_ws/install/dynamixel_sdk:/home/rosdev/turtlebot3_ws/install/turtlebot3_teleop:/home/rosdev/turtlebot3_ws/install/turtlebot3_example:/opt/ros/humble LD_LIBRARY_PATH=/home/rosdev/ros2_ws_lab/lab3/install/dynamixel_sdk_custom_interfaces/lib:/home/rosdev/ros2_ws_lab/lab3/install/dynamixel_sdk/lib:/home/rosdev/turtlebot3_ws/install/turtlebot3_msgs/lib:/home/rosdev/turtlebot3_ws/install/dynamixel_sdk_custom_interfaces/lib:/home/rosdev/turtlebot3_ws/install/dynamixel_sdk/lib:/usr/lib/x86_64-linux-gnu/gazebo-11/plugins:/opt/ros/humble/opt/rviz_ogre_vendor/lib:/opt/ros/humble/lib/x86_64-linux-gnu:/opt/ros/humble/lib:/usr/share/gazebo/../../lib/x86_64-linux-gnu/gazebo-11/plugins:/usr/share/gazebo/../../lib/x86_64-linux-gnu/gazebo-11/plugins:/usr/share/gazebo/../../lib/x86_64-linux-gnu/gazebo-11/plugins PYTHONPATH=/home/rosdev/ros2_ws_lab/lab3/install/dynamixel_sdk_custom_interfaces/local/lib/python3.10/dist-packages:/home/rosdev/ros2_ws_lab/lab3/install/dynamixel_sdk/local/lib/python3.10/dist-packages:${PYTHONPATH} /usr/bin/cmake /home/rosdev/ros2_ws_lab/lab3/src/DynamixelSDK/ros/dynamixel_sdk_examples -DCMAKE_INSTALL_PREFIX=/home/rosdev/ros2_ws_lab/lab3/install/dynamixel_sdk_examples
[2.636s] Invoking command in '/home/rosdev/ros2_ws_lab/lab3/build/dynamixel_sdk_examples': AMENT_PREFIX_PATH=/home/rosdev/ros2_ws_lab/lab3/install/dynamixel_sdk_custom_interfaces:/home/rosdev/ros2_ws_lab/lab3/install/dynamixel_sdk:${AMENT_PREFIX_PATH} CMAKE_PREFIX_PATH=/home/rosdev/ros2_ws_lab/lab3/install/dynamixel_sdk_custom_interfaces:/home/rosdev/ros2_ws_lab/lab3/install/dynamixel_sdk:/home/rosdev/turtlebot3_ws/install/turtlebot3:/home/rosdev/turtlebot3_ws/install/turtlebot3_bringup:/home/rosdev/turtlebot3_ws/install/turtlebot3_node:/home/rosdev/turtlebot3_ws/install/turtlebot3_navigation2:/home/rosdev/turtlebot3_ws/install/turtlebot3_msgs:/home/rosdev/turtlebot3_ws/install/turtlebot3_description:/home/rosdev/turtlebot3_ws/install/turtlebot3_cartographer:/home/rosdev/turtlebot3_ws/install/dynamixel_sdk_examples:/home/rosdev/turtlebot3_ws/install/dynamixel_sdk_custom_interfaces:/home/rosdev/turtlebot3_ws/install/dynamixel_sdk:/home/rosdev/turtlebot3_ws/install/turtlebot3_teleop:/home/rosdev/turtlebot3_ws/install/turtlebot3_example:/opt/ros/humble LD_LIBRARY_PATH=/home/rosdev/ros2_ws_lab/lab3/install/dynamixel_sdk_custom_interfaces/lib:/home/rosdev/ros2_ws_lab/lab3/install/dynamixel_sdk/lib:/home/rosdev/turtlebot3_ws/install/turtlebot3_msgs/lib:/home/rosdev/turtlebot3_ws/install/dynamixel_sdk_custom_interfaces/lib:/home/rosdev/turtlebot3_ws/install/dynamixel_sdk/lib:/usr/lib/x86_64-linux-gnu/gazebo-11/plugins:/opt/ros/humble/opt/rviz_ogre_vendor/lib:/opt/ros/humble/lib/x86_64-linux-gnu:/opt/ros/humble/lib:/usr/share/gazebo/../../lib/x86_64-linux-gnu/gazebo-11/plugins:/usr/share/gazebo/../../lib/x86_64-linux-gnu/gazebo-11/plugins:/usr/share/gazebo/../../lib/x86_64-linux-gnu/gazebo-11/plugins PYTHONPATH=/home/rosdev/ros2_ws_lab/lab3/install/dynamixel_sdk_custom_interfaces/local/lib/python3.10/dist-packages:/home/rosdev/ros2_ws_lab/lab3/install/dynamixel_sdk/local/lib/python3.10/dist-packages:${PYTHONPATH} /usr/bin/cmake --build /home/rosdev/ros2_ws_lab/lab3/build/dynamixel_sdk_examples -- -j12 -l12
[2.690s] [ 50%] [32mBuilding CXX object CMakeFiles/read_write_node.dir/src/read_write_node.cpp.o[0m
[15.658s] [100%] [32m[1mLinking CXX executable read_write_node[0m
[16.061s] [100%] Built target read_write_node
[16.073s] Invoked command in '/home/rosdev/ros2_ws_lab/lab3/build/dynamixel_sdk_examples' returned '0': AMENT_PREFIX_PATH=/home/rosdev/ros2_ws_lab/lab3/install/dynamixel_sdk_custom_interfaces:/home/rosdev/ros2_ws_lab/lab3/install/dynamixel_sdk:${AMENT_PREFIX_PATH} CMAKE_PREFIX_PATH=/home/rosdev/ros2_ws_lab/lab3/install/dynamixel_sdk_custom_interfaces:/home/rosdev/ros2_ws_lab/lab3/install/dynamixel_sdk:/home/rosdev/turtlebot3_ws/install/turtlebot3:/home/rosdev/turtlebot3_ws/install/turtlebot3_bringup:/home/rosdev/turtlebot3_ws/install/turtlebot3_node:/home/rosdev/turtlebot3_ws/install/turtlebot3_navigation2:/home/rosdev/turtlebot3_ws/install/turtlebot3_msgs:/home/rosdev/turtlebot3_ws/install/turtlebot3_description:/home/rosdev/turtlebot3_ws/install/turtlebot3_cartographer:/home/rosdev/turtlebot3_ws/install/dynamixel_sdk_examples:/home/rosdev/turtlebot3_ws/install/dynamixel_sdk_custom_interfaces:/home/rosdev/turtlebot3_ws/install/dynamixel_sdk:/home/rosdev/turtlebot3_ws/install/turtlebot3_teleop:/home/rosdev/turtlebot3_ws/install/turtlebot3_example:/opt/ros/humble LD_LIBRARY_PATH=/home/rosdev/ros2_ws_lab/lab3/install/dynamixel_sdk_custom_interfaces/lib:/home/rosdev/ros2_ws_lab/lab3/install/dynamixel_sdk/lib:/home/rosdev/turtlebot3_ws/install/turtlebot3_msgs/lib:/home/rosdev/turtlebot3_ws/install/dynamixel_sdk_custom_interfaces/lib:/home/rosdev/turtlebot3_ws/install/dynamixel_sdk/lib:/usr/lib/x86_64-linux-gnu/gazebo-11/plugins:/opt/ros/humble/opt/rviz_ogre_vendor/lib:/opt/ros/humble/lib/x86_64-linux-gnu:/opt/ros/humble/lib:/usr/share/gazebo/../../lib/x86_64-linux-gnu/gazebo-11/plugins:/usr/share/gazebo/../../lib/x86_64-linux-gnu/gazebo-11/plugins:/usr/share/gazebo/../../lib/x86_64-linux-gnu/gazebo-11/plugins PYTHONPATH=/home/rosdev/ros2_ws_lab/lab3/install/dynamixel_sdk_custom_interfaces/local/lib/python3.10/dist-packages:/home/rosdev/ros2_ws_lab/lab3/install/dynamixel_sdk/local/lib/python3.10/dist-packages:${PYTHONPATH} /usr/bin/cmake --build /home/rosdev/ros2_ws_lab/lab3/build/dynamixel_sdk_examples -- -j12 -l12
[16.075s] Invoking command in '/home/rosdev/ros2_ws_lab/lab3/build/dynamixel_sdk_examples': AMENT_PREFIX_PATH=/home/rosdev/ros2_ws_lab/lab3/install/dynamixel_sdk_custom_interfaces:/home/rosdev/ros2_ws_lab/lab3/install/dynamixel_sdk:${AMENT_PREFIX_PATH} CMAKE_PREFIX_PATH=/home/rosdev/ros2_ws_lab/lab3/install/dynamixel_sdk_custom_interfaces:/home/rosdev/ros2_ws_lab/lab3/install/dynamixel_sdk:/home/rosdev/turtlebot3_ws/install/turtlebot3:/home/rosdev/turtlebot3_ws/install/turtlebot3_bringup:/home/rosdev/turtlebot3_ws/install/turtlebot3_node:/home/rosdev/turtlebot3_ws/install/turtlebot3_navigation2:/home/rosdev/turtlebot3_ws/install/turtlebot3_msgs:/home/rosdev/turtlebot3_ws/install/turtlebot3_description:/home/rosdev/turtlebot3_ws/install/turtlebot3_cartographer:/home/rosdev/turtlebot3_ws/install/dynamixel_sdk_examples:/home/rosdev/turtlebot3_ws/install/dynamixel_sdk_custom_interfaces:/home/rosdev/turtlebot3_ws/install/dynamixel_sdk:/home/rosdev/turtlebot3_ws/install/turtlebot3_teleop:/home/rosdev/turtlebot3_ws/install/turtlebot3_example:/opt/ros/humble LD_LIBRARY_PATH=/home/rosdev/ros2_ws_lab/lab3/install/dynamixel_sdk_custom_interfaces/lib:/home/rosdev/ros2_ws_lab/lab3/install/dynamixel_sdk/lib:/home/rosdev/turtlebot3_ws/install/turtlebot3_msgs/lib:/home/rosdev/turtlebot3_ws/install/dynamixel_sdk_custom_interfaces/lib:/home/rosdev/turtlebot3_ws/install/dynamixel_sdk/lib:/usr/lib/x86_64-linux-gnu/gazebo-11/plugins:/opt/ros/humble/opt/rviz_ogre_vendor/lib:/opt/ros/humble/lib/x86_64-linux-gnu:/opt/ros/humble/lib:/usr/share/gazebo/../../lib/x86_64-linux-gnu/gazebo-11/plugins:/usr/share/gazebo/../../lib/x86_64-linux-gnu/gazebo-11/plugins:/usr/share/gazebo/../../lib/x86_64-linux-gnu/gazebo-11/plugins PYTHONPATH=/home/rosdev/ros2_ws_lab/lab3/install/dynamixel_sdk_custom_interfaces/local/lib/python3.10/dist-packages:/home/rosdev/ros2_ws_lab/lab3/install/dynamixel_sdk/local/lib/python3.10/dist-packages:${PYTHONPATH} /usr/bin/cmake --install /home/rosdev/ros2_ws_lab/lab3/build/dynamixel_sdk_examples
[16.082s] -- Install configuration: ""
[16.083s] -- Installing: /home/rosdev/ros2_ws_lab/lab3/install/dynamixel_sdk_examples/lib/dynamixel_sdk_examples/read_write_node
[16.087s] -- Set runtime path of "/home/rosdev/ros2_ws_lab/lab3/install/dynamixel_sdk_examples/lib/dynamixel_sdk_examples/read_write_node" to ""
[16.087s] -- Installing: /home/rosdev/ros2_ws_lab/lab3/install/dynamixel_sdk_examples/lib/dynamixel_sdk_examples/read_write_node.py
[16.087s] -- Installing: /home/rosdev/ros2_ws_lab/lab3/install/dynamixel_sdk_examples/share/ament_index/resource_index/package_run_dependencies/dynamixel_sdk_examples
[16.087s] -- Installing: /home/rosdev/ros2_ws_lab/lab3/install/dynamixel_sdk_examples/share/ament_index/resource_index/parent_prefix_path/dynamixel_sdk_examples
[16.087s] -- Installing: /home/rosdev/ros2_ws_lab/lab3/install/dynamixel_sdk_examples/share/dynamixel_sdk_examples/environment/ament_prefix_path.sh
[16.087s] -- Installing: /home/rosdev/ros2_ws_lab/lab3/install/dynamixel_sdk_examples/share/dynamixel_sdk_examples/environment/ament_prefix_path.dsv
[16.088s] -- Installing: /home/rosdev/ros2_ws_lab/lab3/install/dynamixel_sdk_examples/share/dynamixel_sdk_examples/environment/path.sh
[16.088s] -- Installing: /home/rosdev/ros2_ws_lab/lab3/install/dynamixel_sdk_examples/share/dynamixel_sdk_examples/environment/path.dsv
[16.088s] -- Installing: /home/rosdev/ros2_ws_lab/lab3/install/dynamixel_sdk_examples/share/dynamixel_sdk_examples/local_setup.bash
[16.088s] -- Installing: /home/rosdev/ros2_ws_lab/lab3/install/dynamixel_sdk_examples/share/dynamixel_sdk_examples/local_setup.sh
[16.088s] -- Installing: /home/rosdev/ros2_ws_lab/lab3/install/dynamixel_sdk_examples/share/dynamixel_sdk_examples/local_setup.zsh
[16.088s] -- Installing: /home/rosdev/ros2_ws_lab/lab3/install/dynamixel_sdk_examples/share/dynamixel_sdk_examples/local_setup.dsv
[16.088s] -- Installing: /home/rosdev/ros2_ws_lab/lab3/install/dynamixel_sdk_examples/share/dynamixel_sdk_examples/package.dsv
[16.089s] -- Installing: /home/rosdev/ros2_ws_lab/lab3/install/dynamixel_sdk_examples/share/ament_index/resource_index/packages/dynamixel_sdk_examples
[16.089s] -- Installing: /home/rosdev/ros2_ws_lab/lab3/install/dynamixel_sdk_examples/share/dynamixel_sdk_examples/cmake/dynamixel_sdk_examplesConfig.cmake
[16.089s] -- Installing: /home/rosdev/ros2_ws_lab/lab3/install/dynamixel_sdk_examples/share/dynamixel_sdk_examples/cmake/dynamixel_sdk_examplesConfig-version.cmake
[16.089s] -- Installing: /home/rosdev/ros2_ws_lab/lab3/install/dynamixel_sdk_examples/share/dynamixel_sdk_examples/package.xml
[16.092s] Invoked command in '/home/rosdev/ros2_ws_lab/lab3/build/dynamixel_sdk_examples' returned '0': AMENT_PREFIX_PATH=/home/rosdev/ros2_ws_lab/lab3/install/dynamixel_sdk_custom_interfaces:/home/rosdev/ros2_ws_lab/lab3/install/dynamixel_sdk:${AMENT_PREFIX_PATH} CMAKE_PREFIX_PATH=/home/rosdev/ros2_ws_lab/lab3/install/dynamixel_sdk_custom_interfaces:/home/rosdev/ros2_ws_lab/lab3/install/dynamixel_sdk:/home/rosdev/turtlebot3_ws/install/turtlebot3:/home/rosdev/turtlebot3_ws/install/turtlebot3_bringup:/home/rosdev/turtlebot3_ws/install/turtlebot3_node:/home/rosdev/turtlebot3_ws/install/turtlebot3_navigation2:/home/rosdev/turtlebot3_ws/install/turtlebot3_msgs:/home/rosdev/turtlebot3_ws/install/turtlebot3_description:/home/rosdev/turtlebot3_ws/install/turtlebot3_cartographer:/home/rosdev/turtlebot3_ws/install/dynamixel_sdk_examples:/home/rosdev/turtlebot3_ws/install/dynamixel_sdk_custom_interfaces:/home/rosdev/turtlebot3_ws/install/dynamixel_sdk:/home/rosdev/turtlebot3_ws/install/turtlebot3_teleop:/home/rosdev/turtlebot3_ws/install/turtlebot3_example:/opt/ros/humble LD_LIBRARY_PATH=/home/rosdev/ros2_ws_lab/lab3/install/dynamixel_sdk_custom_interfaces/lib:/home/rosdev/ros2_ws_lab/lab3/install/dynamixel_sdk/lib:/home/rosdev/turtlebot3_ws/install/turtlebot3_msgs/lib:/home/rosdev/turtlebot3_ws/install/dynamixel_sdk_custom_interfaces/lib:/home/rosdev/turtlebot3_ws/install/dynamixel_sdk/lib:/usr/lib/x86_64-linux-gnu/gazebo-11/plugins:/opt/ros/humble/opt/rviz_ogre_vendor/lib:/opt/ros/humble/lib/x86_64-linux-gnu:/opt/ros/humble/lib:/usr/share/gazebo/../../lib/x86_64-linux-gnu/gazebo-11/plugins:/usr/share/gazebo/../../lib/x86_64-linux-gnu/gazebo-11/plugins:/usr/share/gazebo/../../lib/x86_64-linux-gnu/gazebo-11/plugins PYTHONPATH=/home/rosdev/ros2_ws_lab/lab3/install/dynamixel_sdk_custom_interfaces/local/lib/python3.10/dist-packages:/home/rosdev/ros2_ws_lab/lab3/install/dynamixel_sdk/local/lib/python3.10/dist-packages:${PYTHONPATH} /usr/bin/cmake --install /home/rosdev/ros2_ws_lab/lab3/build/dynamixel_sdk_examples
