[0.011s] Invoking command in '/home/rosdev/ros2_ws_lab/lab2/build/obstacle_detection': CMAKE_PREFIX_PATH=/opt/ros/humble /usr/bin/cmake /home/rosdev/ros2_ws_lab/lab2/src/obstacle_detection -DCMAKE_INSTALL_PREFIX=/home/rosdev/ros2_ws_lab/lab2/install/obstacle_detection
[0.064s] -- The C compiler identification is GNU 11.4.0
[0.121s] -- The CXX compiler identification is GNU 11.4.0
[0.128s] -- Detecting C compiler ABI info
[0.199s] -- Detecting C compiler ABI info - done
[0.208s] -- Check for working C compiler: /usr/bin/cc - skipped
[0.208s] -- Detecting C compile features
[0.209s] -- Detecting C compile features - done
[0.212s] -- Detecting CXX compiler ABI info
[0.292s] -- Detecting CXX compiler ABI info - done
[0.302s] -- Check for working CXX compiler: /usr/bin/c++ - skipped
[0.302s] -- Detecting CXX compile features
[0.303s] -- Detecting CXX compile features - done
[0.307s] -- Found ament_cmake: 1.3.11 (/opt/ros/humble/share/ament_cmake/cmake)
[0.475s] -- Found Python3: /usr/bin/python3 (found version "3.10.12") found components: Interpreter 
[0.590s] -- Found rclcpp: 16.0.12 (/opt/ros/humble/share/rclcpp/cmake)
[0.646s] -- Found rosidl_generator_c: 3.1.6 (/opt/ros/humble/share/rosidl_generator_c/cmake)
[0.652s] -- Found rosidl_adapter: 3.1.6 (/opt/ros/humble/share/rosidl_adapter/cmake)
[0.662s] -- Found rosidl_generator_cpp: 3.1.6 (/opt/ros/humble/share/rosidl_generator_cpp/cmake)
[0.678s] -- Using all available rosidl_typesupport_c: rosidl_typesupport_fastrtps_c;rosidl_typesupport_introspection_c
[0.699s] -- Using all available rosidl_typesupport_cpp: rosidl_typesupport_fastrtps_cpp;rosidl_typesupport_introspection_cpp
[0.757s] -- Found rmw_implementation_cmake: 6.1.2 (/opt/ros/humble/share/rmw_implementation_cmake/cmake)
[0.760s] -- Found rmw_fastrtps_cpp: 6.2.7 (/opt/ros/humble/share/rmw_fastrtps_cpp/cmake)
[0.846s] -- Found OpenSSL: /usr/lib/x86_64-linux-gnu/libcrypto.so (found version "3.0.2")  
[0.872s] -- Found FastRTPS: /opt/ros/humble/include  
[0.912s] -- Using RMW implementation 'rmw_fastrtps_cpp' as default
[0.922s] -- Looking for pthread.h
[1.003s] -- Looking for pthread.h - found
[1.004s] -- Performing Test CMAKE_HAVE_LIBC_PTHREAD
[1.095s] -- Performing Test CMAKE_HAVE_LIBC_PTHREAD - Success
[1.096s] -- Found Threads: TRUE  
[1.170s] -- Found rclpy: 3.3.16 (/opt/ros/humble/share/rclpy/cmake)
[1.171s] -- Found geometry_msgs: 4.8.0 (/opt/ros/humble/share/geometry_msgs/cmake)
[1.188s] -- Found nav_msgs: 4.8.0 (/opt/ros/humble/share/nav_msgs/cmake)
[1.209s] -- Found sensor_msgs: 4.8.0 (/opt/ros/humble/share/sensor_msgs/cmake)
[1.231s] -- Found visualization_msgs: 4.8.0 (/opt/ros/humble/share/visualization_msgs/cmake)
[1.417s] -- Configuring done
[1.423s] -- Generating done
[1.427s] -- Build files have been written to: /home/rosdev/ros2_ws_lab/lab2/build/obstacle_detection
[1.437s] Invoked command in '/home/rosdev/ros2_ws_lab/lab2/build/obstacle_detection' returned '0': CMAKE_PREFIX_PATH=/opt/ros/humble /usr/bin/cmake /home/rosdev/ros2_ws_lab/lab2/src/obstacle_detection -DCMAKE_INSTALL_PREFIX=/home/rosdev/ros2_ws_lab/lab2/install/obstacle_detection
[1.439s] Invoking command in '/home/rosdev/ros2_ws_lab/lab2/build/obstacle_detection': CMAKE_PREFIX_PATH=/opt/ros/humble /usr/bin/cmake --build /home/rosdev/ros2_ws_lab/lab2/build/obstacle_detection -- -j12 -l12
[1.507s] Built target ament_cmake_python_copy_obstacle_detection
[1.810s] running egg_info
[1.811s] creating obstacle_detection.egg-info
[1.811s] writing obstacle_detection.egg-info/PKG-INFO
[1.811s] writing dependency_links to obstacle_detection.egg-info/dependency_links.txt
[1.811s] writing top-level names to obstacle_detection.egg-info/top_level.txt
[1.812s] writing manifest file 'obstacle_detection.egg-info/SOURCES.txt'
[1.814s] reading manifest file 'obstacle_detection.egg-info/SOURCES.txt'
[1.814s] writing manifest file 'obstacle_detection.egg-info/SOURCES.txt'
[1.840s] Built target ament_cmake_python_build_obstacle_detection_egg
[1.850s] Invoked command in '/home/rosdev/ros2_ws_lab/lab2/build/obstacle_detection' returned '0': CMAKE_PREFIX_PATH=/opt/ros/humble /usr/bin/cmake --build /home/rosdev/ros2_ws_lab/lab2/build/obstacle_detection -- -j12 -l12
[1.853s] Invoking command in '/home/rosdev/ros2_ws_lab/lab2/build/obstacle_detection': CMAKE_PREFIX_PATH=/opt/ros/humble /usr/bin/cmake --install /home/rosdev/ros2_ws_lab/lab2/build/obstacle_detection
[1.860s] -- Install configuration: ""
[1.861s] -- Installing: /home/rosdev/ros2_ws_lab/lab2/install/obstacle_detection/share/obstacle_detection/environment/pythonpath.sh
[1.861s] -- Installing: /home/rosdev/ros2_ws_lab/lab2/install/obstacle_detection/share/obstacle_detection/environment/pythonpath.dsv
[1.861s] -- Installing: /home/rosdev/ros2_ws_lab/lab2/install/obstacle_detection/local/lib/python3.10/dist-packages/obstacle_detection-0.0.1-py3.10.egg-info
[1.861s] -- Installing: /home/rosdev/ros2_ws_lab/lab2/install/obstacle_detection/local/lib/python3.10/dist-packages/obstacle_detection-0.0.1-py3.10.egg-info/SOURCES.txt
[1.861s] -- Installing: /home/rosdev/ros2_ws_lab/lab2/install/obstacle_detection/local/lib/python3.10/dist-packages/obstacle_detection-0.0.1-py3.10.egg-info/dependency_links.txt
[1.861s] -- Installing: /home/rosdev/ros2_ws_lab/lab2/install/obstacle_detection/local/lib/python3.10/dist-packages/obstacle_detection-0.0.1-py3.10.egg-info/PKG-INFO
[1.861s] -- Installing: /home/rosdev/ros2_ws_lab/lab2/install/obstacle_detection/local/lib/python3.10/dist-packages/obstacle_detection-0.0.1-py3.10.egg-info/top_level.txt
[1.862s] -- Installing: /home/rosdev/ros2_ws_lab/lab2/install/obstacle_detection/local/lib/python3.10/dist-packages/obstacle_detection
[1.862s] -- Installing: /home/rosdev/ros2_ws_lab/lab2/install/obstacle_detection/local/lib/python3.10/dist-packages/obstacle_detection/__init__.py
[1.862s] -- Installing: /home/rosdev/ros2_ws_lab/lab2/install/obstacle_detection/local/lib/python3.10/dist-packages/obstacle_detection/lidar_visualizer.py
[1.862s] -- Installing: /home/rosdev/ros2_ws_lab/lab2/install/obstacle_detection/local/lib/python3.10/dist-packages/obstacle_detection/obstacle_detection.py
[1.903s] Listing '/home/rosdev/ros2_ws_lab/lab2/install/obstacle_detection/local/lib/python3.10/dist-packages/obstacle_detection'...
[1.903s] Compiling '/home/rosdev/ros2_ws_lab/lab2/install/obstacle_detection/local/lib/python3.10/dist-packages/obstacle_detection/__init__.py'...
[1.903s] Compiling '/home/rosdev/ros2_ws_lab/lab2/install/obstacle_detection/local/lib/python3.10/dist-packages/obstacle_detection/lidar_visualizer.py'...
[1.903s] Compiling '/home/rosdev/ros2_ws_lab/lab2/install/obstacle_detection/local/lib/python3.10/dist-packages/obstacle_detection/obstacle_detection.py'...
[1.907s] -- Installing: /home/rosdev/ros2_ws_lab/lab2/install/obstacle_detection/lib/obstacle_detection/obstacle_detection.py
[1.907s] -- Installing: /home/rosdev/ros2_ws_lab/lab2/install/obstacle_detection/lib/obstacle_detection/lidar_visualizer.py
[1.907s] -- Installing: /home/rosdev/ros2_ws_lab/lab2/install/obstacle_detection/share/obstacle_detection/launch
[1.907s] -- Installing: /home/rosdev/ros2_ws_lab/lab2/install/obstacle_detection/share/obstacle_detection/launch/obstacle_detection.launch.py
[1.908s] -- Installing: /home/rosdev/ros2_ws_lab/lab2/install/obstacle_detection/share/ament_index/resource_index/package_run_dependencies/obstacle_detection
[1.908s] -- Installing: /home/rosdev/ros2_ws_lab/lab2/install/obstacle_detection/share/ament_index/resource_index/parent_prefix_path/obstacle_detection
[1.908s] -- Installing: /home/rosdev/ros2_ws_lab/lab2/install/obstacle_detection/share/obstacle_detection/environment/ament_prefix_path.sh
[1.908s] -- Installing: /home/rosdev/ros2_ws_lab/lab2/install/obstacle_detection/share/obstacle_detection/environment/ament_prefix_path.dsv
[1.908s] -- Installing: /home/rosdev/ros2_ws_lab/lab2/install/obstacle_detection/share/obstacle_detection/environment/path.sh
[1.908s] -- Installing: /home/rosdev/ros2_ws_lab/lab2/install/obstacle_detection/share/obstacle_detection/environment/path.dsv
[1.909s] -- Installing: /home/rosdev/ros2_ws_lab/lab2/install/obstacle_detection/share/obstacle_detection/local_setup.bash
[1.909s] -- Installing: /home/rosdev/ros2_ws_lab/lab2/install/obstacle_detection/share/obstacle_detection/local_setup.sh
[1.909s] -- Installing: /home/rosdev/ros2_ws_lab/lab2/install/obstacle_detection/share/obstacle_detection/local_setup.zsh
[1.909s] -- Installing: /home/rosdev/ros2_ws_lab/lab2/install/obstacle_detection/share/obstacle_detection/local_setup.dsv
[1.909s] -- Installing: /home/rosdev/ros2_ws_lab/lab2/install/obstacle_detection/share/obstacle_detection/package.dsv
[1.909s] -- Installing: /home/rosdev/ros2_ws_lab/lab2/install/obstacle_detection/share/ament_index/resource_index/packages/obstacle_detection
[1.910s] -- Installing: /home/rosdev/ros2_ws_lab/lab2/install/obstacle_detection/share/obstacle_detection/cmake/obstacle_detectionConfig.cmake
[1.910s] -- Installing: /home/rosdev/ros2_ws_lab/lab2/install/obstacle_detection/share/obstacle_detection/cmake/obstacle_detectionConfig-version.cmake
[1.910s] -- Installing: /home/rosdev/ros2_ws_lab/lab2/install/obstacle_detection/share/obstacle_detection/package.xml
[1.913s] Invoked command in '/home/rosdev/ros2_ws_lab/lab2/build/obstacle_detection' returned '0': CMAKE_PREFIX_PATH=/opt/ros/humble /usr/bin/cmake --install /home/rosdev/ros2_ws_lab/lab2/build/obstacle_detection
