[0.027s] Invoking command in '/home/rosdev/turtlebot3_ws/build/turtlebot3_description': CMAKE_PREFIX_PATH=/opt/ros/humble /usr/bin/cmake /home/rosdev/turtlebot3_ws/src/turtlebot3/turtlebot3_description -DAMENT_CMAKE_SYMLINK_INSTALL=1 -DCMAKE_INSTALL_PREFIX=/home/rosdev/turtlebot3_ws/install/turtlebot3_description
[0.426s] -- The C compiler identification is GNU 11.4.0
[0.427s] -- The CXX compiler identification is GNU 11.4.0
[0.427s] -- Detecting C compiler ABI info
[0.427s] -- Detecting C compiler ABI info - done
[0.427s] -- Check for working C compiler: /usr/bin/cc - skipped
[0.427s] -- Detecting C compile features
[0.427s] -- Detecting C compile features - done
[0.427s] -- Detecting CXX compiler ABI info
[0.428s] -- Detecting CXX compiler ABI info - done
[0.428s] -- Check for working CXX compiler: /usr/bin/c++ - skipped
[0.428s] -- Detecting CXX compile features
[0.428s] -- Detecting CXX compile features - done
[0.428s] -- Found ament_cmake: 1.3.11 (/opt/ros/humble/share/ament_cmake/cmake)
[0.518s] -- Found Python3: /usr/bin/python3 (found version "3.10.12") found components: Interpreter 
[0.589s] -- Override CMake install command with custom implementation using symlinks instead of copying resources
[0.620s] -- Found urdf: 2.6.1 (/opt/ros/humble/share/urdf/cmake)
[0.819s] -- Configuring done
[0.822s] -- Generating done
[0.825s] -- Build files have been written to: /home/rosdev/turtlebot3_ws/build/turtlebot3_description
[0.834s] Invoked command in '/home/rosdev/turtlebot3_ws/build/turtlebot3_description' returned '0': CMAKE_PREFIX_PATH=/opt/ros/humble /usr/bin/cmake /home/rosdev/turtlebot3_ws/src/turtlebot3/turtlebot3_description -DAMENT_CMAKE_SYMLINK_INSTALL=1 -DCMAKE_INSTALL_PREFIX=/home/rosdev/turtlebot3_ws/install/turtlebot3_description
[0.837s] Invoking command in '/home/rosdev/turtlebot3_ws/build/turtlebot3_description': CMAKE_PREFIX_PATH=/opt/ros/humble /usr/bin/cmake --build /home/rosdev/turtlebot3_ws/build/turtlebot3_description -- -j12 -l12
[0.882s] Invoked command in '/home/rosdev/turtlebot3_ws/build/turtlebot3_description' returned '0': CMAKE_PREFIX_PATH=/opt/ros/humble /usr/bin/cmake --build /home/rosdev/turtlebot3_ws/build/turtlebot3_description -- -j12 -l12
[0.885s] Invoking command in '/home/rosdev/turtlebot3_ws/build/turtlebot3_description': CMAKE_PREFIX_PATH=/opt/ros/humble /usr/bin/cmake --install /home/rosdev/turtlebot3_ws/build/turtlebot3_description
[0.895s] -- Install configuration: ""
[0.896s] -- Execute custom install script
[0.897s] -- Symlinking: /home/rosdev/turtlebot3_ws/install/turtlebot3_description/share/turtlebot3_description/meshes/bases/burger_base.stl
[0.912s] -- Symlinking: /home/rosdev/turtlebot3_ws/install/turtlebot3_description/share/turtlebot3_description/meshes/bases/waffle_base.stl
[0.942s] -- Symlinking: /home/rosdev/turtlebot3_ws/install/turtlebot3_description/share/turtlebot3_description/meshes/bases/waffle_pi_base.stl
[0.967s] -- Symlinking: /home/rosdev/turtlebot3_ws/install/turtlebot3_description/share/turtlebot3_description/meshes/sensors/astra.dae
[0.981s] -- Symlinking: /home/rosdev/turtlebot3_ws/install/turtlebot3_description/share/turtlebot3_description/meshes/sensors/astra.jpg
[0.997s] -- Symlinking: /home/rosdev/turtlebot3_ws/install/turtlebot3_description/share/turtlebot3_description/meshes/sensors/lds.stl
[1.013s] -- Symlinking: /home/rosdev/turtlebot3_ws/install/turtlebot3_description/share/turtlebot3_description/meshes/sensors/r200.dae
[1.040s] -- Symlinking: /home/rosdev/turtlebot3_ws/install/turtlebot3_description/share/turtlebot3_description/meshes/sensors/r200.jpg
[1.070s] -- Symlinking: /home/rosdev/turtlebot3_ws/install/turtlebot3_description/share/turtlebot3_description/meshes/wheels/left_tire.stl
[1.096s] -- Symlinking: /home/rosdev/turtlebot3_ws/install/turtlebot3_description/share/turtlebot3_description/meshes/wheels/right_tire.stl
[1.126s] -- Symlinking: /home/rosdev/turtlebot3_ws/install/turtlebot3_description/share/turtlebot3_description/rviz/model.rviz
[1.146s] -- Symlinking: /home/rosdev/turtlebot3_ws/install/turtlebot3_description/share/turtlebot3_description/urdf/common_properties.urdf
[1.160s] -- Symlinking: /home/rosdev/turtlebot3_ws/install/turtlebot3_description/share/turtlebot3_description/urdf/turtlebot3_burger.urdf
[1.174s] -- Symlinking: /home/rosdev/turtlebot3_ws/install/turtlebot3_description/share/turtlebot3_description/urdf/turtlebot3_waffle.urdf
[1.195s] -- Symlinking: /home/rosdev/turtlebot3_ws/install/turtlebot3_description/share/turtlebot3_description/urdf/turtlebot3_waffle_pi.urdf
[1.221s] -- Symlinking: /home/rosdev/turtlebot3_ws/install/turtlebot3_description/share/ament_index/resource_index/package_run_dependencies/turtlebot3_description
[1.254s] -- Symlinking: /home/rosdev/turtlebot3_ws/install/turtlebot3_description/share/ament_index/resource_index/parent_prefix_path/turtlebot3_description
[1.269s] -- Symlinking: /home/rosdev/turtlebot3_ws/install/turtlebot3_description/share/turtlebot3_description/environment/ament_prefix_path.sh
[1.286s] -- Symlinking: /home/rosdev/turtlebot3_ws/install/turtlebot3_description/share/turtlebot3_description/environment/ament_prefix_path.dsv
[1.301s] -- Symlinking: /home/rosdev/turtlebot3_ws/install/turtlebot3_description/share/turtlebot3_description/environment/path.sh
[1.318s] -- Symlinking: /home/rosdev/turtlebot3_ws/install/turtlebot3_description/share/turtlebot3_description/environment/path.dsv
[1.349s] -- Symlinking: /home/rosdev/turtlebot3_ws/install/turtlebot3_description/share/turtlebot3_description/local_setup.bash
[1.376s] -- Symlinking: /home/rosdev/turtlebot3_ws/install/turtlebot3_description/share/turtlebot3_description/local_setup.sh
[1.384s] -- Symlinking: /home/rosdev/turtlebot3_ws/install/turtlebot3_description/share/turtlebot3_description/local_setup.zsh
[1.398s] -- Symlinking: /home/rosdev/turtlebot3_ws/install/turtlebot3_description/share/turtlebot3_description/local_setup.dsv
[1.413s] -- Symlinking: /home/rosdev/turtlebot3_ws/install/turtlebot3_description/share/turtlebot3_description/package.dsv
[1.429s] -- Symlinking: /home/rosdev/turtlebot3_ws/install/turtlebot3_description/share/ament_index/resource_index/packages/turtlebot3_description
[1.443s] -- Symlinking: /home/rosdev/turtlebot3_ws/install/turtlebot3_description/share/turtlebot3_description/cmake/turtlebot3_descriptionConfig.cmake
[1.457s] -- Symlinking: /home/rosdev/turtlebot3_ws/install/turtlebot3_description/share/turtlebot3_description/cmake/turtlebot3_descriptionConfig-version.cmake
[1.472s] -- Symlinking: /home/rosdev/turtlebot3_ws/install/turtlebot3_description/share/turtlebot3_description/package.xml
[1.493s] Invoked command in '/home/rosdev/turtlebot3_ws/build/turtlebot3_description' returned '0': CMAKE_PREFIX_PATH=/opt/ros/humble /usr/bin/cmake --install /home/rosdev/turtlebot3_ws/build/turtlebot3_description
