-- Install configuration: ""
-- Up-to-date: /home/rosdev/ros2_ws_lab/lab2/install/bringup/share/bringup//launch
-- Up-to-date: /home/rosdev/ros2_ws_lab/lab2/install/bringup/share/bringup//launch/localization_launch.py
-- Up-to-date: /home/rosdev/ros2_ws_lab/lab2/install/bringup/share/bringup//launch/main.launch.py
-- Up-to-date: /home/rosdev/ros2_ws_lab/lab2/install/bringup/share/bringup//launch/rviz_launch.py
-- Up-to-date: /home/rosdev/ros2_ws_lab/lab2/install/bringup/share/bringup//launch/slam_launch.py
-- Up-to-date: /home/rosdev/ros2_ws_lab/lab2/install/bringup/share/bringup//launch/navigation_launch.py
-- Up-to-date: /home/rosdev/ros2_ws_lab/lab2/install/bringup/share/bringup//launch/bringup_launch.py
-- Up-to-date: /home/rosdev/ros2_ws_lab/lab2/install/bringup/share/bringup//models
-- Up-to-date: /home/rosdev/ros2_ws_lab/lab2/install/bringup/share/bringup//models/turtlebot3_burger
-- Up-to-date: /home/rosdev/ros2_ws_lab/lab2/install/bringup/share/bringup//models/turtlebot3_burger/model.config
-- Up-to-date: /home/rosdev/ros2_ws_lab/lab2/install/bringup/share/bringup//models/turtlebot3_burger/model.sdf
-- Up-to-date: /home/rosdev/ros2_ws_lab/lab2/install/bringup/share/bringup//models/turtlebot3_burger/model-1_4.sdf
-- Up-to-date: /home/rosdev/ros2_ws_lab/lab2/install/bringup/share/bringup//models/turtlebot3_burger/meshes
-- Up-to-date: /home/rosdev/ros2_ws_lab/lab2/install/bringup/share/bringup//models/turtlebot3_burger/meshes/lds.dae
-- Up-to-date: /home/rosdev/ros2_ws_lab/lab2/install/bringup/share/bringup//models/turtlebot3_burger/meshes/burger_base.dae
-- Up-to-date: /home/rosdev/ros2_ws_lab/lab2/install/bringup/share/bringup//models/turtlebot3_burger/meshes/tire.dae
-- Up-to-date: /home/rosdev/ros2_ws_lab/lab2/install/bringup/share/bringup//models/turtlebot3_waffle
-- Up-to-date: /home/rosdev/ros2_ws_lab/lab2/install/bringup/share/bringup//models/turtlebot3_waffle/model.config
-- Up-to-date: /home/rosdev/ros2_ws_lab/lab2/install/bringup/share/bringup//models/turtlebot3_waffle/model_nocamera.sdf
-- Up-to-date: /home/rosdev/ros2_ws_lab/lab2/install/bringup/share/bringup//models/turtlebot3_waffle/model.sdf
-- Up-to-date: /home/rosdev/ros2_ws_lab/lab2/install/bringup/share/bringup//models/turtlebot3_waffle/model-1_4.sdf
-- Up-to-date: /home/rosdev/ros2_ws_lab/lab2/install/bringup/share/bringup//models/turtlebot3_waffle/meshes
-- Up-to-date: /home/rosdev/ros2_ws_lab/lab2/install/bringup/share/bringup//models/turtlebot3_waffle/meshes/r200.dae
-- Up-to-date: /home/rosdev/ros2_ws_lab/lab2/install/bringup/share/bringup//models/turtlebot3_waffle/meshes/lds.dae
-- Up-to-date: /home/rosdev/ros2_ws_lab/lab2/install/bringup/share/bringup//models/turtlebot3_waffle/meshes/waffle_base.dae
-- Up-to-date: /home/rosdev/ros2_ws_lab/lab2/install/bringup/share/bringup//models/turtlebot3_waffle/meshes/tire.dae
-- Up-to-date: /home/rosdev/ros2_ws_lab/lab2/install/bringup/share/bringup//rviz
-- Up-to-date: /home/rosdev/ros2_ws_lab/lab2/install/bringup/share/bringup//rviz/nav2_default_view.rviz
-- Up-to-date: /home/rosdev/ros2_ws_lab/lab2/install/bringup/share/bringup//urdf
-- Up-to-date: /home/rosdev/ros2_ws_lab/lab2/install/bringup/share/bringup//urdf/turtlebot3_burger.urdf
-- Up-to-date: /home/rosdev/ros2_ws_lab/lab2/install/bringup/share/bringup//urdf/turtlebot3_waffle.urdf
-- Up-to-date: /home/rosdev/ros2_ws_lab/lab2/install/bringup/share/bringup//urdf/common_properties.urdf
-- Up-to-date: /home/rosdev/ros2_ws_lab/lab2/install/bringup/share/bringup//worlds
-- Up-to-date: /home/rosdev/ros2_ws_lab/lab2/install/bringup/share/bringup//worlds/turtlebot3_world.world
-- Up-to-date: /home/rosdev/ros2_ws_lab/lab2/install/bringup/share/bringup//params
-- Up-to-date: /home/rosdev/ros2_ws_lab/lab2/install/bringup/share/bringup//params/nav2_params.yaml
-- Up-to-date: /home/rosdev/ros2_ws_lab/lab2/install/bringup/share/bringup//maps
-- Up-to-date: /home/rosdev/ros2_ws_lab/lab2/install/bringup/share/bringup//maps/map.pgm
-- Up-to-date: /home/rosdev/ros2_ws_lab/lab2/install/bringup/share/bringup//maps/map.yaml
-- Up-to-date: /home/rosdev/ros2_ws_lab/lab2/install/bringup/share/bringup/environment/.gazebo.dsv
-- Up-to-date: /home/rosdev/ros2_ws_lab/lab2/install/bringup/share/ament_index/resource_index/package_run_dependencies/bringup
-- Up-to-date: /home/rosdev/ros2_ws_lab/lab2/install/bringup/share/ament_index/resource_index/parent_prefix_path/bringup
-- Up-to-date: /home/rosdev/ros2_ws_lab/lab2/install/bringup/share/bringup/environment/ament_prefix_path.sh
-- Up-to-date: /home/rosdev/ros2_ws_lab/lab2/install/bringup/share/bringup/environment/ament_prefix_path.dsv
-- Up-to-date: /home/rosdev/ros2_ws_lab/lab2/install/bringup/share/bringup/environment/path.sh
-- Up-to-date: /home/rosdev/ros2_ws_lab/lab2/install/bringup/share/bringup/environment/path.dsv
-- Up-to-date: /home/rosdev/ros2_ws_lab/lab2/install/bringup/share/bringup/local_setup.bash
-- Up-to-date: /home/rosdev/ros2_ws_lab/lab2/install/bringup/share/bringup/local_setup.sh
-- Up-to-date: /home/rosdev/ros2_ws_lab/lab2/install/bringup/share/bringup/local_setup.zsh
-- Up-to-date: /home/rosdev/ros2_ws_lab/lab2/install/bringup/share/bringup/local_setup.dsv
-- Up-to-date: /home/rosdev/ros2_ws_lab/lab2/install/bringup/share/bringup/package.dsv
-- Up-to-date: /home/rosdev/ros2_ws_lab/lab2/install/bringup/share/ament_index/resource_index/packages/bringup
-- Up-to-date: /home/rosdev/ros2_ws_lab/lab2/install/bringup/share/bringup/cmake/bringupConfig.cmake
-- Up-to-date: /home/rosdev/ros2_ws_lab/lab2/install/bringup/share/bringup/cmake/bringupConfig-version.cmake
-- Up-to-date: /home/rosdev/ros2_ws_lab/lab2/install/bringup/share/bringup/package.xml
