[0.046s] Invoking command in '/home/rosdev/ros2_ws_lab/lab3/build/dynamixel_sdk_examples': AMENT_PREFIX_PATH=/home/rosdev/ros2_ws_lab/lab3/install/dynamixel_sdk_custom_interfaces:/home/rosdev/ros2_ws_lab/lab3/install/dynamixel_sdk:${AMENT_PREFIX_PATH} CMAKE_PREFIX_PATH=/home/rosdev/ros2_ws_lab/lab3/install/dynamixel_sdk_custom_interfaces:/home/rosdev/ros2_ws_lab/lab3/install/dynamixel_sdk:/home/rosdev/turtlebot3_ws/install/turtlebot3:/home/rosdev/turtlebot3_ws/install/turtlebot3_bringup:/home/rosdev/turtlebot3_ws/install/turtlebot3_node:/home/rosdev/turtlebot3_ws/install/turtlebot3_navigation2:/home/rosdev/turtlebot3_ws/install/turtlebot3_msgs:/home/rosdev/turtlebot3_ws/install/turtlebot3_description:/home/rosdev/turtlebot3_ws/install/turtlebot3_cartographer:/home/rosdev/turtlebot3_ws/install/dynamixel_sdk_examples:/home/rosdev/turtlebot3_ws/install/dynamixel_sdk_custom_interfaces:/home/rosdev/turtlebot3_ws/install/dynamixel_sdk:/home/rosdev/turtlebot3_ws/install/turtlebot3_teleop:/home/rosdev/turtlebot3_ws/install/turtlebot3_example:/opt/ros/humble LD_LIBRARY_PATH=/home/rosdev/ros2_ws_lab/lab3/install/dynamixel_sdk_custom_interfaces/lib:/home/rosdev/ros2_ws_lab/lab3/install/dynamixel_sdk/lib:/home/rosdev/turtlebot3_ws/install/turtlebot3_msgs/lib:/home/rosdev/turtlebot3_ws/install/dynamixel_sdk_custom_interfaces/lib:/home/rosdev/turtlebot3_ws/install/dynamixel_sdk/lib:/usr/lib/x86_64-linux-gnu/gazebo-11/plugins:/opt/ros/humble/opt/rviz_ogre_vendor/lib:/opt/ros/humble/lib/x86_64-linux-gnu:/opt/ros/humble/lib:/usr/share/gazebo/../../lib/x86_64-linux-gnu/gazebo-11/plugins:/usr/share/gazebo/../../lib/x86_64-linux-gnu/gazebo-11/plugins:/usr/share/gazebo/../../lib/x86_64-linux-gnu/gazebo-11/plugins PYTHONPATH=/home/rosdev/ros2_ws_lab/lab3/install/dynamixel_sdk_custom_interfaces/local/lib/python3.10/dist-packages:/home/rosdev/ros2_ws_lab/lab3/install/dynamixel_sdk/local/lib/python3.10/dist-packages:${PYTHONPATH} /usr/bin/cmake /home/rosdev/ros2_ws_lab/lab3/src/DynamixelSDK/ros/dynamixel_sdk_examples -DAMENT_CMAKE_SYMLINK_INSTALL=1 -DCMAKE_INSTALL_PREFIX=/home/rosdev/ros2_ws_lab/lab3/install/dynamixel_sdk_examples
[0.152s] -- The C compiler identification is GNU 11.4.0
[0.349s] -- The CXX compiler identification is GNU 11.4.0
[0.370s] -- Detecting C compiler ABI info
[0.499s] -- Detecting C compiler ABI info - done
[0.531s] -- Check for working C compiler: /usr/bin/cc - skipped
[0.533s] -- Detecting C compile features
[0.535s] -- Detecting C compile features - done
[0.543s] -- Detecting CXX compiler ABI info
[0.710s] -- Detecting CXX compiler ABI info - done
[0.729s] -- Check for working CXX compiler: /usr/bin/c++ - skipped
[0.730s] -- Detecting CXX compile features
[0.731s] -- Detecting CXX compile features - done
[0.738s] -- Found ament_cmake: 1.3.11 (/opt/ros/humble/share/ament_cmake/cmake)
[1.181s] -- Found Python3: /usr/bin/python3 (found version "3.10.12") found components: Interpreter 
[1.279s] -- Override CMake install command with custom implementation using symlinks instead of copying resources
[1.330s] -- Found dynamixel_sdk: 3.8.3 (/home/rosdev/ros2_ws_lab/lab3/install/dynamixel_sdk/share/dynamixel_sdk/cmake)
[1.331s] -- Found dynamixel_sdk_custom_interfaces: 3.8.3 (/home/rosdev/ros2_ws_lab/lab3/install/dynamixel_sdk_custom_interfaces/share/dynamixel_sdk_custom_interfaces/cmake)
[1.380s] -- Found rosidl_generator_c: 3.1.6 (/opt/ros/humble/share/rosidl_generator_c/cmake)
[1.388s] -- Found rosidl_adapter: 3.1.6 (/opt/ros/humble/share/rosidl_adapter/cmake)
[1.400s] -- Found rosidl_generator_cpp: 3.1.6 (/opt/ros/humble/share/rosidl_generator_cpp/cmake)
[1.418s] -- Using all available rosidl_typesupport_c: rosidl_typesupport_fastrtps_c;rosidl_typesupport_introspection_c
[1.442s] -- Using all available rosidl_typesupport_cpp: rosidl_typesupport_fastrtps_cpp;rosidl_typesupport_introspection_cpp
[1.479s] -- Found rclcpp: 16.0.12 (/opt/ros/humble/share/rclcpp/cmake)
[1.545s] -- Found rmw_implementation_cmake: 6.1.2 (/opt/ros/humble/share/rmw_implementation_cmake/cmake)
[1.551s] -- Found rmw_fastrtps_cpp: 6.2.7 (/opt/ros/humble/share/rmw_fastrtps_cpp/cmake)
[1.655s] -- Found OpenSSL: /usr/lib/x86_64-linux-gnu/libcrypto.so (found version "3.0.2")  
[1.685s] -- Found FastRTPS: /opt/ros/humble/include  
[1.729s] -- Using RMW implementation 'rmw_fastrtps_cpp' as default
[1.745s] -- Looking for pthread.h
[1.821s] -- Looking for pthread.h - found
[1.821s] -- Performing Test CMAKE_HAVE_LIBC_PTHREAD
[1.896s] -- Performing Test CMAKE_HAVE_LIBC_PTHREAD - Success
[1.897s] -- Found Threads: TRUE  
[1.971s] -- Found rclpy: 3.3.16 (/opt/ros/humble/share/rclpy/cmake)
[1.976s] -- Found ament_lint_auto: 0.12.12 (/opt/ros/humble/share/ament_lint_auto/cmake)
[2.082s] -- Added test 'copyright' to check source files copyright and LICENSE
[2.084s] -- Added test 'cppcheck' to perform static code analysis on C / C++ code
[2.084s] -- Configured cppcheck include dirs: /home/rosdev/ros2_ws_lab/lab3/src/DynamixelSDK/ros/dynamixel_sdk_examples/include
[2.084s] -- Configured cppcheck exclude dirs and/or files: 
[2.085s] -- Added test 'cpplint' to check C / C++ code against the Google style
[2.086s] -- Configured cpplint exclude dirs and/or files: 
[2.086s] -- Added test 'flake8' to check Python code syntax and style conventions
[2.087s] -- Added test 'lint_cmake' to check CMake code style
[2.088s] -- Added test 'pep257' to check Python code against some of the docstring style conventions in PEP 257
[2.090s] -- Added test 'uncrustify' to check C / C++ code style
[2.090s] -- Configured uncrustify additional arguments: 
[2.091s] -- Added test 'xmllint' to check XML markup files
[2.093s] -- Configuring done
[2.103s] -- Generating done
[2.106s] -- Build files have been written to: /home/rosdev/ros2_ws_lab/lab3/build/dynamixel_sdk_examples
[2.115s] Invoked command in '/home/rosdev/ros2_ws_lab/lab3/build/dynamixel_sdk_examples' returned '0': AMENT_PREFIX_PATH=/home/rosdev/ros2_ws_lab/lab3/install/dynamixel_sdk_custom_interfaces:/home/rosdev/ros2_ws_lab/lab3/install/dynamixel_sdk:${AMENT_PREFIX_PATH} CMAKE_PREFIX_PATH=/home/rosdev/ros2_ws_lab/lab3/install/dynamixel_sdk_custom_interfaces:/home/rosdev/ros2_ws_lab/lab3/install/dynamixel_sdk:/home/rosdev/turtlebot3_ws/install/turtlebot3:/home/rosdev/turtlebot3_ws/install/turtlebot3_bringup:/home/rosdev/turtlebot3_ws/install/turtlebot3_node:/home/rosdev/turtlebot3_ws/install/turtlebot3_navigation2:/home/rosdev/turtlebot3_ws/install/turtlebot3_msgs:/home/rosdev/turtlebot3_ws/install/turtlebot3_description:/home/rosdev/turtlebot3_ws/install/turtlebot3_cartographer:/home/rosdev/turtlebot3_ws/install/dynamixel_sdk_examples:/home/rosdev/turtlebot3_ws/install/dynamixel_sdk_custom_interfaces:/home/rosdev/turtlebot3_ws/install/dynamixel_sdk:/home/rosdev/turtlebot3_ws/install/turtlebot3_teleop:/home/rosdev/turtlebot3_ws/install/turtlebot3_example:/opt/ros/humble LD_LIBRARY_PATH=/home/rosdev/ros2_ws_lab/lab3/install/dynamixel_sdk_custom_interfaces/lib:/home/rosdev/ros2_ws_lab/lab3/install/dynamixel_sdk/lib:/home/rosdev/turtlebot3_ws/install/turtlebot3_msgs/lib:/home/rosdev/turtlebot3_ws/install/dynamixel_sdk_custom_interfaces/lib:/home/rosdev/turtlebot3_ws/install/dynamixel_sdk/lib:/usr/lib/x86_64-linux-gnu/gazebo-11/plugins:/opt/ros/humble/opt/rviz_ogre_vendor/lib:/opt/ros/humble/lib/x86_64-linux-gnu:/opt/ros/humble/lib:/usr/share/gazebo/../../lib/x86_64-linux-gnu/gazebo-11/plugins:/usr/share/gazebo/../../lib/x86_64-linux-gnu/gazebo-11/plugins:/usr/share/gazebo/../../lib/x86_64-linux-gnu/gazebo-11/plugins PYTHONPATH=/home/rosdev/ros2_ws_lab/lab3/install/dynamixel_sdk_custom_interfaces/local/lib/python3.10/dist-packages:/home/rosdev/ros2_ws_lab/lab3/install/dynamixel_sdk/local/lib/python3.10/dist-packages:${PYTHONPATH} /usr/bin/cmake /home/rosdev/ros2_ws_lab/lab3/src/DynamixelSDK/ros/dynamixel_sdk_examples -DAMENT_CMAKE_SYMLINK_INSTALL=1 -DCMAKE_INSTALL_PREFIX=/home/rosdev/ros2_ws_lab/lab3/install/dynamixel_sdk_examples
[2.117s] Invoking command in '/home/rosdev/ros2_ws_lab/lab3/build/dynamixel_sdk_examples': AMENT_PREFIX_PATH=/home/rosdev/ros2_ws_lab/lab3/install/dynamixel_sdk_custom_interfaces:/home/rosdev/ros2_ws_lab/lab3/install/dynamixel_sdk:${AMENT_PREFIX_PATH} CMAKE_PREFIX_PATH=/home/rosdev/ros2_ws_lab/lab3/install/dynamixel_sdk_custom_interfaces:/home/rosdev/ros2_ws_lab/lab3/install/dynamixel_sdk:/home/rosdev/turtlebot3_ws/install/turtlebot3:/home/rosdev/turtlebot3_ws/install/turtlebot3_bringup:/home/rosdev/turtlebot3_ws/install/turtlebot3_node:/home/rosdev/turtlebot3_ws/install/turtlebot3_navigation2:/home/rosdev/turtlebot3_ws/install/turtlebot3_msgs:/home/rosdev/turtlebot3_ws/install/turtlebot3_description:/home/rosdev/turtlebot3_ws/install/turtlebot3_cartographer:/home/rosdev/turtlebot3_ws/install/dynamixel_sdk_examples:/home/rosdev/turtlebot3_ws/install/dynamixel_sdk_custom_interfaces:/home/rosdev/turtlebot3_ws/install/dynamixel_sdk:/home/rosdev/turtlebot3_ws/install/turtlebot3_teleop:/home/rosdev/turtlebot3_ws/install/turtlebot3_example:/opt/ros/humble LD_LIBRARY_PATH=/home/rosdev/ros2_ws_lab/lab3/install/dynamixel_sdk_custom_interfaces/lib:/home/rosdev/ros2_ws_lab/lab3/install/dynamixel_sdk/lib:/home/rosdev/turtlebot3_ws/install/turtlebot3_msgs/lib:/home/rosdev/turtlebot3_ws/install/dynamixel_sdk_custom_interfaces/lib:/home/rosdev/turtlebot3_ws/install/dynamixel_sdk/lib:/usr/lib/x86_64-linux-gnu/gazebo-11/plugins:/opt/ros/humble/opt/rviz_ogre_vendor/lib:/opt/ros/humble/lib/x86_64-linux-gnu:/opt/ros/humble/lib:/usr/share/gazebo/../../lib/x86_64-linux-gnu/gazebo-11/plugins:/usr/share/gazebo/../../lib/x86_64-linux-gnu/gazebo-11/plugins:/usr/share/gazebo/../../lib/x86_64-linux-gnu/gazebo-11/plugins PYTHONPATH=/home/rosdev/ros2_ws_lab/lab3/install/dynamixel_sdk_custom_interfaces/local/lib/python3.10/dist-packages:/home/rosdev/ros2_ws_lab/lab3/install/dynamixel_sdk/local/lib/python3.10/dist-packages:${PYTHONPATH} /usr/bin/cmake --build /home/rosdev/ros2_ws_lab/lab3/build/dynamixel_sdk_examples -- -j12 -l12
[2.167s] [ 50%] [32mBuilding CXX object CMakeFiles/read_write_node.dir/src/read_write_node.cpp.o[0m
[14.516s] [100%] [32m[1mLinking CXX executable read_write_node[0m
[14.963s] [100%] Built target read_write_node
[14.975s] Invoked command in '/home/rosdev/ros2_ws_lab/lab3/build/dynamixel_sdk_examples' returned '0': AMENT_PREFIX_PATH=/home/rosdev/ros2_ws_lab/lab3/install/dynamixel_sdk_custom_interfaces:/home/rosdev/ros2_ws_lab/lab3/install/dynamixel_sdk:${AMENT_PREFIX_PATH} CMAKE_PREFIX_PATH=/home/rosdev/ros2_ws_lab/lab3/install/dynamixel_sdk_custom_interfaces:/home/rosdev/ros2_ws_lab/lab3/install/dynamixel_sdk:/home/rosdev/turtlebot3_ws/install/turtlebot3:/home/rosdev/turtlebot3_ws/install/turtlebot3_bringup:/home/rosdev/turtlebot3_ws/install/turtlebot3_node:/home/rosdev/turtlebot3_ws/install/turtlebot3_navigation2:/home/rosdev/turtlebot3_ws/install/turtlebot3_msgs:/home/rosdev/turtlebot3_ws/install/turtlebot3_description:/home/rosdev/turtlebot3_ws/install/turtlebot3_cartographer:/home/rosdev/turtlebot3_ws/install/dynamixel_sdk_examples:/home/rosdev/turtlebot3_ws/install/dynamixel_sdk_custom_interfaces:/home/rosdev/turtlebot3_ws/install/dynamixel_sdk:/home/rosdev/turtlebot3_ws/install/turtlebot3_teleop:/home/rosdev/turtlebot3_ws/install/turtlebot3_example:/opt/ros/humble LD_LIBRARY_PATH=/home/rosdev/ros2_ws_lab/lab3/install/dynamixel_sdk_custom_interfaces/lib:/home/rosdev/ros2_ws_lab/lab3/install/dynamixel_sdk/lib:/home/rosdev/turtlebot3_ws/install/turtlebot3_msgs/lib:/home/rosdev/turtlebot3_ws/install/dynamixel_sdk_custom_interfaces/lib:/home/rosdev/turtlebot3_ws/install/dynamixel_sdk/lib:/usr/lib/x86_64-linux-gnu/gazebo-11/plugins:/opt/ros/humble/opt/rviz_ogre_vendor/lib:/opt/ros/humble/lib/x86_64-linux-gnu:/opt/ros/humble/lib:/usr/share/gazebo/../../lib/x86_64-linux-gnu/gazebo-11/plugins:/usr/share/gazebo/../../lib/x86_64-linux-gnu/gazebo-11/plugins:/usr/share/gazebo/../../lib/x86_64-linux-gnu/gazebo-11/plugins PYTHONPATH=/home/rosdev/ros2_ws_lab/lab3/install/dynamixel_sdk_custom_interfaces/local/lib/python3.10/dist-packages:/home/rosdev/ros2_ws_lab/lab3/install/dynamixel_sdk/local/lib/python3.10/dist-packages:${PYTHONPATH} /usr/bin/cmake --build /home/rosdev/ros2_ws_lab/lab3/build/dynamixel_sdk_examples -- -j12 -l12
[14.977s] Invoking command in '/home/rosdev/ros2_ws_lab/lab3/build/dynamixel_sdk_examples': AMENT_PREFIX_PATH=/home/rosdev/ros2_ws_lab/lab3/install/dynamixel_sdk_custom_interfaces:/home/rosdev/ros2_ws_lab/lab3/install/dynamixel_sdk:${AMENT_PREFIX_PATH} CMAKE_PREFIX_PATH=/home/rosdev/ros2_ws_lab/lab3/install/dynamixel_sdk_custom_interfaces:/home/rosdev/ros2_ws_lab/lab3/install/dynamixel_sdk:/home/rosdev/turtlebot3_ws/install/turtlebot3:/home/rosdev/turtlebot3_ws/install/turtlebot3_bringup:/home/rosdev/turtlebot3_ws/install/turtlebot3_node:/home/rosdev/turtlebot3_ws/install/turtlebot3_navigation2:/home/rosdev/turtlebot3_ws/install/turtlebot3_msgs:/home/rosdev/turtlebot3_ws/install/turtlebot3_description:/home/rosdev/turtlebot3_ws/install/turtlebot3_cartographer:/home/rosdev/turtlebot3_ws/install/dynamixel_sdk_examples:/home/rosdev/turtlebot3_ws/install/dynamixel_sdk_custom_interfaces:/home/rosdev/turtlebot3_ws/install/dynamixel_sdk:/home/rosdev/turtlebot3_ws/install/turtlebot3_teleop:/home/rosdev/turtlebot3_ws/install/turtlebot3_example:/opt/ros/humble LD_LIBRARY_PATH=/home/rosdev/ros2_ws_lab/lab3/install/dynamixel_sdk_custom_interfaces/lib:/home/rosdev/ros2_ws_lab/lab3/install/dynamixel_sdk/lib:/home/rosdev/turtlebot3_ws/install/turtlebot3_msgs/lib:/home/rosdev/turtlebot3_ws/install/dynamixel_sdk_custom_interfaces/lib:/home/rosdev/turtlebot3_ws/install/dynamixel_sdk/lib:/usr/lib/x86_64-linux-gnu/gazebo-11/plugins:/opt/ros/humble/opt/rviz_ogre_vendor/lib:/opt/ros/humble/lib/x86_64-linux-gnu:/opt/ros/humble/lib:/usr/share/gazebo/../../lib/x86_64-linux-gnu/gazebo-11/plugins:/usr/share/gazebo/../../lib/x86_64-linux-gnu/gazebo-11/plugins:/usr/share/gazebo/../../lib/x86_64-linux-gnu/gazebo-11/plugins PYTHONPATH=/home/rosdev/ros2_ws_lab/lab3/install/dynamixel_sdk_custom_interfaces/local/lib/python3.10/dist-packages:/home/rosdev/ros2_ws_lab/lab3/install/dynamixel_sdk/local/lib/python3.10/dist-packages:${PYTHONPATH} /usr/bin/cmake --install /home/rosdev/ros2_ws_lab/lab3/build/dynamixel_sdk_examples
[14.985s] -- Install configuration: ""
[14.986s] -- Execute custom install script
[14.986s] -- Symlinking: /home/rosdev/ros2_ws_lab/lab3/install/dynamixel_sdk_examples/lib/dynamixel_sdk_examples/read_write_node
[14.996s] -- Symlinking: /home/rosdev/ros2_ws_lab/lab3/install/dynamixel_sdk_examples/lib/dynamixel_sdk_examples/read_write_node.py
[15.005s] -- Symlinking: /home/rosdev/ros2_ws_lab/lab3/install/dynamixel_sdk_examples/share/ament_index/resource_index/package_run_dependencies/dynamixel_sdk_examples
[15.015s] -- Symlinking: /home/rosdev/ros2_ws_lab/lab3/install/dynamixel_sdk_examples/share/ament_index/resource_index/parent_prefix_path/dynamixel_sdk_examples
[15.024s] -- Symlinking: /home/rosdev/ros2_ws_lab/lab3/install/dynamixel_sdk_examples/share/dynamixel_sdk_examples/environment/ament_prefix_path.sh
[15.034s] -- Symlinking: /home/rosdev/ros2_ws_lab/lab3/install/dynamixel_sdk_examples/share/dynamixel_sdk_examples/environment/ament_prefix_path.dsv
[15.043s] -- Symlinking: /home/rosdev/ros2_ws_lab/lab3/install/dynamixel_sdk_examples/share/dynamixel_sdk_examples/environment/path.sh
[15.052s] -- Symlinking: /home/rosdev/ros2_ws_lab/lab3/install/dynamixel_sdk_examples/share/dynamixel_sdk_examples/environment/path.dsv
[15.061s] -- Symlinking: /home/rosdev/ros2_ws_lab/lab3/install/dynamixel_sdk_examples/share/dynamixel_sdk_examples/local_setup.bash
[15.071s] -- Symlinking: /home/rosdev/ros2_ws_lab/lab3/install/dynamixel_sdk_examples/share/dynamixel_sdk_examples/local_setup.sh
[15.080s] -- Symlinking: /home/rosdev/ros2_ws_lab/lab3/install/dynamixel_sdk_examples/share/dynamixel_sdk_examples/local_setup.zsh
[15.090s] -- Symlinking: /home/rosdev/ros2_ws_lab/lab3/install/dynamixel_sdk_examples/share/dynamixel_sdk_examples/local_setup.dsv
[15.100s] -- Symlinking: /home/rosdev/ros2_ws_lab/lab3/install/dynamixel_sdk_examples/share/dynamixel_sdk_examples/package.dsv
[15.109s] -- Symlinking: /home/rosdev/ros2_ws_lab/lab3/install/dynamixel_sdk_examples/share/ament_index/resource_index/packages/dynamixel_sdk_examples
[15.119s] -- Symlinking: /home/rosdev/ros2_ws_lab/lab3/install/dynamixel_sdk_examples/share/dynamixel_sdk_examples/cmake/dynamixel_sdk_examplesConfig.cmake
[15.129s] -- Symlinking: /home/rosdev/ros2_ws_lab/lab3/install/dynamixel_sdk_examples/share/dynamixel_sdk_examples/cmake/dynamixel_sdk_examplesConfig-version.cmake
[15.138s] -- Symlinking: /home/rosdev/ros2_ws_lab/lab3/install/dynamixel_sdk_examples/share/dynamixel_sdk_examples/package.xml
[15.151s] Invoked command in '/home/rosdev/ros2_ws_lab/lab3/build/dynamixel_sdk_examples' returned '0': AMENT_PREFIX_PATH=/home/rosdev/ros2_ws_lab/lab3/install/dynamixel_sdk_custom_interfaces:/home/rosdev/ros2_ws_lab/lab3/install/dynamixel_sdk:${AMENT_PREFIX_PATH} CMAKE_PREFIX_PATH=/home/rosdev/ros2_ws_lab/lab3/install/dynamixel_sdk_custom_interfaces:/home/rosdev/ros2_ws_lab/lab3/install/dynamixel_sdk:/home/rosdev/turtlebot3_ws/install/turtlebot3:/home/rosdev/turtlebot3_ws/install/turtlebot3_bringup:/home/rosdev/turtlebot3_ws/install/turtlebot3_node:/home/rosdev/turtlebot3_ws/install/turtlebot3_navigation2:/home/rosdev/turtlebot3_ws/install/turtlebot3_msgs:/home/rosdev/turtlebot3_ws/install/turtlebot3_description:/home/rosdev/turtlebot3_ws/install/turtlebot3_cartographer:/home/rosdev/turtlebot3_ws/install/dynamixel_sdk_examples:/home/rosdev/turtlebot3_ws/install/dynamixel_sdk_custom_interfaces:/home/rosdev/turtlebot3_ws/install/dynamixel_sdk:/home/rosdev/turtlebot3_ws/install/turtlebot3_teleop:/home/rosdev/turtlebot3_ws/install/turtlebot3_example:/opt/ros/humble LD_LIBRARY_PATH=/home/rosdev/ros2_ws_lab/lab3/install/dynamixel_sdk_custom_interfaces/lib:/home/rosdev/ros2_ws_lab/lab3/install/dynamixel_sdk/lib:/home/rosdev/turtlebot3_ws/install/turtlebot3_msgs/lib:/home/rosdev/turtlebot3_ws/install/dynamixel_sdk_custom_interfaces/lib:/home/rosdev/turtlebot3_ws/install/dynamixel_sdk/lib:/usr/lib/x86_64-linux-gnu/gazebo-11/plugins:/opt/ros/humble/opt/rviz_ogre_vendor/lib:/opt/ros/humble/lib/x86_64-linux-gnu:/opt/ros/humble/lib:/usr/share/gazebo/../../lib/x86_64-linux-gnu/gazebo-11/plugins:/usr/share/gazebo/../../lib/x86_64-linux-gnu/gazebo-11/plugins:/usr/share/gazebo/../../lib/x86_64-linux-gnu/gazebo-11/plugins PYTHONPATH=/home/rosdev/ros2_ws_lab/lab3/install/dynamixel_sdk_custom_interfaces/local/lib/python3.10/dist-packages:/home/rosdev/ros2_ws_lab/lab3/install/dynamixel_sdk/local/lib/python3.10/dist-packages:${PYTHONPATH} /usr/bin/cmake --install /home/rosdev/ros2_ws_lab/lab3/build/dynamixel_sdk_examples
