[0.146s] DEBUG:colcon:Command line arguments: ['/usr/bin/colcon', 'build']
[0.147s] DEBUG:colcon:Parsed command line arguments: Namespace(log_base=None, log_level=None, verb_name='build', build_base='build', install_base='install', merge_install=False, symlink_install=False, test_result_base=None, continue_on_error=False, executor='parallel', parallel_workers=12, event_handlers=None, ignore_user_meta=False, metas=['./colcon.meta'], base_paths=['.'], packages_ignore=None, packages_ignore_regex=None, paths=None, packages_up_to=None, packages_up_to_regex=None, packages_above=None, packages_above_and_dependencies=None, packages_above_depth=None, packages_select_by_dep=None, packages_skip_by_dep=None, packages_skip_up_to=None, packages_select_build_failed=False, packages_skip_build_finished=False, packages_select_test_failures=False, packages_skip_test_passed=False, packages_select=None, packages_skip=None, packages_select_regex=None, packages_skip_regex=None, packages_start=None, packages_end=None, allow_overriding=[], cmake_args=None, cmake_target=None, cmake_target_skip_unavailable=False, cmake_clean_cache=False, cmake_clean_first=False, cmake_force_configure=False, ament_cmake_args=None, catkin_cmake_args=None, catkin_skip_building_tests=False, verb_parser=<colcon_defaults.argument_parser.defaults.DefaultArgumentsDecorator object at 0x79cb01e5bdc0>, verb_extension=<colcon_core.verb.build.BuildVerb object at 0x79cb020688b0>, main=<bound method BuildVerb.main of <colcon_core.verb.build.BuildVerb object at 0x79cb020688b0>>)
[0.364s] Level 1:colcon.colcon_core.package_discovery:discover_packages(colcon_meta) check parameters
[0.364s] Level 1:colcon.colcon_core.package_discovery:discover_packages(recursive) check parameters
[0.364s] Level 1:colcon.colcon_core.package_discovery:discover_packages(ignore) check parameters
[0.364s] Level 1:colcon.colcon_core.package_discovery:discover_packages(path) check parameters
[0.364s] Level 1:colcon.colcon_core.package_discovery:discover_packages(colcon_meta) discover
[0.364s] Level 1:colcon.colcon_core.package_discovery:discover_packages(recursive) discover
[0.365s] INFO:colcon.colcon_core.package_discovery:Crawling recursively for packages in '/home/rosdev/ros2_ws_lab/lab1.1'
[0.365s] Level 1:colcon.colcon_core.package_identification:_identify(.) by extensions ['ignore', 'ignore_ament_install']
[0.365s] Level 1:colcon.colcon_core.package_identification:_identify(.) by extension 'ignore'
[0.365s] Level 1:colcon.colcon_core.package_identification:_identify(.) by extension 'ignore_ament_install'
[0.365s] Level 1:colcon.colcon_core.package_identification:_identify(.) by extensions ['colcon_pkg']
[0.365s] Level 1:colcon.colcon_core.package_identification:_identify(.) by extension 'colcon_pkg'
[0.365s] Level 1:colcon.colcon_core.package_identification:_identify(.) by extensions ['colcon_meta']
[0.365s] Level 1:colcon.colcon_core.package_identification:_identify(.) by extension 'colcon_meta'
[0.365s] Level 1:colcon.colcon_core.package_identification:_identify(.) by extensions ['ros']
[0.365s] Level 1:colcon.colcon_core.package_identification:_identify(.) by extension 'ros'
[0.386s] Level 1:colcon.colcon_core.package_identification:_identify(.) by extensions ['cmake', 'python']
[0.386s] Level 1:colcon.colcon_core.package_identification:_identify(.) by extension 'cmake'
[0.386s] Level 1:colcon.colcon_core.package_identification:_identify(.) by extension 'python'
[0.386s] Level 1:colcon.colcon_core.package_identification:_identify(.) by extensions ['python_setup_py']
[0.386s] Level 1:colcon.colcon_core.package_identification:_identify(.) by extension 'python_setup_py'
[0.386s] Level 1:colcon.colcon_core.package_identification:_identify(build) by extensions ['ignore', 'ignore_ament_install']
[0.386s] Level 1:colcon.colcon_core.package_identification:_identify(build) by extension 'ignore'
[0.386s] Level 1:colcon.colcon_core.package_identification:_identify(build) ignored
[0.386s] Level 1:colcon.colcon_core.package_identification:_identify(install) by extensions ['ignore', 'ignore_ament_install']
[0.386s] Level 1:colcon.colcon_core.package_identification:_identify(install) by extension 'ignore'
[0.386s] Level 1:colcon.colcon_core.package_identification:_identify(install) ignored
[0.387s] Level 1:colcon.colcon_core.package_identification:_identify(log) by extensions ['ignore', 'ignore_ament_install']
[0.387s] Level 1:colcon.colcon_core.package_identification:_identify(log) by extension 'ignore'
[0.387s] Level 1:colcon.colcon_core.package_identification:_identify(log) ignored
[0.387s] Level 1:colcon.colcon_core.package_identification:_identify(src) by extensions ['ignore', 'ignore_ament_install']
[0.387s] Level 1:colcon.colcon_core.package_identification:_identify(src) by extension 'ignore'
[0.387s] Level 1:colcon.colcon_core.package_identification:_identify(src) by extension 'ignore_ament_install'
[0.387s] Level 1:colcon.colcon_core.package_identification:_identify(src) by extensions ['colcon_pkg']
[0.387s] Level 1:colcon.colcon_core.package_identification:_identify(src) by extension 'colcon_pkg'
[0.387s] Level 1:colcon.colcon_core.package_identification:_identify(src) by extensions ['colcon_meta']
[0.387s] Level 1:colcon.colcon_core.package_identification:_identify(src) by extension 'colcon_meta'
[0.387s] Level 1:colcon.colcon_core.package_identification:_identify(src) by extensions ['ros']
[0.387s] Level 1:colcon.colcon_core.package_identification:_identify(src) by extension 'ros'
[0.387s] Level 1:colcon.colcon_core.package_identification:_identify(src) by extensions ['cmake', 'python']
[0.387s] Level 1:colcon.colcon_core.package_identification:_identify(src) by extension 'cmake'
[0.388s] Level 1:colcon.colcon_core.package_identification:_identify(src) by extension 'python'
[0.388s] Level 1:colcon.colcon_core.package_identification:_identify(src) by extensions ['python_setup_py']
[0.388s] Level 1:colcon.colcon_core.package_identification:_identify(src) by extension 'python_setup_py'
[0.388s] Level 1:colcon.colcon_core.package_identification:_identify(src/demos) by extensions ['ignore', 'ignore_ament_install']
[0.388s] Level 1:colcon.colcon_core.package_identification:_identify(src/demos) by extension 'ignore'
[0.388s] Level 1:colcon.colcon_core.package_identification:_identify(src/demos) by extension 'ignore_ament_install'
[0.388s] Level 1:colcon.colcon_core.package_identification:_identify(src/demos) by extensions ['colcon_pkg']
[0.388s] Level 1:colcon.colcon_core.package_identification:_identify(src/demos) by extension 'colcon_pkg'
[0.388s] Level 1:colcon.colcon_core.package_identification:_identify(src/demos) by extensions ['colcon_meta']
[0.388s] Level 1:colcon.colcon_core.package_identification:_identify(src/demos) by extension 'colcon_meta'
[0.388s] Level 1:colcon.colcon_core.package_identification:_identify(src/demos) by extensions ['ros']
[0.388s] Level 1:colcon.colcon_core.package_identification:_identify(src/demos) by extension 'ros'
[0.391s] DEBUG:colcon.colcon_core.package_identification:Package 'src/demos' with type 'ros.ament_cmake' and name 'demos'
[0.391s] Level 1:colcon.colcon_core.package_discovery:discover_packages(recursive) using defaults
[0.391s] Level 1:colcon.colcon_core.package_discovery:discover_packages(ignore) discover
[0.391s] Level 1:colcon.colcon_core.package_discovery:discover_packages(ignore) using defaults
[0.391s] Level 1:colcon.colcon_core.package_discovery:discover_packages(path) discover
[0.391s] Level 1:colcon.colcon_core.package_discovery:discover_packages(path) using defaults
[0.413s] Level 1:colcon.colcon_core.package_discovery:discover_packages(prefix_path) check parameters
[0.413s] Level 1:colcon.colcon_core.package_discovery:discover_packages(prefix_path) discover
[0.415s] DEBUG:colcon.colcon_installed_package_information.package_discovery:Found 1 installed packages in /home/rosdev/ros2_ws_lab/lab1.1/install
[0.416s] DEBUG:colcon.colcon_installed_package_information.package_discovery:Found 323 installed packages in /opt/ros/humble
[0.420s] Level 1:colcon.colcon_core.package_discovery:discover_packages(prefix_path) using defaults
[0.477s] Level 5:colcon.colcon_core.verb:set package 'demos' build argument 'cmake_args' from command line to 'None'
[0.477s] Level 5:colcon.colcon_core.verb:set package 'demos' build argument 'cmake_target' from command line to 'None'
[0.477s] Level 5:colcon.colcon_core.verb:set package 'demos' build argument 'cmake_target_skip_unavailable' from command line to 'False'
[0.477s] Level 5:colcon.colcon_core.verb:set package 'demos' build argument 'cmake_clean_cache' from command line to 'False'
[0.477s] Level 5:colcon.colcon_core.verb:set package 'demos' build argument 'cmake_clean_first' from command line to 'False'
[0.477s] Level 5:colcon.colcon_core.verb:set package 'demos' build argument 'cmake_force_configure' from command line to 'False'
[0.477s] Level 5:colcon.colcon_core.verb:set package 'demos' build argument 'ament_cmake_args' from command line to 'None'
[0.477s] Level 5:colcon.colcon_core.verb:set package 'demos' build argument 'catkin_cmake_args' from command line to 'None'
[0.477s] Level 5:colcon.colcon_core.verb:set package 'demos' build argument 'catkin_skip_building_tests' from command line to 'False'
[0.477s] DEBUG:colcon.colcon_core.verb:Building package 'demos' with the following arguments: {'ament_cmake_args': None, 'build_base': '/home/rosdev/ros2_ws_lab/lab1.1/build/demos', 'catkin_cmake_args': None, 'catkin_skip_building_tests': False, 'cmake_args': None, 'cmake_clean_cache': False, 'cmake_clean_first': False, 'cmake_force_configure': False, 'cmake_target': None, 'cmake_target_skip_unavailable': False, 'install_base': '/home/rosdev/ros2_ws_lab/lab1.1/install/demos', 'merge_install': False, 'path': '/home/rosdev/ros2_ws_lab/lab1.1/src/demos', 'symlink_install': False, 'test_result_base': None}
[0.478s] INFO:colcon.colcon_core.executor:Executing jobs using 'parallel' executor
[0.479s] DEBUG:colcon.colcon_parallel_executor.executor.parallel:run_until_complete
[0.479s] INFO:colcon.colcon_ros.task.ament_cmake.build:Building ROS package in '/home/rosdev/ros2_ws_lab/lab1.1/src/demos' with build type 'ament_cmake'
[0.479s] INFO:colcon.colcon_cmake.task.cmake.build:Building CMake package in '/home/rosdev/ros2_ws_lab/lab1.1/src/demos'
[0.481s] INFO:colcon.colcon_core.plugin_system:Skipping extension 'colcon_core.shell.bat': Not used on non-Windows systems
[0.481s] INFO:colcon.colcon_core.shell:Skip shell extension 'powershell' for command environment: Not usable outside of PowerShell
[0.482s] DEBUG:colcon.colcon_core.shell:Skip shell extension 'dsv' for command environment
[0.491s] DEBUG:colcon.colcon_core.event_handler.log_command:Invoking command in '/home/rosdev/ros2_ws_lab/lab1.1/build/demos': CMAKE_PREFIX_PATH=${CMAKE_PREFIX_PATH}:/opt/ros/humble /usr/bin/cmake --build /home/rosdev/ros2_ws_lab/lab1.1/build/demos -- -j12 -l12
[0.915s] DEBUG:colcon.colcon_core.event_handler.log_command:Invoked command in '/home/rosdev/ros2_ws_lab/lab1.1/build/demos' returned '0': CMAKE_PREFIX_PATH=${CMAKE_PREFIX_PATH}:/opt/ros/humble /usr/bin/cmake --build /home/rosdev/ros2_ws_lab/lab1.1/build/demos -- -j12 -l12
[0.925s] DEBUG:colcon.colcon_core.event_handler.log_command:Invoking command in '/home/rosdev/ros2_ws_lab/lab1.1/build/demos': CMAKE_PREFIX_PATH=${CMAKE_PREFIX_PATH}:/opt/ros/humble /usr/bin/cmake --install /home/rosdev/ros2_ws_lab/lab1.1/build/demos
[0.988s] Level 1:colcon.colcon_core.environment:create_environment_scripts_only(demos)
[0.990s] DEBUG:colcon.colcon_core.event_handler.log_command:Invoked command in '/home/rosdev/ros2_ws_lab/lab1.1/build/demos' returned '0': CMAKE_PREFIX_PATH=${CMAKE_PREFIX_PATH}:/opt/ros/humble /usr/bin/cmake --install /home/rosdev/ros2_ws_lab/lab1.1/build/demos
[0.992s] Level 1:colcon.colcon_core.environment:checking '/home/rosdev/ros2_ws_lab/lab1.1/install/demos' for CMake module files
[0.993s] Level 1:colcon.colcon_core.environment:checking '/home/rosdev/ros2_ws_lab/lab1.1/install/demos' for CMake config files
[0.995s] Level 1:colcon.colcon_core.shell:create_environment_hook('demos', 'cmake_prefix_path')
[0.995s] INFO:colcon.colcon_core.shell:Creating environment hook '/home/rosdev/ros2_ws_lab/lab1.1/install/demos/share/demos/hook/cmake_prefix_path.ps1'
[0.997s] INFO:colcon.colcon_core.shell:Creating environment descriptor '/home/rosdev/ros2_ws_lab/lab1.1/install/demos/share/demos/hook/cmake_prefix_path.dsv'
[0.998s] INFO:colcon.colcon_core.shell:Creating environment hook '/home/rosdev/ros2_ws_lab/lab1.1/install/demos/share/demos/hook/cmake_prefix_path.sh'
[0.999s] Level 1:colcon.colcon_core.environment:checking '/home/rosdev/ros2_ws_lab/lab1.1/install/demos/lib'
[1.000s] Level 1:colcon.colcon_core.environment:checking '/home/rosdev/ros2_ws_lab/lab1.1/install/demos/bin'
[1.000s] Level 1:colcon.colcon_core.environment:checking '/home/rosdev/ros2_ws_lab/lab1.1/install/demos/lib/pkgconfig/demos.pc'
[1.001s] Level 1:colcon.colcon_core.environment:checking '/home/rosdev/ros2_ws_lab/lab1.1/install/demos/lib/python3.10/site-packages'
[1.001s] Level 1:colcon.colcon_core.environment:checking '/home/rosdev/ros2_ws_lab/lab1.1/install/demos/bin'
[1.002s] INFO:colcon.colcon_core.shell:Creating package script '/home/rosdev/ros2_ws_lab/lab1.1/install/demos/share/demos/package.ps1'
[1.004s] INFO:colcon.colcon_core.shell:Creating package descriptor '/home/rosdev/ros2_ws_lab/lab1.1/install/demos/share/demos/package.dsv'
[1.005s] INFO:colcon.colcon_core.shell:Creating package script '/home/rosdev/ros2_ws_lab/lab1.1/install/demos/share/demos/package.sh'
[1.006s] INFO:colcon.colcon_core.shell:Creating package script '/home/rosdev/ros2_ws_lab/lab1.1/install/demos/share/demos/package.bash'
[1.008s] INFO:colcon.colcon_core.shell:Creating package script '/home/rosdev/ros2_ws_lab/lab1.1/install/demos/share/demos/package.zsh'
[1.010s] Level 1:colcon.colcon_core.environment:create_file_with_runtime_dependencies(/home/rosdev/ros2_ws_lab/lab1.1/install/demos/share/colcon-core/packages/demos)
[1.011s] Level 1:colcon.colcon_core.environment:create_environment_scripts_only(demos)
[1.012s] Level 1:colcon.colcon_core.environment:checking '/home/rosdev/ros2_ws_lab/lab1.1/install/demos' for CMake module files
[1.014s] Level 1:colcon.colcon_core.environment:checking '/home/rosdev/ros2_ws_lab/lab1.1/install/demos' for CMake config files
[1.015s] Level 1:colcon.colcon_core.shell:create_environment_hook('demos', 'cmake_prefix_path')
[1.016s] INFO:colcon.colcon_core.shell:Creating environment hook '/home/rosdev/ros2_ws_lab/lab1.1/install/demos/share/demos/hook/cmake_prefix_path.ps1'
[1.017s] INFO:colcon.colcon_core.shell:Creating environment descriptor '/home/rosdev/ros2_ws_lab/lab1.1/install/demos/share/demos/hook/cmake_prefix_path.dsv'
[1.018s] INFO:colcon.colcon_core.shell:Creating environment hook '/home/rosdev/ros2_ws_lab/lab1.1/install/demos/share/demos/hook/cmake_prefix_path.sh'
[1.019s] Level 1:colcon.colcon_core.environment:checking '/home/rosdev/ros2_ws_lab/lab1.1/install/demos/lib'
[1.019s] Level 1:colcon.colcon_core.environment:checking '/home/rosdev/ros2_ws_lab/lab1.1/install/demos/bin'
[1.020s] Level 1:colcon.colcon_core.environment:checking '/home/rosdev/ros2_ws_lab/lab1.1/install/demos/lib/pkgconfig/demos.pc'
[1.020s] Level 1:colcon.colcon_core.environment:checking '/home/rosdev/ros2_ws_lab/lab1.1/install/demos/lib/python3.10/site-packages'
[1.021s] Level 1:colcon.colcon_core.environment:checking '/home/rosdev/ros2_ws_lab/lab1.1/install/demos/bin'
[1.022s] INFO:colcon.colcon_core.shell:Creating package script '/home/rosdev/ros2_ws_lab/lab1.1/install/demos/share/demos/package.ps1'
[1.023s] INFO:colcon.colcon_core.shell:Creating package descriptor '/home/rosdev/ros2_ws_lab/lab1.1/install/demos/share/demos/package.dsv'
[1.024s] INFO:colcon.colcon_core.shell:Creating package script '/home/rosdev/ros2_ws_lab/lab1.1/install/demos/share/demos/package.sh'
[1.025s] INFO:colcon.colcon_core.shell:Creating package script '/home/rosdev/ros2_ws_lab/lab1.1/install/demos/share/demos/package.bash'
[1.026s] INFO:colcon.colcon_core.shell:Creating package script '/home/rosdev/ros2_ws_lab/lab1.1/install/demos/share/demos/package.zsh'
[1.027s] Level 1:colcon.colcon_core.environment:create_file_with_runtime_dependencies(/home/rosdev/ros2_ws_lab/lab1.1/install/demos/share/colcon-core/packages/demos)
[1.027s] DEBUG:colcon.colcon_parallel_executor.executor.parallel:closing loop
[1.028s] DEBUG:colcon.colcon_parallel_executor.executor.parallel:loop closed
[1.028s] DEBUG:colcon.colcon_parallel_executor.executor.parallel:run_until_complete finished with '0'
[1.028s] DEBUG:colcon.colcon_core.event_reactor:joining thread
[1.039s] INFO:colcon.colcon_core.plugin_system:Skipping extension 'colcon_notification.desktop_notification.terminal_notifier': Not used on non-Darwin systems
[1.039s] INFO:colcon.colcon_core.plugin_system:Skipping extension 'colcon_notification.desktop_notification.win32': Not used on non-Windows systems
[1.039s] INFO:colcon.colcon_notification.desktop_notification:Sending desktop notification using 'notify2'
[1.076s] DEBUG:colcon.colcon_core.event_reactor:joined thread
[1.076s] INFO:colcon.colcon_core.shell:Creating prefix script '/home/rosdev/ros2_ws_lab/lab1.1/install/local_setup.ps1'
[1.078s] INFO:colcon.colcon_core.shell:Creating prefix util module '/home/rosdev/ros2_ws_lab/lab1.1/install/_local_setup_util_ps1.py'
[1.081s] INFO:colcon.colcon_core.shell:Creating prefix chain script '/home/rosdev/ros2_ws_lab/lab1.1/install/setup.ps1'
[1.083s] INFO:colcon.colcon_core.shell:Creating prefix script '/home/rosdev/ros2_ws_lab/lab1.1/install/local_setup.sh'
[1.084s] INFO:colcon.colcon_core.shell:Creating prefix util module '/home/rosdev/ros2_ws_lab/lab1.1/install/_local_setup_util_sh.py'
[1.085s] INFO:colcon.colcon_core.shell:Creating prefix chain script '/home/rosdev/ros2_ws_lab/lab1.1/install/setup.sh'
[1.087s] INFO:colcon.colcon_core.shell:Creating prefix script '/home/rosdev/ros2_ws_lab/lab1.1/install/local_setup.bash'
[1.087s] INFO:colcon.colcon_core.shell:Creating prefix chain script '/home/rosdev/ros2_ws_lab/lab1.1/install/setup.bash'
[1.088s] INFO:colcon.colcon_core.shell:Creating prefix script '/home/rosdev/ros2_ws_lab/lab1.1/install/local_setup.zsh'
[1.089s] INFO:colcon.colcon_core.shell:Creating prefix chain script '/home/rosdev/ros2_ws_lab/lab1.1/install/setup.zsh'
