[0.048s] Invoking command in '/home/rosdev/ros2_ws_lab/lab3/build/dynamixel_sdk_custom_interfaces': CMAKE_PREFIX_PATH=${CMAKE_PREFIX_PATH}:/home/rosdev/ros2_ws_lab/lab3/install/turtlebot3_teleop:/home/rosdev/ros2_ws_lab/lab3/install/turtlebot3_example:/home/rosdev/turtlebot3_ws/install/turtlebot3_teleop:/home/rosdev/turtlebot3_ws/install/turtlebot3_example:/opt/ros/humble /usr/bin/cmake --build /home/rosdev/ros2_ws_lab/lab3/build/dynamixel_sdk_custom_interfaces -- -j12 -l12
[0.117s] [  2%] Built target dynamixel_sdk_custom_interfaces__cpp
[0.121s] [ 12%] Built target dynamixel_sdk_custom_interfaces__rosidl_generator_c
[0.135s] [ 12%] Built target ament_cmake_python_copy_dynamixel_sdk_custom_interfaces
[0.165s] [ 23%] Built target dynamixel_sdk_custom_interfaces__rosidl_typesupport_cpp
[0.168s] [ 43%] Built target dynamixel_sdk_custom_interfaces__rosidl_typesupport_fastrtps_cpp
[0.169s] [ 43%] Built target dynamixel_sdk_custom_interfaces__rosidl_typesupport_introspection_cpp
[0.172s] [ 53%] Built target dynamixel_sdk_custom_interfaces__rosidl_typesupport_introspection_c
[0.173s] [ 64%] Built target dynamixel_sdk_custom_interfaces__rosidl_typesupport_c
[0.176s] [ 74%] Built target dynamixel_sdk_custom_interfaces__rosidl_typesupport_fastrtps_c
[0.200s] [ 74%] Built target dynamixel_sdk_custom_interfaces
[0.224s] [ 76%] Built target dynamixel_sdk_custom_interfaces__py
[0.248s] [ 84%] Built target dynamixel_sdk_custom_interfaces__rosidl_generator_py
[0.284s] [ 97%] Built target dynamixel_sdk_custom_interfaces__rosidl_typesupport_c__pyext
[0.285s] [100%] Built target dynamixel_sdk_custom_interfaces__rosidl_typesupport_introspection_c__pyext
[0.285s] [100%] Built target dynamixel_sdk_custom_interfaces__rosidl_typesupport_fastrtps_c__pyext
[0.498s] running egg_info
[0.498s] writing dynamixel_sdk_custom_interfaces.egg-info/PKG-INFO
[0.498s] writing dependency_links to dynamixel_sdk_custom_interfaces.egg-info/dependency_links.txt
[0.498s] writing top-level names to dynamixel_sdk_custom_interfaces.egg-info/top_level.txt
[0.499s] reading manifest file 'dynamixel_sdk_custom_interfaces.egg-info/SOURCES.txt'
[0.500s] writing manifest file 'dynamixel_sdk_custom_interfaces.egg-info/SOURCES.txt'
[0.529s] [100%] Built target ament_cmake_python_build_dynamixel_sdk_custom_interfaces_egg
[0.557s] Invoked command in '/home/rosdev/ros2_ws_lab/lab3/build/dynamixel_sdk_custom_interfaces' returned '0': CMAKE_PREFIX_PATH=${CMAKE_PREFIX_PATH}:/home/rosdev/ros2_ws_lab/lab3/install/turtlebot3_teleop:/home/rosdev/ros2_ws_lab/lab3/install/turtlebot3_example:/home/rosdev/turtlebot3_ws/install/turtlebot3_teleop:/home/rosdev/turtlebot3_ws/install/turtlebot3_example:/opt/ros/humble /usr/bin/cmake --build /home/rosdev/ros2_ws_lab/lab3/build/dynamixel_sdk_custom_interfaces -- -j12 -l12
[0.560s] Invoking command in '/home/rosdev/ros2_ws_lab/lab3/build/dynamixel_sdk_custom_interfaces': CMAKE_PREFIX_PATH=${CMAKE_PREFIX_PATH}:/home/rosdev/ros2_ws_lab/lab3/install/turtlebot3_teleop:/home/rosdev/ros2_ws_lab/lab3/install/turtlebot3_example:/home/rosdev/turtlebot3_ws/install/turtlebot3_teleop:/home/rosdev/turtlebot3_ws/install/turtlebot3_example:/opt/ros/humble /usr/bin/cmake --install /home/rosdev/ros2_ws_lab/lab3/build/dynamixel_sdk_custom_interfaces
[0.601s] -- Install configuration: ""
[0.601s] -- Up-to-date: /home/rosdev/ros2_ws_lab/lab3/install/dynamixel_sdk_custom_interfaces/share/ament_index/resource_index/rosidl_interfaces/dynamixel_sdk_custom_interfaces
[0.601s] -- Up-to-date: /home/rosdev/ros2_ws_lab/lab3/install/dynamixel_sdk_custom_interfaces/include/dynamixel_sdk_custom_interfaces/dynamixel_sdk_custom_interfaces
[0.602s] -- Up-to-date: /home/rosdev/ros2_ws_lab/lab3/install/dynamixel_sdk_custom_interfaces/include/dynamixel_sdk_custom_interfaces/dynamixel_sdk_custom_interfaces/msg
[0.602s] -- Up-to-date: /home/rosdev/ros2_ws_lab/lab3/install/dynamixel_sdk_custom_interfaces/include/dynamixel_sdk_custom_interfaces/dynamixel_sdk_custom_interfaces/msg/set_position.h
[0.603s] -- Up-to-date: /home/rosdev/ros2_ws_lab/lab3/install/dynamixel_sdk_custom_interfaces/include/dynamixel_sdk_custom_interfaces/dynamixel_sdk_custom_interfaces/msg/rosidl_generator_c__visibility_control.h
[0.603s] -- Up-to-date: /home/rosdev/ros2_ws_lab/lab3/install/dynamixel_sdk_custom_interfaces/include/dynamixel_sdk_custom_interfaces/dynamixel_sdk_custom_interfaces/msg/detail
[0.603s] -- Up-to-date: /home/rosdev/ros2_ws_lab/lab3/install/dynamixel_sdk_custom_interfaces/include/dynamixel_sdk_custom_interfaces/dynamixel_sdk_custom_interfaces/msg/detail/set_position__struct.h
[0.604s] -- Up-to-date: /home/rosdev/ros2_ws_lab/lab3/install/dynamixel_sdk_custom_interfaces/include/dynamixel_sdk_custom_interfaces/dynamixel_sdk_custom_interfaces/msg/detail/set_position__functions.h
[0.604s] -- Up-to-date: /home/rosdev/ros2_ws_lab/lab3/install/dynamixel_sdk_custom_interfaces/include/dynamixel_sdk_custom_interfaces/dynamixel_sdk_custom_interfaces/msg/detail/set_position__functions.c
[0.604s] -- Up-to-date: /home/rosdev/ros2_ws_lab/lab3/install/dynamixel_sdk_custom_interfaces/include/dynamixel_sdk_custom_interfaces/dynamixel_sdk_custom_interfaces/msg/detail/set_position__type_support.h
[0.604s] -- Up-to-date: /home/rosdev/ros2_ws_lab/lab3/install/dynamixel_sdk_custom_interfaces/include/dynamixel_sdk_custom_interfaces/dynamixel_sdk_custom_interfaces/srv
[0.604s] -- Up-to-date: /home/rosdev/ros2_ws_lab/lab3/install/dynamixel_sdk_custom_interfaces/include/dynamixel_sdk_custom_interfaces/dynamixel_sdk_custom_interfaces/srv/detail
[0.604s] -- Up-to-date: /home/rosdev/ros2_ws_lab/lab3/install/dynamixel_sdk_custom_interfaces/include/dynamixel_sdk_custom_interfaces/dynamixel_sdk_custom_interfaces/srv/detail/get_position__functions.h
[0.605s] -- Up-to-date: /home/rosdev/ros2_ws_lab/lab3/install/dynamixel_sdk_custom_interfaces/include/dynamixel_sdk_custom_interfaces/dynamixel_sdk_custom_interfaces/srv/detail/get_position__struct.h
[0.605s] -- Up-to-date: /home/rosdev/ros2_ws_lab/lab3/install/dynamixel_sdk_custom_interfaces/include/dynamixel_sdk_custom_interfaces/dynamixel_sdk_custom_interfaces/srv/detail/get_position__functions.c
[0.605s] -- Up-to-date: /home/rosdev/ros2_ws_lab/lab3/install/dynamixel_sdk_custom_interfaces/include/dynamixel_sdk_custom_interfaces/dynamixel_sdk_custom_interfaces/srv/detail/get_position__type_support.h
[0.605s] -- Up-to-date: /home/rosdev/ros2_ws_lab/lab3/install/dynamixel_sdk_custom_interfaces/include/dynamixel_sdk_custom_interfaces/dynamixel_sdk_custom_interfaces/srv/get_position.h
[0.605s] -- Up-to-date: /home/rosdev/ros2_ws_lab/lab3/install/dynamixel_sdk_custom_interfaces/share/dynamixel_sdk_custom_interfaces/environment/library_path.sh
[0.605s] -- Up-to-date: /home/rosdev/ros2_ws_lab/lab3/install/dynamixel_sdk_custom_interfaces/share/dynamixel_sdk_custom_interfaces/environment/library_path.dsv
[0.606s] -- Up-to-date: /home/rosdev/ros2_ws_lab/lab3/install/dynamixel_sdk_custom_interfaces/lib/libdynamixel_sdk_custom_interfaces__rosidl_generator_c.so
[0.606s] -- Up-to-date: /home/rosdev/ros2_ws_lab/lab3/install/dynamixel_sdk_custom_interfaces/include/dynamixel_sdk_custom_interfaces/dynamixel_sdk_custom_interfaces
[0.607s] -- Up-to-date: /home/rosdev/ros2_ws_lab/lab3/install/dynamixel_sdk_custom_interfaces/include/dynamixel_sdk_custom_interfaces/dynamixel_sdk_custom_interfaces/msg
[0.607s] -- Up-to-date: /home/rosdev/ros2_ws_lab/lab3/install/dynamixel_sdk_custom_interfaces/include/dynamixel_sdk_custom_interfaces/dynamixel_sdk_custom_interfaces/msg/detail
[0.607s] -- Up-to-date: /home/rosdev/ros2_ws_lab/lab3/install/dynamixel_sdk_custom_interfaces/include/dynamixel_sdk_custom_interfaces/dynamixel_sdk_custom_interfaces/msg/detail/set_position__rosidl_typesupport_fastrtps_c.h
[0.607s] -- Up-to-date: /home/rosdev/ros2_ws_lab/lab3/install/dynamixel_sdk_custom_interfaces/include/dynamixel_sdk_custom_interfaces/dynamixel_sdk_custom_interfaces/msg/rosidl_typesupport_fastrtps_c__visibility_control.h
[0.607s] -- Up-to-date: /home/rosdev/ros2_ws_lab/lab3/install/dynamixel_sdk_custom_interfaces/include/dynamixel_sdk_custom_interfaces/dynamixel_sdk_custom_interfaces/srv
[0.607s] -- Up-to-date: /home/rosdev/ros2_ws_lab/lab3/install/dynamixel_sdk_custom_interfaces/include/dynamixel_sdk_custom_interfaces/dynamixel_sdk_custom_interfaces/srv/detail
[0.608s] -- Up-to-date: /home/rosdev/ros2_ws_lab/lab3/install/dynamixel_sdk_custom_interfaces/include/dynamixel_sdk_custom_interfaces/dynamixel_sdk_custom_interfaces/srv/detail/get_position__rosidl_typesupport_fastrtps_c.h
[0.608s] -- Up-to-date: /home/rosdev/ros2_ws_lab/lab3/install/dynamixel_sdk_custom_interfaces/lib/libdynamixel_sdk_custom_interfaces__rosidl_typesupport_fastrtps_c.so
[0.608s] -- Up-to-date: /home/rosdev/ros2_ws_lab/lab3/install/dynamixel_sdk_custom_interfaces/include/dynamixel_sdk_custom_interfaces/dynamixel_sdk_custom_interfaces
[0.608s] -- Up-to-date: /home/rosdev/ros2_ws_lab/lab3/install/dynamixel_sdk_custom_interfaces/include/dynamixel_sdk_custom_interfaces/dynamixel_sdk_custom_interfaces/msg
[0.609s] -- Up-to-date: /home/rosdev/ros2_ws_lab/lab3/install/dynamixel_sdk_custom_interfaces/include/dynamixel_sdk_custom_interfaces/dynamixel_sdk_custom_interfaces/msg/rosidl_generator_cpp__visibility_control.hpp
[0.609s] -- Up-to-date: /home/rosdev/ros2_ws_lab/lab3/install/dynamixel_sdk_custom_interfaces/include/dynamixel_sdk_custom_interfaces/dynamixel_sdk_custom_interfaces/msg/set_position.hpp
[0.609s] -- Up-to-date: /home/rosdev/ros2_ws_lab/lab3/install/dynamixel_sdk_custom_interfaces/include/dynamixel_sdk_custom_interfaces/dynamixel_sdk_custom_interfaces/msg/detail
[0.609s] -- Up-to-date: /home/rosdev/ros2_ws_lab/lab3/install/dynamixel_sdk_custom_interfaces/include/dynamixel_sdk_custom_interfaces/dynamixel_sdk_custom_interfaces/msg/detail/set_position__traits.hpp
[0.609s] -- Up-to-date: /home/rosdev/ros2_ws_lab/lab3/install/dynamixel_sdk_custom_interfaces/include/dynamixel_sdk_custom_interfaces/dynamixel_sdk_custom_interfaces/msg/detail/set_position__struct.hpp
[0.609s] -- Up-to-date: /home/rosdev/ros2_ws_lab/lab3/install/dynamixel_sdk_custom_interfaces/include/dynamixel_sdk_custom_interfaces/dynamixel_sdk_custom_interfaces/msg/detail/set_position__builder.hpp
[0.610s] -- Up-to-date: /home/rosdev/ros2_ws_lab/lab3/install/dynamixel_sdk_custom_interfaces/include/dynamixel_sdk_custom_interfaces/dynamixel_sdk_custom_interfaces/msg/detail/set_position__type_support.hpp
[0.610s] -- Up-to-date: /home/rosdev/ros2_ws_lab/lab3/install/dynamixel_sdk_custom_interfaces/include/dynamixel_sdk_custom_interfaces/dynamixel_sdk_custom_interfaces/srv
[0.610s] -- Up-to-date: /home/rosdev/ros2_ws_lab/lab3/install/dynamixel_sdk_custom_interfaces/include/dynamixel_sdk_custom_interfaces/dynamixel_sdk_custom_interfaces/srv/get_position.hpp
[0.611s] -- Up-to-date: /home/rosdev/ros2_ws_lab/lab3/install/dynamixel_sdk_custom_interfaces/include/dynamixel_sdk_custom_interfaces/dynamixel_sdk_custom_interfaces/srv/detail
[0.611s] -- Up-to-date: /home/rosdev/ros2_ws_lab/lab3/install/dynamixel_sdk_custom_interfaces/include/dynamixel_sdk_custom_interfaces/dynamixel_sdk_custom_interfaces/srv/detail/get_position__builder.hpp
[0.611s] -- Up-to-date: /home/rosdev/ros2_ws_lab/lab3/install/dynamixel_sdk_custom_interfaces/include/dynamixel_sdk_custom_interfaces/dynamixel_sdk_custom_interfaces/srv/detail/get_position__struct.hpp
[0.612s] -- Up-to-date: /home/rosdev/ros2_ws_lab/lab3/install/dynamixel_sdk_custom_interfaces/include/dynamixel_sdk_custom_interfaces/dynamixel_sdk_custom_interfaces/srv/detail/get_position__traits.hpp
[0.612s] -- Up-to-date: /home/rosdev/ros2_ws_lab/lab3/install/dynamixel_sdk_custom_interfaces/include/dynamixel_sdk_custom_interfaces/dynamixel_sdk_custom_interfaces/srv/detail/get_position__type_support.hpp
[0.613s] -- Up-to-date: /home/rosdev/ros2_ws_lab/lab3/install/dynamixel_sdk_custom_interfaces/include/dynamixel_sdk_custom_interfaces/dynamixel_sdk_custom_interfaces
[0.613s] -- Up-to-date: /home/rosdev/ros2_ws_lab/lab3/install/dynamixel_sdk_custom_interfaces/include/dynamixel_sdk_custom_interfaces/dynamixel_sdk_custom_interfaces/msg
[0.615s] -- Up-to-date: /home/rosdev/ros2_ws_lab/lab3/install/dynamixel_sdk_custom_interfaces/include/dynamixel_sdk_custom_interfaces/dynamixel_sdk_custom_interfaces/msg/rosidl_typesupport_fastrtps_cpp__visibility_control.h
[0.616s] -- Up-to-date: /home/rosdev/ros2_ws_lab/lab3/install/dynamixel_sdk_custom_interfaces/include/dynamixel_sdk_custom_interfaces/dynamixel_sdk_custom_interfaces/msg/detail
[0.616s] -- Up-to-date: /home/rosdev/ros2_ws_lab/lab3/install/dynamixel_sdk_custom_interfaces/include/dynamixel_sdk_custom_interfaces/dynamixel_sdk_custom_interfaces/msg/detail/set_position__rosidl_typesupport_fastrtps_cpp.hpp
[0.616s] -- Up-to-date: /home/rosdev/ros2_ws_lab/lab3/install/dynamixel_sdk_custom_interfaces/include/dynamixel_sdk_custom_interfaces/dynamixel_sdk_custom_interfaces/msg/detail/dds_fastrtps
[0.616s] -- Up-to-date: /home/rosdev/ros2_ws_lab/lab3/install/dynamixel_sdk_custom_interfaces/include/dynamixel_sdk_custom_interfaces/dynamixel_sdk_custom_interfaces/srv
[0.616s] -- Up-to-date: /home/rosdev/ros2_ws_lab/lab3/install/dynamixel_sdk_custom_interfaces/include/dynamixel_sdk_custom_interfaces/dynamixel_sdk_custom_interfaces/srv/detail
[0.616s] -- Up-to-date: /home/rosdev/ros2_ws_lab/lab3/install/dynamixel_sdk_custom_interfaces/include/dynamixel_sdk_custom_interfaces/dynamixel_sdk_custom_interfaces/srv/detail/dds_fastrtps
[0.616s] -- Up-to-date: /home/rosdev/ros2_ws_lab/lab3/install/dynamixel_sdk_custom_interfaces/include/dynamixel_sdk_custom_interfaces/dynamixel_sdk_custom_interfaces/srv/detail/get_position__rosidl_typesupport_fastrtps_cpp.hpp
[0.617s] -- Up-to-date: /home/rosdev/ros2_ws_lab/lab3/install/dynamixel_sdk_custom_interfaces/lib/libdynamixel_sdk_custom_interfaces__rosidl_typesupport_fastrtps_cpp.so
[0.617s] -- Up-to-date: /home/rosdev/ros2_ws_lab/lab3/install/dynamixel_sdk_custom_interfaces/include/dynamixel_sdk_custom_interfaces/dynamixel_sdk_custom_interfaces
[0.617s] -- Up-to-date: /home/rosdev/ros2_ws_lab/lab3/install/dynamixel_sdk_custom_interfaces/include/dynamixel_sdk_custom_interfaces/dynamixel_sdk_custom_interfaces/msg
[0.617s] -- Up-to-date: /home/rosdev/ros2_ws_lab/lab3/install/dynamixel_sdk_custom_interfaces/include/dynamixel_sdk_custom_interfaces/dynamixel_sdk_custom_interfaces/msg/detail
[0.617s] -- Up-to-date: /home/rosdev/ros2_ws_lab/lab3/install/dynamixel_sdk_custom_interfaces/include/dynamixel_sdk_custom_interfaces/dynamixel_sdk_custom_interfaces/msg/detail/set_position__type_support.c
[0.617s] -- Up-to-date: /home/rosdev/ros2_ws_lab/lab3/install/dynamixel_sdk_custom_interfaces/include/dynamixel_sdk_custom_interfaces/dynamixel_sdk_custom_interfaces/msg/detail/set_position__rosidl_typesupport_introspection_c.h
[0.617s] -- Up-to-date: /home/rosdev/ros2_ws_lab/lab3/install/dynamixel_sdk_custom_interfaces/include/dynamixel_sdk_custom_interfaces/dynamixel_sdk_custom_interfaces/msg/rosidl_typesupport_introspection_c__visibility_control.h
[0.618s] -- Up-to-date: /home/rosdev/ros2_ws_lab/lab3/install/dynamixel_sdk_custom_interfaces/include/dynamixel_sdk_custom_interfaces/dynamixel_sdk_custom_interfaces/srv
[0.618s] -- Up-to-date: /home/rosdev/ros2_ws_lab/lab3/install/dynamixel_sdk_custom_interfaces/include/dynamixel_sdk_custom_interfaces/dynamixel_sdk_custom_interfaces/srv/detail
[0.618s] -- Up-to-date: /home/rosdev/ros2_ws_lab/lab3/install/dynamixel_sdk_custom_interfaces/include/dynamixel_sdk_custom_interfaces/dynamixel_sdk_custom_interfaces/srv/detail/get_position__rosidl_typesupport_introspection_c.h
[0.618s] -- Up-to-date: /home/rosdev/ros2_ws_lab/lab3/install/dynamixel_sdk_custom_interfaces/include/dynamixel_sdk_custom_interfaces/dynamixel_sdk_custom_interfaces/srv/detail/get_position__type_support.c
[0.618s] -- Up-to-date: /home/rosdev/ros2_ws_lab/lab3/install/dynamixel_sdk_custom_interfaces/lib/libdynamixel_sdk_custom_interfaces__rosidl_typesupport_introspection_c.so
[0.618s] -- Up-to-date: /home/rosdev/ros2_ws_lab/lab3/install/dynamixel_sdk_custom_interfaces/lib/libdynamixel_sdk_custom_interfaces__rosidl_typesupport_c.so
[0.619s] -- Up-to-date: /home/rosdev/ros2_ws_lab/lab3/install/dynamixel_sdk_custom_interfaces/include/dynamixel_sdk_custom_interfaces/dynamixel_sdk_custom_interfaces
[0.619s] -- Up-to-date: /home/rosdev/ros2_ws_lab/lab3/install/dynamixel_sdk_custom_interfaces/include/dynamixel_sdk_custom_interfaces/dynamixel_sdk_custom_interfaces/msg
[0.619s] -- Up-to-date: /home/rosdev/ros2_ws_lab/lab3/install/dynamixel_sdk_custom_interfaces/include/dynamixel_sdk_custom_interfaces/dynamixel_sdk_custom_interfaces/msg/detail
[0.619s] -- Up-to-date: /home/rosdev/ros2_ws_lab/lab3/install/dynamixel_sdk_custom_interfaces/include/dynamixel_sdk_custom_interfaces/dynamixel_sdk_custom_interfaces/msg/detail/set_position__rosidl_typesupport_introspection_cpp.hpp
[0.619s] -- Up-to-date: /home/rosdev/ros2_ws_lab/lab3/install/dynamixel_sdk_custom_interfaces/include/dynamixel_sdk_custom_interfaces/dynamixel_sdk_custom_interfaces/msg/detail/set_position__type_support.cpp
[0.619s] -- Up-to-date: /home/rosdev/ros2_ws_lab/lab3/install/dynamixel_sdk_custom_interfaces/include/dynamixel_sdk_custom_interfaces/dynamixel_sdk_custom_interfaces/srv
[0.619s] -- Up-to-date: /home/rosdev/ros2_ws_lab/lab3/install/dynamixel_sdk_custom_interfaces/include/dynamixel_sdk_custom_interfaces/dynamixel_sdk_custom_interfaces/srv/detail
[0.620s] -- Up-to-date: /home/rosdev/ros2_ws_lab/lab3/install/dynamixel_sdk_custom_interfaces/include/dynamixel_sdk_custom_interfaces/dynamixel_sdk_custom_interfaces/srv/detail/get_position__rosidl_typesupport_introspection_cpp.hpp
[0.620s] -- Up-to-date: /home/rosdev/ros2_ws_lab/lab3/install/dynamixel_sdk_custom_interfaces/include/dynamixel_sdk_custom_interfaces/dynamixel_sdk_custom_interfaces/srv/detail/get_position__type_support.cpp
[0.620s] -- Up-to-date: /home/rosdev/ros2_ws_lab/lab3/install/dynamixel_sdk_custom_interfaces/lib/libdynamixel_sdk_custom_interfaces__rosidl_typesupport_introspection_cpp.so
[0.620s] -- Up-to-date: /home/rosdev/ros2_ws_lab/lab3/install/dynamixel_sdk_custom_interfaces/lib/libdynamixel_sdk_custom_interfaces__rosidl_typesupport_cpp.so
[0.620s] -- Up-to-date: /home/rosdev/ros2_ws_lab/lab3/install/dynamixel_sdk_custom_interfaces/share/dynamixel_sdk_custom_interfaces/environment/pythonpath.sh
[0.620s] -- Up-to-date: /home/rosdev/ros2_ws_lab/lab3/install/dynamixel_sdk_custom_interfaces/share/dynamixel_sdk_custom_interfaces/environment/pythonpath.dsv
[0.621s] -- Up-to-date: /home/rosdev/ros2_ws_lab/lab3/install/dynamixel_sdk_custom_interfaces/local/lib/python3.10/dist-packages/dynamixel_sdk_custom_interfaces-3.8.3-py3.10.egg-info
[0.621s] -- Installing: /home/rosdev/ros2_ws_lab/lab3/install/dynamixel_sdk_custom_interfaces/local/lib/python3.10/dist-packages/dynamixel_sdk_custom_interfaces-3.8.3-py3.10.egg-info/PKG-INFO
[0.621s] -- Installing: /home/rosdev/ros2_ws_lab/lab3/install/dynamixel_sdk_custom_interfaces/local/lib/python3.10/dist-packages/dynamixel_sdk_custom_interfaces-3.8.3-py3.10.egg-info/SOURCES.txt
[0.621s] -- Installing: /home/rosdev/ros2_ws_lab/lab3/install/dynamixel_sdk_custom_interfaces/local/lib/python3.10/dist-packages/dynamixel_sdk_custom_interfaces-3.8.3-py3.10.egg-info/dependency_links.txt
[0.621s] -- Installing: /home/rosdev/ros2_ws_lab/lab3/install/dynamixel_sdk_custom_interfaces/local/lib/python3.10/dist-packages/dynamixel_sdk_custom_interfaces-3.8.3-py3.10.egg-info/top_level.txt
[0.621s] -- Up-to-date: /home/rosdev/ros2_ws_lab/lab3/install/dynamixel_sdk_custom_interfaces/local/lib/python3.10/dist-packages/dynamixel_sdk_custom_interfaces
[0.622s] -- Up-to-date: /home/rosdev/ros2_ws_lab/lab3/install/dynamixel_sdk_custom_interfaces/local/lib/python3.10/dist-packages/dynamixel_sdk_custom_interfaces/dynamixel_sdk_custom_interfaces_s__rosidl_typesupport_fastrtps_c.cpython-310-x86_64-linux-gnu.so
[0.622s] -- Up-to-date: /home/rosdev/ros2_ws_lab/lab3/install/dynamixel_sdk_custom_interfaces/local/lib/python3.10/dist-packages/dynamixel_sdk_custom_interfaces/msg
[0.622s] -- Up-to-date: /home/rosdev/ros2_ws_lab/lab3/install/dynamixel_sdk_custom_interfaces/local/lib/python3.10/dist-packages/dynamixel_sdk_custom_interfaces/msg/__init__.py
[0.622s] -- Up-to-date: /home/rosdev/ros2_ws_lab/lab3/install/dynamixel_sdk_custom_interfaces/local/lib/python3.10/dist-packages/dynamixel_sdk_custom_interfaces/msg/_set_position.py
[0.622s] -- Up-to-date: /home/rosdev/ros2_ws_lab/lab3/install/dynamixel_sdk_custom_interfaces/local/lib/python3.10/dist-packages/dynamixel_sdk_custom_interfaces/msg/_set_position_s.c
[0.622s] -- Up-to-date: /home/rosdev/ros2_ws_lab/lab3/install/dynamixel_sdk_custom_interfaces/local/lib/python3.10/dist-packages/dynamixel_sdk_custom_interfaces/dynamixel_sdk_custom_interfaces_s__rosidl_typesupport_c.cpython-310-x86_64-linux-gnu.so
[0.622s] -- Up-to-date: /home/rosdev/ros2_ws_lab/lab3/install/dynamixel_sdk_custom_interfaces/local/lib/python3.10/dist-packages/dynamixel_sdk_custom_interfaces/srv
[0.623s] -- Up-to-date: /home/rosdev/ros2_ws_lab/lab3/install/dynamixel_sdk_custom_interfaces/local/lib/python3.10/dist-packages/dynamixel_sdk_custom_interfaces/srv/_get_position.py
[0.623s] -- Up-to-date: /home/rosdev/ros2_ws_lab/lab3/install/dynamixel_sdk_custom_interfaces/local/lib/python3.10/dist-packages/dynamixel_sdk_custom_interfaces/srv/__init__.py
[0.623s] -- Up-to-date: /home/rosdev/ros2_ws_lab/lab3/install/dynamixel_sdk_custom_interfaces/local/lib/python3.10/dist-packages/dynamixel_sdk_custom_interfaces/srv/_get_position_s.c
[0.623s] -- Up-to-date: /home/rosdev/ros2_ws_lab/lab3/install/dynamixel_sdk_custom_interfaces/local/lib/python3.10/dist-packages/dynamixel_sdk_custom_interfaces/libdynamixel_sdk_custom_interfaces__rosidl_generator_py.so
[0.623s] -- Up-to-date: /home/rosdev/ros2_ws_lab/lab3/install/dynamixel_sdk_custom_interfaces/local/lib/python3.10/dist-packages/dynamixel_sdk_custom_interfaces/__init__.py
[0.623s] -- Up-to-date: /home/rosdev/ros2_ws_lab/lab3/install/dynamixel_sdk_custom_interfaces/local/lib/python3.10/dist-packages/dynamixel_sdk_custom_interfaces/_dynamixel_sdk_custom_interfaces_s.ep.rosidl_typesupport_c.c
[0.624s] -- Up-to-date: /home/rosdev/ros2_ws_lab/lab3/install/dynamixel_sdk_custom_interfaces/local/lib/python3.10/dist-packages/dynamixel_sdk_custom_interfaces/dynamixel_sdk_custom_interfaces_s__rosidl_typesupport_introspection_c.cpython-310-x86_64-linux-gnu.so
[0.624s] -- Up-to-date: /home/rosdev/ros2_ws_lab/lab3/install/dynamixel_sdk_custom_interfaces/local/lib/python3.10/dist-packages/dynamixel_sdk_custom_interfaces/_dynamixel_sdk_custom_interfaces_s.ep.rosidl_typesupport_fastrtps_c.c
[0.624s] -- Up-to-date: /home/rosdev/ros2_ws_lab/lab3/install/dynamixel_sdk_custom_interfaces/local/lib/python3.10/dist-packages/dynamixel_sdk_custom_interfaces/_dynamixel_sdk_custom_interfaces_s.ep.rosidl_typesupport_introspection_c.c
[0.625s] Listing '/home/rosdev/ros2_ws_lab/lab3/install/dynamixel_sdk_custom_interfaces/local/lib/python3.10/dist-packages/dynamixel_sdk_custom_interfaces'...
[0.625s] Listing '/home/rosdev/ros2_ws_lab/lab3/install/dynamixel_sdk_custom_interfaces/local/lib/python3.10/dist-packages/dynamixel_sdk_custom_interfaces/msg'...
[0.625s] Listing '/home/rosdev/ros2_ws_lab/lab3/install/dynamixel_sdk_custom_interfaces/local/lib/python3.10/dist-packages/dynamixel_sdk_custom_interfaces/srv'...
[0.630s] -- Up-to-date: /home/rosdev/ros2_ws_lab/lab3/install/dynamixel_sdk_custom_interfaces/local/lib/python3.10/dist-packages/dynamixel_sdk_custom_interfaces/dynamixel_sdk_custom_interfaces_s__rosidl_typesupport_fastrtps_c.cpython-310-x86_64-linux-gnu.so
[0.633s] -- Up-to-date: /home/rosdev/ros2_ws_lab/lab3/install/dynamixel_sdk_custom_interfaces/local/lib/python3.10/dist-packages/dynamixel_sdk_custom_interfaces/dynamixel_sdk_custom_interfaces_s__rosidl_typesupport_introspection_c.cpython-310-x86_64-linux-gnu.so
[0.636s] -- Up-to-date: /home/rosdev/ros2_ws_lab/lab3/install/dynamixel_sdk_custom_interfaces/local/lib/python3.10/dist-packages/dynamixel_sdk_custom_interfaces/dynamixel_sdk_custom_interfaces_s__rosidl_typesupport_c.cpython-310-x86_64-linux-gnu.so
[0.636s] -- Up-to-date: /home/rosdev/ros2_ws_lab/lab3/install/dynamixel_sdk_custom_interfaces/lib/libdynamixel_sdk_custom_interfaces__rosidl_generator_py.so
[0.636s] -- Up-to-date: /home/rosdev/ros2_ws_lab/lab3/install/dynamixel_sdk_custom_interfaces/share/dynamixel_sdk_custom_interfaces/msg/SetPosition.idl
[0.637s] -- Up-to-date: /home/rosdev/ros2_ws_lab/lab3/install/dynamixel_sdk_custom_interfaces/share/dynamixel_sdk_custom_interfaces/srv/GetPosition.idl
[0.637s] -- Up-to-date: /home/rosdev/ros2_ws_lab/lab3/install/dynamixel_sdk_custom_interfaces/share/dynamixel_sdk_custom_interfaces/msg/SetPosition.msg
[0.638s] -- Up-to-date: /home/rosdev/ros2_ws_lab/lab3/install/dynamixel_sdk_custom_interfaces/share/dynamixel_sdk_custom_interfaces/srv/GetPosition.srv
[0.639s] -- Up-to-date: /home/rosdev/ros2_ws_lab/lab3/install/dynamixel_sdk_custom_interfaces/share/dynamixel_sdk_custom_interfaces/srv/GetPosition_Request.msg
[0.640s] -- Up-to-date: /home/rosdev/ros2_ws_lab/lab3/install/dynamixel_sdk_custom_interfaces/share/dynamixel_sdk_custom_interfaces/srv/GetPosition_Response.msg
[0.640s] -- Up-to-date: /home/rosdev/ros2_ws_lab/lab3/install/dynamixel_sdk_custom_interfaces/share/ament_index/resource_index/package_run_dependencies/dynamixel_sdk_custom_interfaces
[0.640s] -- Up-to-date: /home/rosdev/ros2_ws_lab/lab3/install/dynamixel_sdk_custom_interfaces/share/ament_index/resource_index/parent_prefix_path/dynamixel_sdk_custom_interfaces
[0.640s] -- Up-to-date: /home/rosdev/ros2_ws_lab/lab3/install/dynamixel_sdk_custom_interfaces/share/dynamixel_sdk_custom_interfaces/environment/ament_prefix_path.sh
[0.640s] -- Up-to-date: /home/rosdev/ros2_ws_lab/lab3/install/dynamixel_sdk_custom_interfaces/share/dynamixel_sdk_custom_interfaces/environment/ament_prefix_path.dsv
[0.641s] -- Up-to-date: /home/rosdev/ros2_ws_lab/lab3/install/dynamixel_sdk_custom_interfaces/share/dynamixel_sdk_custom_interfaces/environment/path.sh
[0.641s] -- Up-to-date: /home/rosdev/ros2_ws_lab/lab3/install/dynamixel_sdk_custom_interfaces/share/dynamixel_sdk_custom_interfaces/environment/path.dsv
[0.642s] -- Up-to-date: /home/rosdev/ros2_ws_lab/lab3/install/dynamixel_sdk_custom_interfaces/share/dynamixel_sdk_custom_interfaces/local_setup.bash
[0.642s] -- Up-to-date: /home/rosdev/ros2_ws_lab/lab3/install/dynamixel_sdk_custom_interfaces/share/dynamixel_sdk_custom_interfaces/local_setup.sh
[0.642s] -- Up-to-date: /home/rosdev/ros2_ws_lab/lab3/install/dynamixel_sdk_custom_interfaces/share/dynamixel_sdk_custom_interfaces/local_setup.zsh
[0.642s] -- Up-to-date: /home/rosdev/ros2_ws_lab/lab3/install/dynamixel_sdk_custom_interfaces/share/dynamixel_sdk_custom_interfaces/local_setup.dsv
[0.642s] -- Installing: /home/rosdev/ros2_ws_lab/lab3/install/dynamixel_sdk_custom_interfaces/share/dynamixel_sdk_custom_interfaces/package.dsv
[0.643s] -- Up-to-date: /home/rosdev/ros2_ws_lab/lab3/install/dynamixel_sdk_custom_interfaces/share/ament_index/resource_index/packages/dynamixel_sdk_custom_interfaces
[0.643s] -- Up-to-date: /home/rosdev/ros2_ws_lab/lab3/install/dynamixel_sdk_custom_interfaces/share/dynamixel_sdk_custom_interfaces/cmake/export_dynamixel_sdk_custom_interfaces__rosidl_generator_cExport.cmake
[0.643s] -- Up-to-date: /home/rosdev/ros2_ws_lab/lab3/install/dynamixel_sdk_custom_interfaces/share/dynamixel_sdk_custom_interfaces/cmake/export_dynamixel_sdk_custom_interfaces__rosidl_generator_cExport-noconfig.cmake
[0.644s] -- Up-to-date: /home/rosdev/ros2_ws_lab/lab3/install/dynamixel_sdk_custom_interfaces/share/dynamixel_sdk_custom_interfaces/cmake/export_dynamixel_sdk_custom_interfaces__rosidl_typesupport_fastrtps_cExport.cmake
[0.645s] -- Up-to-date: /home/rosdev/ros2_ws_lab/lab3/install/dynamixel_sdk_custom_interfaces/share/dynamixel_sdk_custom_interfaces/cmake/export_dynamixel_sdk_custom_interfaces__rosidl_typesupport_fastrtps_cExport-noconfig.cmake
[0.645s] -- Up-to-date: /home/rosdev/ros2_ws_lab/lab3/install/dynamixel_sdk_custom_interfaces/share/dynamixel_sdk_custom_interfaces/cmake/export_dynamixel_sdk_custom_interfaces__rosidl_generator_cppExport.cmake
[0.645s] -- Up-to-date: /home/rosdev/ros2_ws_lab/lab3/install/dynamixel_sdk_custom_interfaces/share/dynamixel_sdk_custom_interfaces/cmake/export_dynamixel_sdk_custom_interfaces__rosidl_typesupport_fastrtps_cppExport.cmake
[0.645s] -- Up-to-date: /home/rosdev/ros2_ws_lab/lab3/install/dynamixel_sdk_custom_interfaces/share/dynamixel_sdk_custom_interfaces/cmake/export_dynamixel_sdk_custom_interfaces__rosidl_typesupport_fastrtps_cppExport-noconfig.cmake
[0.645s] -- Up-to-date: /home/rosdev/ros2_ws_lab/lab3/install/dynamixel_sdk_custom_interfaces/share/dynamixel_sdk_custom_interfaces/cmake/dynamixel_sdk_custom_interfaces__rosidl_typesupport_introspection_cExport.cmake
[0.646s] -- Up-to-date: /home/rosdev/ros2_ws_lab/lab3/install/dynamixel_sdk_custom_interfaces/share/dynamixel_sdk_custom_interfaces/cmake/dynamixel_sdk_custom_interfaces__rosidl_typesupport_introspection_cExport-noconfig.cmake
[0.646s] -- Up-to-date: /home/rosdev/ros2_ws_lab/lab3/install/dynamixel_sdk_custom_interfaces/share/dynamixel_sdk_custom_interfaces/cmake/dynamixel_sdk_custom_interfaces__rosidl_typesupport_cExport.cmake
[0.646s] -- Up-to-date: /home/rosdev/ros2_ws_lab/lab3/install/dynamixel_sdk_custom_interfaces/share/dynamixel_sdk_custom_interfaces/cmake/dynamixel_sdk_custom_interfaces__rosidl_typesupport_cExport-noconfig.cmake
[0.646s] -- Up-to-date: /home/rosdev/ros2_ws_lab/lab3/install/dynamixel_sdk_custom_interfaces/share/dynamixel_sdk_custom_interfaces/cmake/dynamixel_sdk_custom_interfaces__rosidl_typesupport_introspection_cppExport.cmake
[0.646s] -- Up-to-date: /home/rosdev/ros2_ws_lab/lab3/install/dynamixel_sdk_custom_interfaces/share/dynamixel_sdk_custom_interfaces/cmake/dynamixel_sdk_custom_interfaces__rosidl_typesupport_introspection_cppExport-noconfig.cmake
[0.646s] -- Up-to-date: /home/rosdev/ros2_ws_lab/lab3/install/dynamixel_sdk_custom_interfaces/share/dynamixel_sdk_custom_interfaces/cmake/dynamixel_sdk_custom_interfaces__rosidl_typesupport_cppExport.cmake
[0.646s] -- Up-to-date: /home/rosdev/ros2_ws_lab/lab3/install/dynamixel_sdk_custom_interfaces/share/dynamixel_sdk_custom_interfaces/cmake/dynamixel_sdk_custom_interfaces__rosidl_typesupport_cppExport-noconfig.cmake
[0.646s] -- Up-to-date: /home/rosdev/ros2_ws_lab/lab3/install/dynamixel_sdk_custom_interfaces/share/dynamixel_sdk_custom_interfaces/cmake/export_dynamixel_sdk_custom_interfaces__rosidl_generator_pyExport.cmake
[0.647s] -- Up-to-date: /home/rosdev/ros2_ws_lab/lab3/install/dynamixel_sdk_custom_interfaces/share/dynamixel_sdk_custom_interfaces/cmake/export_dynamixel_sdk_custom_interfaces__rosidl_generator_pyExport-noconfig.cmake
[0.647s] -- Up-to-date: /home/rosdev/ros2_ws_lab/lab3/install/dynamixel_sdk_custom_interfaces/share/dynamixel_sdk_custom_interfaces/cmake/rosidl_cmake-extras.cmake
[0.647s] -- Up-to-date: /home/rosdev/ros2_ws_lab/lab3/install/dynamixel_sdk_custom_interfaces/share/dynamixel_sdk_custom_interfaces/cmake/ament_cmake_export_dependencies-extras.cmake
[0.647s] -- Up-to-date: /home/rosdev/ros2_ws_lab/lab3/install/dynamixel_sdk_custom_interfaces/share/dynamixel_sdk_custom_interfaces/cmake/ament_cmake_export_include_directories-extras.cmake
[0.647s] -- Up-to-date: /home/rosdev/ros2_ws_lab/lab3/install/dynamixel_sdk_custom_interfaces/share/dynamixel_sdk_custom_interfaces/cmake/ament_cmake_export_libraries-extras.cmake
[0.647s] -- Up-to-date: /home/rosdev/ros2_ws_lab/lab3/install/dynamixel_sdk_custom_interfaces/share/dynamixel_sdk_custom_interfaces/cmake/ament_cmake_export_targets-extras.cmake
[0.647s] -- Up-to-date: /home/rosdev/ros2_ws_lab/lab3/install/dynamixel_sdk_custom_interfaces/share/dynamixel_sdk_custom_interfaces/cmake/rosidl_cmake_export_typesupport_targets-extras.cmake
[0.647s] -- Up-to-date: /home/rosdev/ros2_ws_lab/lab3/install/dynamixel_sdk_custom_interfaces/share/dynamixel_sdk_custom_interfaces/cmake/rosidl_cmake_export_typesupport_libraries-extras.cmake
[0.647s] -- Up-to-date: /home/rosdev/ros2_ws_lab/lab3/install/dynamixel_sdk_custom_interfaces/share/dynamixel_sdk_custom_interfaces/cmake/dynamixel_sdk_custom_interfacesConfig.cmake
[0.647s] -- Up-to-date: /home/rosdev/ros2_ws_lab/lab3/install/dynamixel_sdk_custom_interfaces/share/dynamixel_sdk_custom_interfaces/cmake/dynamixel_sdk_custom_interfacesConfig-version.cmake
[0.648s] -- Up-to-date: /home/rosdev/ros2_ws_lab/lab3/install/dynamixel_sdk_custom_interfaces/share/dynamixel_sdk_custom_interfaces/package.xml
[0.672s] Invoked command in '/home/rosdev/ros2_ws_lab/lab3/build/dynamixel_sdk_custom_interfaces' returned '0': CMAKE_PREFIX_PATH=${CMAKE_PREFIX_PATH}:/home/rosdev/ros2_ws_lab/lab3/install/turtlebot3_teleop:/home/rosdev/ros2_ws_lab/lab3/install/turtlebot3_example:/home/rosdev/turtlebot3_ws/install/turtlebot3_teleop:/home/rosdev/turtlebot3_ws/install/turtlebot3_example:/opt/ros/humble /usr/bin/cmake --install /home/rosdev/ros2_ws_lab/lab3/build/dynamixel_sdk_custom_interfaces
