[0.015s] Invoking command in '/home/rosdev/ros2_ws_lab/lab2/build/bringup': CMAKE_PREFIX_PATH=/opt/ros/humble /usr/bin/cmake /home/rosdev/ros2_ws_lab/lab2/src/bringup -DCMAKE_INSTALL_PREFIX=/home/rosdev/ros2_ws_lab/lab2/install/bringup
[0.072s] -- The C compiler identification is GNU 11.4.0
[0.128s] -- The CXX compiler identification is GNU 11.4.0
[0.136s] -- Detecting C compiler ABI info
[0.206s] -- Detecting C compiler ABI info - done
[0.215s] -- Check for working C compiler: /usr/bin/cc - skipped
[0.215s] -- Detecting C compile features
[0.216s] -- Detecting C compile features - done
[0.219s] -- Detecting CXX compiler ABI info
[0.300s] -- Detecting CXX compiler ABI info - done
[0.309s] -- Check for working CXX compiler: /usr/bin/c++ - skipped
[0.310s] -- Detecting CXX compile features
[0.311s] -- Detecting CXX compile features - done
[0.314s] -- Found ament_cmake: 1.3.11 (/opt/ros/humble/share/ament_cmake/cmake)
[0.482s] -- Found Python3: /usr/bin/python3 (found version "3.10.12") found components: Interpreter 
[0.669s] -- Configuring done
[0.672s] -- Generating done
[0.674s] -- Build files have been written to: /home/rosdev/ros2_ws_lab/lab2/build/bringup
[0.678s] Invoked command in '/home/rosdev/ros2_ws_lab/lab2/build/bringup' returned '0': CMAKE_PREFIX_PATH=/opt/ros/humble /usr/bin/cmake /home/rosdev/ros2_ws_lab/lab2/src/bringup -DCMAKE_INSTALL_PREFIX=/home/rosdev/ros2_ws_lab/lab2/install/bringup
[0.680s] Invoking command in '/home/rosdev/ros2_ws_lab/lab2/build/bringup': CMAKE_PREFIX_PATH=/opt/ros/humble /usr/bin/cmake --build /home/rosdev/ros2_ws_lab/lab2/build/bringup -- -j12 -l12
[0.719s] Invoked command in '/home/rosdev/ros2_ws_lab/lab2/build/bringup' returned '0': CMAKE_PREFIX_PATH=/opt/ros/humble /usr/bin/cmake --build /home/rosdev/ros2_ws_lab/lab2/build/bringup -- -j12 -l12
[0.730s] Invoking command in '/home/rosdev/ros2_ws_lab/lab2/build/bringup': CMAKE_PREFIX_PATH=/opt/ros/humble /usr/bin/cmake --install /home/rosdev/ros2_ws_lab/lab2/build/bringup
[0.737s] -- Install configuration: ""
[0.737s] -- Installing: /home/rosdev/ros2_ws_lab/lab2/install/bringup/share/bringup//launch
[0.738s] -- Installing: /home/rosdev/ros2_ws_lab/lab2/install/bringup/share/bringup//launch/localization_launch.py
[0.738s] -- Installing: /home/rosdev/ros2_ws_lab/lab2/install/bringup/share/bringup//launch/main.launch.py
[0.738s] -- Installing: /home/rosdev/ros2_ws_lab/lab2/install/bringup/share/bringup//launch/rviz_launch.py
[0.738s] -- Installing: /home/rosdev/ros2_ws_lab/lab2/install/bringup/share/bringup//launch/slam_launch.py
[0.738s] -- Installing: /home/rosdev/ros2_ws_lab/lab2/install/bringup/share/bringup//launch/navigation_launch.py
[0.739s] -- Installing: /home/rosdev/ros2_ws_lab/lab2/install/bringup/share/bringup//launch/bringup_launch.py
[0.739s] -- Installing: /home/rosdev/ros2_ws_lab/lab2/install/bringup/share/bringup//models
[0.739s] -- Installing: /home/rosdev/ros2_ws_lab/lab2/install/bringup/share/bringup//models/turtlebot3_burger
[0.739s] -- Installing: /home/rosdev/ros2_ws_lab/lab2/install/bringup/share/bringup//models/turtlebot3_burger/model.config
[0.739s] -- Installing: /home/rosdev/ros2_ws_lab/lab2/install/bringup/share/bringup//models/turtlebot3_burger/model.sdf
[0.740s] -- Installing: /home/rosdev/ros2_ws_lab/lab2/install/bringup/share/bringup//models/turtlebot3_burger/model-1_4.sdf
[0.740s] -- Installing: /home/rosdev/ros2_ws_lab/lab2/install/bringup/share/bringup//models/turtlebot3_burger/meshes
[0.740s] -- Installing: /home/rosdev/ros2_ws_lab/lab2/install/bringup/share/bringup//models/turtlebot3_burger/meshes/lds.dae
[0.740s] -- Installing: /home/rosdev/ros2_ws_lab/lab2/install/bringup/share/bringup//models/turtlebot3_burger/meshes/burger_base.dae
[0.740s] -- Installing: /home/rosdev/ros2_ws_lab/lab2/install/bringup/share/bringup//models/turtlebot3_burger/meshes/tire.dae
[0.741s] -- Installing: /home/rosdev/ros2_ws_lab/lab2/install/bringup/share/bringup//models/turtlebot3_waffle
[0.741s] -- Installing: /home/rosdev/ros2_ws_lab/lab2/install/bringup/share/bringup//models/turtlebot3_waffle/model.config
[0.741s] -- Installing: /home/rosdev/ros2_ws_lab/lab2/install/bringup/share/bringup//models/turtlebot3_waffle/model_nocamera.sdf
[0.741s] -- Installing: /home/rosdev/ros2_ws_lab/lab2/install/bringup/share/bringup//models/turtlebot3_waffle/model.sdf
[0.741s] -- Installing: /home/rosdev/ros2_ws_lab/lab2/install/bringup/share/bringup//models/turtlebot3_waffle/model-1_4.sdf
[0.742s] -- Installing: /home/rosdev/ros2_ws_lab/lab2/install/bringup/share/bringup//models/turtlebot3_waffle/meshes
[0.742s] -- Installing: /home/rosdev/ros2_ws_lab/lab2/install/bringup/share/bringup//models/turtlebot3_waffle/meshes/r200.dae
[0.742s] -- Installing: /home/rosdev/ros2_ws_lab/lab2/install/bringup/share/bringup//models/turtlebot3_waffle/meshes/lds.dae
[0.742s] -- Installing: /home/rosdev/ros2_ws_lab/lab2/install/bringup/share/bringup//models/turtlebot3_waffle/meshes/waffle_base.dae
[0.742s] -- Installing: /home/rosdev/ros2_ws_lab/lab2/install/bringup/share/bringup//models/turtlebot3_waffle/meshes/tire.dae
[0.742s] -- Installing: /home/rosdev/ros2_ws_lab/lab2/install/bringup/share/bringup//rviz
[0.743s] -- Installing: /home/rosdev/ros2_ws_lab/lab2/install/bringup/share/bringup//rviz/nav2_default_view.rviz
[0.743s] -- Installing: /home/rosdev/ros2_ws_lab/lab2/install/bringup/share/bringup//urdf
[0.743s] -- Installing: /home/rosdev/ros2_ws_lab/lab2/install/bringup/share/bringup//urdf/turtlebot3_burger.urdf
[0.743s] -- Installing: /home/rosdev/ros2_ws_lab/lab2/install/bringup/share/bringup//urdf/turtlebot3_waffle.urdf
[0.743s] -- Installing: /home/rosdev/ros2_ws_lab/lab2/install/bringup/share/bringup//urdf/common_properties.urdf
[0.744s] -- Installing: /home/rosdev/ros2_ws_lab/lab2/install/bringup/share/bringup//worlds
[0.744s] -- Installing: /home/rosdev/ros2_ws_lab/lab2/install/bringup/share/bringup//worlds/turtlebot3_world.world
[0.744s] -- Installing: /home/rosdev/ros2_ws_lab/lab2/install/bringup/share/bringup//params
[0.744s] -- Installing: /home/rosdev/ros2_ws_lab/lab2/install/bringup/share/bringup//params/nav2_params.yaml
[0.744s] -- Installing: /home/rosdev/ros2_ws_lab/lab2/install/bringup/share/bringup//maps
[0.744s] -- Installing: /home/rosdev/ros2_ws_lab/lab2/install/bringup/share/bringup//maps/map.pgm
[0.745s] -- Installing: /home/rosdev/ros2_ws_lab/lab2/install/bringup/share/bringup//maps/map.yaml
[0.745s] -- Installing: /home/rosdev/ros2_ws_lab/lab2/install/bringup/share/bringup/environment/.gazebo.dsv
[0.745s] -- Installing: /home/rosdev/ros2_ws_lab/lab2/install/bringup/share/ament_index/resource_index/package_run_dependencies/bringup
[0.745s] -- Installing: /home/rosdev/ros2_ws_lab/lab2/install/bringup/share/ament_index/resource_index/parent_prefix_path/bringup
[0.745s] -- Installing: /home/rosdev/ros2_ws_lab/lab2/install/bringup/share/bringup/environment/ament_prefix_path.sh
[0.745s] -- Installing: /home/rosdev/ros2_ws_lab/lab2/install/bringup/share/bringup/environment/ament_prefix_path.dsv
[0.746s] -- Installing: /home/rosdev/ros2_ws_lab/lab2/install/bringup/share/bringup/environment/path.sh
[0.746s] -- Installing: /home/rosdev/ros2_ws_lab/lab2/install/bringup/share/bringup/environment/path.dsv
[0.746s] -- Installing: /home/rosdev/ros2_ws_lab/lab2/install/bringup/share/bringup/local_setup.bash
[0.746s] -- Installing: /home/rosdev/ros2_ws_lab/lab2/install/bringup/share/bringup/local_setup.sh
[0.747s] -- Installing: /home/rosdev/ros2_ws_lab/lab2/install/bringup/share/bringup/local_setup.zsh
[0.747s] -- Installing: /home/rosdev/ros2_ws_lab/lab2/install/bringup/share/bringup/local_setup.dsv
[0.747s] -- Installing: /home/rosdev/ros2_ws_lab/lab2/install/bringup/share/bringup/package.dsv
[0.748s] -- Installing: /home/rosdev/ros2_ws_lab/lab2/install/bringup/share/ament_index/resource_index/packages/bringup
[0.748s] -- Installing: /home/rosdev/ros2_ws_lab/lab2/install/bringup/share/bringup/cmake/bringupConfig.cmake
[0.748s] -- Installing: /home/rosdev/ros2_ws_lab/lab2/install/bringup/share/bringup/cmake/bringupConfig-version.cmake
[0.748s] -- Installing: /home/rosdev/ros2_ws_lab/lab2/install/bringup/share/bringup/package.xml
[0.748s] Invoked command in '/home/rosdev/ros2_ws_lab/lab2/build/bringup' returned '0': CMAKE_PREFIX_PATH=/opt/ros/humble /usr/bin/cmake --install /home/rosdev/ros2_ws_lab/lab2/build/bringup
