[0.012s] Invoking command in '/home/rosdev/turtlebot3_ws/build/turtlebot3_node': AMENT_PREFIX_PATH=/home/rosdev/turtlebot3_ws/install/turtlebot3_msgs:/home/rosdev/turtlebot3_ws/install/dynamixel_sdk:${AMENT_PREFIX_PATH} CMAKE_PREFIX_PATH=/home/rosdev/turtlebot3_ws/install/turtlebot3_msgs:/home/rosdev/turtlebot3_ws/install/dynamixel_sdk:/opt/ros/humble LD_LIBRARY_PATH=/home/rosdev/turtlebot3_ws/install/turtlebot3_msgs/lib:/home/rosdev/turtlebot3_ws/install/dynamixel_sdk/lib:/usr/lib/x86_64-linux-gnu/gazebo-11/plugins:/opt/ros/humble/opt/rviz_ogre_vendor/lib:/opt/ros/humble/lib/x86_64-linux-gnu:/opt/ros/humble/lib:/usr/share/gazebo/../../lib/x86_64-linux-gnu/gazebo-11/plugins PYTHONPATH=/home/rosdev/turtlebot3_ws/install/turtlebot3_msgs/local/lib/python3.10/dist-packages:/home/rosdev/turtlebot3_ws/install/dynamixel_sdk/local/lib/python3.10/dist-packages:${PYTHONPATH} /usr/bin/cmake /home/rosdev/turtlebot3_ws/src/turtlebot3/turtlebot3_node -DAMENT_CMAKE_SYMLINK_INSTALL=1 -DCMAKE_INSTALL_PREFIX=/home/rosdev/turtlebot3_ws/install/turtlebot3_node
[0.072s] -- The C compiler identification is GNU 11.4.0
[0.129s] -- The CXX compiler identification is GNU 11.4.0
[0.137s] -- Detecting C compiler ABI info
[0.205s] -- Detecting C compiler ABI info - done
[0.214s] -- Check for working C compiler: /usr/bin/cc - skipped
[0.214s] -- Detecting C compile features
[0.215s] -- Detecting C compile features - done
[0.219s] -- Detecting CXX compiler ABI info
[0.298s] -- Detecting CXX compiler ABI info - done
[0.308s] -- Check for working CXX compiler: /usr/bin/c++ - skipped
[0.308s] -- Detecting CXX compile features
[0.309s] -- Detecting CXX compile features - done
[0.311s] -- Found ament_cmake: 1.3.11 (/opt/ros/humble/share/ament_cmake/cmake)
[0.475s] -- Found Python3: /usr/bin/python3 (found version "3.10.12") found components: Interpreter 
[0.544s] -- Override CMake install command with custom implementation using symlinks instead of copying resources
[0.571s] -- Found dynamixel_sdk: 3.8.3 (/home/rosdev/turtlebot3_ws/install/dynamixel_sdk/share/dynamixel_sdk/cmake)
[0.573s] -- Found geometry_msgs: 4.8.0 (/opt/ros/humble/share/geometry_msgs/cmake)
[0.613s] -- Found rosidl_generator_c: 3.1.6 (/opt/ros/humble/share/rosidl_generator_c/cmake)
[0.619s] -- Found rosidl_adapter: 3.1.6 (/opt/ros/humble/share/rosidl_adapter/cmake)
[0.629s] -- Found rosidl_generator_cpp: 3.1.6 (/opt/ros/humble/share/rosidl_generator_cpp/cmake)
[0.644s] -- Using all available rosidl_typesupport_c: rosidl_typesupport_fastrtps_c;rosidl_typesupport_introspection_c
[0.664s] -- Using all available rosidl_typesupport_cpp: rosidl_typesupport_fastrtps_cpp;rosidl_typesupport_introspection_cpp
[0.713s] -- Found message_filters: 4.3.7 (/opt/ros/humble/share/message_filters/cmake)
[0.761s] -- Found rmw_implementation_cmake: 6.1.2 (/opt/ros/humble/share/rmw_implementation_cmake/cmake)
[0.764s] -- Found rmw_fastrtps_cpp: 6.2.7 (/opt/ros/humble/share/rmw_fastrtps_cpp/cmake)
[0.849s] -- Found OpenSSL: /usr/lib/x86_64-linux-gnu/libcrypto.so (found version "3.0.2")  
[0.876s] -- Found FastRTPS: /opt/ros/humble/include  
[0.919s] -- Using RMW implementation 'rmw_fastrtps_cpp' as default
[0.928s] -- Looking for pthread.h
[1.001s] -- Looking for pthread.h - found
[1.002s] -- Performing Test CMAKE_HAVE_LIBC_PTHREAD
[1.077s] -- Performing Test CMAKE_HAVE_LIBC_PTHREAD - Success
[1.079s] -- Found Threads: TRUE  
[1.145s] -- Found nav_msgs: 4.8.0 (/opt/ros/humble/share/nav_msgs/cmake)
[1.167s] -- Found sensor_msgs: 4.8.0 (/opt/ros/humble/share/sensor_msgs/cmake)
[1.190s] -- Found std_srvs: 4.8.0 (/opt/ros/humble/share/std_srvs/cmake)
[1.204s] -- Found tf2: 0.25.12 (/opt/ros/humble/share/tf2/cmake)
[1.215s] -- Found tf2_ros: 0.25.12 (/opt/ros/humble/share/tf2_ros/cmake)
[1.318s] -- Found turtlebot3_msgs: 2.4.0 (/home/rosdev/turtlebot3_ws/install/turtlebot3_msgs/share/turtlebot3_msgs/cmake)
[1.426s] -- Configuring done
[1.448s] -- Generating done
[1.454s] -- Build files have been written to: /home/rosdev/turtlebot3_ws/build/turtlebot3_node
[1.465s] Invoked command in '/home/rosdev/turtlebot3_ws/build/turtlebot3_node' returned '0': AMENT_PREFIX_PATH=/home/rosdev/turtlebot3_ws/install/turtlebot3_msgs:/home/rosdev/turtlebot3_ws/install/dynamixel_sdk:${AMENT_PREFIX_PATH} CMAKE_PREFIX_PATH=/home/rosdev/turtlebot3_ws/install/turtlebot3_msgs:/home/rosdev/turtlebot3_ws/install/dynamixel_sdk:/opt/ros/humble LD_LIBRARY_PATH=/home/rosdev/turtlebot3_ws/install/turtlebot3_msgs/lib:/home/rosdev/turtlebot3_ws/install/dynamixel_sdk/lib:/usr/lib/x86_64-linux-gnu/gazebo-11/plugins:/opt/ros/humble/opt/rviz_ogre_vendor/lib:/opt/ros/humble/lib/x86_64-linux-gnu:/opt/ros/humble/lib:/usr/share/gazebo/../../lib/x86_64-linux-gnu/gazebo-11/plugins PYTHONPATH=/home/rosdev/turtlebot3_ws/install/turtlebot3_msgs/local/lib/python3.10/dist-packages:/home/rosdev/turtlebot3_ws/install/dynamixel_sdk/local/lib/python3.10/dist-packages:${PYTHONPATH} /usr/bin/cmake /home/rosdev/turtlebot3_ws/src/turtlebot3/turtlebot3_node -DAMENT_CMAKE_SYMLINK_INSTALL=1 -DCMAKE_INSTALL_PREFIX=/home/rosdev/turtlebot3_ws/install/turtlebot3_node
[1.467s] Invoking command in '/home/rosdev/turtlebot3_ws/build/turtlebot3_node': AMENT_PREFIX_PATH=/home/rosdev/turtlebot3_ws/install/turtlebot3_msgs:/home/rosdev/turtlebot3_ws/install/dynamixel_sdk:${AMENT_PREFIX_PATH} CMAKE_PREFIX_PATH=/home/rosdev/turtlebot3_ws/install/turtlebot3_msgs:/home/rosdev/turtlebot3_ws/install/dynamixel_sdk:/opt/ros/humble LD_LIBRARY_PATH=/home/rosdev/turtlebot3_ws/install/turtlebot3_msgs/lib:/home/rosdev/turtlebot3_ws/install/dynamixel_sdk/lib:/usr/lib/x86_64-linux-gnu/gazebo-11/plugins:/opt/ros/humble/opt/rviz_ogre_vendor/lib:/opt/ros/humble/lib/x86_64-linux-gnu:/opt/ros/humble/lib:/usr/share/gazebo/../../lib/x86_64-linux-gnu/gazebo-11/plugins PYTHONPATH=/home/rosdev/turtlebot3_ws/install/turtlebot3_msgs/local/lib/python3.10/dist-packages:/home/rosdev/turtlebot3_ws/install/dynamixel_sdk/local/lib/python3.10/dist-packages:${PYTHONPATH} /usr/bin/cmake --build /home/rosdev/turtlebot3_ws/build/turtlebot3_node -- -j12 -l12
[1.523s] [ 28%] [32mBuilding CXX object CMakeFiles/turtlebot3_node_lib.dir/src/devices/sound.cpp.o[0m
[1.524s] [ 28%] [32mBuilding CXX object CMakeFiles/turtlebot3_node_lib.dir/src/devices/reset.cpp.o[0m
[1.524s] [ 35%] [32mBuilding CXX object CMakeFiles/turtlebot3_node_lib.dir/src/odometry.cpp.o[0m
[1.524s] [ 35%] [32mBuilding CXX object CMakeFiles/turtlebot3_node_lib.dir/src/diff_drive_controller.cpp.o[0m
[1.524s] [ 35%] [32mBuilding CXX object CMakeFiles/turtlebot3_node_lib.dir/src/devices/motor_power.cpp.o[0m
[1.524s] [ 42%] [32mBuilding CXX object CMakeFiles/turtlebot3_node_lib.dir/src/dynamixel_sdk_wrapper.cpp.o[0m
[1.525s] [ 50%] [32mBuilding CXX object CMakeFiles/turtlebot3_node_lib.dir/src/turtlebot3.cpp.o[0m
[1.525s] [ 57%] [32mBuilding CXX object CMakeFiles/turtlebot3_node_lib.dir/src/sensors/imu.cpp.o[0m
[1.525s] [ 64%] [32mBuilding CXX object CMakeFiles/turtlebot3_node_lib.dir/src/sensors/battery_state.cpp.o[0m
[1.528s] [ 71%] [32mBuilding CXX object CMakeFiles/turtlebot3_node_lib.dir/src/sensors/sensor_state.cpp.o[0m
[1.528s] [ 78%] [32mBuilding CXX object CMakeFiles/turtlebot3_node_lib.dir/src/sensors/joint_state.cpp.o[0m
[20.879s] [ 85%] [32m[1mLinking CXX static library libturtlebot3_node_lib.a[0m
[21.577s] [ 85%] Built target turtlebot3_node_lib
[21.599s] [ 92%] [32mBuilding CXX object CMakeFiles/turtlebot3_ros.dir/src/node_main.cpp.o[0m
[25.558s] [100%] [32m[1mLinking CXX executable turtlebot3_ros[0m
[27.481s] [100%] Built target turtlebot3_ros
[27.491s] Invoked command in '/home/rosdev/turtlebot3_ws/build/turtlebot3_node' returned '0': AMENT_PREFIX_PATH=/home/rosdev/turtlebot3_ws/install/turtlebot3_msgs:/home/rosdev/turtlebot3_ws/install/dynamixel_sdk:${AMENT_PREFIX_PATH} CMAKE_PREFIX_PATH=/home/rosdev/turtlebot3_ws/install/turtlebot3_msgs:/home/rosdev/turtlebot3_ws/install/dynamixel_sdk:/opt/ros/humble LD_LIBRARY_PATH=/home/rosdev/turtlebot3_ws/install/turtlebot3_msgs/lib:/home/rosdev/turtlebot3_ws/install/dynamixel_sdk/lib:/usr/lib/x86_64-linux-gnu/gazebo-11/plugins:/opt/ros/humble/opt/rviz_ogre_vendor/lib:/opt/ros/humble/lib/x86_64-linux-gnu:/opt/ros/humble/lib:/usr/share/gazebo/../../lib/x86_64-linux-gnu/gazebo-11/plugins PYTHONPATH=/home/rosdev/turtlebot3_ws/install/turtlebot3_msgs/local/lib/python3.10/dist-packages:/home/rosdev/turtlebot3_ws/install/dynamixel_sdk/local/lib/python3.10/dist-packages:${PYTHONPATH} /usr/bin/cmake --build /home/rosdev/turtlebot3_ws/build/turtlebot3_node -- -j12 -l12
[27.493s] Invoking command in '/home/rosdev/turtlebot3_ws/build/turtlebot3_node': AMENT_PREFIX_PATH=/home/rosdev/turtlebot3_ws/install/turtlebot3_msgs:/home/rosdev/turtlebot3_ws/install/dynamixel_sdk:${AMENT_PREFIX_PATH} CMAKE_PREFIX_PATH=/home/rosdev/turtlebot3_ws/install/turtlebot3_msgs:/home/rosdev/turtlebot3_ws/install/dynamixel_sdk:/opt/ros/humble LD_LIBRARY_PATH=/home/rosdev/turtlebot3_ws/install/turtlebot3_msgs/lib:/home/rosdev/turtlebot3_ws/install/dynamixel_sdk/lib:/usr/lib/x86_64-linux-gnu/gazebo-11/plugins:/opt/ros/humble/opt/rviz_ogre_vendor/lib:/opt/ros/humble/lib/x86_64-linux-gnu:/opt/ros/humble/lib:/usr/share/gazebo/../../lib/x86_64-linux-gnu/gazebo-11/plugins PYTHONPATH=/home/rosdev/turtlebot3_ws/install/turtlebot3_msgs/local/lib/python3.10/dist-packages:/home/rosdev/turtlebot3_ws/install/dynamixel_sdk/local/lib/python3.10/dist-packages:${PYTHONPATH} /usr/bin/cmake --install /home/rosdev/turtlebot3_ws/build/turtlebot3_node
[27.500s] -- Install configuration: ""
[27.500s] -- Execute custom install script
[27.501s] -- Symlinking: /home/rosdev/turtlebot3_ws/install/turtlebot3_node/share/turtlebot3_node/param/burger.yaml
[27.509s] -- Symlinking: /home/rosdev/turtlebot3_ws/install/turtlebot3_node/share/turtlebot3_node/param/waffle.yaml
[27.518s] -- Symlinking: /home/rosdev/turtlebot3_ws/install/turtlebot3_node/share/turtlebot3_node/param/waffle_pi.yaml
[27.526s] -- Symlinking: /home/rosdev/turtlebot3_ws/install/turtlebot3_node/lib/turtlebot3_node/turtlebot3_ros
[27.535s] -- Symlinking: /home/rosdev/turtlebot3_ws/install/turtlebot3_node/share/ament_index/resource_index/package_run_dependencies/turtlebot3_node
[27.543s] -- Symlinking: /home/rosdev/turtlebot3_ws/install/turtlebot3_node/share/ament_index/resource_index/parent_prefix_path/turtlebot3_node
[27.553s] -- Symlinking: /home/rosdev/turtlebot3_ws/install/turtlebot3_node/share/turtlebot3_node/environment/ament_prefix_path.sh
[27.560s] -- Symlinking: /home/rosdev/turtlebot3_ws/install/turtlebot3_node/share/turtlebot3_node/environment/ament_prefix_path.dsv
[27.570s] -- Symlinking: /home/rosdev/turtlebot3_ws/install/turtlebot3_node/share/turtlebot3_node/environment/path.sh
[27.577s] -- Symlinking: /home/rosdev/turtlebot3_ws/install/turtlebot3_node/share/turtlebot3_node/environment/path.dsv
[27.587s] -- Symlinking: /home/rosdev/turtlebot3_ws/install/turtlebot3_node/share/turtlebot3_node/local_setup.bash
[27.596s] -- Symlinking: /home/rosdev/turtlebot3_ws/install/turtlebot3_node/share/turtlebot3_node/local_setup.sh
[27.604s] -- Symlinking: /home/rosdev/turtlebot3_ws/install/turtlebot3_node/share/turtlebot3_node/local_setup.zsh
[27.613s] -- Symlinking: /home/rosdev/turtlebot3_ws/install/turtlebot3_node/share/turtlebot3_node/local_setup.dsv
[27.622s] -- Symlinking: /home/rosdev/turtlebot3_ws/install/turtlebot3_node/share/turtlebot3_node/package.dsv
[27.630s] -- Symlinking: /home/rosdev/turtlebot3_ws/install/turtlebot3_node/share/ament_index/resource_index/packages/turtlebot3_node
[27.640s] -- Symlinking: /home/rosdev/turtlebot3_ws/install/turtlebot3_node/share/turtlebot3_node/cmake/ament_cmake_export_include_directories-extras.cmake
[27.649s] -- Symlinking: /home/rosdev/turtlebot3_ws/install/turtlebot3_node/share/turtlebot3_node/cmake/turtlebot3_nodeConfig.cmake
[27.657s] -- Symlinking: /home/rosdev/turtlebot3_ws/install/turtlebot3_node/share/turtlebot3_node/cmake/turtlebot3_nodeConfig-version.cmake
[27.667s] -- Symlinking: /home/rosdev/turtlebot3_ws/install/turtlebot3_node/share/turtlebot3_node/package.xml
[27.677s] Invoked command in '/home/rosdev/turtlebot3_ws/build/turtlebot3_node' returned '0': AMENT_PREFIX_PATH=/home/rosdev/turtlebot3_ws/install/turtlebot3_msgs:/home/rosdev/turtlebot3_ws/install/dynamixel_sdk:${AMENT_PREFIX_PATH} CMAKE_PREFIX_PATH=/home/rosdev/turtlebot3_ws/install/turtlebot3_msgs:/home/rosdev/turtlebot3_ws/install/dynamixel_sdk:/opt/ros/humble LD_LIBRARY_PATH=/home/rosdev/turtlebot3_ws/install/turtlebot3_msgs/lib:/home/rosdev/turtlebot3_ws/install/dynamixel_sdk/lib:/usr/lib/x86_64-linux-gnu/gazebo-11/plugins:/opt/ros/humble/opt/rviz_ogre_vendor/lib:/opt/ros/humble/lib/x86_64-linux-gnu:/opt/ros/humble/lib:/usr/share/gazebo/../../lib/x86_64-linux-gnu/gazebo-11/plugins PYTHONPATH=/home/rosdev/turtlebot3_ws/install/turtlebot3_msgs/local/lib/python3.10/dist-packages:/home/rosdev/turtlebot3_ws/install/dynamixel_sdk/local/lib/python3.10/dist-packages:${PYTHONPATH} /usr/bin/cmake --install /home/rosdev/turtlebot3_ws/build/turtlebot3_node
