[0.037s] Invoking command in '/home/rosdev/ros2_ws_lab/lab3/build/dynamixel_sdk_custom_interfaces': CMAKE_PREFIX_PATH=${CMAKE_PREFIX_PATH}:/home/rosdev/turtlebot3_ws/install/turtlebot3_teleop:/home/rosdev/turtlebot3_ws/install/turtlebot3_example:/opt/ros/humble /usr/bin/cmake --build /home/rosdev/ros2_ws_lab/lab3/build/dynamixel_sdk_custom_interfaces -- -j12 -l12
[0.105s] [  2%] Built target dynamixel_sdk_custom_interfaces__cpp
[0.105s] [ 12%] Built target dynamixel_sdk_custom_interfaces__rosidl_generator_c
[0.123s] [ 12%] Built target ament_cmake_python_copy_dynamixel_sdk_custom_interfaces
[0.148s] [ 23%] Built target dynamixel_sdk_custom_interfaces__rosidl_typesupport_cpp
[0.149s] [ 33%] Built target dynamixel_sdk_custom_interfaces__rosidl_typesupport_introspection_cpp
[0.155s] [ 43%] Built target dynamixel_sdk_custom_interfaces__rosidl_typesupport_fastrtps_cpp
[0.161s] [ 53%] Built target dynamixel_sdk_custom_interfaces__rosidl_typesupport_c
[0.168s] [ 64%] Built target dynamixel_sdk_custom_interfaces__rosidl_typesupport_fastrtps_c
[0.174s] [ 74%] Built target dynamixel_sdk_custom_interfaces__rosidl_typesupport_introspection_c
[0.210s] [ 74%] Built target dynamixel_sdk_custom_interfaces
[0.240s] [ 76%] Built target dynamixel_sdk_custom_interfaces__py
[0.267s] [ 84%] Built target dynamixel_sdk_custom_interfaces__rosidl_generator_py
[0.304s] [ 94%] Built target dynamixel_sdk_custom_interfaces__rosidl_typesupport_fastrtps_c__pyext
[0.304s] [ 94%] Built target dynamixel_sdk_custom_interfaces__rosidl_typesupport_c__pyext
[0.305s] [100%] Built target dynamixel_sdk_custom_interfaces__rosidl_typesupport_introspection_c__pyext
[0.519s] running egg_info
[0.519s] writing dynamixel_sdk_custom_interfaces.egg-info/PKG-INFO
[0.520s] writing dependency_links to dynamixel_sdk_custom_interfaces.egg-info/dependency_links.txt
[0.521s] writing top-level names to dynamixel_sdk_custom_interfaces.egg-info/top_level.txt
[0.523s] reading manifest file 'dynamixel_sdk_custom_interfaces.egg-info/SOURCES.txt'
[0.523s] writing manifest file 'dynamixel_sdk_custom_interfaces.egg-info/SOURCES.txt'
[0.593s] [100%] Built target ament_cmake_python_build_dynamixel_sdk_custom_interfaces_egg
[0.612s] Invoked command in '/home/rosdev/ros2_ws_lab/lab3/build/dynamixel_sdk_custom_interfaces' returned '0': CMAKE_PREFIX_PATH=${CMAKE_PREFIX_PATH}:/home/rosdev/turtlebot3_ws/install/turtlebot3_teleop:/home/rosdev/turtlebot3_ws/install/turtlebot3_example:/opt/ros/humble /usr/bin/cmake --build /home/rosdev/ros2_ws_lab/lab3/build/dynamixel_sdk_custom_interfaces -- -j12 -l12
[0.635s] Invoking command in '/home/rosdev/ros2_ws_lab/lab3/build/dynamixel_sdk_custom_interfaces': CMAKE_PREFIX_PATH=${CMAKE_PREFIX_PATH}:/home/rosdev/turtlebot3_ws/install/turtlebot3_teleop:/home/rosdev/turtlebot3_ws/install/turtlebot3_example:/opt/ros/humble /usr/bin/cmake --install /home/rosdev/ros2_ws_lab/lab3/build/dynamixel_sdk_custom_interfaces
[0.641s] -- Install configuration: ""
[0.641s] -- Up-to-date: /home/rosdev/ros2_ws_lab/lab3/install/dynamixel_sdk_custom_interfaces/share/ament_index/resource_index/rosidl_interfaces/dynamixel_sdk_custom_interfaces
[0.641s] -- Up-to-date: /home/rosdev/ros2_ws_lab/lab3/install/dynamixel_sdk_custom_interfaces/include/dynamixel_sdk_custom_interfaces/dynamixel_sdk_custom_interfaces
[0.642s] -- Up-to-date: /home/rosdev/ros2_ws_lab/lab3/install/dynamixel_sdk_custom_interfaces/include/dynamixel_sdk_custom_interfaces/dynamixel_sdk_custom_interfaces/msg
[0.642s] -- Up-to-date: /home/rosdev/ros2_ws_lab/lab3/install/dynamixel_sdk_custom_interfaces/include/dynamixel_sdk_custom_interfaces/dynamixel_sdk_custom_interfaces/msg/set_position.h
[0.643s] -- Up-to-date: /home/rosdev/ros2_ws_lab/lab3/install/dynamixel_sdk_custom_interfaces/include/dynamixel_sdk_custom_interfaces/dynamixel_sdk_custom_interfaces/msg/rosidl_generator_c__visibility_control.h
[0.644s] -- Up-to-date: /home/rosdev/ros2_ws_lab/lab3/install/dynamixel_sdk_custom_interfaces/include/dynamixel_sdk_custom_interfaces/dynamixel_sdk_custom_interfaces/msg/detail
[0.644s] -- Up-to-date: /home/rosdev/ros2_ws_lab/lab3/install/dynamixel_sdk_custom_interfaces/include/dynamixel_sdk_custom_interfaces/dynamixel_sdk_custom_interfaces/msg/detail/set_position__struct.h
[0.644s] -- Up-to-date: /home/rosdev/ros2_ws_lab/lab3/install/dynamixel_sdk_custom_interfaces/include/dynamixel_sdk_custom_interfaces/dynamixel_sdk_custom_interfaces/msg/detail/set_position__functions.h
[0.645s] -- Up-to-date: /home/rosdev/ros2_ws_lab/lab3/install/dynamixel_sdk_custom_interfaces/include/dynamixel_sdk_custom_interfaces/dynamixel_sdk_custom_interfaces/msg/detail/set_position__functions.c
[0.645s] -- Up-to-date: /home/rosdev/ros2_ws_lab/lab3/install/dynamixel_sdk_custom_interfaces/include/dynamixel_sdk_custom_interfaces/dynamixel_sdk_custom_interfaces/msg/detail/set_position__type_support.h
[0.645s] -- Up-to-date: /home/rosdev/ros2_ws_lab/lab3/install/dynamixel_sdk_custom_interfaces/include/dynamixel_sdk_custom_interfaces/dynamixel_sdk_custom_interfaces/srv
[0.645s] -- Up-to-date: /home/rosdev/ros2_ws_lab/lab3/install/dynamixel_sdk_custom_interfaces/include/dynamixel_sdk_custom_interfaces/dynamixel_sdk_custom_interfaces/srv/detail
[0.645s] -- Up-to-date: /home/rosdev/ros2_ws_lab/lab3/install/dynamixel_sdk_custom_interfaces/include/dynamixel_sdk_custom_interfaces/dynamixel_sdk_custom_interfaces/srv/detail/get_position__functions.h
[0.646s] -- Up-to-date: /home/rosdev/ros2_ws_lab/lab3/install/dynamixel_sdk_custom_interfaces/include/dynamixel_sdk_custom_interfaces/dynamixel_sdk_custom_interfaces/srv/detail/get_position__struct.h
[0.646s] -- Up-to-date: /home/rosdev/ros2_ws_lab/lab3/install/dynamixel_sdk_custom_interfaces/include/dynamixel_sdk_custom_interfaces/dynamixel_sdk_custom_interfaces/srv/detail/get_position__functions.c
[0.646s] -- Up-to-date: /home/rosdev/ros2_ws_lab/lab3/install/dynamixel_sdk_custom_interfaces/include/dynamixel_sdk_custom_interfaces/dynamixel_sdk_custom_interfaces/srv/detail/get_position__type_support.h
[0.646s] -- Up-to-date: /home/rosdev/ros2_ws_lab/lab3/install/dynamixel_sdk_custom_interfaces/include/dynamixel_sdk_custom_interfaces/dynamixel_sdk_custom_interfaces/srv/get_position.h
[0.646s] -- Up-to-date: /home/rosdev/ros2_ws_lab/lab3/install/dynamixel_sdk_custom_interfaces/share/dynamixel_sdk_custom_interfaces/environment/library_path.sh
[0.647s] -- Up-to-date: /home/rosdev/ros2_ws_lab/lab3/install/dynamixel_sdk_custom_interfaces/share/dynamixel_sdk_custom_interfaces/environment/library_path.dsv
[0.647s] -- Up-to-date: /home/rosdev/ros2_ws_lab/lab3/install/dynamixel_sdk_custom_interfaces/lib/libdynamixel_sdk_custom_interfaces__rosidl_generator_c.so
[0.647s] -- Up-to-date: /home/rosdev/ros2_ws_lab/lab3/install/dynamixel_sdk_custom_interfaces/include/dynamixel_sdk_custom_interfaces/dynamixel_sdk_custom_interfaces
[0.647s] -- Up-to-date: /home/rosdev/ros2_ws_lab/lab3/install/dynamixel_sdk_custom_interfaces/include/dynamixel_sdk_custom_interfaces/dynamixel_sdk_custom_interfaces/msg
[0.647s] -- Up-to-date: /home/rosdev/ros2_ws_lab/lab3/install/dynamixel_sdk_custom_interfaces/include/dynamixel_sdk_custom_interfaces/dynamixel_sdk_custom_interfaces/msg/detail
[0.647s] -- Up-to-date: /home/rosdev/ros2_ws_lab/lab3/install/dynamixel_sdk_custom_interfaces/include/dynamixel_sdk_custom_interfaces/dynamixel_sdk_custom_interfaces/msg/detail/set_position__rosidl_typesupport_fastrtps_c.h
[0.648s] -- Up-to-date: /home/rosdev/ros2_ws_lab/lab3/install/dynamixel_sdk_custom_interfaces/include/dynamixel_sdk_custom_interfaces/dynamixel_sdk_custom_interfaces/msg/rosidl_typesupport_fastrtps_c__visibility_control.h
[0.648s] -- Up-to-date: /home/rosdev/ros2_ws_lab/lab3/install/dynamixel_sdk_custom_interfaces/include/dynamixel_sdk_custom_interfaces/dynamixel_sdk_custom_interfaces/srv
[0.648s] -- Up-to-date: /home/rosdev/ros2_ws_lab/lab3/install/dynamixel_sdk_custom_interfaces/include/dynamixel_sdk_custom_interfaces/dynamixel_sdk_custom_interfaces/srv/detail
[0.648s] -- Up-to-date: /home/rosdev/ros2_ws_lab/lab3/install/dynamixel_sdk_custom_interfaces/include/dynamixel_sdk_custom_interfaces/dynamixel_sdk_custom_interfaces/srv/detail/get_position__rosidl_typesupport_fastrtps_c.h
[0.648s] -- Up-to-date: /home/rosdev/ros2_ws_lab/lab3/install/dynamixel_sdk_custom_interfaces/lib/libdynamixel_sdk_custom_interfaces__rosidl_typesupport_fastrtps_c.so
[0.648s] -- Up-to-date: /home/rosdev/ros2_ws_lab/lab3/install/dynamixel_sdk_custom_interfaces/include/dynamixel_sdk_custom_interfaces/dynamixel_sdk_custom_interfaces
[0.649s] -- Up-to-date: /home/rosdev/ros2_ws_lab/lab3/install/dynamixel_sdk_custom_interfaces/include/dynamixel_sdk_custom_interfaces/dynamixel_sdk_custom_interfaces/msg
[0.649s] -- Up-to-date: /home/rosdev/ros2_ws_lab/lab3/install/dynamixel_sdk_custom_interfaces/include/dynamixel_sdk_custom_interfaces/dynamixel_sdk_custom_interfaces/msg/rosidl_generator_cpp__visibility_control.hpp
[0.649s] -- Up-to-date: /home/rosdev/ros2_ws_lab/lab3/install/dynamixel_sdk_custom_interfaces/include/dynamixel_sdk_custom_interfaces/dynamixel_sdk_custom_interfaces/msg/set_position.hpp
[0.649s] -- Up-to-date: /home/rosdev/ros2_ws_lab/lab3/install/dynamixel_sdk_custom_interfaces/include/dynamixel_sdk_custom_interfaces/dynamixel_sdk_custom_interfaces/msg/detail
[0.649s] -- Up-to-date: /home/rosdev/ros2_ws_lab/lab3/install/dynamixel_sdk_custom_interfaces/include/dynamixel_sdk_custom_interfaces/dynamixel_sdk_custom_interfaces/msg/detail/set_position__traits.hpp
[0.649s] -- Up-to-date: /home/rosdev/ros2_ws_lab/lab3/install/dynamixel_sdk_custom_interfaces/include/dynamixel_sdk_custom_interfaces/dynamixel_sdk_custom_interfaces/msg/detail/set_position__struct.hpp
[0.650s] -- Up-to-date: /home/rosdev/ros2_ws_lab/lab3/install/dynamixel_sdk_custom_interfaces/include/dynamixel_sdk_custom_interfaces/dynamixel_sdk_custom_interfaces/msg/detail/set_position__builder.hpp
[0.650s] -- Up-to-date: /home/rosdev/ros2_ws_lab/lab3/install/dynamixel_sdk_custom_interfaces/include/dynamixel_sdk_custom_interfaces/dynamixel_sdk_custom_interfaces/msg/detail/set_position__type_support.hpp
[0.650s] -- Up-to-date: /home/rosdev/ros2_ws_lab/lab3/install/dynamixel_sdk_custom_interfaces/include/dynamixel_sdk_custom_interfaces/dynamixel_sdk_custom_interfaces/srv
[0.650s] -- Up-to-date: /home/rosdev/ros2_ws_lab/lab3/install/dynamixel_sdk_custom_interfaces/include/dynamixel_sdk_custom_interfaces/dynamixel_sdk_custom_interfaces/srv/get_position.hpp
[0.650s] -- Up-to-date: /home/rosdev/ros2_ws_lab/lab3/install/dynamixel_sdk_custom_interfaces/include/dynamixel_sdk_custom_interfaces/dynamixel_sdk_custom_interfaces/srv/detail
[0.650s] -- Up-to-date: /home/rosdev/ros2_ws_lab/lab3/install/dynamixel_sdk_custom_interfaces/include/dynamixel_sdk_custom_interfaces/dynamixel_sdk_custom_interfaces/srv/detail/get_position__builder.hpp
[0.651s] -- Up-to-date: /home/rosdev/ros2_ws_lab/lab3/install/dynamixel_sdk_custom_interfaces/include/dynamixel_sdk_custom_interfaces/dynamixel_sdk_custom_interfaces/srv/detail/get_position__struct.hpp
[0.651s] -- Up-to-date: /home/rosdev/ros2_ws_lab/lab3/install/dynamixel_sdk_custom_interfaces/include/dynamixel_sdk_custom_interfaces/dynamixel_sdk_custom_interfaces/srv/detail/get_position__traits.hpp
[0.651s] -- Up-to-date: /home/rosdev/ros2_ws_lab/lab3/install/dynamixel_sdk_custom_interfaces/include/dynamixel_sdk_custom_interfaces/dynamixel_sdk_custom_interfaces/srv/detail/get_position__type_support.hpp
[0.651s] -- Up-to-date: /home/rosdev/ros2_ws_lab/lab3/install/dynamixel_sdk_custom_interfaces/include/dynamixel_sdk_custom_interfaces/dynamixel_sdk_custom_interfaces
[0.652s] -- Up-to-date: /home/rosdev/ros2_ws_lab/lab3/install/dynamixel_sdk_custom_interfaces/include/dynamixel_sdk_custom_interfaces/dynamixel_sdk_custom_interfaces/msg
[0.652s] -- Up-to-date: /home/rosdev/ros2_ws_lab/lab3/install/dynamixel_sdk_custom_interfaces/include/dynamixel_sdk_custom_interfaces/dynamixel_sdk_custom_interfaces/msg/rosidl_typesupport_fastrtps_cpp__visibility_control.h
[0.652s] -- Up-to-date: /home/rosdev/ros2_ws_lab/lab3/install/dynamixel_sdk_custom_interfaces/include/dynamixel_sdk_custom_interfaces/dynamixel_sdk_custom_interfaces/msg/detail
[0.652s] -- Up-to-date: /home/rosdev/ros2_ws_lab/lab3/install/dynamixel_sdk_custom_interfaces/include/dynamixel_sdk_custom_interfaces/dynamixel_sdk_custom_interfaces/msg/detail/set_position__rosidl_typesupport_fastrtps_cpp.hpp
[0.652s] -- Up-to-date: /home/rosdev/ros2_ws_lab/lab3/install/dynamixel_sdk_custom_interfaces/include/dynamixel_sdk_custom_interfaces/dynamixel_sdk_custom_interfaces/msg/detail/dds_fastrtps
[0.653s] -- Up-to-date: /home/rosdev/ros2_ws_lab/lab3/install/dynamixel_sdk_custom_interfaces/include/dynamixel_sdk_custom_interfaces/dynamixel_sdk_custom_interfaces/srv
[0.653s] -- Up-to-date: /home/rosdev/ros2_ws_lab/lab3/install/dynamixel_sdk_custom_interfaces/include/dynamixel_sdk_custom_interfaces/dynamixel_sdk_custom_interfaces/srv/detail
[0.653s] -- Up-to-date: /home/rosdev/ros2_ws_lab/lab3/install/dynamixel_sdk_custom_interfaces/include/dynamixel_sdk_custom_interfaces/dynamixel_sdk_custom_interfaces/srv/detail/dds_fastrtps
[0.654s] -- Up-to-date: /home/rosdev/ros2_ws_lab/lab3/install/dynamixel_sdk_custom_interfaces/include/dynamixel_sdk_custom_interfaces/dynamixel_sdk_custom_interfaces/srv/detail/get_position__rosidl_typesupport_fastrtps_cpp.hpp
[0.655s] -- Up-to-date: /home/rosdev/ros2_ws_lab/lab3/install/dynamixel_sdk_custom_interfaces/lib/libdynamixel_sdk_custom_interfaces__rosidl_typesupport_fastrtps_cpp.so
[0.656s] -- Up-to-date: /home/rosdev/ros2_ws_lab/lab3/install/dynamixel_sdk_custom_interfaces/include/dynamixel_sdk_custom_interfaces/dynamixel_sdk_custom_interfaces
[0.657s] -- Up-to-date: /home/rosdev/ros2_ws_lab/lab3/install/dynamixel_sdk_custom_interfaces/include/dynamixel_sdk_custom_interfaces/dynamixel_sdk_custom_interfaces/msg
[0.657s] -- Up-to-date: /home/rosdev/ros2_ws_lab/lab3/install/dynamixel_sdk_custom_interfaces/include/dynamixel_sdk_custom_interfaces/dynamixel_sdk_custom_interfaces/msg/detail
[0.659s] -- Up-to-date: /home/rosdev/ros2_ws_lab/lab3/install/dynamixel_sdk_custom_interfaces/include/dynamixel_sdk_custom_interfaces/dynamixel_sdk_custom_interfaces/msg/detail/set_position__type_support.c
[0.659s] -- Up-to-date: /home/rosdev/ros2_ws_lab/lab3/install/dynamixel_sdk_custom_interfaces/include/dynamixel_sdk_custom_interfaces/dynamixel_sdk_custom_interfaces/msg/detail/set_position__rosidl_typesupport_introspection_c.h
[0.659s] -- Up-to-date: /home/rosdev/ros2_ws_lab/lab3/install/dynamixel_sdk_custom_interfaces/include/dynamixel_sdk_custom_interfaces/dynamixel_sdk_custom_interfaces/msg/rosidl_typesupport_introspection_c__visibility_control.h
[0.659s] -- Up-to-date: /home/rosdev/ros2_ws_lab/lab3/install/dynamixel_sdk_custom_interfaces/include/dynamixel_sdk_custom_interfaces/dynamixel_sdk_custom_interfaces/srv
[0.660s] -- Up-to-date: /home/rosdev/ros2_ws_lab/lab3/install/dynamixel_sdk_custom_interfaces/include/dynamixel_sdk_custom_interfaces/dynamixel_sdk_custom_interfaces/srv/detail
[0.660s] -- Up-to-date: /home/rosdev/ros2_ws_lab/lab3/install/dynamixel_sdk_custom_interfaces/include/dynamixel_sdk_custom_interfaces/dynamixel_sdk_custom_interfaces/srv/detail/get_position__rosidl_typesupport_introspection_c.h
[0.660s] -- Up-to-date: /home/rosdev/ros2_ws_lab/lab3/install/dynamixel_sdk_custom_interfaces/include/dynamixel_sdk_custom_interfaces/dynamixel_sdk_custom_interfaces/srv/detail/get_position__type_support.c
[0.660s] -- Up-to-date: /home/rosdev/ros2_ws_lab/lab3/install/dynamixel_sdk_custom_interfaces/lib/libdynamixel_sdk_custom_interfaces__rosidl_typesupport_introspection_c.so
[0.660s] -- Up-to-date: /home/rosdev/ros2_ws_lab/lab3/install/dynamixel_sdk_custom_interfaces/lib/libdynamixel_sdk_custom_interfaces__rosidl_typesupport_c.so
[0.661s] -- Up-to-date: /home/rosdev/ros2_ws_lab/lab3/install/dynamixel_sdk_custom_interfaces/include/dynamixel_sdk_custom_interfaces/dynamixel_sdk_custom_interfaces
[0.661s] -- Up-to-date: /home/rosdev/ros2_ws_lab/lab3/install/dynamixel_sdk_custom_interfaces/include/dynamixel_sdk_custom_interfaces/dynamixel_sdk_custom_interfaces/msg
[0.661s] -- Up-to-date: /home/rosdev/ros2_ws_lab/lab3/install/dynamixel_sdk_custom_interfaces/include/dynamixel_sdk_custom_interfaces/dynamixel_sdk_custom_interfaces/msg/detail
[0.661s] -- Up-to-date: /home/rosdev/ros2_ws_lab/lab3/install/dynamixel_sdk_custom_interfaces/include/dynamixel_sdk_custom_interfaces/dynamixel_sdk_custom_interfaces/msg/detail/set_position__rosidl_typesupport_introspection_cpp.hpp
[0.661s] -- Up-to-date: /home/rosdev/ros2_ws_lab/lab3/install/dynamixel_sdk_custom_interfaces/include/dynamixel_sdk_custom_interfaces/dynamixel_sdk_custom_interfaces/msg/detail/set_position__type_support.cpp
[0.661s] -- Up-to-date: /home/rosdev/ros2_ws_lab/lab3/install/dynamixel_sdk_custom_interfaces/include/dynamixel_sdk_custom_interfaces/dynamixel_sdk_custom_interfaces/srv
[0.661s] -- Up-to-date: /home/rosdev/ros2_ws_lab/lab3/install/dynamixel_sdk_custom_interfaces/include/dynamixel_sdk_custom_interfaces/dynamixel_sdk_custom_interfaces/srv/detail
[0.661s] -- Up-to-date: /home/rosdev/ros2_ws_lab/lab3/install/dynamixel_sdk_custom_interfaces/include/dynamixel_sdk_custom_interfaces/dynamixel_sdk_custom_interfaces/srv/detail/get_position__rosidl_typesupport_introspection_cpp.hpp
[0.662s] -- Up-to-date: /home/rosdev/ros2_ws_lab/lab3/install/dynamixel_sdk_custom_interfaces/include/dynamixel_sdk_custom_interfaces/dynamixel_sdk_custom_interfaces/srv/detail/get_position__type_support.cpp
[0.662s] -- Up-to-date: /home/rosdev/ros2_ws_lab/lab3/install/dynamixel_sdk_custom_interfaces/lib/libdynamixel_sdk_custom_interfaces__rosidl_typesupport_introspection_cpp.so
[0.662s] -- Up-to-date: /home/rosdev/ros2_ws_lab/lab3/install/dynamixel_sdk_custom_interfaces/lib/libdynamixel_sdk_custom_interfaces__rosidl_typesupport_cpp.so
[0.662s] -- Up-to-date: /home/rosdev/ros2_ws_lab/lab3/install/dynamixel_sdk_custom_interfaces/share/dynamixel_sdk_custom_interfaces/environment/pythonpath.sh
[0.662s] -- Up-to-date: /home/rosdev/ros2_ws_lab/lab3/install/dynamixel_sdk_custom_interfaces/share/dynamixel_sdk_custom_interfaces/environment/pythonpath.dsv
[0.662s] -- Up-to-date: /home/rosdev/ros2_ws_lab/lab3/install/dynamixel_sdk_custom_interfaces/local/lib/python3.10/dist-packages/dynamixel_sdk_custom_interfaces-3.8.3-py3.10.egg-info
[0.663s] -- Installing: /home/rosdev/ros2_ws_lab/lab3/install/dynamixel_sdk_custom_interfaces/local/lib/python3.10/dist-packages/dynamixel_sdk_custom_interfaces-3.8.3-py3.10.egg-info/PKG-INFO
[0.663s] -- Installing: /home/rosdev/ros2_ws_lab/lab3/install/dynamixel_sdk_custom_interfaces/local/lib/python3.10/dist-packages/dynamixel_sdk_custom_interfaces-3.8.3-py3.10.egg-info/SOURCES.txt
[0.663s] -- Installing: /home/rosdev/ros2_ws_lab/lab3/install/dynamixel_sdk_custom_interfaces/local/lib/python3.10/dist-packages/dynamixel_sdk_custom_interfaces-3.8.3-py3.10.egg-info/dependency_links.txt
[0.663s] -- Installing: /home/rosdev/ros2_ws_lab/lab3/install/dynamixel_sdk_custom_interfaces/local/lib/python3.10/dist-packages/dynamixel_sdk_custom_interfaces-3.8.3-py3.10.egg-info/top_level.txt
[0.663s] -- Up-to-date: /home/rosdev/ros2_ws_lab/lab3/install/dynamixel_sdk_custom_interfaces/local/lib/python3.10/dist-packages/dynamixel_sdk_custom_interfaces
[0.663s] -- Up-to-date: /home/rosdev/ros2_ws_lab/lab3/install/dynamixel_sdk_custom_interfaces/local/lib/python3.10/dist-packages/dynamixel_sdk_custom_interfaces/dynamixel_sdk_custom_interfaces_s__rosidl_typesupport_fastrtps_c.cpython-310-x86_64-linux-gnu.so
[0.663s] -- Up-to-date: /home/rosdev/ros2_ws_lab/lab3/install/dynamixel_sdk_custom_interfaces/local/lib/python3.10/dist-packages/dynamixel_sdk_custom_interfaces/msg
[0.663s] -- Up-to-date: /home/rosdev/ros2_ws_lab/lab3/install/dynamixel_sdk_custom_interfaces/local/lib/python3.10/dist-packages/dynamixel_sdk_custom_interfaces/msg/__init__.py
[0.663s] -- Up-to-date: /home/rosdev/ros2_ws_lab/lab3/install/dynamixel_sdk_custom_interfaces/local/lib/python3.10/dist-packages/dynamixel_sdk_custom_interfaces/msg/_set_position.py
[0.664s] -- Up-to-date: /home/rosdev/ros2_ws_lab/lab3/install/dynamixel_sdk_custom_interfaces/local/lib/python3.10/dist-packages/dynamixel_sdk_custom_interfaces/msg/_set_position_s.c
[0.664s] -- Up-to-date: /home/rosdev/ros2_ws_lab/lab3/install/dynamixel_sdk_custom_interfaces/local/lib/python3.10/dist-packages/dynamixel_sdk_custom_interfaces/dynamixel_sdk_custom_interfaces_s__rosidl_typesupport_c.cpython-310-x86_64-linux-gnu.so
[0.664s] -- Up-to-date: /home/rosdev/ros2_ws_lab/lab3/install/dynamixel_sdk_custom_interfaces/local/lib/python3.10/dist-packages/dynamixel_sdk_custom_interfaces/srv
[0.664s] -- Up-to-date: /home/rosdev/ros2_ws_lab/lab3/install/dynamixel_sdk_custom_interfaces/local/lib/python3.10/dist-packages/dynamixel_sdk_custom_interfaces/srv/_get_position.py
[0.664s] -- Up-to-date: /home/rosdev/ros2_ws_lab/lab3/install/dynamixel_sdk_custom_interfaces/local/lib/python3.10/dist-packages/dynamixel_sdk_custom_interfaces/srv/__init__.py
[0.664s] -- Up-to-date: /home/rosdev/ros2_ws_lab/lab3/install/dynamixel_sdk_custom_interfaces/local/lib/python3.10/dist-packages/dynamixel_sdk_custom_interfaces/srv/_get_position_s.c
[0.664s] -- Up-to-date: /home/rosdev/ros2_ws_lab/lab3/install/dynamixel_sdk_custom_interfaces/local/lib/python3.10/dist-packages/dynamixel_sdk_custom_interfaces/libdynamixel_sdk_custom_interfaces__rosidl_generator_py.so
[0.664s] -- Up-to-date: /home/rosdev/ros2_ws_lab/lab3/install/dynamixel_sdk_custom_interfaces/local/lib/python3.10/dist-packages/dynamixel_sdk_custom_interfaces/__init__.py
[0.664s] -- Up-to-date: /home/rosdev/ros2_ws_lab/lab3/install/dynamixel_sdk_custom_interfaces/local/lib/python3.10/dist-packages/dynamixel_sdk_custom_interfaces/_dynamixel_sdk_custom_interfaces_s.ep.rosidl_typesupport_c.c
[0.664s] -- Up-to-date: /home/rosdev/ros2_ws_lab/lab3/install/dynamixel_sdk_custom_interfaces/local/lib/python3.10/dist-packages/dynamixel_sdk_custom_interfaces/dynamixel_sdk_custom_interfaces_s__rosidl_typesupport_introspection_c.cpython-310-x86_64-linux-gnu.so
[0.665s] -- Up-to-date: /home/rosdev/ros2_ws_lab/lab3/install/dynamixel_sdk_custom_interfaces/local/lib/python3.10/dist-packages/dynamixel_sdk_custom_interfaces/_dynamixel_sdk_custom_interfaces_s.ep.rosidl_typesupport_fastrtps_c.c
[0.665s] -- Up-to-date: /home/rosdev/ros2_ws_lab/lab3/install/dynamixel_sdk_custom_interfaces/local/lib/python3.10/dist-packages/dynamixel_sdk_custom_interfaces/_dynamixel_sdk_custom_interfaces_s.ep.rosidl_typesupport_introspection_c.c
[0.722s] Listing '/home/rosdev/ros2_ws_lab/lab3/install/dynamixel_sdk_custom_interfaces/local/lib/python3.10/dist-packages/dynamixel_sdk_custom_interfaces'...
[0.722s] Listing '/home/rosdev/ros2_ws_lab/lab3/install/dynamixel_sdk_custom_interfaces/local/lib/python3.10/dist-packages/dynamixel_sdk_custom_interfaces/msg'...
[0.722s] Listing '/home/rosdev/ros2_ws_lab/lab3/install/dynamixel_sdk_custom_interfaces/local/lib/python3.10/dist-packages/dynamixel_sdk_custom_interfaces/srv'...
[0.723s] -- Up-to-date: /home/rosdev/ros2_ws_lab/lab3/install/dynamixel_sdk_custom_interfaces/local/lib/python3.10/dist-packages/dynamixel_sdk_custom_interfaces/dynamixel_sdk_custom_interfaces_s__rosidl_typesupport_fastrtps_c.cpython-310-x86_64-linux-gnu.so
[0.723s] -- Up-to-date: /home/rosdev/ros2_ws_lab/lab3/install/dynamixel_sdk_custom_interfaces/local/lib/python3.10/dist-packages/dynamixel_sdk_custom_interfaces/dynamixel_sdk_custom_interfaces_s__rosidl_typesupport_introspection_c.cpython-310-x86_64-linux-gnu.so
[0.724s] -- Up-to-date: /home/rosdev/ros2_ws_lab/lab3/install/dynamixel_sdk_custom_interfaces/local/lib/python3.10/dist-packages/dynamixel_sdk_custom_interfaces/dynamixel_sdk_custom_interfaces_s__rosidl_typesupport_c.cpython-310-x86_64-linux-gnu.so
[0.724s] -- Up-to-date: /home/rosdev/ros2_ws_lab/lab3/install/dynamixel_sdk_custom_interfaces/lib/libdynamixel_sdk_custom_interfaces__rosidl_generator_py.so
[0.725s] -- Up-to-date: /home/rosdev/ros2_ws_lab/lab3/install/dynamixel_sdk_custom_interfaces/share/dynamixel_sdk_custom_interfaces/msg/SetPosition.idl
[0.726s] -- Up-to-date: /home/rosdev/ros2_ws_lab/lab3/install/dynamixel_sdk_custom_interfaces/share/dynamixel_sdk_custom_interfaces/srv/GetPosition.idl
[0.726s] -- Up-to-date: /home/rosdev/ros2_ws_lab/lab3/install/dynamixel_sdk_custom_interfaces/share/dynamixel_sdk_custom_interfaces/msg/SetPosition.msg
[0.726s] -- Up-to-date: /home/rosdev/ros2_ws_lab/lab3/install/dynamixel_sdk_custom_interfaces/share/dynamixel_sdk_custom_interfaces/srv/GetPosition.srv
[0.726s] -- Up-to-date: /home/rosdev/ros2_ws_lab/lab3/install/dynamixel_sdk_custom_interfaces/share/dynamixel_sdk_custom_interfaces/srv/GetPosition_Request.msg
[0.726s] -- Up-to-date: /home/rosdev/ros2_ws_lab/lab3/install/dynamixel_sdk_custom_interfaces/share/dynamixel_sdk_custom_interfaces/srv/GetPosition_Response.msg
[0.727s] -- Up-to-date: /home/rosdev/ros2_ws_lab/lab3/install/dynamixel_sdk_custom_interfaces/share/ament_index/resource_index/package_run_dependencies/dynamixel_sdk_custom_interfaces
[0.727s] -- Up-to-date: /home/rosdev/ros2_ws_lab/lab3/install/dynamixel_sdk_custom_interfaces/share/ament_index/resource_index/parent_prefix_path/dynamixel_sdk_custom_interfaces
[0.727s] -- Up-to-date: /home/rosdev/ros2_ws_lab/lab3/install/dynamixel_sdk_custom_interfaces/share/dynamixel_sdk_custom_interfaces/environment/ament_prefix_path.sh
[0.727s] -- Up-to-date: /home/rosdev/ros2_ws_lab/lab3/install/dynamixel_sdk_custom_interfaces/share/dynamixel_sdk_custom_interfaces/environment/ament_prefix_path.dsv
[0.727s] -- Up-to-date: /home/rosdev/ros2_ws_lab/lab3/install/dynamixel_sdk_custom_interfaces/share/dynamixel_sdk_custom_interfaces/environment/path.sh
[0.728s] -- Up-to-date: /home/rosdev/ros2_ws_lab/lab3/install/dynamixel_sdk_custom_interfaces/share/dynamixel_sdk_custom_interfaces/environment/path.dsv
[0.728s] -- Up-to-date: /home/rosdev/ros2_ws_lab/lab3/install/dynamixel_sdk_custom_interfaces/share/dynamixel_sdk_custom_interfaces/local_setup.bash
[0.728s] -- Up-to-date: /home/rosdev/ros2_ws_lab/lab3/install/dynamixel_sdk_custom_interfaces/share/dynamixel_sdk_custom_interfaces/local_setup.sh
[0.728s] -- Up-to-date: /home/rosdev/ros2_ws_lab/lab3/install/dynamixel_sdk_custom_interfaces/share/dynamixel_sdk_custom_interfaces/local_setup.zsh
[0.728s] -- Up-to-date: /home/rosdev/ros2_ws_lab/lab3/install/dynamixel_sdk_custom_interfaces/share/dynamixel_sdk_custom_interfaces/local_setup.dsv
[0.728s] -- Installing: /home/rosdev/ros2_ws_lab/lab3/install/dynamixel_sdk_custom_interfaces/share/dynamixel_sdk_custom_interfaces/package.dsv
[0.728s] -- Up-to-date: /home/rosdev/ros2_ws_lab/lab3/install/dynamixel_sdk_custom_interfaces/share/ament_index/resource_index/packages/dynamixel_sdk_custom_interfaces
[0.729s] -- Up-to-date: /home/rosdev/ros2_ws_lab/lab3/install/dynamixel_sdk_custom_interfaces/share/dynamixel_sdk_custom_interfaces/cmake/export_dynamixel_sdk_custom_interfaces__rosidl_generator_cExport.cmake
[0.729s] -- Up-to-date: /home/rosdev/ros2_ws_lab/lab3/install/dynamixel_sdk_custom_interfaces/share/dynamixel_sdk_custom_interfaces/cmake/export_dynamixel_sdk_custom_interfaces__rosidl_generator_cExport-noconfig.cmake
[0.729s] -- Up-to-date: /home/rosdev/ros2_ws_lab/lab3/install/dynamixel_sdk_custom_interfaces/share/dynamixel_sdk_custom_interfaces/cmake/export_dynamixel_sdk_custom_interfaces__rosidl_typesupport_fastrtps_cExport.cmake
[0.729s] -- Up-to-date: /home/rosdev/ros2_ws_lab/lab3/install/dynamixel_sdk_custom_interfaces/share/dynamixel_sdk_custom_interfaces/cmake/export_dynamixel_sdk_custom_interfaces__rosidl_typesupport_fastrtps_cExport-noconfig.cmake
[0.729s] -- Up-to-date: /home/rosdev/ros2_ws_lab/lab3/install/dynamixel_sdk_custom_interfaces/share/dynamixel_sdk_custom_interfaces/cmake/export_dynamixel_sdk_custom_interfaces__rosidl_generator_cppExport.cmake
[0.729s] -- Up-to-date: /home/rosdev/ros2_ws_lab/lab3/install/dynamixel_sdk_custom_interfaces/share/dynamixel_sdk_custom_interfaces/cmake/export_dynamixel_sdk_custom_interfaces__rosidl_typesupport_fastrtps_cppExport.cmake
[0.729s] -- Up-to-date: /home/rosdev/ros2_ws_lab/lab3/install/dynamixel_sdk_custom_interfaces/share/dynamixel_sdk_custom_interfaces/cmake/export_dynamixel_sdk_custom_interfaces__rosidl_typesupport_fastrtps_cppExport-noconfig.cmake
[0.730s] -- Up-to-date: /home/rosdev/ros2_ws_lab/lab3/install/dynamixel_sdk_custom_interfaces/share/dynamixel_sdk_custom_interfaces/cmake/dynamixel_sdk_custom_interfaces__rosidl_typesupport_introspection_cExport.cmake
[0.730s] -- Up-to-date: /home/rosdev/ros2_ws_lab/lab3/install/dynamixel_sdk_custom_interfaces/share/dynamixel_sdk_custom_interfaces/cmake/dynamixel_sdk_custom_interfaces__rosidl_typesupport_introspection_cExport-noconfig.cmake
[0.730s] -- Up-to-date: /home/rosdev/ros2_ws_lab/lab3/install/dynamixel_sdk_custom_interfaces/share/dynamixel_sdk_custom_interfaces/cmake/dynamixel_sdk_custom_interfaces__rosidl_typesupport_cExport.cmake
[0.730s] -- Up-to-date: /home/rosdev/ros2_ws_lab/lab3/install/dynamixel_sdk_custom_interfaces/share/dynamixel_sdk_custom_interfaces/cmake/dynamixel_sdk_custom_interfaces__rosidl_typesupport_cExport-noconfig.cmake
[0.730s] -- Up-to-date: /home/rosdev/ros2_ws_lab/lab3/install/dynamixel_sdk_custom_interfaces/share/dynamixel_sdk_custom_interfaces/cmake/dynamixel_sdk_custom_interfaces__rosidl_typesupport_introspection_cppExport.cmake
[0.730s] -- Up-to-date: /home/rosdev/ros2_ws_lab/lab3/install/dynamixel_sdk_custom_interfaces/share/dynamixel_sdk_custom_interfaces/cmake/dynamixel_sdk_custom_interfaces__rosidl_typesupport_introspection_cppExport-noconfig.cmake
[0.731s] -- Up-to-date: /home/rosdev/ros2_ws_lab/lab3/install/dynamixel_sdk_custom_interfaces/share/dynamixel_sdk_custom_interfaces/cmake/dynamixel_sdk_custom_interfaces__rosidl_typesupport_cppExport.cmake
[0.731s] -- Up-to-date: /home/rosdev/ros2_ws_lab/lab3/install/dynamixel_sdk_custom_interfaces/share/dynamixel_sdk_custom_interfaces/cmake/dynamixel_sdk_custom_interfaces__rosidl_typesupport_cppExport-noconfig.cmake
[0.731s] -- Up-to-date: /home/rosdev/ros2_ws_lab/lab3/install/dynamixel_sdk_custom_interfaces/share/dynamixel_sdk_custom_interfaces/cmake/export_dynamixel_sdk_custom_interfaces__rosidl_generator_pyExport.cmake
[0.731s] -- Up-to-date: /home/rosdev/ros2_ws_lab/lab3/install/dynamixel_sdk_custom_interfaces/share/dynamixel_sdk_custom_interfaces/cmake/export_dynamixel_sdk_custom_interfaces__rosidl_generator_pyExport-noconfig.cmake
[0.731s] -- Up-to-date: /home/rosdev/ros2_ws_lab/lab3/install/dynamixel_sdk_custom_interfaces/share/dynamixel_sdk_custom_interfaces/cmake/rosidl_cmake-extras.cmake
[0.732s] -- Up-to-date: /home/rosdev/ros2_ws_lab/lab3/install/dynamixel_sdk_custom_interfaces/share/dynamixel_sdk_custom_interfaces/cmake/ament_cmake_export_dependencies-extras.cmake
[0.732s] -- Up-to-date: /home/rosdev/ros2_ws_lab/lab3/install/dynamixel_sdk_custom_interfaces/share/dynamixel_sdk_custom_interfaces/cmake/ament_cmake_export_include_directories-extras.cmake
[0.732s] -- Up-to-date: /home/rosdev/ros2_ws_lab/lab3/install/dynamixel_sdk_custom_interfaces/share/dynamixel_sdk_custom_interfaces/cmake/ament_cmake_export_libraries-extras.cmake
[0.733s] -- Up-to-date: /home/rosdev/ros2_ws_lab/lab3/install/dynamixel_sdk_custom_interfaces/share/dynamixel_sdk_custom_interfaces/cmake/ament_cmake_export_targets-extras.cmake
[0.733s] -- Up-to-date: /home/rosdev/ros2_ws_lab/lab3/install/dynamixel_sdk_custom_interfaces/share/dynamixel_sdk_custom_interfaces/cmake/rosidl_cmake_export_typesupport_targets-extras.cmake
[0.733s] -- Up-to-date: /home/rosdev/ros2_ws_lab/lab3/install/dynamixel_sdk_custom_interfaces/share/dynamixel_sdk_custom_interfaces/cmake/rosidl_cmake_export_typesupport_libraries-extras.cmake
[0.733s] -- Up-to-date: /home/rosdev/ros2_ws_lab/lab3/install/dynamixel_sdk_custom_interfaces/share/dynamixel_sdk_custom_interfaces/cmake/dynamixel_sdk_custom_interfacesConfig.cmake
[0.733s] -- Up-to-date: /home/rosdev/ros2_ws_lab/lab3/install/dynamixel_sdk_custom_interfaces/share/dynamixel_sdk_custom_interfaces/cmake/dynamixel_sdk_custom_interfacesConfig-version.cmake
[0.734s] -- Up-to-date: /home/rosdev/ros2_ws_lab/lab3/install/dynamixel_sdk_custom_interfaces/share/dynamixel_sdk_custom_interfaces/package.xml
[0.755s] Invoked command in '/home/rosdev/ros2_ws_lab/lab3/build/dynamixel_sdk_custom_interfaces' returned '0': CMAKE_PREFIX_PATH=${CMAKE_PREFIX_PATH}:/home/rosdev/turtlebot3_ws/install/turtlebot3_teleop:/home/rosdev/turtlebot3_ws/install/turtlebot3_example:/opt/ros/humble /usr/bin/cmake --install /home/rosdev/ros2_ws_lab/lab3/build/dynamixel_sdk_custom_interfaces
