[0.035s] Invoking command in '/home/rosdev/ros2_ws_lab/lab3/build/turtlebot3_description': CMAKE_PREFIX_PATH=${CMAKE_PREFIX_PATH}:/home/rosdev/turtlebot3_ws/install/turtlebot3_teleop:/home/rosdev/turtlebot3_ws/install/turtlebot3_example:/opt/ros/humble /usr/bin/cmake /home/rosdev/ros2_ws_lab/lab3/src/turtlebot3/turtlebot3_description -DAMENT_CMAKE_SYMLINK_INSTALL=1 -DCMAKE_INSTALL_PREFIX=/home/rosdev/ros2_ws_lab/lab3/install/turtlebot3_description
[0.157s] -- The C compiler identification is GNU 11.4.0
[0.259s] -- The CXX compiler identification is GNU 11.4.0
[0.270s] -- Detecting C compiler ABI info
[0.348s] -- Detecting C compiler ABI info - done
[0.360s] -- Check for working C compiler: /usr/bin/cc - skipped
[0.361s] -- Detecting C compile features
[0.361s] -- Detecting C compile features - done
[0.365s] -- Detecting CXX compiler ABI info
[0.479s] -- Detecting CXX compiler ABI info - done
[0.494s] -- Check for working CXX compiler: /usr/bin/c++ - skipped
[0.494s] -- Detecting CXX compile features
[0.494s] -- Detecting CXX compile features - done
[0.498s] -- Found ament_cmake: 1.3.11 (/opt/ros/humble/share/ament_cmake/cmake)
[0.677s] -- Found Python3: /usr/bin/python3 (found version "3.10.12") found components: Interpreter 
[0.756s] -- Override CMake install command with custom implementation using symlinks instead of copying resources
[0.821s] -- Found urdf: 2.6.1 (/opt/ros/humble/share/urdf/cmake)
[0.962s] -- Configuring done
[0.965s] -- Generating done
[0.967s] -- Build files have been written to: /home/rosdev/ros2_ws_lab/lab3/build/turtlebot3_description
[0.973s] Invoked command in '/home/rosdev/ros2_ws_lab/lab3/build/turtlebot3_description' returned '0': CMAKE_PREFIX_PATH=${CMAKE_PREFIX_PATH}:/home/rosdev/turtlebot3_ws/install/turtlebot3_teleop:/home/rosdev/turtlebot3_ws/install/turtlebot3_example:/opt/ros/humble /usr/bin/cmake /home/rosdev/ros2_ws_lab/lab3/src/turtlebot3/turtlebot3_description -DAMENT_CMAKE_SYMLINK_INSTALL=1 -DCMAKE_INSTALL_PREFIX=/home/rosdev/ros2_ws_lab/lab3/install/turtlebot3_description
[0.976s] Invoking command in '/home/rosdev/ros2_ws_lab/lab3/build/turtlebot3_description': CMAKE_PREFIX_PATH=${CMAKE_PREFIX_PATH}:/home/rosdev/turtlebot3_ws/install/turtlebot3_teleop:/home/rosdev/turtlebot3_ws/install/turtlebot3_example:/opt/ros/humble /usr/bin/cmake --build /home/rosdev/ros2_ws_lab/lab3/build/turtlebot3_description -- -j12 -l12
[1.013s] Invoked command in '/home/rosdev/ros2_ws_lab/lab3/build/turtlebot3_description' returned '0': CMAKE_PREFIX_PATH=${CMAKE_PREFIX_PATH}:/home/rosdev/turtlebot3_ws/install/turtlebot3_teleop:/home/rosdev/turtlebot3_ws/install/turtlebot3_example:/opt/ros/humble /usr/bin/cmake --build /home/rosdev/ros2_ws_lab/lab3/build/turtlebot3_description -- -j12 -l12
[1.015s] Invoking command in '/home/rosdev/ros2_ws_lab/lab3/build/turtlebot3_description': CMAKE_PREFIX_PATH=${CMAKE_PREFIX_PATH}:/home/rosdev/turtlebot3_ws/install/turtlebot3_teleop:/home/rosdev/turtlebot3_ws/install/turtlebot3_example:/opt/ros/humble /usr/bin/cmake --install /home/rosdev/ros2_ws_lab/lab3/build/turtlebot3_description
[1.023s] -- Install configuration: ""
[1.024s] -- Execute custom install script
[1.024s] -- Symlinking: /home/rosdev/ros2_ws_lab/lab3/install/turtlebot3_description/share/turtlebot3_description/meshes/bases/burger_base.stl
[1.033s] -- Symlinking: /home/rosdev/ros2_ws_lab/lab3/install/turtlebot3_description/share/turtlebot3_description/meshes/bases/waffle_base.stl
[1.041s] -- Symlinking: /home/rosdev/ros2_ws_lab/lab3/install/turtlebot3_description/share/turtlebot3_description/meshes/bases/waffle_pi_base.stl
[1.050s] -- Symlinking: /home/rosdev/ros2_ws_lab/lab3/install/turtlebot3_description/share/turtlebot3_description/meshes/sensors/astra.dae
[1.060s] -- Symlinking: /home/rosdev/ros2_ws_lab/lab3/install/turtlebot3_description/share/turtlebot3_description/meshes/sensors/astra.jpg
[1.069s] -- Symlinking: /home/rosdev/ros2_ws_lab/lab3/install/turtlebot3_description/share/turtlebot3_description/meshes/sensors/lds.stl
[1.079s] -- Symlinking: /home/rosdev/ros2_ws_lab/lab3/install/turtlebot3_description/share/turtlebot3_description/meshes/sensors/r200.dae
[1.088s] -- Symlinking: /home/rosdev/ros2_ws_lab/lab3/install/turtlebot3_description/share/turtlebot3_description/meshes/sensors/r200.jpg
[1.098s] -- Symlinking: /home/rosdev/ros2_ws_lab/lab3/install/turtlebot3_description/share/turtlebot3_description/meshes/wheels/left_tire.stl
[1.107s] -- Symlinking: /home/rosdev/ros2_ws_lab/lab3/install/turtlebot3_description/share/turtlebot3_description/meshes/wheels/right_tire.stl
[1.117s] -- Symlinking: /home/rosdev/ros2_ws_lab/lab3/install/turtlebot3_description/share/turtlebot3_description/rviz/model.rviz
[1.130s] -- Symlinking: /home/rosdev/ros2_ws_lab/lab3/install/turtlebot3_description/share/turtlebot3_description/urdf/common_properties.urdf
[1.139s] -- Symlinking: /home/rosdev/ros2_ws_lab/lab3/install/turtlebot3_description/share/turtlebot3_description/urdf/turtlebot3_burger.urdf
[1.149s] -- Symlinking: /home/rosdev/ros2_ws_lab/lab3/install/turtlebot3_description/share/turtlebot3_description/urdf/turtlebot3_waffle.urdf
[1.170s] -- Symlinking: /home/rosdev/ros2_ws_lab/lab3/install/turtlebot3_description/share/turtlebot3_description/urdf/turtlebot3_waffle_pi.urdf
[1.193s] -- Symlinking: /home/rosdev/ros2_ws_lab/lab3/install/turtlebot3_description/share/ament_index/resource_index/package_run_dependencies/turtlebot3_description
[1.211s] -- Symlinking: /home/rosdev/ros2_ws_lab/lab3/install/turtlebot3_description/share/ament_index/resource_index/parent_prefix_path/turtlebot3_description
[1.231s] -- Symlinking: /home/rosdev/ros2_ws_lab/lab3/install/turtlebot3_description/share/turtlebot3_description/environment/ament_prefix_path.sh
[1.251s] -- Symlinking: /home/rosdev/ros2_ws_lab/lab3/install/turtlebot3_description/share/turtlebot3_description/environment/ament_prefix_path.dsv
[1.274s] -- Symlinking: /home/rosdev/ros2_ws_lab/lab3/install/turtlebot3_description/share/turtlebot3_description/environment/path.sh
[1.297s] -- Symlinking: /home/rosdev/ros2_ws_lab/lab3/install/turtlebot3_description/share/turtlebot3_description/environment/path.dsv
[1.315s] -- Symlinking: /home/rosdev/ros2_ws_lab/lab3/install/turtlebot3_description/share/turtlebot3_description/local_setup.bash
[1.329s] -- Symlinking: /home/rosdev/ros2_ws_lab/lab3/install/turtlebot3_description/share/turtlebot3_description/local_setup.sh
[1.351s] -- Symlinking: /home/rosdev/ros2_ws_lab/lab3/install/turtlebot3_description/share/turtlebot3_description/local_setup.zsh
[1.372s] -- Symlinking: /home/rosdev/ros2_ws_lab/lab3/install/turtlebot3_description/share/turtlebot3_description/local_setup.dsv
[1.380s] -- Symlinking: /home/rosdev/ros2_ws_lab/lab3/install/turtlebot3_description/share/turtlebot3_description/package.dsv
[1.392s] -- Symlinking: /home/rosdev/ros2_ws_lab/lab3/install/turtlebot3_description/share/ament_index/resource_index/packages/turtlebot3_description
[1.408s] -- Symlinking: /home/rosdev/ros2_ws_lab/lab3/install/turtlebot3_description/share/turtlebot3_description/cmake/turtlebot3_descriptionConfig.cmake
[1.423s] -- Symlinking: /home/rosdev/ros2_ws_lab/lab3/install/turtlebot3_description/share/turtlebot3_description/cmake/turtlebot3_descriptionConfig-version.cmake
[1.439s] -- Symlinking: /home/rosdev/ros2_ws_lab/lab3/install/turtlebot3_description/share/turtlebot3_description/package.xml
[1.460s] Invoked command in '/home/rosdev/ros2_ws_lab/lab3/build/turtlebot3_description' returned '0': CMAKE_PREFIX_PATH=${CMAKE_PREFIX_PATH}:/home/rosdev/turtlebot3_ws/install/turtlebot3_teleop:/home/rosdev/turtlebot3_ws/install/turtlebot3_example:/opt/ros/humble /usr/bin/cmake --install /home/rosdev/ros2_ws_lab/lab3/build/turtlebot3_description
