[0.803s] Invoking command in '/home/rosdev/ros2_ws_lab/lab3/src/turtlebot3/turtlebot3_example': AMENT_PREFIX_PATH=/home/rosdev/ros2_ws_lab/lab3/install/turtlebot3_msgs:${AMENT_PREFIX_PATH} CMAKE_PREFIX_PATH=/home/rosdev/ros2_ws_lab/lab3/install/turtlebot3_msgs:${CMAKE_PREFIX_PATH} LD_LIBRARY_PATH=/home/rosdev/ros2_ws_lab/lab3/install/turtlebot3_msgs/lib:/home/rosdev/turtlebot3_ws/install/turtlebot3_msgs/lib:/home/rosdev/turtlebot3_ws/install/dynamixel_sdk_custom_interfaces/lib:/home/rosdev/turtlebot3_ws/install/dynamixel_sdk/lib:/usr/lib/x86_64-linux-gnu/gazebo-11/plugins:/opt/ros/humble/opt/rviz_ogre_vendor/lib:/opt/ros/humble/lib/x86_64-linux-gnu:/opt/ros/humble/lib:/usr/share/gazebo/../../lib/x86_64-linux-gnu/gazebo-11/plugins:/usr/share/gazebo/../../lib/x86_64-linux-gnu/gazebo-11/plugins:/usr/share/gazebo/../../lib/x86_64-linux-gnu/gazebo-11/plugins PYTHONPATH=/home/rosdev/ros2_ws_lab/lab3/build/turtlebot3_example/prefix_override:/usr/lib/python3/dist-packages/colcon_core/task/python/colcon_distutils_commands:/home/rosdev/ros2_ws_lab/lab3/install/turtlebot3_example/lib/python3.10/site-packages:/home/rosdev/ros2_ws_lab/lab3/install/turtlebot3_msgs/local/lib/python3.10/dist-packages:${PYTHONPATH} /usr/bin/python3 -W ignore:setup.py install is deprecated -W ignore:easy_install command is deprecated setup.py egg_info --egg-base ../../../build/turtlebot3_example build --build-base /home/rosdev/ros2_ws_lab/lab3/build/turtlebot3_example/build install --record /home/rosdev/ros2_ws_lab/lab3/build/turtlebot3_example/install.log --single-version-externally-managed install_data
[1.099s] running egg_info
[1.100s] writing ../../../build/turtlebot3_example/turtlebot3_example.egg-info/PKG-INFO
[1.100s] writing dependency_links to ../../../build/turtlebot3_example/turtlebot3_example.egg-info/dependency_links.txt
[1.101s] writing entry points to ../../../build/turtlebot3_example/turtlebot3_example.egg-info/entry_points.txt
[1.101s] writing requirements to ../../../build/turtlebot3_example/turtlebot3_example.egg-info/requires.txt
[1.101s] writing top-level names to ../../../build/turtlebot3_example/turtlebot3_example.egg-info/top_level.txt
[1.103s] reading manifest file '../../../build/turtlebot3_example/turtlebot3_example.egg-info/SOURCES.txt'
[1.105s] writing manifest file '../../../build/turtlebot3_example/turtlebot3_example.egg-info/SOURCES.txt'
[1.105s] running build
[1.105s] running build_py
[1.107s] running install
[1.107s] running install_lib
[1.110s] running install_data
[1.110s] running install_egg_info
[1.112s] removing '/home/rosdev/ros2_ws_lab/lab3/install/turtlebot3_example/lib/python3.10/site-packages/turtlebot3_example-2.2.9-py3.10.egg-info' (and everything under it)
[1.112s] Copying ../../../build/turtlebot3_example/turtlebot3_example.egg-info to /home/rosdev/ros2_ws_lab/lab3/install/turtlebot3_example/lib/python3.10/site-packages/turtlebot3_example-2.2.9-py3.10.egg-info
[1.113s] running install_scripts
[1.135s] Installing turtlebot3_absolute_move script to /home/rosdev/ros2_ws_lab/lab3/install/turtlebot3_example/lib/turtlebot3_example
[1.135s] Installing turtlebot3_interactive_marker script to /home/rosdev/ros2_ws_lab/lab3/install/turtlebot3_example/lib/turtlebot3_example
[1.135s] Installing turtlebot3_obstacle_detection script to /home/rosdev/ros2_ws_lab/lab3/install/turtlebot3_example/lib/turtlebot3_example
[1.135s] Installing turtlebot3_patrol_client script to /home/rosdev/ros2_ws_lab/lab3/install/turtlebot3_example/lib/turtlebot3_example
[1.136s] Installing turtlebot3_patrol_server script to /home/rosdev/ros2_ws_lab/lab3/install/turtlebot3_example/lib/turtlebot3_example
[1.136s] Installing turtlebot3_relative_move script to /home/rosdev/ros2_ws_lab/lab3/install/turtlebot3_example/lib/turtlebot3_example
[1.137s] writing list of installed files to '/home/rosdev/ros2_ws_lab/lab3/build/turtlebot3_example/install.log'
[1.156s] Invoked command in '/home/rosdev/ros2_ws_lab/lab3/src/turtlebot3/turtlebot3_example' returned '0': AMENT_PREFIX_PATH=/home/rosdev/ros2_ws_lab/lab3/install/turtlebot3_msgs:${AMENT_PREFIX_PATH} CMAKE_PREFIX_PATH=/home/rosdev/ros2_ws_lab/lab3/install/turtlebot3_msgs:${CMAKE_PREFIX_PATH} LD_LIBRARY_PATH=/home/rosdev/ros2_ws_lab/lab3/install/turtlebot3_msgs/lib:/home/rosdev/turtlebot3_ws/install/turtlebot3_msgs/lib:/home/rosdev/turtlebot3_ws/install/dynamixel_sdk_custom_interfaces/lib:/home/rosdev/turtlebot3_ws/install/dynamixel_sdk/lib:/usr/lib/x86_64-linux-gnu/gazebo-11/plugins:/opt/ros/humble/opt/rviz_ogre_vendor/lib:/opt/ros/humble/lib/x86_64-linux-gnu:/opt/ros/humble/lib:/usr/share/gazebo/../../lib/x86_64-linux-gnu/gazebo-11/plugins:/usr/share/gazebo/../../lib/x86_64-linux-gnu/gazebo-11/plugins:/usr/share/gazebo/../../lib/x86_64-linux-gnu/gazebo-11/plugins PYTHONPATH=/home/rosdev/ros2_ws_lab/lab3/build/turtlebot3_example/prefix_override:/usr/lib/python3/dist-packages/colcon_core/task/python/colcon_distutils_commands:/home/rosdev/ros2_ws_lab/lab3/install/turtlebot3_example/lib/python3.10/site-packages:/home/rosdev/ros2_ws_lab/lab3/install/turtlebot3_msgs/local/lib/python3.10/dist-packages:${PYTHONPATH} /usr/bin/python3 -W ignore:setup.py install is deprecated -W ignore:easy_install command is deprecated setup.py egg_info --egg-base ../../../build/turtlebot3_example build --build-base /home/rosdev/ros2_ws_lab/lab3/build/turtlebot3_example/build install --record /home/rosdev/ros2_ws_lab/lab3/build/turtlebot3_example/install.log --single-version-externally-managed install_data
