[0.046s] Invoking command in '/home/rosdev/ros2_ws_lab/lab3/build/dynamixel_sdk': CMAKE_PREFIX_PATH=${CMAKE_PREFIX_PATH}:/home/rosdev/turtlebot3_ws/install/turtlebot3_teleop:/home/rosdev/turtlebot3_ws/install/turtlebot3_example:/opt/ros/humble /usr/bin/cmake /home/rosdev/ros2_ws_lab/lab3/src/DynamixelSDK/ros/dynamixel_sdk -DCMAKE_INSTALL_PREFIX=/home/rosdev/ros2_ws_lab/lab3/install/dynamixel_sdk
[0.123s] -- The C compiler identification is GNU 11.4.0
[0.184s] -- The CXX compiler identification is GNU 11.4.0
[0.192s] -- Detecting C compiler ABI info
[0.265s] -- Detecting C compiler ABI info - done
[0.276s] -- Check for working C compiler: /usr/bin/cc - skipped
[0.276s] -- Detecting C compile features
[0.277s] -- Detecting C compile features - done
[0.280s] -- Detecting CXX compiler ABI info
[0.392s] -- Detecting CXX compiler ABI info - done
[0.410s] -- Check for working CXX compiler: /usr/bin/c++ - skipped
[0.411s] -- Detecting CXX compile features
[0.411s] -- Detecting CXX compile features - done
[0.416s] -- Found ament_cmake: 1.3.11 (/opt/ros/humble/share/ament_cmake/cmake)
[0.670s] -- Found Python3: /usr/bin/python3 (found version "3.10.12") found components: Interpreter 
[1.016s] -- Configuring done
[1.029s] -- Generating done
[1.033s] -- Build files have been written to: /home/rosdev/ros2_ws_lab/lab3/build/dynamixel_sdk
[1.062s] Invoked command in '/home/rosdev/ros2_ws_lab/lab3/build/dynamixel_sdk' returned '0': CMAKE_PREFIX_PATH=${CMAKE_PREFIX_PATH}:/home/rosdev/turtlebot3_ws/install/turtlebot3_teleop:/home/rosdev/turtlebot3_ws/install/turtlebot3_example:/opt/ros/humble /usr/bin/cmake /home/rosdev/ros2_ws_lab/lab3/src/DynamixelSDK/ros/dynamixel_sdk -DCMAKE_INSTALL_PREFIX=/home/rosdev/ros2_ws_lab/lab3/install/dynamixel_sdk
[1.064s] Invoking command in '/home/rosdev/ros2_ws_lab/lab3/build/dynamixel_sdk': CMAKE_PREFIX_PATH=${CMAKE_PREFIX_PATH}:/home/rosdev/turtlebot3_ws/install/turtlebot3_teleop:/home/rosdev/turtlebot3_ws/install/turtlebot3_example:/opt/ros/humble /usr/bin/cmake --build /home/rosdev/ros2_ws_lab/lab3/build/dynamixel_sdk -- -j12 -l12
[1.134s] [  7%] [32mBuilding CXX object CMakeFiles/dynamixel_sdk.dir/src/dynamixel_sdk/packet_handler.cpp.o[0m
[1.134s] [ 15%] [32mBuilding CXX object CMakeFiles/dynamixel_sdk.dir/src/dynamixel_sdk/protocol1_packet_handler.cpp.o[0m
[1.134s] [ 23%] [32mBuilding CXX object CMakeFiles/dynamixel_sdk.dir/src/dynamixel_sdk/group_sync_write.cpp.o[0m
[1.134s] [ 30%] [32mBuilding CXX object CMakeFiles/dynamixel_sdk.dir/src/dynamixel_sdk/group_sync_read.cpp.o[0m
[1.136s] [ 38%] [32mBuilding CXX object CMakeFiles/dynamixel_sdk.dir/src/dynamixel_sdk/protocol2_packet_handler.cpp.o[0m
[1.138s] [ 46%] [32mBuilding CXX object CMakeFiles/dynamixel_sdk.dir/src/dynamixel_sdk/group_bulk_read.cpp.o[0m
[1.139s] [ 53%] [32mBuilding CXX object CMakeFiles/dynamixel_sdk.dir/src/dynamixel_sdk/group_bulk_write.cpp.o[0m
[1.143s] [ 61%] [32mBuilding CXX object CMakeFiles/dynamixel_sdk.dir/src/dynamixel_sdk/group_fast_bulk_read.cpp.o[0m
[1.148s] [ 69%] [32mBuilding CXX object CMakeFiles/dynamixel_sdk.dir/src/dynamixel_sdk/group_fast_sync_read.cpp.o[0m
[1.155s] [ 76%] [32mBuilding CXX object CMakeFiles/dynamixel_sdk.dir/src/dynamixel_sdk/group_handler.cpp.o[0m
[1.164s] [ 76%] Built target ament_cmake_python_copy_dynamixel_sdk
[1.176s] [ 84%] [32mBuilding CXX object CMakeFiles/dynamixel_sdk.dir/src/dynamixel_sdk/port_handler.cpp.o[0m
[1.197s] [ 92%] [32mBuilding CXX object CMakeFiles/dynamixel_sdk.dir/src/dynamixel_sdk/port_handler_linux.cpp.o[0m
[1.838s] running egg_info
[1.839s] creating dynamixel_sdk.egg-info
[1.842s] writing dynamixel_sdk.egg-info/PKG-INFO
[1.843s] writing dependency_links to dynamixel_sdk.egg-info/dependency_links.txt
[1.843s] writing top-level names to dynamixel_sdk.egg-info/top_level.txt
[1.843s] writing manifest file 'dynamixel_sdk.egg-info/SOURCES.txt'
[1.844s] reading manifest file 'dynamixel_sdk.egg-info/SOURCES.txt'
[1.845s] writing manifest file 'dynamixel_sdk.egg-info/SOURCES.txt'
[1.881s] [ 92%] Built target ament_cmake_python_build_dynamixel_sdk_egg
[2.069s] [100%] [32m[1mLinking CXX shared library libdynamixel_sdk.so[0m
[2.165s] [100%] Built target dynamixel_sdk
[2.177s] Invoked command in '/home/rosdev/ros2_ws_lab/lab3/build/dynamixel_sdk' returned '0': CMAKE_PREFIX_PATH=${CMAKE_PREFIX_PATH}:/home/rosdev/turtlebot3_ws/install/turtlebot3_teleop:/home/rosdev/turtlebot3_ws/install/turtlebot3_example:/opt/ros/humble /usr/bin/cmake --build /home/rosdev/ros2_ws_lab/lab3/build/dynamixel_sdk -- -j12 -l12
[2.179s] Invoking command in '/home/rosdev/ros2_ws_lab/lab3/build/dynamixel_sdk': CMAKE_PREFIX_PATH=${CMAKE_PREFIX_PATH}:/home/rosdev/turtlebot3_ws/install/turtlebot3_teleop:/home/rosdev/turtlebot3_ws/install/turtlebot3_example:/opt/ros/humble /usr/bin/cmake --install /home/rosdev/ros2_ws_lab/lab3/build/dynamixel_sdk
[2.188s] -- Install configuration: ""
[2.188s] -- Installing: /home/rosdev/ros2_ws_lab/lab3/install/dynamixel_sdk/include/
[2.188s] -- Installing: /home/rosdev/ros2_ws_lab/lab3/install/dynamixel_sdk/include//dynamixel_sdk
[2.188s] -- Installing: /home/rosdev/ros2_ws_lab/lab3/install/dynamixel_sdk/include//dynamixel_sdk/port_handler_linux.h
[2.188s] -- Installing: /home/rosdev/ros2_ws_lab/lab3/install/dynamixel_sdk/include//dynamixel_sdk/protocol1_packet_handler.h
[2.188s] -- Installing: /home/rosdev/ros2_ws_lab/lab3/install/dynamixel_sdk/include//dynamixel_sdk/group_fast_sync_read.h
[2.188s] -- Installing: /home/rosdev/ros2_ws_lab/lab3/install/dynamixel_sdk/include//dynamixel_sdk/group_sync_write.h
[2.188s] -- Installing: /home/rosdev/ros2_ws_lab/lab3/install/dynamixel_sdk/include//dynamixel_sdk/protocol2_packet_handler.h
[2.189s] -- Installing: /home/rosdev/ros2_ws_lab/lab3/install/dynamixel_sdk/include//dynamixel_sdk/port_handler_windows.h
[2.189s] -- Installing: /home/rosdev/ros2_ws_lab/lab3/install/dynamixel_sdk/include//dynamixel_sdk/group_bulk_read.h
[2.189s] -- Installing: /home/rosdev/ros2_ws_lab/lab3/install/dynamixel_sdk/include//dynamixel_sdk/packet_handler.h
[2.189s] -- Installing: /home/rosdev/ros2_ws_lab/lab3/install/dynamixel_sdk/include//dynamixel_sdk/group_handler.h
[2.189s] -- Installing: /home/rosdev/ros2_ws_lab/lab3/install/dynamixel_sdk/include//dynamixel_sdk/group_fast_bulk_read.h
[2.189s] -- Installing: /home/rosdev/ros2_ws_lab/lab3/install/dynamixel_sdk/include//dynamixel_sdk/port_handler_arduino.h
[2.189s] -- Installing: /home/rosdev/ros2_ws_lab/lab3/install/dynamixel_sdk/include//dynamixel_sdk/group_bulk_write.h
[2.189s] -- Installing: /home/rosdev/ros2_ws_lab/lab3/install/dynamixel_sdk/include//dynamixel_sdk/group_sync_read.h
[2.190s] -- Installing: /home/rosdev/ros2_ws_lab/lab3/install/dynamixel_sdk/include//dynamixel_sdk/port_handler.h
[2.190s] -- Installing: /home/rosdev/ros2_ws_lab/lab3/install/dynamixel_sdk/include//dynamixel_sdk/dynamixel_sdk.h
[2.190s] -- Installing: /home/rosdev/ros2_ws_lab/lab3/install/dynamixel_sdk/include//dynamixel_sdk/port_handler_mac.h
[2.190s] -- Installing: /home/rosdev/ros2_ws_lab/lab3/install/dynamixel_sdk/lib/libdynamixel_sdk.so
[2.190s] -- Installing: /home/rosdev/ros2_ws_lab/lab3/install/dynamixel_sdk/share/dynamixel_sdk/environment/pythonpath.sh
[2.191s] -- Installing: /home/rosdev/ros2_ws_lab/lab3/install/dynamixel_sdk/share/dynamixel_sdk/environment/pythonpath.dsv
[2.191s] -- Installing: /home/rosdev/ros2_ws_lab/lab3/install/dynamixel_sdk/local/lib/python3.10/dist-packages/dynamixel_sdk-3.8.3-py3.10.egg-info
[2.191s] -- Installing: /home/rosdev/ros2_ws_lab/lab3/install/dynamixel_sdk/local/lib/python3.10/dist-packages/dynamixel_sdk-3.8.3-py3.10.egg-info/PKG-INFO
[2.191s] -- Installing: /home/rosdev/ros2_ws_lab/lab3/install/dynamixel_sdk/local/lib/python3.10/dist-packages/dynamixel_sdk-3.8.3-py3.10.egg-info/SOURCES.txt
[2.191s] -- Installing: /home/rosdev/ros2_ws_lab/lab3/install/dynamixel_sdk/local/lib/python3.10/dist-packages/dynamixel_sdk-3.8.3-py3.10.egg-info/dependency_links.txt
[2.191s] -- Installing: /home/rosdev/ros2_ws_lab/lab3/install/dynamixel_sdk/local/lib/python3.10/dist-packages/dynamixel_sdk-3.8.3-py3.10.egg-info/top_level.txt
[2.191s] -- Installing: /home/rosdev/ros2_ws_lab/lab3/install/dynamixel_sdk/local/lib/python3.10/dist-packages/dynamixel_sdk
[2.191s] -- Installing: /home/rosdev/ros2_ws_lab/lab3/install/dynamixel_sdk/local/lib/python3.10/dist-packages/dynamixel_sdk/protocol2_packet_handler.py
[2.192s] -- Installing: /home/rosdev/ros2_ws_lab/lab3/install/dynamixel_sdk/local/lib/python3.10/dist-packages/dynamixel_sdk/group_fast_sync_read.cpp
[2.192s] -- Installing: /home/rosdev/ros2_ws_lab/lab3/install/dynamixel_sdk/local/lib/python3.10/dist-packages/dynamixel_sdk/group_sync_read.py
[2.192s] -- Installing: /home/rosdev/ros2_ws_lab/lab3/install/dynamixel_sdk/local/lib/python3.10/dist-packages/dynamixel_sdk/port_handler.py
[2.192s] -- Installing: /home/rosdev/ros2_ws_lab/lab3/install/dynamixel_sdk/local/lib/python3.10/dist-packages/dynamixel_sdk/robotis_def.py
[2.192s] -- Installing: /home/rosdev/ros2_ws_lab/lab3/install/dynamixel_sdk/local/lib/python3.10/dist-packages/dynamixel_sdk/packet_handler.py
[2.192s] -- Installing: /home/rosdev/ros2_ws_lab/lab3/install/dynamixel_sdk/local/lib/python3.10/dist-packages/dynamixel_sdk/port_handler_windows.cpp
[2.192s] -- Installing: /home/rosdev/ros2_ws_lab/lab3/install/dynamixel_sdk/local/lib/python3.10/dist-packages/dynamixel_sdk/group_sync_write.cpp
[2.192s] -- Installing: /home/rosdev/ros2_ws_lab/lab3/install/dynamixel_sdk/local/lib/python3.10/dist-packages/dynamixel_sdk/packet_handler.cpp
[2.193s] -- Installing: /home/rosdev/ros2_ws_lab/lab3/install/dynamixel_sdk/local/lib/python3.10/dist-packages/dynamixel_sdk/port_handler_mac.cpp
[2.193s] -- Installing: /home/rosdev/ros2_ws_lab/lab3/install/dynamixel_sdk/local/lib/python3.10/dist-packages/dynamixel_sdk/__init__.py
[2.193s] -- Installing: /home/rosdev/ros2_ws_lab/lab3/install/dynamixel_sdk/local/lib/python3.10/dist-packages/dynamixel_sdk/protocol2_packet_handler.cpp
[2.193s] -- Installing: /home/rosdev/ros2_ws_lab/lab3/install/dynamixel_sdk/local/lib/python3.10/dist-packages/dynamixel_sdk/group_bulk_write.cpp
[2.193s] -- Installing: /home/rosdev/ros2_ws_lab/lab3/install/dynamixel_sdk/local/lib/python3.10/dist-packages/dynamixel_sdk/group_fast_bulk_read.cpp
[2.193s] -- Installing: /home/rosdev/ros2_ws_lab/lab3/install/dynamixel_sdk/local/lib/python3.10/dist-packages/dynamixel_sdk/protocol1_packet_handler.py
[2.193s] -- Installing: /home/rosdev/ros2_ws_lab/lab3/install/dynamixel_sdk/local/lib/python3.10/dist-packages/dynamixel_sdk/group_bulk_read.py
[2.193s] -- Installing: /home/rosdev/ros2_ws_lab/lab3/install/dynamixel_sdk/local/lib/python3.10/dist-packages/dynamixel_sdk/group_sync_read.cpp
[2.193s] -- Installing: /home/rosdev/ros2_ws_lab/lab3/install/dynamixel_sdk/local/lib/python3.10/dist-packages/dynamixel_sdk/group_bulk_read.cpp
[2.194s] -- Installing: /home/rosdev/ros2_ws_lab/lab3/install/dynamixel_sdk/local/lib/python3.10/dist-packages/dynamixel_sdk/port_handler_arduino.cpp
[2.194s] -- Installing: /home/rosdev/ros2_ws_lab/lab3/install/dynamixel_sdk/local/lib/python3.10/dist-packages/dynamixel_sdk/group_sync_write.py
[2.194s] -- Installing: /home/rosdev/ros2_ws_lab/lab3/install/dynamixel_sdk/local/lib/python3.10/dist-packages/dynamixel_sdk/group_handler.cpp
[2.194s] -- Installing: /home/rosdev/ros2_ws_lab/lab3/install/dynamixel_sdk/local/lib/python3.10/dist-packages/dynamixel_sdk/port_handler_linux.cpp
[2.194s] -- Installing: /home/rosdev/ros2_ws_lab/lab3/install/dynamixel_sdk/local/lib/python3.10/dist-packages/dynamixel_sdk/port_handler.cpp
[2.194s] -- Installing: /home/rosdev/ros2_ws_lab/lab3/install/dynamixel_sdk/local/lib/python3.10/dist-packages/dynamixel_sdk/group_bulk_write.py
[2.194s] -- Installing: /home/rosdev/ros2_ws_lab/lab3/install/dynamixel_sdk/local/lib/python3.10/dist-packages/dynamixel_sdk/protocol1_packet_handler.cpp
[2.256s] Listing '/home/rosdev/ros2_ws_lab/lab3/install/dynamixel_sdk/local/lib/python3.10/dist-packages/dynamixel_sdk'...
[2.256s] Compiling '/home/rosdev/ros2_ws_lab/lab3/install/dynamixel_sdk/local/lib/python3.10/dist-packages/dynamixel_sdk/__init__.py'...
[2.256s] Compiling '/home/rosdev/ros2_ws_lab/lab3/install/dynamixel_sdk/local/lib/python3.10/dist-packages/dynamixel_sdk/group_bulk_read.py'...
[2.256s] Compiling '/home/rosdev/ros2_ws_lab/lab3/install/dynamixel_sdk/local/lib/python3.10/dist-packages/dynamixel_sdk/group_bulk_write.py'...
[2.256s] Compiling '/home/rosdev/ros2_ws_lab/lab3/install/dynamixel_sdk/local/lib/python3.10/dist-packages/dynamixel_sdk/group_sync_read.py'...
[2.256s] Compiling '/home/rosdev/ros2_ws_lab/lab3/install/dynamixel_sdk/local/lib/python3.10/dist-packages/dynamixel_sdk/group_sync_write.py'...
[2.256s] Compiling '/home/rosdev/ros2_ws_lab/lab3/install/dynamixel_sdk/local/lib/python3.10/dist-packages/dynamixel_sdk/packet_handler.py'...
[2.256s] Compiling '/home/rosdev/ros2_ws_lab/lab3/install/dynamixel_sdk/local/lib/python3.10/dist-packages/dynamixel_sdk/port_handler.py'...
[2.256s] Compiling '/home/rosdev/ros2_ws_lab/lab3/install/dynamixel_sdk/local/lib/python3.10/dist-packages/dynamixel_sdk/protocol1_packet_handler.py'...
[2.256s] Compiling '/home/rosdev/ros2_ws_lab/lab3/install/dynamixel_sdk/local/lib/python3.10/dist-packages/dynamixel_sdk/protocol2_packet_handler.py'...
[2.257s] Compiling '/home/rosdev/ros2_ws_lab/lab3/install/dynamixel_sdk/local/lib/python3.10/dist-packages/dynamixel_sdk/robotis_def.py'...
[2.260s] -- Installing: /home/rosdev/ros2_ws_lab/lab3/install/dynamixel_sdk/share/dynamixel_sdk/environment/library_path.sh
[2.260s] -- Installing: /home/rosdev/ros2_ws_lab/lab3/install/dynamixel_sdk/share/dynamixel_sdk/environment/library_path.dsv
[2.261s] -- Installing: /home/rosdev/ros2_ws_lab/lab3/install/dynamixel_sdk/share/ament_index/resource_index/package_run_dependencies/dynamixel_sdk
[2.261s] -- Installing: /home/rosdev/ros2_ws_lab/lab3/install/dynamixel_sdk/share/ament_index/resource_index/parent_prefix_path/dynamixel_sdk
[2.261s] -- Installing: /home/rosdev/ros2_ws_lab/lab3/install/dynamixel_sdk/share/dynamixel_sdk/environment/ament_prefix_path.sh
[2.261s] -- Installing: /home/rosdev/ros2_ws_lab/lab3/install/dynamixel_sdk/share/dynamixel_sdk/environment/ament_prefix_path.dsv
[2.261s] -- Installing: /home/rosdev/ros2_ws_lab/lab3/install/dynamixel_sdk/share/dynamixel_sdk/environment/path.sh
[2.261s] -- Installing: /home/rosdev/ros2_ws_lab/lab3/install/dynamixel_sdk/share/dynamixel_sdk/environment/path.dsv
[2.261s] -- Installing: /home/rosdev/ros2_ws_lab/lab3/install/dynamixel_sdk/share/dynamixel_sdk/local_setup.bash
[2.262s] -- Installing: /home/rosdev/ros2_ws_lab/lab3/install/dynamixel_sdk/share/dynamixel_sdk/local_setup.sh
[2.262s] -- Installing: /home/rosdev/ros2_ws_lab/lab3/install/dynamixel_sdk/share/dynamixel_sdk/local_setup.zsh
[2.262s] -- Installing: /home/rosdev/ros2_ws_lab/lab3/install/dynamixel_sdk/share/dynamixel_sdk/local_setup.dsv
[2.262s] -- Installing: /home/rosdev/ros2_ws_lab/lab3/install/dynamixel_sdk/share/dynamixel_sdk/package.dsv
[2.262s] -- Installing: /home/rosdev/ros2_ws_lab/lab3/install/dynamixel_sdk/share/ament_index/resource_index/packages/dynamixel_sdk
[2.262s] -- Installing: /home/rosdev/ros2_ws_lab/lab3/install/dynamixel_sdk/share/dynamixel_sdk/cmake/ament_cmake_export_include_directories-extras.cmake
[2.262s] -- Installing: /home/rosdev/ros2_ws_lab/lab3/install/dynamixel_sdk/share/dynamixel_sdk/cmake/ament_cmake_export_libraries-extras.cmake
[2.263s] -- Installing: /home/rosdev/ros2_ws_lab/lab3/install/dynamixel_sdk/share/dynamixel_sdk/cmake/dynamixel_sdkConfig.cmake
[2.263s] -- Installing: /home/rosdev/ros2_ws_lab/lab3/install/dynamixel_sdk/share/dynamixel_sdk/cmake/dynamixel_sdkConfig-version.cmake
[2.263s] -- Installing: /home/rosdev/ros2_ws_lab/lab3/install/dynamixel_sdk/share/dynamixel_sdk/package.xml
[2.266s] Invoked command in '/home/rosdev/ros2_ws_lab/lab3/build/dynamixel_sdk' returned '0': CMAKE_PREFIX_PATH=${CMAKE_PREFIX_PATH}:/home/rosdev/turtlebot3_ws/install/turtlebot3_teleop:/home/rosdev/turtlebot3_ws/install/turtlebot3_example:/opt/ros/humble /usr/bin/cmake --install /home/rosdev/ros2_ws_lab/lab3/build/dynamixel_sdk
