Built target ament_cmake_python_copy_obstacle_detection
running egg_info
writing obstacle_detection.egg-info/PKG-INFO
writing dependency_links to obstacle_detection.egg-info/dependency_links.txt
writing top-level names to obstacle_detection.egg-info/top_level.txt
reading manifest file 'obstacle_detection.egg-info/SOURCES.txt'
writing manifest file 'obstacle_detection.egg-info/SOURCES.txt'
Built target ament_cmake_python_build_obstacle_detection_egg
-- Install configuration: ""
-- Up-to-date: /home/rosdev/ros2_ws_lab/lab2/install/obstacle_detection/share/obstacle_detection/environment/pythonpath.sh
-- Up-to-date: /home/rosdev/ros2_ws_lab/lab2/install/obstacle_detection/share/obstacle_detection/environment/pythonpath.dsv
-- Up-to-date: /home/rosdev/ros2_ws_lab/lab2/install/obstacle_detection/local/lib/python3.10/dist-packages/obstacle_detection-0.0.1-py3.10.egg-info
-- Installing: /home/rosdev/ros2_ws_lab/lab2/install/obstacle_detection/local/lib/python3.10/dist-packages/obstacle_detection-0.0.1-py3.10.egg-info/SOURCES.txt
-- Installing: /home/rosdev/ros2_ws_lab/lab2/install/obstacle_detection/local/lib/python3.10/dist-packages/obstacle_detection-0.0.1-py3.10.egg-info/dependency_links.txt
-- Installing: /home/rosdev/ros2_ws_lab/lab2/install/obstacle_detection/local/lib/python3.10/dist-packages/obstacle_detection-0.0.1-py3.10.egg-info/PKG-INFO
-- Installing: /home/rosdev/ros2_ws_lab/lab2/install/obstacle_detection/local/lib/python3.10/dist-packages/obstacle_detection-0.0.1-py3.10.egg-info/top_level.txt
-- Up-to-date: /home/rosdev/ros2_ws_lab/lab2/install/obstacle_detection/local/lib/python3.10/dist-packages/obstacle_detection
-- Up-to-date: /home/rosdev/ros2_ws_lab/lab2/install/obstacle_detection/local/lib/python3.10/dist-packages/obstacle_detection/__init__.py
-- Up-to-date: /home/rosdev/ros2_ws_lab/lab2/install/obstacle_detection/local/lib/python3.10/dist-packages/obstacle_detection/lidar_visualizer.py
Listing '/home/rosdev/ros2_ws_lab/lab2/install/obstacle_detection/local/lib/python3.10/dist-packages/obstacle_detection'...
[31mCMake Error at cmake_install.cmake:70 (file):
  file INSTALL cannot find
  "/home/rosdev/ros2_ws_lab/lab2/src/obstacle_detection/obstacle_detection/obstacle_detection.py":
  No such file or directory.

[0m
