[0.040s] Invoking command in '/home/rosdev/ros2_ws_lab/lab3/build/turtlebot3_cartographer': CMAKE_PREFIX_PATH=${CMAKE_PREFIX_PATH}:/home/rosdev/ros2_ws_lab/lab3/install/turtlebot3_teleop:/home/rosdev/ros2_ws_lab/lab3/install/turtlebot3_example:/home/rosdev/turtlebot3_ws/install/turtlebot3_teleop:/home/rosdev/turtlebot3_ws/install/turtlebot3_example:/opt/ros/humble /usr/bin/cmake --build /home/rosdev/ros2_ws_lab/lab3/build/turtlebot3_cartographer -- -j12 -l12
[0.514s] Invoked command in '/home/rosdev/ros2_ws_lab/lab3/build/turtlebot3_cartographer' returned '0': CMAKE_PREFIX_PATH=${CMAKE_PREFIX_PATH}:/home/rosdev/ros2_ws_lab/lab3/install/turtlebot3_teleop:/home/rosdev/ros2_ws_lab/lab3/install/turtlebot3_example:/home/rosdev/turtlebot3_ws/install/turtlebot3_teleop:/home/rosdev/turtlebot3_ws/install/turtlebot3_example:/opt/ros/humble /usr/bin/cmake --build /home/rosdev/ros2_ws_lab/lab3/build/turtlebot3_cartographer -- -j12 -l12
[0.516s] Invoking command in '/home/rosdev/ros2_ws_lab/lab3/build/turtlebot3_cartographer': CMAKE_PREFIX_PATH=${CMAKE_PREFIX_PATH}:/home/rosdev/ros2_ws_lab/lab3/install/turtlebot3_teleop:/home/rosdev/ros2_ws_lab/lab3/install/turtlebot3_example:/home/rosdev/turtlebot3_ws/install/turtlebot3_teleop:/home/rosdev/turtlebot3_ws/install/turtlebot3_example:/opt/ros/humble /usr/bin/cmake --install /home/rosdev/ros2_ws_lab/lab3/build/turtlebot3_cartographer
[0.534s] -- Install configuration: ""
[0.534s] -- Up-to-date: /home/rosdev/ros2_ws_lab/lab3/install/turtlebot3_cartographer/share/turtlebot3_cartographer/config
[0.534s] -- Up-to-date: /home/rosdev/ros2_ws_lab/lab3/install/turtlebot3_cartographer/share/turtlebot3_cartographer/config/turtlebot3_lds_2d.lua
[0.534s] -- Up-to-date: /home/rosdev/ros2_ws_lab/lab3/install/turtlebot3_cartographer/share/turtlebot3_cartographer/launch
[0.534s] -- Up-to-date: /home/rosdev/ros2_ws_lab/lab3/install/turtlebot3_cartographer/share/turtlebot3_cartographer/launch/occupancy_grid.launch.py
[0.534s] -- Up-to-date: /home/rosdev/ros2_ws_lab/lab3/install/turtlebot3_cartographer/share/turtlebot3_cartographer/launch/cartographer.launch.py
[0.534s] -- Up-to-date: /home/rosdev/ros2_ws_lab/lab3/install/turtlebot3_cartographer/share/turtlebot3_cartographer/rviz
[0.535s] -- Up-to-date: /home/rosdev/ros2_ws_lab/lab3/install/turtlebot3_cartographer/share/turtlebot3_cartographer/rviz/tb3_cartographer.rviz
[0.535s] -- Up-to-date: /home/rosdev/ros2_ws_lab/lab3/install/turtlebot3_cartographer/share/ament_index/resource_index/package_run_dependencies/turtlebot3_cartographer
[0.535s] -- Up-to-date: /home/rosdev/ros2_ws_lab/lab3/install/turtlebot3_cartographer/share/ament_index/resource_index/parent_prefix_path/turtlebot3_cartographer
[0.535s] -- Up-to-date: /home/rosdev/ros2_ws_lab/lab3/install/turtlebot3_cartographer/share/turtlebot3_cartographer/environment/ament_prefix_path.sh
[0.535s] -- Up-to-date: /home/rosdev/ros2_ws_lab/lab3/install/turtlebot3_cartographer/share/turtlebot3_cartographer/environment/ament_prefix_path.dsv
[0.535s] -- Up-to-date: /home/rosdev/ros2_ws_lab/lab3/install/turtlebot3_cartographer/share/turtlebot3_cartographer/environment/path.sh
[0.535s] -- Up-to-date: /home/rosdev/ros2_ws_lab/lab3/install/turtlebot3_cartographer/share/turtlebot3_cartographer/environment/path.dsv
[0.535s] -- Up-to-date: /home/rosdev/ros2_ws_lab/lab3/install/turtlebot3_cartographer/share/turtlebot3_cartographer/local_setup.bash
[0.535s] -- Up-to-date: /home/rosdev/ros2_ws_lab/lab3/install/turtlebot3_cartographer/share/turtlebot3_cartographer/local_setup.sh
[0.536s] -- Up-to-date: /home/rosdev/ros2_ws_lab/lab3/install/turtlebot3_cartographer/share/turtlebot3_cartographer/local_setup.zsh
[0.536s] -- Up-to-date: /home/rosdev/ros2_ws_lab/lab3/install/turtlebot3_cartographer/share/turtlebot3_cartographer/local_setup.dsv
[0.536s] -- Installing: /home/rosdev/ros2_ws_lab/lab3/install/turtlebot3_cartographer/share/turtlebot3_cartographer/package.dsv
[0.536s] -- Up-to-date: /home/rosdev/ros2_ws_lab/lab3/install/turtlebot3_cartographer/share/ament_index/resource_index/packages/turtlebot3_cartographer
[0.536s] -- Up-to-date: /home/rosdev/ros2_ws_lab/lab3/install/turtlebot3_cartographer/share/turtlebot3_cartographer/cmake/turtlebot3_cartographerConfig.cmake
[0.536s] -- Up-to-date: /home/rosdev/ros2_ws_lab/lab3/install/turtlebot3_cartographer/share/turtlebot3_cartographer/cmake/turtlebot3_cartographerConfig-version.cmake
[0.536s] -- Up-to-date: /home/rosdev/ros2_ws_lab/lab3/install/turtlebot3_cartographer/share/turtlebot3_cartographer/package.xml
[0.567s] Invoked command in '/home/rosdev/ros2_ws_lab/lab3/build/turtlebot3_cartographer' returned '0': CMAKE_PREFIX_PATH=${CMAKE_PREFIX_PATH}:/home/rosdev/ros2_ws_lab/lab3/install/turtlebot3_teleop:/home/rosdev/ros2_ws_lab/lab3/install/turtlebot3_example:/home/rosdev/turtlebot3_ws/install/turtlebot3_teleop:/home/rosdev/turtlebot3_ws/install/turtlebot3_example:/opt/ros/humble /usr/bin/cmake --install /home/rosdev/ros2_ws_lab/lab3/build/turtlebot3_cartographer
