[0.017s] Invoking command in '/home/rosdev/ros2_ws_lab/lab2/build/bringup': CMAKE_PREFIX_PATH=${CMAKE_PREFIX_PATH}:/opt/ros/humble /usr/bin/cmake --build /home/rosdev/ros2_ws_lab/lab2/build/bringup -- -j12 -l12
[0.057s] Invoked command in '/home/rosdev/ros2_ws_lab/lab2/build/bringup' returned '0': CMAKE_PREFIX_PATH=${CMAKE_PREFIX_PATH}:/opt/ros/humble /usr/bin/cmake --build /home/rosdev/ros2_ws_lab/lab2/build/bringup -- -j12 -l12
[0.068s] Invoking command in '/home/rosdev/ros2_ws_lab/lab2/build/bringup': CMAKE_PREFIX_PATH=${CMAKE_PREFIX_PATH}:/opt/ros/humble /usr/bin/cmake --install /home/rosdev/ros2_ws_lab/lab2/build/bringup
[0.075s] -- Install configuration: ""
[0.075s] -- Up-to-date: /home/rosdev/ros2_ws_lab/lab2/install/bringup/share/bringup//launch
[0.076s] -- Up-to-date: /home/rosdev/ros2_ws_lab/lab2/install/bringup/share/bringup//launch/localization_launch.py
[0.076s] -- Installing: /home/rosdev/ros2_ws_lab/lab2/install/bringup/share/bringup//launch/main.launch.py
[0.076s] -- Up-to-date: /home/rosdev/ros2_ws_lab/lab2/install/bringup/share/bringup//launch/rviz_launch.py
[0.076s] -- Up-to-date: /home/rosdev/ros2_ws_lab/lab2/install/bringup/share/bringup//launch/slam_launch.py
[0.076s] -- Up-to-date: /home/rosdev/ros2_ws_lab/lab2/install/bringup/share/bringup//launch/navigation_launch.py
[0.076s] -- Up-to-date: /home/rosdev/ros2_ws_lab/lab2/install/bringup/share/bringup//launch/bringup_launch.py
[0.076s] -- Up-to-date: /home/rosdev/ros2_ws_lab/lab2/install/bringup/share/bringup//models
[0.077s] -- Up-to-date: /home/rosdev/ros2_ws_lab/lab2/install/bringup/share/bringup//models/turtlebot3_burger
[0.077s] -- Up-to-date: /home/rosdev/ros2_ws_lab/lab2/install/bringup/share/bringup//models/turtlebot3_burger/model.config
[0.077s] -- Up-to-date: /home/rosdev/ros2_ws_lab/lab2/install/bringup/share/bringup//models/turtlebot3_burger/model.sdf
[0.077s] -- Up-to-date: /home/rosdev/ros2_ws_lab/lab2/install/bringup/share/bringup//models/turtlebot3_burger/model-1_4.sdf
[0.077s] -- Up-to-date: /home/rosdev/ros2_ws_lab/lab2/install/bringup/share/bringup//models/turtlebot3_burger/meshes
[0.077s] -- Up-to-date: /home/rosdev/ros2_ws_lab/lab2/install/bringup/share/bringup//models/turtlebot3_burger/meshes/lds.dae
[0.077s] -- Up-to-date: /home/rosdev/ros2_ws_lab/lab2/install/bringup/share/bringup//models/turtlebot3_burger/meshes/burger_base.dae
[0.077s] -- Up-to-date: /home/rosdev/ros2_ws_lab/lab2/install/bringup/share/bringup//models/turtlebot3_burger/meshes/tire.dae
[0.077s] -- Up-to-date: /home/rosdev/ros2_ws_lab/lab2/install/bringup/share/bringup//models/turtlebot3_waffle
[0.077s] -- Up-to-date: /home/rosdev/ros2_ws_lab/lab2/install/bringup/share/bringup//models/turtlebot3_waffle/model.config
[0.078s] -- Up-to-date: /home/rosdev/ros2_ws_lab/lab2/install/bringup/share/bringup//models/turtlebot3_waffle/model_nocamera.sdf
[0.078s] -- Up-to-date: /home/rosdev/ros2_ws_lab/lab2/install/bringup/share/bringup//models/turtlebot3_waffle/model.sdf
[0.078s] -- Up-to-date: /home/rosdev/ros2_ws_lab/lab2/install/bringup/share/bringup//models/turtlebot3_waffle/model-1_4.sdf
[0.078s] -- Up-to-date: /home/rosdev/ros2_ws_lab/lab2/install/bringup/share/bringup//models/turtlebot3_waffle/meshes
[0.078s] -- Up-to-date: /home/rosdev/ros2_ws_lab/lab2/install/bringup/share/bringup//models/turtlebot3_waffle/meshes/r200.dae
[0.078s] -- Up-to-date: /home/rosdev/ros2_ws_lab/lab2/install/bringup/share/bringup//models/turtlebot3_waffle/meshes/lds.dae
[0.078s] -- Up-to-date: /home/rosdev/ros2_ws_lab/lab2/install/bringup/share/bringup//models/turtlebot3_waffle/meshes/waffle_base.dae
[0.078s] -- Up-to-date: /home/rosdev/ros2_ws_lab/lab2/install/bringup/share/bringup//models/turtlebot3_waffle/meshes/tire.dae
[0.078s] -- Up-to-date: /home/rosdev/ros2_ws_lab/lab2/install/bringup/share/bringup//rviz
[0.078s] -- Up-to-date: /home/rosdev/ros2_ws_lab/lab2/install/bringup/share/bringup//rviz/nav2_default_view.rviz
[0.079s] -- Up-to-date: /home/rosdev/ros2_ws_lab/lab2/install/bringup/share/bringup//urdf
[0.079s] -- Up-to-date: /home/rosdev/ros2_ws_lab/lab2/install/bringup/share/bringup//urdf/turtlebot3_burger.urdf
[0.079s] -- Up-to-date: /home/rosdev/ros2_ws_lab/lab2/install/bringup/share/bringup//urdf/turtlebot3_waffle.urdf
[0.079s] -- Up-to-date: /home/rosdev/ros2_ws_lab/lab2/install/bringup/share/bringup//urdf/common_properties.urdf
[0.079s] -- Up-to-date: /home/rosdev/ros2_ws_lab/lab2/install/bringup/share/bringup//worlds
[0.079s] -- Up-to-date: /home/rosdev/ros2_ws_lab/lab2/install/bringup/share/bringup//worlds/turtlebot3_world.world
[0.079s] -- Up-to-date: /home/rosdev/ros2_ws_lab/lab2/install/bringup/share/bringup//params
[0.080s] -- Up-to-date: /home/rosdev/ros2_ws_lab/lab2/install/bringup/share/bringup//params/nav2_params.yaml
[0.080s] -- Up-to-date: /home/rosdev/ros2_ws_lab/lab2/install/bringup/share/bringup//maps
[0.080s] -- Up-to-date: /home/rosdev/ros2_ws_lab/lab2/install/bringup/share/bringup//maps/map.pgm
[0.080s] -- Up-to-date: /home/rosdev/ros2_ws_lab/lab2/install/bringup/share/bringup//maps/map.yaml
[0.080s] -- Up-to-date: /home/rosdev/ros2_ws_lab/lab2/install/bringup/share/bringup/environment/.gazebo.dsv
[0.081s] -- Up-to-date: /home/rosdev/ros2_ws_lab/lab2/install/bringup/share/ament_index/resource_index/package_run_dependencies/bringup
[0.081s] -- Up-to-date: /home/rosdev/ros2_ws_lab/lab2/install/bringup/share/ament_index/resource_index/parent_prefix_path/bringup
[0.081s] -- Up-to-date: /home/rosdev/ros2_ws_lab/lab2/install/bringup/share/bringup/environment/ament_prefix_path.sh
[0.081s] -- Up-to-date: /home/rosdev/ros2_ws_lab/lab2/install/bringup/share/bringup/environment/ament_prefix_path.dsv
[0.081s] -- Up-to-date: /home/rosdev/ros2_ws_lab/lab2/install/bringup/share/bringup/environment/path.sh
[0.081s] -- Up-to-date: /home/rosdev/ros2_ws_lab/lab2/install/bringup/share/bringup/environment/path.dsv
[0.081s] -- Up-to-date: /home/rosdev/ros2_ws_lab/lab2/install/bringup/share/bringup/local_setup.bash
[0.082s] -- Up-to-date: /home/rosdev/ros2_ws_lab/lab2/install/bringup/share/bringup/local_setup.sh
[0.082s] -- Up-to-date: /home/rosdev/ros2_ws_lab/lab2/install/bringup/share/bringup/local_setup.zsh
[0.082s] -- Up-to-date: /home/rosdev/ros2_ws_lab/lab2/install/bringup/share/bringup/local_setup.dsv
[0.082s] -- Installing: /home/rosdev/ros2_ws_lab/lab2/install/bringup/share/bringup/package.dsv
[0.082s] -- Up-to-date: /home/rosdev/ros2_ws_lab/lab2/install/bringup/share/ament_index/resource_index/packages/bringup
[0.082s] -- Up-to-date: /home/rosdev/ros2_ws_lab/lab2/install/bringup/share/bringup/cmake/bringupConfig.cmake
[0.082s] -- Up-to-date: /home/rosdev/ros2_ws_lab/lab2/install/bringup/share/bringup/cmake/bringupConfig-version.cmake
[0.082s] -- Up-to-date: /home/rosdev/ros2_ws_lab/lab2/install/bringup/share/bringup/package.xml
[0.082s] Invoked command in '/home/rosdev/ros2_ws_lab/lab2/build/bringup' returned '0': CMAKE_PREFIX_PATH=${CMAKE_PREFIX_PATH}:/opt/ros/humble /usr/bin/cmake --install /home/rosdev/ros2_ws_lab/lab2/build/bringup
