[0.014s] Invoking command in '/home/rosdev/ros2_ws_lab/lab2/build/obstacle_detection': CMAKE_PREFIX_PATH=${CMAKE_PREFIX_PATH}:/opt/ros/humble /usr/bin/cmake --build /home/rosdev/ros2_ws_lab/lab2/build/obstacle_detection -- -j12 -l12
[0.077s] Built target ament_cmake_python_copy_obstacle_detection
[0.380s] running egg_info
[0.380s] writing obstacle_detection.egg-info/PKG-INFO
[0.380s] writing dependency_links to obstacle_detection.egg-info/dependency_links.txt
[0.381s] writing top-level names to obstacle_detection.egg-info/top_level.txt
[0.383s] reading manifest file 'obstacle_detection.egg-info/SOURCES.txt'
[0.383s] writing manifest file 'obstacle_detection.egg-info/SOURCES.txt'
[0.409s] Built target ament_cmake_python_build_obstacle_detection_egg
[0.422s] Invoked command in '/home/rosdev/ros2_ws_lab/lab2/build/obstacle_detection' returned '0': CMAKE_PREFIX_PATH=${CMAKE_PREFIX_PATH}:/opt/ros/humble /usr/bin/cmake --build /home/rosdev/ros2_ws_lab/lab2/build/obstacle_detection -- -j12 -l12
[0.424s] Invoking command in '/home/rosdev/ros2_ws_lab/lab2/build/obstacle_detection': CMAKE_PREFIX_PATH=${CMAKE_PREFIX_PATH}:/opt/ros/humble /usr/bin/cmake --install /home/rosdev/ros2_ws_lab/lab2/build/obstacle_detection
[0.432s] -- Install configuration: ""
[0.432s] -- Up-to-date: /home/rosdev/ros2_ws_lab/lab2/install/obstacle_detection/share/obstacle_detection/environment/pythonpath.sh
[0.432s] -- Up-to-date: /home/rosdev/ros2_ws_lab/lab2/install/obstacle_detection/share/obstacle_detection/environment/pythonpath.dsv
[0.432s] -- Up-to-date: /home/rosdev/ros2_ws_lab/lab2/install/obstacle_detection/local/lib/python3.10/dist-packages/obstacle_detection-0.0.1-py3.10.egg-info
[0.432s] -- Installing: /home/rosdev/ros2_ws_lab/lab2/install/obstacle_detection/local/lib/python3.10/dist-packages/obstacle_detection-0.0.1-py3.10.egg-info/SOURCES.txt
[0.432s] -- Installing: /home/rosdev/ros2_ws_lab/lab2/install/obstacle_detection/local/lib/python3.10/dist-packages/obstacle_detection-0.0.1-py3.10.egg-info/dependency_links.txt
[0.433s] -- Installing: /home/rosdev/ros2_ws_lab/lab2/install/obstacle_detection/local/lib/python3.10/dist-packages/obstacle_detection-0.0.1-py3.10.egg-info/PKG-INFO
[0.433s] -- Installing: /home/rosdev/ros2_ws_lab/lab2/install/obstacle_detection/local/lib/python3.10/dist-packages/obstacle_detection-0.0.1-py3.10.egg-info/top_level.txt
[0.433s] -- Up-to-date: /home/rosdev/ros2_ws_lab/lab2/install/obstacle_detection/local/lib/python3.10/dist-packages/obstacle_detection
[0.433s] -- Up-to-date: /home/rosdev/ros2_ws_lab/lab2/install/obstacle_detection/local/lib/python3.10/dist-packages/obstacle_detection/__init__.py
[0.433s] -- Up-to-date: /home/rosdev/ros2_ws_lab/lab2/install/obstacle_detection/local/lib/python3.10/dist-packages/obstacle_detection/lidar_visualizer.py
[0.467s] Listing '/home/rosdev/ros2_ws_lab/lab2/install/obstacle_detection/local/lib/python3.10/dist-packages/obstacle_detection'...
[0.471s] [31mCMake Error at cmake_install.cmake:70 (file):
[0.471s]   file INSTALL cannot find
[0.472s]   "/home/rosdev/ros2_ws_lab/lab2/src/obstacle_detection/obstacle_detection/obstacle_detection.py":
[0.472s]   No such file or directory.
[0.472s] 
[0.472s] [0m
[0.474s] Invoked command in '/home/rosdev/ros2_ws_lab/lab2/build/obstacle_detection' returned '1': CMAKE_PREFIX_PATH=${CMAKE_PREFIX_PATH}:/opt/ros/humble /usr/bin/cmake --install /home/rosdev/ros2_ws_lab/lab2/build/obstacle_detection
