[1.152s] Invoking command in '/home/rosdev/ros2_ws_lab/lab3/src/turtlebot3/turtlebot3_teleop': PYTHONPATH=/home/rosdev/ros2_ws_lab/lab3/build/turtlebot3_teleop/prefix_override:/usr/lib/python3/dist-packages/colcon_core/task/python/colcon_distutils_commands:/home/rosdev/ros2_ws_lab/lab3/install/turtlebot3_teleop/lib/python3.10/site-packages:${PYTHONPATH} /usr/bin/python3 -W ignore:setup.py install is deprecated -W ignore:easy_install command is deprecated setup.py egg_info --egg-base ../../../build/turtlebot3_teleop build --build-base /home/rosdev/ros2_ws_lab/lab3/build/turtlebot3_teleop/build install --record /home/rosdev/ros2_ws_lab/lab3/build/turtlebot3_teleop/install.log --single-version-externally-managed install_data
[1.509s] running egg_info
[1.510s] writing ../../../build/turtlebot3_teleop/turtlebot3_teleop.egg-info/PKG-INFO
[1.510s] writing dependency_links to ../../../build/turtlebot3_teleop/turtlebot3_teleop.egg-info/dependency_links.txt
[1.510s] writing entry points to ../../../build/turtlebot3_teleop/turtlebot3_teleop.egg-info/entry_points.txt
[1.511s] writing requirements to ../../../build/turtlebot3_teleop/turtlebot3_teleop.egg-info/requires.txt
[1.511s] writing top-level names to ../../../build/turtlebot3_teleop/turtlebot3_teleop.egg-info/top_level.txt
[1.513s] reading manifest file '../../../build/turtlebot3_teleop/turtlebot3_teleop.egg-info/SOURCES.txt'
[1.514s] writing manifest file '../../../build/turtlebot3_teleop/turtlebot3_teleop.egg-info/SOURCES.txt'
[1.514s] running build
[1.514s] running build_py
[1.514s] copying turtlebot3_teleop/script/teleop_keyboard.py -> /home/rosdev/ros2_ws_lab/lab3/build/turtlebot3_teleop/build/lib/turtlebot3_teleop/script
[1.515s] running install
[1.515s] running install_lib
[1.517s] copying /home/rosdev/ros2_ws_lab/lab3/build/turtlebot3_teleop/build/lib/turtlebot3_teleop/script/teleop_keyboard.py -> /home/rosdev/ros2_ws_lab/lab3/install/turtlebot3_teleop/lib/python3.10/site-packages/turtlebot3_teleop/script
[1.518s] byte-compiling /home/rosdev/ros2_ws_lab/lab3/install/turtlebot3_teleop/lib/python3.10/site-packages/turtlebot3_teleop/script/teleop_keyboard.py to teleop_keyboard.cpython-310.pyc
[1.521s] running install_data
[1.521s] running install_egg_info
[1.525s] removing '/home/rosdev/ros2_ws_lab/lab3/install/turtlebot3_teleop/lib/python3.10/site-packages/turtlebot3_teleop-2.2.9-py3.10.egg-info' (and everything under it)
[1.526s] Copying ../../../build/turtlebot3_teleop/turtlebot3_teleop.egg-info to /home/rosdev/ros2_ws_lab/lab3/install/turtlebot3_teleop/lib/python3.10/site-packages/turtlebot3_teleop-2.2.9-py3.10.egg-info
[1.527s] running install_scripts
[1.556s] Installing teleop_keyboard script to /home/rosdev/ros2_ws_lab/lab3/install/turtlebot3_teleop/lib/turtlebot3_teleop
[1.557s] writing list of installed files to '/home/rosdev/ros2_ws_lab/lab3/build/turtlebot3_teleop/install.log'
[1.585s] Invoked command in '/home/rosdev/ros2_ws_lab/lab3/src/turtlebot3/turtlebot3_teleop' returned '0': PYTHONPATH=/home/rosdev/ros2_ws_lab/lab3/build/turtlebot3_teleop/prefix_override:/usr/lib/python3/dist-packages/colcon_core/task/python/colcon_distutils_commands:/home/rosdev/ros2_ws_lab/lab3/install/turtlebot3_teleop/lib/python3.10/site-packages:${PYTHONPATH} /usr/bin/python3 -W ignore:setup.py install is deprecated -W ignore:easy_install command is deprecated setup.py egg_info --egg-base ../../../build/turtlebot3_teleop build --build-base /home/rosdev/ros2_ws_lab/lab3/build/turtlebot3_teleop/build install --record /home/rosdev/ros2_ws_lab/lab3/build/turtlebot3_teleop/install.log --single-version-externally-managed install_data
