[0.031s] Invoking command in '/home/rosdev/ros2_ws_lab/lab3/build/turtlebot3_cartographer': CMAKE_PREFIX_PATH=${CMAKE_PREFIX_PATH}:/home/rosdev/turtlebot3_ws/install/turtlebot3_teleop:/home/rosdev/turtlebot3_ws/install/turtlebot3_example:/opt/ros/humble /usr/bin/cmake /home/rosdev/ros2_ws_lab/lab3/src/turtlebot3/turtlebot3_cartographer -DAMENT_CMAKE_SYMLINK_INSTALL=1 -DCMAKE_INSTALL_PREFIX=/home/rosdev/ros2_ws_lab/lab3/install/turtlebot3_cartographer
[0.146s] -- The C compiler identification is GNU 11.4.0
[0.263s] -- The CXX compiler identification is GNU 11.4.0
[0.271s] -- Detecting C compiler ABI info
[0.342s] -- Detecting C compiler ABI info - done
[0.351s] -- Check for working C compiler: /usr/bin/cc - skipped
[0.351s] -- Detecting C compile features
[0.351s] -- Detecting C compile features - done
[0.355s] -- Detecting CXX compiler ABI info
[0.453s] -- Detecting CXX compiler ABI info - done
[0.462s] -- Check for working CXX compiler: /usr/bin/c++ - skipped
[0.462s] -- Detecting CXX compile features
[0.463s] -- Detecting CXX compile features - done
[0.466s] -- Found ament_cmake: 1.3.11 (/opt/ros/humble/share/ament_cmake/cmake)
[0.661s] -- Found Python3: /usr/bin/python3 (found version "3.10.12") found components: Interpreter 
[0.739s] -- Override CMake install command with custom implementation using symlinks instead of copying resources
[0.874s] -- Configuring done
[0.878s] -- Generating done
[0.878s] -- Build files have been written to: /home/rosdev/ros2_ws_lab/lab3/build/turtlebot3_cartographer
[0.882s] Invoked command in '/home/rosdev/ros2_ws_lab/lab3/build/turtlebot3_cartographer' returned '0': CMAKE_PREFIX_PATH=${CMAKE_PREFIX_PATH}:/home/rosdev/turtlebot3_ws/install/turtlebot3_teleop:/home/rosdev/turtlebot3_ws/install/turtlebot3_example:/opt/ros/humble /usr/bin/cmake /home/rosdev/ros2_ws_lab/lab3/src/turtlebot3/turtlebot3_cartographer -DAMENT_CMAKE_SYMLINK_INSTALL=1 -DCMAKE_INSTALL_PREFIX=/home/rosdev/ros2_ws_lab/lab3/install/turtlebot3_cartographer
[0.884s] Invoking command in '/home/rosdev/ros2_ws_lab/lab3/build/turtlebot3_cartographer': CMAKE_PREFIX_PATH=${CMAKE_PREFIX_PATH}:/home/rosdev/turtlebot3_ws/install/turtlebot3_teleop:/home/rosdev/turtlebot3_ws/install/turtlebot3_example:/opt/ros/humble /usr/bin/cmake --build /home/rosdev/ros2_ws_lab/lab3/build/turtlebot3_cartographer -- -j12 -l12
[0.928s] Invoked command in '/home/rosdev/ros2_ws_lab/lab3/build/turtlebot3_cartographer' returned '0': CMAKE_PREFIX_PATH=${CMAKE_PREFIX_PATH}:/home/rosdev/turtlebot3_ws/install/turtlebot3_teleop:/home/rosdev/turtlebot3_ws/install/turtlebot3_example:/opt/ros/humble /usr/bin/cmake --build /home/rosdev/ros2_ws_lab/lab3/build/turtlebot3_cartographer -- -j12 -l12
[0.930s] Invoking command in '/home/rosdev/ros2_ws_lab/lab3/build/turtlebot3_cartographer': CMAKE_PREFIX_PATH=${CMAKE_PREFIX_PATH}:/home/rosdev/turtlebot3_ws/install/turtlebot3_teleop:/home/rosdev/turtlebot3_ws/install/turtlebot3_example:/opt/ros/humble /usr/bin/cmake --install /home/rosdev/ros2_ws_lab/lab3/build/turtlebot3_cartographer
[0.938s] -- Install configuration: ""
[0.938s] -- Execute custom install script
[0.939s] -- Symlinking: /home/rosdev/ros2_ws_lab/lab3/install/turtlebot3_cartographer/share/turtlebot3_cartographer/config/turtlebot3_lds_2d.lua
[0.948s] -- Symlinking: /home/rosdev/ros2_ws_lab/lab3/install/turtlebot3_cartographer/share/turtlebot3_cartographer/launch/cartographer.launch.py
[0.957s] -- Symlinking: /home/rosdev/ros2_ws_lab/lab3/install/turtlebot3_cartographer/share/turtlebot3_cartographer/launch/occupancy_grid.launch.py
[0.967s] -- Symlinking: /home/rosdev/ros2_ws_lab/lab3/install/turtlebot3_cartographer/share/turtlebot3_cartographer/rviz/tb3_cartographer.rviz
[0.975s] -- Symlinking: /home/rosdev/ros2_ws_lab/lab3/install/turtlebot3_cartographer/share/ament_index/resource_index/package_run_dependencies/turtlebot3_cartographer
[0.984s] -- Symlinking: /home/rosdev/ros2_ws_lab/lab3/install/turtlebot3_cartographer/share/ament_index/resource_index/parent_prefix_path/turtlebot3_cartographer
[0.993s] -- Symlinking: /home/rosdev/ros2_ws_lab/lab3/install/turtlebot3_cartographer/share/turtlebot3_cartographer/environment/ament_prefix_path.sh
[1.002s] -- Symlinking: /home/rosdev/ros2_ws_lab/lab3/install/turtlebot3_cartographer/share/turtlebot3_cartographer/environment/ament_prefix_path.dsv
[1.012s] -- Symlinking: /home/rosdev/ros2_ws_lab/lab3/install/turtlebot3_cartographer/share/turtlebot3_cartographer/environment/path.sh
[1.022s] -- Symlinking: /home/rosdev/ros2_ws_lab/lab3/install/turtlebot3_cartographer/share/turtlebot3_cartographer/environment/path.dsv
[1.031s] -- Symlinking: /home/rosdev/ros2_ws_lab/lab3/install/turtlebot3_cartographer/share/turtlebot3_cartographer/local_setup.bash
[1.041s] -- Symlinking: /home/rosdev/ros2_ws_lab/lab3/install/turtlebot3_cartographer/share/turtlebot3_cartographer/local_setup.sh
[1.053s] -- Symlinking: /home/rosdev/ros2_ws_lab/lab3/install/turtlebot3_cartographer/share/turtlebot3_cartographer/local_setup.zsh
[1.063s] -- Symlinking: /home/rosdev/ros2_ws_lab/lab3/install/turtlebot3_cartographer/share/turtlebot3_cartographer/local_setup.dsv
[1.073s] -- Symlinking: /home/rosdev/ros2_ws_lab/lab3/install/turtlebot3_cartographer/share/turtlebot3_cartographer/package.dsv
[1.082s] -- Symlinking: /home/rosdev/ros2_ws_lab/lab3/install/turtlebot3_cartographer/share/ament_index/resource_index/packages/turtlebot3_cartographer
[1.093s] -- Symlinking: /home/rosdev/ros2_ws_lab/lab3/install/turtlebot3_cartographer/share/turtlebot3_cartographer/cmake/turtlebot3_cartographerConfig.cmake
[1.100s] -- Symlinking: /home/rosdev/ros2_ws_lab/lab3/install/turtlebot3_cartographer/share/turtlebot3_cartographer/cmake/turtlebot3_cartographerConfig-version.cmake
[1.109s] -- Symlinking: /home/rosdev/ros2_ws_lab/lab3/install/turtlebot3_cartographer/share/turtlebot3_cartographer/package.xml
[1.122s] Invoked command in '/home/rosdev/ros2_ws_lab/lab3/build/turtlebot3_cartographer' returned '0': CMAKE_PREFIX_PATH=${CMAKE_PREFIX_PATH}:/home/rosdev/turtlebot3_ws/install/turtlebot3_teleop:/home/rosdev/turtlebot3_ws/install/turtlebot3_example:/opt/ros/humble /usr/bin/cmake --install /home/rosdev/ros2_ws_lab/lab3/build/turtlebot3_cartographer
