running develop
running egg_info
creating turtlebot3_teleop.egg-info
writing turtlebot3_teleop.egg-info/PKG-INFO
writing dependency_links to turtlebot3_teleop.egg-info/dependency_links.txt
writing entry points to turtlebot3_teleop.egg-info/entry_points.txt
writing requirements to turtlebot3_teleop.egg-info/requires.txt
writing top-level names to turtlebot3_teleop.egg-info/top_level.txt
writing manifest file 'turtlebot3_teleop.egg-info/SOURCES.txt'
reading manifest file 'turtlebot3_teleop.egg-info/SOURCES.txt'
writing manifest file 'turtlebot3_teleop.egg-info/SOURCES.txt'
running build_ext
Creating /home/rosdev/ros2_ws_lab/lab3/install/turtlebot3_teleop/lib/python3.10/site-packages/turtlebot3-teleop.egg-link (link to .)
Installing teleop_keyboard script to /home/rosdev/ros2_ws_lab/lab3/install/turtlebot3_teleop/lib/turtlebot3_teleop

Installed /home/rosdev/ros2_ws_lab/lab3/build/turtlebot3_teleop
running symlink_data
creating /home/rosdev/ros2_ws_lab/lab3/install/turtlebot3_teleop/share/ament_index
creating /home/rosdev/ros2_ws_lab/lab3/install/turtlebot3_teleop/share/ament_index/resource_index
creating /home/rosdev/ros2_ws_lab/lab3/install/turtlebot3_teleop/share/ament_index/resource_index/packages
symbolically linking /home/rosdev/ros2_ws_lab/lab3/build/turtlebot3_teleop/resource/turtlebot3_teleop -> /home/rosdev/ros2_ws_lab/lab3/install/turtlebot3_teleop/share/ament_index/resource_index/packages
symbolically linking /home/rosdev/ros2_ws_lab/lab3/build/turtlebot3_teleop/package.xml -> /home/rosdev/ros2_ws_lab/lab3/install/turtlebot3_teleop/share/turtlebot3_teleop
