[0.868s] Invoking command in '/home/rosdev/ros2_ws_lab/lab3/build/turtlebot3_teleop': PYTHONPATH=/home/rosdev/ros2_ws_lab/lab3/build/turtlebot3_teleop/prefix_override:/usr/lib/python3/dist-packages/colcon_core/task/python/colcon_distutils_commands:/home/rosdev/ros2_ws_lab/lab3/install/turtlebot3_teleop/lib/python3.10/site-packages:${PYTHONPATH} /usr/bin/python3 -W ignore:setup.py install is deprecated -W ignore:easy_install command is deprecated setup.py develop --editable --build-directory /home/rosdev/ros2_ws_lab/lab3/build/turtlebot3_teleop/build --no-deps symlink_data
[1.282s] running develop
[1.733s] running egg_info
[1.733s] creating turtlebot3_teleop.egg-info
[1.733s] writing turtlebot3_teleop.egg-info/PKG-INFO
[1.733s] writing dependency_links to turtlebot3_teleop.egg-info/dependency_links.txt
[1.734s] writing entry points to turtlebot3_teleop.egg-info/entry_points.txt
[1.734s] writing requirements to turtlebot3_teleop.egg-info/requires.txt
[1.734s] writing top-level names to turtlebot3_teleop.egg-info/top_level.txt
[1.734s] writing manifest file 'turtlebot3_teleop.egg-info/SOURCES.txt'
[1.737s] reading manifest file 'turtlebot3_teleop.egg-info/SOURCES.txt'
[1.739s] writing manifest file 'turtlebot3_teleop.egg-info/SOURCES.txt'
[1.741s] running build_ext
[1.742s] Creating /home/rosdev/ros2_ws_lab/lab3/install/turtlebot3_teleop/lib/python3.10/site-packages/turtlebot3-teleop.egg-link (link to .)
[1.743s] Installing teleop_keyboard script to /home/rosdev/ros2_ws_lab/lab3/install/turtlebot3_teleop/lib/turtlebot3_teleop
[1.743s] 
[1.744s] Installed /home/rosdev/ros2_ws_lab/lab3/build/turtlebot3_teleop
[1.744s] running symlink_data
[1.744s] creating /home/rosdev/ros2_ws_lab/lab3/install/turtlebot3_teleop/share/ament_index
[1.744s] creating /home/rosdev/ros2_ws_lab/lab3/install/turtlebot3_teleop/share/ament_index/resource_index
[1.744s] creating /home/rosdev/ros2_ws_lab/lab3/install/turtlebot3_teleop/share/ament_index/resource_index/packages
[1.745s] symbolically linking /home/rosdev/ros2_ws_lab/lab3/build/turtlebot3_teleop/resource/turtlebot3_teleop -> /home/rosdev/ros2_ws_lab/lab3/install/turtlebot3_teleop/share/ament_index/resource_index/packages
[1.745s] symbolically linking /home/rosdev/ros2_ws_lab/lab3/build/turtlebot3_teleop/package.xml -> /home/rosdev/ros2_ws_lab/lab3/install/turtlebot3_teleop/share/turtlebot3_teleop
[1.792s] Invoked command in '/home/rosdev/ros2_ws_lab/lab3/build/turtlebot3_teleop' returned '0': PYTHONPATH=/home/rosdev/ros2_ws_lab/lab3/build/turtlebot3_teleop/prefix_override:/usr/lib/python3/dist-packages/colcon_core/task/python/colcon_distutils_commands:/home/rosdev/ros2_ws_lab/lab3/install/turtlebot3_teleop/lib/python3.10/site-packages:${PYTHONPATH} /usr/bin/python3 -W ignore:setup.py install is deprecated -W ignore:easy_install command is deprecated setup.py develop --editable --build-directory /home/rosdev/ros2_ws_lab/lab3/build/turtlebot3_teleop/build --no-deps symlink_data
