[0.151s] DEBUG:colcon:Command line arguments: ['/usr/bin/colcon', 'build']
[0.151s] DEBUG:colcon:Parsed command line arguments: Namespace(log_base=None, log_level=None, verb_name='build', build_base='build', install_base='install', merge_install=False, symlink_install=False, test_result_base=None, continue_on_error=False, executor='parallel', parallel_workers=12, event_handlers=None, ignore_user_meta=False, metas=['./colcon.meta'], base_paths=['.'], packages_ignore=None, packages_ignore_regex=None, paths=None, packages_up_to=None, packages_up_to_regex=None, packages_above=None, packages_above_and_dependencies=None, packages_above_depth=None, packages_select_by_dep=None, packages_skip_by_dep=None, packages_skip_up_to=None, packages_select_build_failed=False, packages_skip_build_finished=False, packages_select_test_failures=False, packages_skip_test_passed=False, packages_select=None, packages_skip=None, packages_select_regex=None, packages_skip_regex=None, packages_start=None, packages_end=None, allow_overriding=[], cmake_args=None, cmake_target=None, cmake_target_skip_unavailable=False, cmake_clean_cache=False, cmake_clean_first=False, cmake_force_configure=False, ament_cmake_args=None, catkin_cmake_args=None, catkin_skip_building_tests=False, verb_parser=<colcon_defaults.argument_parser.defaults.DefaultArgumentsDecorator object at 0x7aa7f0358040>, verb_extension=<colcon_core.verb.build.BuildVerb object at 0x7aa7f0569750>, main=<bound method BuildVerb.main of <colcon_core.verb.build.BuildVerb object at 0x7aa7f0569750>>)
[0.375s] Level 1:colcon.colcon_core.package_discovery:discover_packages(colcon_meta) check parameters
[0.375s] Level 1:colcon.colcon_core.package_discovery:discover_packages(recursive) check parameters
[0.375s] Level 1:colcon.colcon_core.package_discovery:discover_packages(ignore) check parameters
[0.375s] Level 1:colcon.colcon_core.package_discovery:discover_packages(path) check parameters
[0.375s] Level 1:colcon.colcon_core.package_discovery:discover_packages(colcon_meta) discover
[0.375s] Level 1:colcon.colcon_core.package_discovery:discover_packages(recursive) discover
[0.375s] INFO:colcon.colcon_core.package_discovery:Crawling recursively for packages in '/home/rosdev/ros2_ws_lab/lab2'
[0.375s] Level 1:colcon.colcon_core.package_identification:_identify(.) by extensions ['ignore', 'ignore_ament_install']
[0.375s] Level 1:colcon.colcon_core.package_identification:_identify(.) by extension 'ignore'
[0.375s] Level 1:colcon.colcon_core.package_identification:_identify(.) by extension 'ignore_ament_install'
[0.375s] Level 1:colcon.colcon_core.package_identification:_identify(.) by extensions ['colcon_pkg']
[0.375s] Level 1:colcon.colcon_core.package_identification:_identify(.) by extension 'colcon_pkg'
[0.376s] Level 1:colcon.colcon_core.package_identification:_identify(.) by extensions ['colcon_meta']
[0.376s] Level 1:colcon.colcon_core.package_identification:_identify(.) by extension 'colcon_meta'
[0.376s] Level 1:colcon.colcon_core.package_identification:_identify(.) by extensions ['ros']
[0.376s] Level 1:colcon.colcon_core.package_identification:_identify(.) by extension 'ros'
[0.397s] Level 1:colcon.colcon_core.package_identification:_identify(.) by extensions ['cmake', 'python']
[0.397s] Level 1:colcon.colcon_core.package_identification:_identify(.) by extension 'cmake'
[0.397s] Level 1:colcon.colcon_core.package_identification:_identify(.) by extension 'python'
[0.397s] Level 1:colcon.colcon_core.package_identification:_identify(.) by extensions ['python_setup_py']
[0.397s] Level 1:colcon.colcon_core.package_identification:_identify(.) by extension 'python_setup_py'
[0.397s] Level 1:colcon.colcon_core.package_identification:_identify(build) by extensions ['ignore', 'ignore_ament_install']
[0.397s] Level 1:colcon.colcon_core.package_identification:_identify(build) by extension 'ignore'
[0.397s] Level 1:colcon.colcon_core.package_identification:_identify(build) ignored
[0.397s] Level 1:colcon.colcon_core.package_identification:_identify(install) by extensions ['ignore', 'ignore_ament_install']
[0.397s] Level 1:colcon.colcon_core.package_identification:_identify(install) by extension 'ignore'
[0.397s] Level 1:colcon.colcon_core.package_identification:_identify(install) ignored
[0.398s] Level 1:colcon.colcon_core.package_identification:_identify(log) by extensions ['ignore', 'ignore_ament_install']
[0.398s] Level 1:colcon.colcon_core.package_identification:_identify(log) by extension 'ignore'
[0.398s] Level 1:colcon.colcon_core.package_identification:_identify(log) ignored
[0.398s] Level 1:colcon.colcon_core.package_identification:_identify(src) by extensions ['ignore', 'ignore_ament_install']
[0.398s] Level 1:colcon.colcon_core.package_identification:_identify(src) by extension 'ignore'
[0.398s] Level 1:colcon.colcon_core.package_identification:_identify(src) by extension 'ignore_ament_install'
[0.398s] Level 1:colcon.colcon_core.package_identification:_identify(src) by extensions ['colcon_pkg']
[0.398s] Level 1:colcon.colcon_core.package_identification:_identify(src) by extension 'colcon_pkg'
[0.398s] Level 1:colcon.colcon_core.package_identification:_identify(src) by extensions ['colcon_meta']
[0.398s] Level 1:colcon.colcon_core.package_identification:_identify(src) by extension 'colcon_meta'
[0.398s] Level 1:colcon.colcon_core.package_identification:_identify(src) by extensions ['ros']
[0.398s] Level 1:colcon.colcon_core.package_identification:_identify(src) by extension 'ros'
[0.398s] Level 1:colcon.colcon_core.package_identification:_identify(src) by extensions ['cmake', 'python']
[0.398s] Level 1:colcon.colcon_core.package_identification:_identify(src) by extension 'cmake'
[0.399s] Level 1:colcon.colcon_core.package_identification:_identify(src) by extension 'python'
[0.399s] Level 1:colcon.colcon_core.package_identification:_identify(src) by extensions ['python_setup_py']
[0.399s] Level 1:colcon.colcon_core.package_identification:_identify(src) by extension 'python_setup_py'
[0.399s] Level 1:colcon.colcon_core.package_identification:_identify(src/bringup) by extensions ['ignore', 'ignore_ament_install']
[0.399s] Level 1:colcon.colcon_core.package_identification:_identify(src/bringup) by extension 'ignore'
[0.399s] Level 1:colcon.colcon_core.package_identification:_identify(src/bringup) by extension 'ignore_ament_install'
[0.399s] Level 1:colcon.colcon_core.package_identification:_identify(src/bringup) by extensions ['colcon_pkg']
[0.399s] Level 1:colcon.colcon_core.package_identification:_identify(src/bringup) by extension 'colcon_pkg'
[0.399s] Level 1:colcon.colcon_core.package_identification:_identify(src/bringup) by extensions ['colcon_meta']
[0.399s] Level 1:colcon.colcon_core.package_identification:_identify(src/bringup) by extension 'colcon_meta'
[0.399s] Level 1:colcon.colcon_core.package_identification:_identify(src/bringup) by extensions ['ros']
[0.399s] Level 1:colcon.colcon_core.package_identification:_identify(src/bringup) by extension 'ros'
[0.403s] DEBUG:colcon.colcon_core.package_identification:Package 'src/bringup' with type 'ros.ament_cmake' and name 'bringup'
[0.403s] Level 1:colcon.colcon_core.package_identification:_identify(src/obstacle_detection) by extensions ['ignore', 'ignore_ament_install']
[0.403s] Level 1:colcon.colcon_core.package_identification:_identify(src/obstacle_detection) by extension 'ignore'
[0.403s] Level 1:colcon.colcon_core.package_identification:_identify(src/obstacle_detection) by extension 'ignore_ament_install'
[0.403s] Level 1:colcon.colcon_core.package_identification:_identify(src/obstacle_detection) by extensions ['colcon_pkg']
[0.403s] Level 1:colcon.colcon_core.package_identification:_identify(src/obstacle_detection) by extension 'colcon_pkg'
[0.403s] Level 1:colcon.colcon_core.package_identification:_identify(src/obstacle_detection) by extensions ['colcon_meta']
[0.403s] Level 1:colcon.colcon_core.package_identification:_identify(src/obstacle_detection) by extension 'colcon_meta'
[0.403s] Level 1:colcon.colcon_core.package_identification:_identify(src/obstacle_detection) by extensions ['ros']
[0.403s] Level 1:colcon.colcon_core.package_identification:_identify(src/obstacle_detection) by extension 'ros'
[0.405s] DEBUG:colcon.colcon_core.package_identification:Package 'src/obstacle_detection' with type 'ros.ament_cmake' and name 'obstacle_detection'
[0.405s] Level 1:colcon.colcon_core.package_discovery:discover_packages(recursive) using defaults
[0.405s] Level 1:colcon.colcon_core.package_discovery:discover_packages(ignore) discover
[0.405s] Level 1:colcon.colcon_core.package_discovery:discover_packages(ignore) using defaults
[0.405s] Level 1:colcon.colcon_core.package_discovery:discover_packages(path) discover
[0.405s] Level 1:colcon.colcon_core.package_discovery:discover_packages(path) using defaults
[0.426s] Level 1:colcon.colcon_core.package_discovery:discover_packages(prefix_path) check parameters
[0.426s] Level 1:colcon.colcon_core.package_discovery:discover_packages(prefix_path) discover
[0.428s] DEBUG:colcon.colcon_installed_package_information.package_discovery:Found 2 installed packages in /home/rosdev/ros2_ws_lab/lab2/install
[0.430s] DEBUG:colcon.colcon_installed_package_information.package_discovery:Found 337 installed packages in /opt/ros/humble
[0.433s] Level 1:colcon.colcon_core.package_discovery:discover_packages(prefix_path) using defaults
[0.493s] Level 5:colcon.colcon_core.verb:set package 'bringup' build argument 'cmake_args' from command line to 'None'
[0.493s] Level 5:colcon.colcon_core.verb:set package 'bringup' build argument 'cmake_target' from command line to 'None'
[0.493s] Level 5:colcon.colcon_core.verb:set package 'bringup' build argument 'cmake_target_skip_unavailable' from command line to 'False'
[0.493s] Level 5:colcon.colcon_core.verb:set package 'bringup' build argument 'cmake_clean_cache' from command line to 'False'
[0.494s] Level 5:colcon.colcon_core.verb:set package 'bringup' build argument 'cmake_clean_first' from command line to 'False'
[0.494s] Level 5:colcon.colcon_core.verb:set package 'bringup' build argument 'cmake_force_configure' from command line to 'False'
[0.494s] Level 5:colcon.colcon_core.verb:set package 'bringup' build argument 'ament_cmake_args' from command line to 'None'
[0.494s] Level 5:colcon.colcon_core.verb:set package 'bringup' build argument 'catkin_cmake_args' from command line to 'None'
[0.494s] Level 5:colcon.colcon_core.verb:set package 'bringup' build argument 'catkin_skip_building_tests' from command line to 'False'
[0.494s] DEBUG:colcon.colcon_core.verb:Building package 'bringup' with the following arguments: {'ament_cmake_args': None, 'build_base': '/home/rosdev/ros2_ws_lab/lab2/build/bringup', 'catkin_cmake_args': None, 'catkin_skip_building_tests': False, 'cmake_args': None, 'cmake_clean_cache': False, 'cmake_clean_first': False, 'cmake_force_configure': False, 'cmake_target': None, 'cmake_target_skip_unavailable': False, 'install_base': '/home/rosdev/ros2_ws_lab/lab2/install/bringup', 'merge_install': False, 'path': '/home/rosdev/ros2_ws_lab/lab2/src/bringup', 'symlink_install': False, 'test_result_base': None}
[0.494s] Level 5:colcon.colcon_core.verb:set package 'obstacle_detection' build argument 'cmake_args' from command line to 'None'
[0.494s] Level 5:colcon.colcon_core.verb:set package 'obstacle_detection' build argument 'cmake_target' from command line to 'None'
[0.494s] Level 5:colcon.colcon_core.verb:set package 'obstacle_detection' build argument 'cmake_target_skip_unavailable' from command line to 'False'
[0.494s] Level 5:colcon.colcon_core.verb:set package 'obstacle_detection' build argument 'cmake_clean_cache' from command line to 'False'
[0.494s] Level 5:colcon.colcon_core.verb:set package 'obstacle_detection' build argument 'cmake_clean_first' from command line to 'False'
[0.494s] Level 5:colcon.colcon_core.verb:set package 'obstacle_detection' build argument 'cmake_force_configure' from command line to 'False'
[0.494s] Level 5:colcon.colcon_core.verb:set package 'obstacle_detection' build argument 'ament_cmake_args' from command line to 'None'
[0.494s] Level 5:colcon.colcon_core.verb:set package 'obstacle_detection' build argument 'catkin_cmake_args' from command line to 'None'
[0.495s] Level 5:colcon.colcon_core.verb:set package 'obstacle_detection' build argument 'catkin_skip_building_tests' from command line to 'False'
[0.495s] DEBUG:colcon.colcon_core.verb:Building package 'obstacle_detection' with the following arguments: {'ament_cmake_args': None, 'build_base': '/home/rosdev/ros2_ws_lab/lab2/build/obstacle_detection', 'catkin_cmake_args': None, 'catkin_skip_building_tests': False, 'cmake_args': None, 'cmake_clean_cache': False, 'cmake_clean_first': False, 'cmake_force_configure': False, 'cmake_target': None, 'cmake_target_skip_unavailable': False, 'install_base': '/home/rosdev/ros2_ws_lab/lab2/install/obstacle_detection', 'merge_install': False, 'path': '/home/rosdev/ros2_ws_lab/lab2/src/obstacle_detection', 'symlink_install': False, 'test_result_base': None}
[0.495s] INFO:colcon.colcon_core.executor:Executing jobs using 'parallel' executor
[0.496s] DEBUG:colcon.colcon_parallel_executor.executor.parallel:run_until_complete
[0.496s] INFO:colcon.colcon_ros.task.ament_cmake.build:Building ROS package in '/home/rosdev/ros2_ws_lab/lab2/src/bringup' with build type 'ament_cmake'
[0.496s] INFO:colcon.colcon_cmake.task.cmake.build:Building CMake package in '/home/rosdev/ros2_ws_lab/lab2/src/bringup'
[0.499s] INFO:colcon.colcon_core.plugin_system:Skipping extension 'colcon_core.shell.bat': Not used on non-Windows systems
[0.499s] INFO:colcon.colcon_core.shell:Skip shell extension 'powershell' for command environment: Not usable outside of PowerShell
[0.499s] DEBUG:colcon.colcon_core.shell:Skip shell extension 'dsv' for command environment
[0.503s] INFO:colcon.colcon_ros.task.ament_cmake.build:Building ROS package in '/home/rosdev/ros2_ws_lab/lab2/src/obstacle_detection' with build type 'ament_cmake'
[0.503s] INFO:colcon.colcon_cmake.task.cmake.build:Building CMake package in '/home/rosdev/ros2_ws_lab/lab2/src/obstacle_detection'
[0.504s] INFO:colcon.colcon_core.shell:Skip shell extension 'powershell' for command environment: Not usable outside of PowerShell
[0.504s] DEBUG:colcon.colcon_core.shell:Skip shell extension 'dsv' for command environment
[0.514s] DEBUG:colcon.colcon_core.event_handler.log_command:Invoking command in '/home/rosdev/ros2_ws_lab/lab2/build/bringup': CMAKE_PREFIX_PATH=${CMAKE_PREFIX_PATH}:/opt/ros/humble /usr/bin/cmake --build /home/rosdev/ros2_ws_lab/lab2/build/bringup -- -j12 -l12
[0.518s] DEBUG:colcon.colcon_core.event_handler.log_command:Invoking command in '/home/rosdev/ros2_ws_lab/lab2/build/obstacle_detection': CMAKE_PREFIX_PATH=${CMAKE_PREFIX_PATH}:/opt/ros/humble /usr/bin/cmake --build /home/rosdev/ros2_ws_lab/lab2/build/obstacle_detection -- -j12 -l12
[0.554s] DEBUG:colcon.colcon_core.event_handler.log_command:Invoked command in '/home/rosdev/ros2_ws_lab/lab2/build/bringup' returned '0': CMAKE_PREFIX_PATH=${CMAKE_PREFIX_PATH}:/opt/ros/humble /usr/bin/cmake --build /home/rosdev/ros2_ws_lab/lab2/build/bringup -- -j12 -l12
[0.565s] DEBUG:colcon.colcon_core.event_handler.log_command:Invoking command in '/home/rosdev/ros2_ws_lab/lab2/build/bringup': CMAKE_PREFIX_PATH=${CMAKE_PREFIX_PATH}:/opt/ros/humble /usr/bin/cmake --install /home/rosdev/ros2_ws_lab/lab2/build/bringup
[0.576s] Level 1:colcon.colcon_core.environment:create_environment_scripts_only(bringup)
[0.580s] DEBUG:colcon.colcon_core.event_handler.log_command:Invoked command in '/home/rosdev/ros2_ws_lab/lab2/build/bringup' returned '0': CMAKE_PREFIX_PATH=${CMAKE_PREFIX_PATH}:/opt/ros/humble /usr/bin/cmake --install /home/rosdev/ros2_ws_lab/lab2/build/bringup
[0.582s] Level 1:colcon.colcon_core.environment:checking '/home/rosdev/ros2_ws_lab/lab2/install/bringup' for CMake module files
[0.583s] Level 1:colcon.colcon_core.environment:checking '/home/rosdev/ros2_ws_lab/lab2/install/bringup' for CMake config files
[0.584s] Level 1:colcon.colcon_core.shell:create_environment_hook('bringup', 'cmake_prefix_path')
[0.584s] INFO:colcon.colcon_core.shell:Creating environment hook '/home/rosdev/ros2_ws_lab/lab2/install/bringup/share/bringup/hook/cmake_prefix_path.ps1'
[0.585s] INFO:colcon.colcon_core.shell:Creating environment descriptor '/home/rosdev/ros2_ws_lab/lab2/install/bringup/share/bringup/hook/cmake_prefix_path.dsv'
[0.585s] INFO:colcon.colcon_core.shell:Creating environment hook '/home/rosdev/ros2_ws_lab/lab2/install/bringup/share/bringup/hook/cmake_prefix_path.sh'
[0.586s] Level 1:colcon.colcon_core.environment:checking '/home/rosdev/ros2_ws_lab/lab2/install/bringup/bin'
[0.586s] Level 1:colcon.colcon_core.environment:checking '/home/rosdev/ros2_ws_lab/lab2/install/bringup/lib/pkgconfig/bringup.pc'
[0.586s] Level 1:colcon.colcon_core.environment:checking '/home/rosdev/ros2_ws_lab/lab2/install/bringup/lib/python3.10/site-packages'
[0.587s] Level 1:colcon.colcon_core.environment:checking '/home/rosdev/ros2_ws_lab/lab2/install/bringup/bin'
[0.587s] INFO:colcon.colcon_core.shell:Creating package script '/home/rosdev/ros2_ws_lab/lab2/install/bringup/share/bringup/package.ps1'
[0.588s] INFO:colcon.colcon_core.shell:Creating package descriptor '/home/rosdev/ros2_ws_lab/lab2/install/bringup/share/bringup/package.dsv'
[0.588s] INFO:colcon.colcon_core.shell:Creating package script '/home/rosdev/ros2_ws_lab/lab2/install/bringup/share/bringup/package.sh'
[0.589s] INFO:colcon.colcon_core.shell:Creating package script '/home/rosdev/ros2_ws_lab/lab2/install/bringup/share/bringup/package.bash'
[0.590s] INFO:colcon.colcon_core.shell:Creating package script '/home/rosdev/ros2_ws_lab/lab2/install/bringup/share/bringup/package.zsh'
[0.591s] Level 1:colcon.colcon_core.environment:create_file_with_runtime_dependencies(/home/rosdev/ros2_ws_lab/lab2/install/bringup/share/colcon-core/packages/bringup)
[0.591s] Level 1:colcon.colcon_core.environment:create_environment_scripts_only(bringup)
[0.592s] Level 1:colcon.colcon_core.environment:checking '/home/rosdev/ros2_ws_lab/lab2/install/bringup' for CMake module files
[0.592s] Level 1:colcon.colcon_core.environment:checking '/home/rosdev/ros2_ws_lab/lab2/install/bringup' for CMake config files
[0.593s] Level 1:colcon.colcon_core.shell:create_environment_hook('bringup', 'cmake_prefix_path')
[0.593s] INFO:colcon.colcon_core.shell:Creating environment hook '/home/rosdev/ros2_ws_lab/lab2/install/bringup/share/bringup/hook/cmake_prefix_path.ps1'
[0.593s] INFO:colcon.colcon_core.shell:Creating environment descriptor '/home/rosdev/ros2_ws_lab/lab2/install/bringup/share/bringup/hook/cmake_prefix_path.dsv'
[0.594s] INFO:colcon.colcon_core.shell:Creating environment hook '/home/rosdev/ros2_ws_lab/lab2/install/bringup/share/bringup/hook/cmake_prefix_path.sh'
[0.594s] Level 1:colcon.colcon_core.environment:checking '/home/rosdev/ros2_ws_lab/lab2/install/bringup/bin'
[0.594s] Level 1:colcon.colcon_core.environment:checking '/home/rosdev/ros2_ws_lab/lab2/install/bringup/lib/pkgconfig/bringup.pc'
[0.595s] Level 1:colcon.colcon_core.environment:checking '/home/rosdev/ros2_ws_lab/lab2/install/bringup/lib/python3.10/site-packages'
[0.595s] Level 1:colcon.colcon_core.environment:checking '/home/rosdev/ros2_ws_lab/lab2/install/bringup/bin'
[0.595s] INFO:colcon.colcon_core.shell:Creating package script '/home/rosdev/ros2_ws_lab/lab2/install/bringup/share/bringup/package.ps1'
[0.596s] INFO:colcon.colcon_core.shell:Creating package descriptor '/home/rosdev/ros2_ws_lab/lab2/install/bringup/share/bringup/package.dsv'
[0.597s] INFO:colcon.colcon_core.shell:Creating package script '/home/rosdev/ros2_ws_lab/lab2/install/bringup/share/bringup/package.sh'
[0.597s] INFO:colcon.colcon_core.shell:Creating package script '/home/rosdev/ros2_ws_lab/lab2/install/bringup/share/bringup/package.bash'
[0.598s] INFO:colcon.colcon_core.shell:Creating package script '/home/rosdev/ros2_ws_lab/lab2/install/bringup/share/bringup/package.zsh'
[0.598s] Level 1:colcon.colcon_core.environment:create_file_with_runtime_dependencies(/home/rosdev/ros2_ws_lab/lab2/install/bringup/share/colcon-core/packages/bringup)
[0.933s] DEBUG:colcon.colcon_core.event_handler.log_command:Invoked command in '/home/rosdev/ros2_ws_lab/lab2/build/obstacle_detection' returned '0': CMAKE_PREFIX_PATH=${CMAKE_PREFIX_PATH}:/opt/ros/humble /usr/bin/cmake --build /home/rosdev/ros2_ws_lab/lab2/build/obstacle_detection -- -j12 -l12
[0.934s] DEBUG:colcon.colcon_core.event_handler.log_command:Invoking command in '/home/rosdev/ros2_ws_lab/lab2/build/obstacle_detection': CMAKE_PREFIX_PATH=${CMAKE_PREFIX_PATH}:/opt/ros/humble /usr/bin/cmake --install /home/rosdev/ros2_ws_lab/lab2/build/obstacle_detection
[0.985s] Level 1:colcon.colcon_core.environment:create_environment_scripts_only(obstacle_detection)
[0.985s] Level 1:colcon.colcon_core.environment:checking '/home/rosdev/ros2_ws_lab/lab2/install/obstacle_detection' for CMake module files
[0.986s] DEBUG:colcon.colcon_core.event_handler.log_command:Invoked command in '/home/rosdev/ros2_ws_lab/lab2/build/obstacle_detection' returned '0': CMAKE_PREFIX_PATH=${CMAKE_PREFIX_PATH}:/opt/ros/humble /usr/bin/cmake --install /home/rosdev/ros2_ws_lab/lab2/build/obstacle_detection
[0.986s] Level 1:colcon.colcon_core.environment:checking '/home/rosdev/ros2_ws_lab/lab2/install/obstacle_detection' for CMake config files
[0.986s] Level 1:colcon.colcon_core.shell:create_environment_hook('obstacle_detection', 'cmake_prefix_path')
[0.987s] INFO:colcon.colcon_core.shell:Creating environment hook '/home/rosdev/ros2_ws_lab/lab2/install/obstacle_detection/share/obstacle_detection/hook/cmake_prefix_path.ps1'
[0.987s] INFO:colcon.colcon_core.shell:Creating environment descriptor '/home/rosdev/ros2_ws_lab/lab2/install/obstacle_detection/share/obstacle_detection/hook/cmake_prefix_path.dsv'
[0.988s] INFO:colcon.colcon_core.shell:Creating environment hook '/home/rosdev/ros2_ws_lab/lab2/install/obstacle_detection/share/obstacle_detection/hook/cmake_prefix_path.sh'
[0.988s] Level 1:colcon.colcon_core.environment:checking '/home/rosdev/ros2_ws_lab/lab2/install/obstacle_detection/lib'
[0.988s] Level 1:colcon.colcon_core.environment:checking '/home/rosdev/ros2_ws_lab/lab2/install/obstacle_detection/bin'
[0.989s] Level 1:colcon.colcon_core.environment:checking '/home/rosdev/ros2_ws_lab/lab2/install/obstacle_detection/lib/pkgconfig/obstacle_detection.pc'
[0.989s] Level 1:colcon.colcon_core.environment:checking '/home/rosdev/ros2_ws_lab/lab2/install/obstacle_detection/lib/python3.10/site-packages'
[0.989s] Level 1:colcon.colcon_core.environment:checking '/home/rosdev/ros2_ws_lab/lab2/install/obstacle_detection/bin'
[0.989s] INFO:colcon.colcon_core.shell:Creating package script '/home/rosdev/ros2_ws_lab/lab2/install/obstacle_detection/share/obstacle_detection/package.ps1'
[0.990s] INFO:colcon.colcon_core.shell:Creating package descriptor '/home/rosdev/ros2_ws_lab/lab2/install/obstacle_detection/share/obstacle_detection/package.dsv'
[0.990s] INFO:colcon.colcon_core.shell:Creating package script '/home/rosdev/ros2_ws_lab/lab2/install/obstacle_detection/share/obstacle_detection/package.sh'
[0.991s] INFO:colcon.colcon_core.shell:Creating package script '/home/rosdev/ros2_ws_lab/lab2/install/obstacle_detection/share/obstacle_detection/package.bash'
[0.991s] INFO:colcon.colcon_core.shell:Creating package script '/home/rosdev/ros2_ws_lab/lab2/install/obstacle_detection/share/obstacle_detection/package.zsh'
[0.992s] Level 1:colcon.colcon_core.environment:create_file_with_runtime_dependencies(/home/rosdev/ros2_ws_lab/lab2/install/obstacle_detection/share/colcon-core/packages/obstacle_detection)
[0.992s] Level 1:colcon.colcon_core.environment:create_environment_scripts_only(obstacle_detection)
[0.992s] Level 1:colcon.colcon_core.environment:checking '/home/rosdev/ros2_ws_lab/lab2/install/obstacle_detection' for CMake module files
[0.993s] Level 1:colcon.colcon_core.environment:checking '/home/rosdev/ros2_ws_lab/lab2/install/obstacle_detection' for CMake config files
[0.993s] Level 1:colcon.colcon_core.shell:create_environment_hook('obstacle_detection', 'cmake_prefix_path')
[0.994s] INFO:colcon.colcon_core.shell:Creating environment hook '/home/rosdev/ros2_ws_lab/lab2/install/obstacle_detection/share/obstacle_detection/hook/cmake_prefix_path.ps1'
[0.994s] INFO:colcon.colcon_core.shell:Creating environment descriptor '/home/rosdev/ros2_ws_lab/lab2/install/obstacle_detection/share/obstacle_detection/hook/cmake_prefix_path.dsv'
[0.994s] INFO:colcon.colcon_core.shell:Creating environment hook '/home/rosdev/ros2_ws_lab/lab2/install/obstacle_detection/share/obstacle_detection/hook/cmake_prefix_path.sh'
[0.995s] Level 1:colcon.colcon_core.environment:checking '/home/rosdev/ros2_ws_lab/lab2/install/obstacle_detection/lib'
[0.995s] Level 1:colcon.colcon_core.environment:checking '/home/rosdev/ros2_ws_lab/lab2/install/obstacle_detection/bin'
[0.995s] Level 1:colcon.colcon_core.environment:checking '/home/rosdev/ros2_ws_lab/lab2/install/obstacle_detection/lib/pkgconfig/obstacle_detection.pc'
[0.995s] Level 1:colcon.colcon_core.environment:checking '/home/rosdev/ros2_ws_lab/lab2/install/obstacle_detection/lib/python3.10/site-packages'
[0.996s] Level 1:colcon.colcon_core.environment:checking '/home/rosdev/ros2_ws_lab/lab2/install/obstacle_detection/bin'
[0.996s] INFO:colcon.colcon_core.shell:Creating package script '/home/rosdev/ros2_ws_lab/lab2/install/obstacle_detection/share/obstacle_detection/package.ps1'
[0.997s] INFO:colcon.colcon_core.shell:Creating package descriptor '/home/rosdev/ros2_ws_lab/lab2/install/obstacle_detection/share/obstacle_detection/package.dsv'
[0.997s] INFO:colcon.colcon_core.shell:Creating package script '/home/rosdev/ros2_ws_lab/lab2/install/obstacle_detection/share/obstacle_detection/package.sh'
[0.998s] INFO:colcon.colcon_core.shell:Creating package script '/home/rosdev/ros2_ws_lab/lab2/install/obstacle_detection/share/obstacle_detection/package.bash'
[0.998s] INFO:colcon.colcon_core.shell:Creating package script '/home/rosdev/ros2_ws_lab/lab2/install/obstacle_detection/share/obstacle_detection/package.zsh'
[0.999s] Level 1:colcon.colcon_core.environment:create_file_with_runtime_dependencies(/home/rosdev/ros2_ws_lab/lab2/install/obstacle_detection/share/colcon-core/packages/obstacle_detection)
[0.999s] DEBUG:colcon.colcon_parallel_executor.executor.parallel:closing loop
[0.999s] DEBUG:colcon.colcon_parallel_executor.executor.parallel:loop closed
[0.999s] DEBUG:colcon.colcon_parallel_executor.executor.parallel:run_until_complete finished with '0'
[0.999s] DEBUG:colcon.colcon_core.event_reactor:joining thread
[1.007s] INFO:colcon.colcon_core.plugin_system:Skipping extension 'colcon_notification.desktop_notification.terminal_notifier': Not used on non-Darwin systems
[1.007s] INFO:colcon.colcon_core.plugin_system:Skipping extension 'colcon_notification.desktop_notification.win32': Not used on non-Windows systems
[1.007s] INFO:colcon.colcon_notification.desktop_notification:Sending desktop notification using 'notify2'
[1.025s] DEBUG:colcon.colcon_core.event_reactor:joined thread
[1.025s] INFO:colcon.colcon_core.shell:Creating prefix script '/home/rosdev/ros2_ws_lab/lab2/install/local_setup.ps1'
[1.026s] INFO:colcon.colcon_core.shell:Creating prefix util module '/home/rosdev/ros2_ws_lab/lab2/install/_local_setup_util_ps1.py'
[1.028s] INFO:colcon.colcon_core.shell:Creating prefix chain script '/home/rosdev/ros2_ws_lab/lab2/install/setup.ps1'
[1.030s] INFO:colcon.colcon_core.shell:Creating prefix script '/home/rosdev/ros2_ws_lab/lab2/install/local_setup.sh'
[1.030s] INFO:colcon.colcon_core.shell:Creating prefix util module '/home/rosdev/ros2_ws_lab/lab2/install/_local_setup_util_sh.py'
[1.031s] INFO:colcon.colcon_core.shell:Creating prefix chain script '/home/rosdev/ros2_ws_lab/lab2/install/setup.sh'
[1.032s] INFO:colcon.colcon_core.shell:Creating prefix script '/home/rosdev/ros2_ws_lab/lab2/install/local_setup.bash'
[1.033s] INFO:colcon.colcon_core.shell:Creating prefix chain script '/home/rosdev/ros2_ws_lab/lab2/install/setup.bash'
[1.034s] INFO:colcon.colcon_core.shell:Creating prefix script '/home/rosdev/ros2_ws_lab/lab2/install/local_setup.zsh'
[1.035s] INFO:colcon.colcon_core.shell:Creating prefix chain script '/home/rosdev/ros2_ws_lab/lab2/install/setup.zsh'
